#
# A fatal error has been detected by the Java Runtime Environment:
#
#  EXCEPTION_ACCESS_VIOLATION (0xc0000005) at pc=0x00007ffb21b7d691, pid=10492, tid=11764
#
# JRE version: Java(TM) SE Runtime Environment (17.0.14+8) (build 17.0.14+8-LTS-191)
# Java VM: Java HotSpot(TM) 64-Bit Server VM (17.0.14+8-LTS-191, mixed mode, sharing, tiered, compressed oops, compressed class ptrs, g1 gc, windows-amd64)
# Problematic frame:
# V  [jvm.dll+0x1ad691]
#
# No core dump will be written. Minidumps are not enabled by default on client versions of Windows
#
# If you would like to submit a bug report, please visit:
#   https://bugreport.java.com/bugreport/crash.jsp
#

---------------  S U M M A R Y ------------

Command Line: -XX:MaxMetaspaceSize=4G -XX:ReservedCodeCacheSize=512m -XX:+HeapDumpOnOutOfMemoryError --add-opens=java.base/java.util=ALL-UNNAMED --add-opens=java.base/java.lang=ALL-UNNAMED --add-opens=java.base/java.lang.invoke=ALL-UNNAMED --add-opens=java.prefs/java.util.prefs=ALL-UNNAMED --add-exports=jdk.compiler/com.sun.tools.javac.api=ALL-UNNAMED --add-exports=jdk.compiler/com.sun.tools.javac.util=ALL-UNNAMED --add-opens=java.base/java.nio.charset=ALL-UNNAMED --add-opens=java.base/java.net=ALL-UNNAMED --add-opens=java.base/java.util.concurrent.atomic=ALL-UNNAMED -Xmx8G -Dfile.encoding=utf8 -Duser.country=US -Duser.language=en -Duser.variant -javaagent:C:\Users\brayo\.gradle\wrapper\dists\gradle-8.10.2-all\7iv73wktx1xtkvlq19urqw1wm\gradle-8.10.2\lib\agents\gradle-instrumentation-agent-8.10.2.jar org.gradle.launcher.daemon.bootstrap.GradleDaemon 8.10.2

Host: Intel(R) Core(TM) i5-6300U CPU @ 2.40GHz, 4 cores, 11G,  Windows 10 , 64 bit Build 19041 (10.0.19041.5794)
Time: Fri May  9 11:18:12 2025 E. Africa Standard Time elapsed time: 77.201370 seconds (0d 0h 1m 17s)

---------------  T H R E A D  ---------------

Current thread (0x00000266915f7660):  GCTaskThread "GC Thread#0" [stack: 0x000000bc3fa00000,0x000000bc3fb00000] [id=11764]

Stack: [0x000000bc3fa00000,0x000000bc3fb00000],  sp=0x000000bc3faff278,  free space=1020k
Native frames: (J=compiled Java code, j=interpreted, Vv=VM code, C=native code)
V  [jvm.dll+0x1ad691]


siginfo: EXCEPTION_ACCESS_VIOLATION (0xc0000005), reading address 0x0000000000000100


Registers:
RAX=0x0000000000000000, RBX=0x0000000000000001, RCX=0x00000266cf000000, RDX=0x00000006140eed58
RSP=0x000000bc3faff278, RBP=0x00000000000028e1, RSI=0x000000060dafcb98, RDI=0x00000006140eed58
R8 =0x0000000000000000, R9 =0x00000266cf000000, R10=0x00000006140eed58, R11=0x00007ffb7f2815e3
R12=0x000000bc3faff580, R13=0x000002669153aae0, R14=0x000002671922f970, R15=0x00000266cf000000
RIP=0x00007ffb21b7d691, EFLAGS=0x0000000000010246


Register to memory mapping:

RIP=0x00007ffb21b7d691 jvm.dll
RAX=0x0 is NULL
RBX=0x0000000000000001 is an unknown value
RCX=0x00000266cf000000 is pointing into metadata
RDX=0x00000006140eed58 is pointing into object: [Ljava.util.HashMap$Node; 
{0x00000006140eed28} - klass: 'java/util/HashMap$Node'[]
 - length: 16
RSP=0x000000bc3faff278 points into unknown readable memory: 0x00007ffb21cd3e3c | 3c 3e cd 21 fb 7f 00 00
RBP=0x00000000000028e1 is an unknown value
RSI=0x000000060dafcb98 is pointing into object: org.gradle.api.internal.artifacts.ivyservice.resolutionstrategy.DefaultCapabilitiesResolution_Decorated 
{0x000000060dafcb80} - klass: 'org/gradle/api/internal/artifacts/ivyservice/resolutionstrategy/DefaultCapabilitiesResolution_Decorated'
 - ---- fields (total size 7 words):
 - private final 'upgradeCapabilityResolver' 'Lorg/gradle/api/internal/artifacts/ivyservice/resolveengine/graph/conflicts/UpgradeCapabilityResolver;' @12  a 'org/gradle/api/internal/artifacts/ivyservice/resolveengine/graph/conflicts/UpgradeCapabilityResolver'{0x000000060dafcbb8} (c1b5f977)
 - private final 'capabilityNotationParser' 'Lorg/gradle/internal/typeconversion/NotationParser;' @16  a 'org/gradle/api/internal/artifacts/dsl/CapabilityNotationParserFactory$1'{0x000000060154ce70} (c02a99ce)
 - private final 'componentNotationParser' 'Lorg/gradle/internal/typeconversion/NotationParser;' @20  a 'org/gradle/internal/typeconversion/ErrorHandlingNotationParser'{0x000000060d9b6870} (c1b36d0e)
 - private final 'actions' 'Ljava/util/List;' @24  
[error occurred during error reporting (printing register info), id 0xc0000005, EXCEPTION_ACCESS_VIOLATION (0xc0000005) at pc=0x00007ffb22036f99]

Top of Stack: (sp=0x000000bc3faff278)
0x000000bc3faff278:   00007ffb21cd3e3c 0000000000000001
0x000000bc3faff288:   00000006140fed10 0000000000000003
0x000000bc3faff298:   0000000000000003 0000000600000003
0x000000bc3faff2a8:   00007ffb00000000 0000000000000019
0x000000bc3faff2b8:   000002671f4a53d0 000000060af27ef8
0x000000bc3faff2c8:   00007ffb21cda252 000002671922faf0
0x000000bc3faff2d8:   0000000000000000 0000000000000040
0x000000bc3faff2e8:   000002669153aae0 000000bc3faff580
0x000000bc3faff2f8:   000002671922f970 000000060dafcb98
0x000000bc3faff308:   00000000000028e1 000000060dafcb99
0x000000bc3faff318:   00007ffb21cd4d32 00000006140a0000
0x000000bc3faff328:   0000000000000100 0000026600000000
0x000000bc3faff338:   0000000000000000 00000266b9f68280
0x000000bc3faff348:   0000000000000001 0000000000000040
0x000000bc3faff358:   000000bc3faff580 0000000605055a00
0x000000bc3faff368:   00007ffb21cd19fe 0000000607b5aa00 

Instructions: (pc=0x00007ffb21b7d691)
0x00007ffb21b7d591:   48 8d 54 24 20 48 8b cf 0f 29 44 24 20 ff 50 40
0x00007ffb21b7d5a1:   33 c0 48 89 44 24 20 48 89 44 24 28 0f 28 44 24
0x00007ffb21b7d5b1:   20 0f 11 83 f8 02 00 00 48 8b 5c 24 40 48 83 c4
0x00007ffb21b7d5c1:   30 5f c3 cc cc cc cc cc cc cc cc cc cc cc cc 48
0x00007ffb21b7d5d1:   8b 49 40 48 8b 01 48 ff 60 28 cc cc cc cc cc 80
0x00007ffb21b7d5e1:   3d 71 c9 95 00 00 48 8b c1 74 1b 8b 51 08 8b 0d
0x00007ffb21b7d5f1:   d3 4c 8f 00 48 d3 e2 48 8b c8 48 03 15 be 4c 8f
0x00007ffb21b7d601:   00 e9 19 00 00 00 48 8b 51 08 48 8b c8 e9 0d 00
0x00007ffb21b7d611:   00 00 cc cc cc cc cc cc cc cc cc cc cc cc cc 4c
0x00007ffb21b7d621:   8b ca 48 8b d1 45 8b 41 08 45 85 c0 7e 0e 41 f6
0x00007ffb21b7d631:   c0 01 75 56 41 c1 f8 03 41 8b c0 c3 79 4c 80 3d
0x00007ffb21b7d641:   12 c9 95 00 00 b8 0c 00 00 00 b9 10 00 00 00 0f
0x00007ffb21b7d651:   45 c8 8b 05 8b 5b 8f 00 ff c8 4c 63 c8 48 63 14
0x00007ffb21b7d661:   11 41 8b c8 83 e1 3f 48 d3 e2 41 8b c8 48 c1 f9
0x00007ffb21b7d671:   10 0f b6 c1 49 8d 0c 11 49 f7 d1 48 03 c1 49 c1
0x00007ffb21b7d681:   e9 03 48 c1 e8 03 41 23 c1 c3 49 8b 01 49 8b c9
0x00007ffb21b7d691:   48 ff a0 00 01 00 00 cc cc cc cc cc cc cc cc 48
0x00007ffb21b7d6a1:   83 ec 38 0f 10 02 48 8b 49 40 48 8d 54 24 20 0f
0x00007ffb21b7d6b1:   29 44 24 20 e8 86 f2 ff ff 48 83 c4 38 c3 cc 48
0x00007ffb21b7d6c1:   83 ec 38 0f 10 02 48 8b 01 48 8d 54 24 20 0f 29
0x00007ffb21b7d6d1:   44 24 20 ff 50 38 48 83 c4 38 c3 cc cc cc cc 48
0x00007ffb21b7d6e1:   89 5c 24 08 55 56 57 41 54 41 55 41 56 41 57 48
0x00007ffb21b7d6f1:   8d 6c 24 e0 48 81 ec 20 01 00 00 48 8b 05 c5 4a
0x00007ffb21b7d701:   92 00 48 33 c4 48 89 45 10 48 8b 05 3f bf 94 00
0x00007ffb21b7d711:   45 33 ed 4c 8b b5 80 00 00 00 4c 8b fa 48 8b bd
0x00007ffb21b7d721:   88 00 00 00 4d 8b c6 49 8b d6 49 8b f1 48 8b 48
0x00007ffb21b7d731:   40 48 8b 59 40 49 8b cf c7 45 c0 ff ff ff ff 44
0x00007ffb21b7d741:   89 6d d4 4c 89 6d d8 44 88 6d e0 c7 45 e8 ff ff
0x00007ffb21b7d751:   ff ff 44 89 6d fc 4c 89 6d 00 44 88 6d 08 e8 0c
0x00007ffb21b7d761:   16 f4 ff 41 b1 01 4c 8d 45 e8 41 8d 55 04 49 8b
0x00007ffb21b7d771:   cf e8 99 2a f2 ff 48 8b 05 e2 b2 7a 00 4c 8d 25
0x00007ffb21b7d781:   6b a8 69 00 48 89 44 24 30 4c 8d 44 24 70 0f b6 


Stack slot to memory mapping:
stack at sp + 0 slots: 0x00007ffb21cd3e3c jvm.dll
stack at sp + 1 slots: 0x0000000000000001 is an unknown value
stack at sp + 2 slots: 0x00000006140fed10 is an oop: org.gradle.api.internal.artifacts.ivyservice.resolutionstrategy.DefaultCapabilitiesResolution_Decorated 
{0x00000006140fed10} - klass: 'org/gradle/api/internal/artifacts/ivyservice/resolutionstrategy/DefaultCapabilitiesResolution_Decorated'
 - ---- fields (total size 7 words):
 - private final 'upgradeCapabilityResolver' 'Lorg/gradle/api/internal/artifacts/ivyservice/resolveengine/graph/conflicts/UpgradeCapabilityResolver;' @12  a 'org/gradle/api/internal/artifacts/ivyservice/resolveengine/graph/conflicts/UpgradeCapabilityResolver'{0x00000006140fed48} (c281fda9)
 - private final 'capabilityNotationParser' 'Lorg/gradle/internal/typeconversion/NotationParser;' @16  a 'org/gradle/api/internal/artifacts/dsl/CapabilityNotationParserFactory$1'{0x000000060154ce70} (c02a99ce)
 - private final 'componentNotationParser' 'Lorg/gradle/internal/typeconversion/NotationParser;' @20  a 'org/gradle/internal/typeconversion/ErrorHandlingNotationParser'{0x00000006140a1b40} (c2814368)
 - private final 'actions' 'Ljava/util/List;' @24  
[error occurred during error reporting (inspecting top of stack), id 0xc0000005, EXCEPTION_ACCESS_VIOLATION (0xc0000005) at pc=0x00007ffb22036f99]


---------------  P R O C E S S  ---------------

Threads class SMR info:
_java_thread_list=0x0000026715b06430, length=96, elements={
0x000002669154ac70, 0x00000266ce510d00, 0x00000266ce513b90, 0x00000266ce524e20,
0x00000266ce5269f0, 0x00000266ce5298d0, 0x00000266ce52b2a0, 0x00000266ce52c040,
0x00000266ce5385c0, 0x00000266ce6ac830, 0x00000266ce73c5c0, 0x00000266ce8879c0,
0x00000267142fc4b0, 0x00000267157be8a0, 0x0000026714e030e0, 0x000002671557ead0,
0x0000026715768d30, 0x00000267157669c0, 0x0000026715769240, 0x0000026715765a90,
0x00000267157673e0, 0x0000026715766ed0, 0x0000026715768820, 0x0000026715765fa0,
0x00000267157678f0, 0x00000267157664b0, 0x0000026715767e00, 0x0000026715768310,
0x0000026716f9d5a0, 0x0000026716fa4500, 0x0000026716f9e4d0, 0x0000026716f9dab0,
0x0000026716f9fe20, 0x0000026716f9f400, 0x0000026716f9dfc0, 0x0000026716fa3ff0,
0x0000026716fa4f20, 0x0000026716fa2190, 0x0000026716fa1c80, 0x0000026716fa26a0,
0x0000026716fa2bb0, 0x0000026716fa30c0, 0x0000026716fa35d0, 0x0000026716fa3ae0,
0x00000267148e98e0, 0x00000267148ead20, 0x00000267148e5c20, 0x00000267148e7f90,
0x00000267148ebc50, 0x00000267148e7570, 0x00000267148e89b0, 0x00000267148e84a0,
0x00000267148ec160, 0x00000267148eb230, 0x00000267148e6130, 0x00000267148e8ec0,
0x00000267148e93d0, 0x00000267148e9df0, 0x00000267148ea300, 0x00000267148ecb80,
0x00000267148ed090, 0x00000267148ea810, 0x00000267148ed5a0, 0x00000267190d8f40,
0x00000267190d6bd0, 0x00000267190d7b00, 0x00000267190d2f10, 0x00000267190d1fe0,
0x00000267190d3e40, 0x00000267190d8a30, 0x00000267190d9450, 0x00000267190d61b0,
0x00000267190d4350, 0x00000267190d9960, 0x00000267190d4d70, 0x00000267190d66c0,
0x00000267190d3420, 0x00000267190d5ca0, 0x0000026716f9f910, 0x0000026716eef840,
0x0000026716ef0c80, 0x0000026716eec090, 0x0000026716ef0260, 0x0000026716eedef0,
0x0000026716ef2ff0, 0x0000026716eecab0, 0x0000026716ef1bb0, 0x0000026716ef2ae0,
0x0000026716ef3500, 0x0000026716eec5a0, 0x0000026716eef330, 0x0000026716eecfc0,
0x0000026716eee400, 0x0000026716eee910, 0x000002671708ef50, 0x000002671f9bce90
}

Java Threads: ( => current thread )
  0x000002669154ac70 JavaThread "main" [_thread_blocked, id=3920, stack(0x000000bc3f900000,0x000000bc3fa00000)]
  0x00000266ce510d00 JavaThread "Reference Handler" daemon [_thread_blocked, id=2324, stack(0x000000bc40000000,0x000000bc40100000)]
  0x00000266ce513b90 JavaThread "Finalizer" daemon [_thread_blocked, id=3448, stack(0x000000bc40100000,0x000000bc40200000)]
  0x00000266ce524e20 JavaThread "Signal Dispatcher" daemon [_thread_blocked, id=3896, stack(0x000000bc40200000,0x000000bc40300000)]
  0x00000266ce5269f0 JavaThread "Attach Listener" daemon [_thread_blocked, id=12636, stack(0x000000bc40300000,0x000000bc40400000)]
  0x00000266ce5298d0 JavaThread "Service Thread" daemon [_thread_blocked, id=11992, stack(0x000000bc40400000,0x000000bc40500000)]
  0x00000266ce52b2a0 JavaThread "Monitor Deflation Thread" daemon [_thread_blocked, id=12988, stack(0x000000bc40500000,0x000000bc40600000)]
  0x00000266ce52c040 JavaThread "C2 CompilerThread0" daemon [_thread_blocked, id=5772, stack(0x000000bc40600000,0x000000bc40700000)]
  0x00000266ce5385c0 JavaThread "C1 CompilerThread0" daemon [_thread_blocked, id=10052, stack(0x000000bc40700000,0x000000bc40800000)]
  0x00000266ce6ac830 JavaThread "Sweeper thread" daemon [_thread_blocked, id=12204, stack(0x000000bc40800000,0x000000bc40900000)]
  0x00000266ce73c5c0 JavaThread "Common-Cleaner" daemon [_thread_blocked, id=8040, stack(0x000000bc40900000,0x000000bc40a00000)]
  0x00000266ce8879c0 JavaThread "Notification Thread" daemon [_thread_blocked, id=7072, stack(0x000000bc40a00000,0x000000bc40b00000)]
  0x00000267142fc4b0 JavaThread "Daemon health stats" [_thread_blocked, id=3604, stack(0x000000bc41000000,0x000000bc41100000)]
  0x00000267157be8a0 JavaThread "Incoming local TCP Connector on port 61827" [_thread_in_native, id=6028, stack(0x000000bc40f00000,0x000000bc41000000)]
  0x0000026714e030e0 JavaThread "Daemon periodic checks" [_thread_blocked, id=8464, stack(0x000000bc41200000,0x000000bc41300000)]
  0x000002671557ead0 JavaThread "Daemon" [_thread_blocked, id=6332, stack(0x000000bc41300000,0x000000bc41400000)]
  0x0000026715768d30 JavaThread "Handler for socket connection from /127.0.0.1:61827 to /127.0.0.1:61828" [_thread_in_native, id=11368, stack(0x000000bc41400000,0x000000bc41500000)]
  0x00000267157669c0 JavaThread "Cancel handler" [_thread_blocked, id=11864, stack(0x000000bc41500000,0x000000bc41600000)]
  0x0000026715769240 JavaThread "Daemon worker" [_thread_blocked, id=12428, stack(0x000000bc41600000,0x000000bc41700000)]
  0x0000026715765a90 JavaThread "Asynchronous log dispatcher for DefaultDaemonConnection: socket connection from /127.0.0.1:61827 to /127.0.0.1:61828" [_thread_blocked, id=6416, stack(0x000000bc41700000,0x000000bc41800000)]
  0x00000267157673e0 JavaThread "Stdin handler" [_thread_blocked, id=11408, stack(0x000000bc41800000,0x000000bc41900000)]
  0x0000026715766ed0 JavaThread "Daemon client event forwarder" [_thread_blocked, id=3744, stack(0x000000bc41900000,0x000000bc41a00000)]
  0x0000026715768820 JavaThread "Cache worker for journal cache (C:\Users\brayo\.gradle\caches\journal-1)" [_thread_blocked, id=7244, stack(0x000000bc41100000,0x000000bc41200000)]
  0x0000026715765fa0 JavaThread "File lock request listener" [_thread_in_native, id=12776, stack(0x000000bc41a00000,0x000000bc41b00000)]
  0x00000267157678f0 JavaThread "Cache worker for file hash cache (C:\Users\brayo\.gradle\caches\8.10.2\fileHashes)" [_thread_blocked, id=7900, stack(0x000000bc41b00000,0x000000bc41c00000)]
  0x00000267157664b0 JavaThread "Cache worker for file hash cache (C:\Users\brayo\Desktop\Qr_code_Attendance_App_Flutter-3\android\.gradle\8.10.2\fileHashes)" [_thread_blocked, id=12400, stack(0x000000bc41d00000,0x000000bc41e00000)]
  0x0000026715767e00 JavaThread "Cache worker for Build Output Cleanup Cache (C:\Users\brayo\Desktop\Qr_code_Attendance_App_Flutter-3\android\.gradle\buildOutputCleanup)" [_thread_blocked, id=4488, stack(0x000000bc41e00000,0x000000bc41f00000)]
  0x0000026715768310 JavaThread "File watcher server" daemon [_thread_in_native, id=10848, stack(0x000000bc41f00000,0x000000bc42000000)]
  0x0000026716f9d5a0 JavaThread "File watcher consumer" daemon [_thread_blocked, id=13076, stack(0x000000bc42000000,0x000000bc42100000)]
  0x0000026716fa4500 JavaThread "jar transforms" [_thread_blocked, id=11776, stack(0x000000bc42100000,0x000000bc42200000)]
  0x0000026716f9e4d0 JavaThread "jar transforms Thread 2" [_thread_blocked, id=11952, stack(0x000000bc42200000,0x000000bc42300000)]
  0x0000026716f9dab0 JavaThread "jar transforms Thread 3" [_thread_blocked, id=6172, stack(0x000000bc42300000,0x000000bc42400000)]
  0x0000026716f9fe20 JavaThread "Cache worker for checksums cache (C:\Users\brayo\Desktop\Qr_code_Attendance_App_Flutter-3\android\.gradle\8.10.2\checksums)" [_thread_blocked, id=5664, stack(0x000000bc42400000,0x000000bc42500000)]
  0x0000026716f9f400 JavaThread "Cache worker for file content cache (C:\Users\brayo\.gradle\caches\8.10.2\fileContent)" [_thread_blocked, id=10644, stack(0x000000bc42500000,0x000000bc42600000)]
  0x0000026716f9dfc0 JavaThread "Cache worker for cache directory md-rule (C:\Users\brayo\.gradle\caches\8.10.2\md-rule)" [_thread_blocked, id=6380, stack(0x000000bc41c00000,0x000000bc41d00000)]
  0x0000026716fa3ff0 JavaThread "Cache worker for cache directory md-supplier (C:\Users\brayo\.gradle\caches\8.10.2\md-supplier)" [_thread_blocked, id=6248, stack(0x000000bc42700000,0x000000bc42800000)]
  0x0000026716fa4f20 JavaThread "jar transforms Thread 4" [_thread_blocked, id=6572, stack(0x000000bc42800000,0x000000bc42900000)]
  0x0000026716fa2190 JavaThread "Cache worker for Build Output Cleanup Cache (C:\Users\brayo\Documents\flutter\packages\flutter_tools\gradle\.gradle\buildOutputCleanup)" [_thread_blocked, id=12876, stack(0x000000bc42900000,0x000000bc42a00000)]
  0x0000026716fa1c80 JavaThread "Unconstrained build operations" [_thread_blocked, id=8828, stack(0x000000bc42a00000,0x000000bc42b00000)]
  0x0000026716fa26a0 JavaThread "Unconstrained build operations Thread 2" [_thread_blocked, id=6124, stack(0x000000bc42b00000,0x000000bc42c00000)]
  0x0000026716fa2bb0 JavaThread "Unconstrained build operations Thread 3" [_thread_blocked, id=12900, stack(0x000000bc42c00000,0x000000bc42d00000)]
  0x0000026716fa30c0 JavaThread "Unconstrained build operations Thread 4" [_thread_blocked, id=7708, stack(0x000000bc42d00000,0x000000bc42e00000)]
  0x0000026716fa35d0 JavaThread "Unconstrained build operations Thread 5" [_thread_blocked, id=13048, stack(0x000000bc42e00000,0x000000bc42f00000)]
  0x0000026716fa3ae0 JavaThread "Unconstrained build operations Thread 6" [_thread_blocked, id=9116, stack(0x000000bc42f00000,0x000000bc43000000)]
  0x00000267148e98e0 JavaThread "Unconstrained build operations Thread 7" [_thread_blocked, id=8072, stack(0x000000bc43000000,0x000000bc43100000)]
  0x00000267148ead20 JavaThread "Unconstrained build operations Thread 8" [_thread_blocked, id=13300, stack(0x000000bc43100000,0x000000bc43200000)]
  0x00000267148e5c20 JavaThread "Unconstrained build operations Thread 9" [_thread_blocked, id=6056, stack(0x000000bc43200000,0x000000bc43300000)]
  0x00000267148e7f90 JavaThread "Memory manager" [_thread_blocked, id=6932, stack(0x000000bc43300000,0x000000bc43400000)]
  0x00000267148ebc50 JavaThread "build event listener" [_thread_blocked, id=2088, stack(0x000000bc43400000,0x000000bc43500000)]
  0x00000267148e7570 JavaThread "included builds" [_thread_blocked, id=9184, stack(0x000000bc43500000,0x000000bc43600000)]
  0x00000267148e89b0 JavaThread "Execution worker" [_thread_blocked, id=6916, stack(0x000000bc43600000,0x000000bc43700000)]
  0x00000267148e84a0 JavaThread "Execution worker Thread 2" [_thread_blocked, id=7716, stack(0x000000bc43700000,0x000000bc43800000)]
  0x00000267148ec160 JavaThread "Execution worker Thread 3" [_thread_blocked, id=8904, stack(0x000000bc43800000,0x000000bc43900000)]
  0x00000267148eb230 JavaThread "Cache worker for execution history cache (C:\Users\brayo\Documents\flutter\packages\flutter_tools\gradle\.gradle\8.10.2\executionHistory)" [_thread_blocked, id=8932, stack(0x000000bc43900000,0x000000bc43a00000)]
  0x00000267148e6130 JavaThread "Unconstrained build operations Thread 10" [_thread_blocked, id=3672, stack(0x000000bc43a00000,0x000000bc43b00000)]
  0x00000267148e8ec0 JavaThread "Unconstrained build operations Thread 11" [_thread_blocked, id=12312, stack(0x000000bc43b00000,0x000000bc43c00000)]
  0x00000267148e93d0 JavaThread "Unconstrained build operations Thread 12" [_thread_blocked, id=12492, stack(0x000000bc43c00000,0x000000bc43d00000)]
  0x00000267148e9df0 JavaThread "Unconstrained build operations Thread 13" [_thread_blocked, id=3964, stack(0x000000bc43d00000,0x000000bc43e00000)]
  0x00000267148ea300 JavaThread "Unconstrained build operations Thread 14" [_thread_blocked, id=6920, stack(0x000000bc43e00000,0x000000bc43f00000)]
  0x00000267148ecb80 JavaThread "Unconstrained build operations Thread 15" [_thread_blocked, id=1620, stack(0x000000bc43f00000,0x000000bc44000000)]
  0x00000267148ed090 JavaThread "Unconstrained build operations Thread 16" [_thread_blocked, id=5304, stack(0x000000bc44000000,0x000000bc44100000)]
  0x00000267148ea810 JavaThread "Unconstrained build operations Thread 17" [_thread_blocked, id=10832, stack(0x000000bc44100000,0x000000bc44200000)]
  0x00000267148ed5a0 JavaThread "Unconstrained build operations Thread 18" [_thread_blocked, id=3960, stack(0x000000bc44200000,0x000000bc44300000)]
  0x00000267190d8f40 JavaThread "Unconstrained build operations Thread 19" [_thread_blocked, id=11444, stack(0x000000bc44300000,0x000000bc44400000)]
  0x00000267190d6bd0 JavaThread "Unconstrained build operations Thread 20" [_thread_blocked, id=12376, stack(0x000000bc44400000,0x000000bc44500000)]
  0x00000267190d7b00 JavaThread "Unconstrained build operations Thread 21" [_thread_blocked, id=2464, stack(0x000000bc44500000,0x000000bc44600000)]
  0x00000267190d2f10 JavaThread "WorkerExecutor Queue" [_thread_blocked, id=12264, stack(0x000000bc44600000,0x000000bc44700000)]
  0x00000267190d1fe0 JavaThread "RMI Scheduler(0)" daemon [_thread_blocked, id=3984, stack(0x000000bc44700000,0x000000bc44800000)]
  0x00000267190d3e40 JavaThread "RMI GC Daemon" daemon [_thread_blocked, id=12304, stack(0x000000bc44900000,0x000000bc44a00000)]
  0x00000267190d8a30 JavaThread "RMI TCP Accept-0" daemon [_thread_in_native, id=7476, stack(0x000000bc44a00000,0x000000bc44b00000)]
  0x00000267190d9450 JavaThread "RMI Reaper" [_thread_blocked, id=3388, stack(0x000000bc44b00000,0x000000bc44c00000)]
  0x00000267190d61b0 JavaThread "RMI TCP Connection(idle)" daemon [_thread_blocked, id=1292, stack(0x000000bc44c00000,0x000000bc44d00000)]
  0x00000267190d4350 JavaThread "Exec process" [_thread_blocked, id=3076, stack(0x000000bc44d00000,0x000000bc44e00000)]
  0x00000267190d9960 JavaThread "Exec process Thread 2" [_thread_blocked, id=13268, stack(0x000000bc44f00000,0x000000bc45000000)]
  0x00000267190d4d70 JavaThread "Exec process Thread 3" [_thread_blocked, id=8564, stack(0x000000bc45000000,0x000000bc45100000)]
  0x00000267190d66c0 JavaThread "Exec process Thread 4" [_thread_blocked, id=1244, stack(0x000000bc45100000,0x000000bc45200000)]
  0x00000267190d3420 JavaThread "Unconstrained build operations Thread 22" [_thread_blocked, id=7908, stack(0x000000bc45800000,0x000000bc45900000)]
  0x00000267190d5ca0 JavaThread "Unconstrained build operations Thread 23" [_thread_blocked, id=12548, stack(0x000000bc45900000,0x000000bc45a00000)]
  0x0000026716f9f910 JavaThread "Unconstrained build operations Thread 24" [_thread_blocked, id=4532, stack(0x000000bc45a00000,0x000000bc45b00000)]
  0x0000026716eef840 JavaThread "Unconstrained build operations Thread 25" [_thread_blocked, id=8896, stack(0x000000bc45b00000,0x000000bc45c00000)]
  0x0000026716ef0c80 JavaThread "Unconstrained build operations Thread 26" [_thread_blocked, id=9268, stack(0x000000bc45c00000,0x000000bc45d00000)]
  0x0000026716eec090 JavaThread "Unconstrained build operations Thread 27" [_thread_blocked, id=4752, stack(0x000000bc45d00000,0x000000bc45e00000)]
  0x0000026716ef0260 JavaThread "Unconstrained build operations Thread 28" [_thread_blocked, id=532, stack(0x000000bc45e00000,0x000000bc45f00000)]
  0x0000026716eedef0 JavaThread "Unconstrained build operations Thread 29" [_thread_blocked, id=13064, stack(0x000000bc45f00000,0x000000bc46000000)]
  0x0000026716ef2ff0 JavaThread "Unconstrained build operations Thread 30" [_thread_blocked, id=2664, stack(0x000000bc46000000,0x000000bc46100000)]
  0x0000026716eecab0 JavaThread "Unconstrained build operations Thread 31" [_thread_blocked, id=13016, stack(0x000000bc44800000,0x000000bc44900000)]
  0x0000026716ef1bb0 JavaThread "Unconstrained build operations Thread 32" [_thread_blocked, id=5792, stack(0x000000bc44e00000,0x000000bc44f00000)]
  0x0000026716ef2ae0 JavaThread "Unconstrained build operations Thread 33" [_thread_blocked, id=13292, stack(0x000000bc45200000,0x000000bc45300000)]
  0x0000026716ef3500 JavaThread "Unconstrained build operations Thread 34" [_thread_blocked, id=6872, stack(0x000000bc45300000,0x000000bc45400000)]
  0x0000026716eec5a0 JavaThread "Unconstrained build operations Thread 35" [_thread_blocked, id=3924, stack(0x000000bc45400000,0x000000bc45500000)]
  0x0000026716eef330 JavaThread "Unconstrained build operations Thread 36" [_thread_blocked, id=12728, stack(0x000000bc45700000,0x000000bc45800000)]
  0x0000026716eecfc0 JavaThread "Unconstrained build operations Thread 37" [_thread_blocked, id=7912, stack(0x000000bc46100000,0x000000bc46200000)]
  0x0000026716eee400 JavaThread "Unconstrained build operations Thread 38" [_thread_blocked, id=9552, stack(0x000000bc46200000,0x000000bc46300000)]
  0x0000026716eee910 JavaThread "Unconstrained build operations Thread 39" [_thread_blocked, id=4732, stack(0x000000bc46300000,0x000000bc46400000)]
  0x000002671708ef50 JavaThread "Unconstrained build operations Thread 40" [_thread_blocked, id=9788, stack(0x000000bc46400000,0x000000bc46500000)]
  0x000002671f9bce90 JavaThread "C2 CompilerThread1" daemon [_thread_blocked, id=8268, stack(0x000000bc3f600000,0x000000bc3f700000)]

Other Threads:
  0x00000266ce50c840 VMThread "VM Thread" [stack: 0x000000bc3ff00000,0x000000bc40000000] [id=10612]
  0x00000266916125e0 WatcherThread [stack: 0x000000bc40b00000,0x000000bc40c00000] [id=6068]
=>0x00000266915f7660 GCTaskThread "GC Thread#0" [stack: 0x000000bc3fa00000,0x000000bc3fb00000] [id=11764]
  0x00000266ce88af00 GCTaskThread "GC Thread#1" [stack: 0x000000bc40c00000,0x000000bc40d00000] [id=3880]
  0x00000266ce8ec520 GCTaskThread "GC Thread#2" [stack: 0x000000bc40d00000,0x000000bc40e00000] [id=6296]
  0x00000266ce8ec7e0 GCTaskThread "GC Thread#3" [stack: 0x000000bc40e00000,0x000000bc40f00000] [id=972]
  0x00000266916095c0 ConcurrentGCThread "G1 Main Marker" [stack: 0x000000bc3fb00000,0x000000bc3fc00000] [id=7472]
  0x000002669160a770 ConcurrentGCThread "G1 Conc#0" [stack: 0x000000bc3fc00000,0x000000bc3fd00000] [id=10380]
  0x00000266ce3c5890 ConcurrentGCThread "G1 Refine#0" [stack: 0x000000bc3fd00000,0x000000bc3fe00000] [id=8292]
  0x00000266ce3c62c0 ConcurrentGCThread "G1 Service" [stack: 0x000000bc3fe00000,0x000000bc3ff00000] [id=10968]

Threads with active compile tasks:
C2 CompilerThread0    77268 17604       4       com.android.build.api.artifact.impl.SingleInitialProviderRequestImpl::<init> (97 bytes)

VM state: at safepoint (normal execution)

VM Mutex/Monitor currently owned by a thread:  ([mutex/lock_event])
[0x0000026691547810] Threads_lock - owner thread: 0x00000266ce50c840
[0x0000026691546f10] Heap_lock - owner thread: 0x0000026715766ed0

Heap address: 0x0000000600000000, size: 8192 MB, Compressed Oops mode: Zero based, Oop shift amount: 3

CDS archive(s) mapped at: [0x00000266cf000000-0x00000266cfbd0000-0x00000266cfbd0000), size 12386304, SharedBaseAddress: 0x00000266cf000000, ArchiveRelocationMode: 1.
Compressed class space mapped at: 0x00000266d0000000-0x0000026710000000, reserved size: 1073741824
Narrow klass base: 0x00000266cf000000, Narrow klass shift: 0, Narrow klass range: 0x100000000

GC Precious Log:
 CPUs: 4 total, 4 available
 Memory: 12168M
 Large Page Support: Disabled
 NUMA Support: Disabled
 Compressed Oops: Enabled (Zero based)
 Heap Region Size: 4M
 Heap Min Capacity: 8M
 Heap Initial Capacity: 192M
 Heap Max Capacity: 8G
 Pre-touch: Disabled
 Parallel Workers: 4
 Concurrent Workers: 1
 Concurrent Refinement Workers: 4
 Periodic GC: Disabled

Heap:
 garbage-first heap   total 724992K, used 577053K [0x0000000600000000, 0x0000000800000000)
  region size 4096K, 89 young (364544K), 10 survivors (40960K)
 Metaspace       used 110217K, committed 111936K, reserved 1179648K
  class space    used 15299K, committed 16064K, reserved 1048576K

Heap Regions: E=young(eden), S=young(survivor), O=old, HS=humongous(starts), HC=humongous(continues), CS=collection set, F=free, OA=open archive, CA=closed archive, TAMS=top-at-mark-start (previous, next)
|   0|0x0000000600000000, 0x0000000600400000, 0x0000000600400000|100%|HS|  |TAMS 0x0000000600400000, 0x0000000600000000| Complete 
|   1|0x0000000600400000, 0x0000000600800000, 0x0000000600800000|100%| O|  |TAMS 0x0000000600800000, 0x0000000600400000| Untracked 
|   2|0x0000000600800000, 0x0000000600c00000, 0x0000000600c00000|100%| O|  |TAMS 0x0000000600c00000, 0x0000000600800000| Untracked 
|   3|0x0000000600c00000, 0x0000000601000000, 0x0000000601000000|100%| O|  |TAMS 0x0000000601000000, 0x0000000600c00000| Untracked 
|   4|0x0000000601000000, 0x0000000601400000, 0x0000000601400000|100%| O|  |TAMS 0x0000000601400000, 0x0000000601000000| Untracked 
|   5|0x0000000601400000, 0x0000000601800000, 0x0000000601800000|100%| O|  |TAMS 0x0000000601800000, 0x0000000601400000| Untracked 
|   6|0x0000000601800000, 0x0000000601c00000, 0x0000000601c00000|100%| O|  |TAMS 0x0000000601c00000, 0x0000000601800000| Untracked 
|   7|0x0000000601c00000, 0x0000000602000000, 0x0000000602000000|100%| O|  |TAMS 0x0000000602000000, 0x0000000601c00000| Untracked 
|   8|0x0000000602000000, 0x0000000602400000, 0x0000000602400000|100%| O|  |TAMS 0x0000000602400000, 0x0000000602000000| Untracked 
|   9|0x0000000602400000, 0x0000000602800000, 0x0000000602800000|100%| O|  |TAMS 0x0000000602800000, 0x0000000602400000| Untracked 
|  10|0x0000000602800000, 0x0000000602c00000, 0x0000000602c00000|100%| O|  |TAMS 0x0000000602c00000, 0x0000000602800000| Untracked 
|  11|0x0000000602c00000, 0x0000000603000000, 0x0000000603000000|100%|HS|  |TAMS 0x0000000603000000, 0x0000000602c00000| Complete 
|  12|0x0000000603000000, 0x0000000603400000, 0x0000000603400000|100%|HS|  |TAMS 0x0000000603400000, 0x0000000603000000| Complete 
|  13|0x0000000603400000, 0x0000000603800000, 0x0000000603800000|100%| O|  |TAMS 0x0000000603800000, 0x0000000603400000| Untracked 
|  14|0x0000000603800000, 0x0000000603c00000, 0x0000000603c00000|100%| O|  |TAMS 0x0000000603c00000, 0x0000000603800000| Untracked 
|  15|0x0000000603c00000, 0x0000000604000000, 0x0000000604000000|100%| O|  |TAMS 0x0000000604000000, 0x0000000603c00000| Untracked 
|  16|0x0000000604000000, 0x0000000604400000, 0x0000000604400000|100%| O|  |TAMS 0x0000000604400000, 0x0000000604000000| Untracked 
|  17|0x0000000604400000, 0x0000000604800000, 0x0000000604800000|100%| O|  |TAMS 0x0000000604800000, 0x0000000604400000| Untracked 
|  18|0x0000000604800000, 0x0000000604c00000, 0x0000000604c00000|100%| O|  |TAMS 0x0000000604800000, 0x0000000604800000| Untracked 
|  19|0x0000000604c00000, 0x0000000605000000, 0x0000000605000000|100%| O|  |TAMS 0x0000000605000000, 0x0000000604c00000| Untracked 
|  20|0x0000000605000000, 0x0000000605400000, 0x0000000605400000|100%| O|  |TAMS 0x0000000605400000, 0x0000000605000000| Untracked 
|  21|0x0000000605400000, 0x0000000605800000, 0x0000000605800000|100%|HS|  |TAMS 0x0000000605800000, 0x0000000605400000| Complete 
|  22|0x0000000605800000, 0x0000000605c00000, 0x0000000605c00000|100%| O|  |TAMS 0x0000000605c00000, 0x0000000605800000| Untracked 
|  23|0x0000000605c00000, 0x0000000606000000, 0x0000000606000000|100%|HS|  |TAMS 0x0000000606000000, 0x0000000605c00000| Complete 
|  24|0x0000000606000000, 0x0000000606400000, 0x0000000606400000|100%| O|  |TAMS 0x0000000606400000, 0x0000000606000000| Untracked 
|  25|0x0000000606400000, 0x0000000606800000, 0x0000000606800000|100%| O|  |TAMS 0x0000000606800000, 0x0000000606400000| Untracked 
|  26|0x0000000606800000, 0x0000000606c00000, 0x0000000606c00000|100%| O|  |TAMS 0x0000000606c00000, 0x0000000606800000| Untracked 
|  27|0x0000000606c00000, 0x0000000607000000, 0x0000000607000000|100%| O|  |TAMS 0x0000000607000000, 0x0000000606c00000| Untracked 
|  28|0x0000000607000000, 0x0000000607400000, 0x0000000607400000|100%| O|  |TAMS 0x0000000607400000, 0x0000000607000000| Untracked 
|  29|0x0000000607400000, 0x0000000607800000, 0x0000000607800000|100%|HS|  |TAMS 0x0000000607800000, 0x0000000607400000| Complete 
|  30|0x0000000607800000, 0x0000000607c00000, 0x0000000607c00000|100%| O|  |TAMS 0x0000000607c00000, 0x0000000607800000| Untracked 
|  31|0x0000000607c00000, 0x0000000608000000, 0x0000000608000000|100%| O|  |TAMS 0x0000000608000000, 0x0000000607c00000| Untracked 
|  32|0x0000000608000000, 0x0000000608400000, 0x0000000608400000|100%| O|  |TAMS 0x0000000608400000, 0x0000000608000000| Untracked 
|  33|0x0000000608400000, 0x0000000608800000, 0x0000000608800000|100%| O|  |TAMS 0x0000000608800000, 0x0000000608400000| Untracked 
|  34|0x0000000608800000, 0x0000000608c00000, 0x0000000608c00000|100%| O|  |TAMS 0x0000000608815e00, 0x0000000608800000| Untracked 
|  35|0x0000000608c00000, 0x0000000609000000, 0x0000000609000000|100%| O|  |TAMS 0x0000000608c00000, 0x0000000608c00000| Untracked 
|  36|0x0000000609000000, 0x0000000609400000, 0x0000000609400000|100%| O|  |TAMS 0x0000000609000000, 0x0000000609000000| Untracked 
|  37|0x0000000609400000, 0x0000000609800000, 0x0000000609800000|100%| O|  |TAMS 0x0000000609400000, 0x0000000609400000| Untracked 
|  38|0x0000000609800000, 0x0000000609c00000, 0x0000000609c00000|100%| O|  |TAMS 0x0000000609800000, 0x0000000609800000| Untracked 
|  39|0x0000000609c00000, 0x000000060a000000, 0x000000060a000000|100%| O|  |TAMS 0x0000000609c00000, 0x0000000609c00000| Untracked 
|  40|0x000000060a000000, 0x000000060a400000, 0x000000060a400000|100%| O|  |TAMS 0x000000060a000000, 0x000000060a000000| Untracked 
|  41|0x000000060a400000, 0x000000060a800000, 0x000000060a800000|100%| O|  |TAMS 0x000000060a400000, 0x000000060a400000| Untracked 
|  42|0x000000060a800000, 0x000000060ac00000, 0x000000060ac00000|100%| O|  |TAMS 0x000000060a800000, 0x000000060a800000| Untracked 
|  43|0x000000060ac00000, 0x000000060b000000, 0x000000060b000000|100%| O|  |TAMS 0x000000060ac00000, 0x000000060ac00000| Untracked 
|  44|0x000000060b000000, 0x000000060b400000, 0x000000060b400000|100%| O|  |TAMS 0x000000060b000000, 0x000000060b000000| Untracked 
|  45|0x000000060b400000, 0x000000060b800000, 0x000000060b800000|100%| O|  |TAMS 0x000000060b400000, 0x000000060b400000| Untracked 
|  46|0x000000060b800000, 0x000000060bc00000, 0x000000060bc00000|100%| O|  |TAMS 0x000000060b800000, 0x000000060b800000| Untracked 
|  47|0x000000060bc00000, 0x000000060c000000, 0x000000060c000000|100%| O|  |TAMS 0x000000060bc00000, 0x000000060bc00000| Untracked 
|  48|0x000000060c000000, 0x000000060c400000, 0x000000060c400000|100%| O|  |TAMS 0x000000060c000000, 0x000000060c000000| Untracked 
|  49|0x000000060c400000, 0x000000060c800000, 0x000000060c800000|100%| O|  |TAMS 0x000000060c400000, 0x000000060c400000| Untracked 
|  50|0x000000060c800000, 0x000000060cc00000, 0x000000060cc00000|100%| O|  |TAMS 0x000000060c800000, 0x000000060c800000| Untracked 
|  51|0x000000060cc00000, 0x000000060d000000, 0x000000060d000000|100%|HS|  |TAMS 0x000000060cc00000, 0x000000060cc00000| Complete 
|  52|0x000000060d000000, 0x000000060d400000, 0x000000060d400000|100%| O|  |TAMS 0x000000060d000000, 0x000000060d000000| Untracked 
|  53|0x000000060d400000, 0x000000060d800000, 0x000000060d800000|100%| O|  |TAMS 0x000000060d400000, 0x000000060d400000| Untracked 
|  54|0x000000060d800000, 0x000000060dc00000, 0x000000060dc00000|100%| O|  |TAMS 0x000000060d800000, 0x000000060d800000| Untracked 
|  55|0x000000060dc00000, 0x000000060e000000, 0x000000060e000000|100%| O|  |TAMS 0x000000060dc00000, 0x000000060dc00000| Untracked 
|  56|0x000000060e000000, 0x000000060e1a6a08, 0x000000060e400000| 41%| O|  |TAMS 0x000000060e000000, 0x000000060e000000| Untracked 
|  57|0x000000060e400000, 0x000000060e400000, 0x000000060e800000|  0%| F|  |TAMS 0x000000060e400000, 0x000000060e400000| Untracked 
|  58|0x000000060e800000, 0x000000060e800000, 0x000000060ec00000|  0%| F|  |TAMS 0x000000060e800000, 0x000000060e800000| Untracked 
|  59|0x000000060ec00000, 0x000000060ec00000, 0x000000060f000000|  0%| F|  |TAMS 0x000000060ec00000, 0x000000060ec00000| Untracked 
|  60|0x000000060f000000, 0x000000060f000000, 0x000000060f400000|  0%| F|  |TAMS 0x000000060f000000, 0x000000060f000000| Untracked 
|  61|0x000000060f400000, 0x000000060f400000, 0x000000060f800000|  0%| F|  |TAMS 0x000000060f400000, 0x000000060f400000| Untracked 
|  62|0x000000060f800000, 0x000000060f800000, 0x000000060fc00000|  0%| F|  |TAMS 0x000000060f800000, 0x000000060f800000| Untracked 
|  63|0x000000060fc00000, 0x000000060fc00000, 0x0000000610000000|  0%| F|  |TAMS 0x000000060fc00000, 0x000000060fc00000| Untracked 
|  64|0x0000000610000000, 0x0000000610000000, 0x0000000610400000|  0%| F|  |TAMS 0x0000000610000000, 0x0000000610000000| Untracked 
|  65|0x0000000610400000, 0x0000000610400000, 0x0000000610800000|  0%| F|  |TAMS 0x0000000610400000, 0x0000000610400000| Untracked 
|  66|0x0000000610800000, 0x0000000610800000, 0x0000000610c00000|  0%| F|  |TAMS 0x0000000610800000, 0x0000000610800000| Untracked 
|  67|0x0000000610c00000, 0x0000000610c00000, 0x0000000611000000|  0%| F|  |TAMS 0x0000000610c00000, 0x0000000610c00000| Untracked 
|  68|0x0000000611000000, 0x0000000611000000, 0x0000000611400000|  0%| F|  |TAMS 0x0000000611000000, 0x0000000611000000| Untracked 
|  69|0x0000000611400000, 0x0000000611400000, 0x0000000611800000|  0%| F|  |TAMS 0x0000000611400000, 0x0000000611400000| Untracked 
|  70|0x0000000611800000, 0x0000000611800000, 0x0000000611c00000|  0%| F|  |TAMS 0x0000000611800000, 0x0000000611800000| Untracked 
|  71|0x0000000611c00000, 0x0000000611c00000, 0x0000000612000000|  0%| F|  |TAMS 0x0000000611c00000, 0x0000000611c00000| Untracked 
|  72|0x0000000612000000, 0x00000006123459f0, 0x0000000612400000| 81%| E|CS|TAMS 0x0000000612000000, 0x0000000612000000| Complete 
|  73|0x0000000612400000, 0x0000000612800000, 0x0000000612800000|100%| E|CS|TAMS 0x0000000612400000, 0x0000000612400000| Complete 
|  74|0x0000000612800000, 0x0000000612c00000, 0x0000000612c00000|100%| E|CS|TAMS 0x0000000612800000, 0x0000000612800000| Complete 
|  75|0x0000000612c00000, 0x0000000613000000, 0x0000000613000000|100%| E|CS|TAMS 0x0000000612c00000, 0x0000000612c00000| Complete 
|  76|0x0000000613000000, 0x0000000613000000, 0x0000000613400000|  0%| F|  |TAMS 0x0000000613000000, 0x0000000613000000| Untracked 
|  77|0x0000000613400000, 0x0000000613400000, 0x0000000613800000|  0%| F|  |TAMS 0x0000000613400000, 0x0000000613400000| Untracked 
|  78|0x0000000613800000, 0x0000000613800000, 0x0000000613c00000|  0%| F|  |TAMS 0x0000000613800000, 0x0000000613800000| Untracked 
|  79|0x0000000613c00000, 0x0000000613c00000, 0x0000000614000000|  0%| F|  |TAMS 0x0000000613c00000, 0x0000000613c00000| Untracked 
|  80|0x0000000614000000, 0x0000000614400000, 0x0000000614400000|100%| E|CS|TAMS 0x0000000614000000, 0x0000000614000000| Complete 
|  81|0x0000000614400000, 0x0000000614400000, 0x0000000614800000|  0%| F|  |TAMS 0x0000000614400000, 0x0000000614400000| Untracked 
|  82|0x0000000614800000, 0x00000006149948f8, 0x0000000614c00000| 39%| S|  |TAMS 0x0000000614800000, 0x0000000614800000| Complete 
|  83|0x0000000614c00000, 0x0000000615000000, 0x0000000615000000|100%| S|  |TAMS 0x0000000614c00000, 0x0000000614c00000| Complete 
|  84|0x0000000615000000, 0x0000000615400000, 0x0000000615400000|100%| E|CS|TAMS 0x0000000615000000, 0x0000000615000000| Complete 
|  85|0x0000000615400000, 0x0000000615800000, 0x0000000615800000|100%| E|CS|TAMS 0x0000000615400000, 0x0000000615400000| Complete 
|  86|0x0000000615800000, 0x0000000615c00000, 0x0000000615c00000|100%| E|CS|TAMS 0x0000000615800000, 0x0000000615800000| Complete 
|  87|0x0000000615c00000, 0x0000000616000000, 0x0000000616000000|100%| E|CS|TAMS 0x0000000615c00000, 0x0000000615c00000| Complete 
|  88|0x0000000616000000, 0x0000000616400000, 0x0000000616400000|100%| E|CS|TAMS 0x0000000616000000, 0x0000000616000000| Complete 
|  89|0x0000000616400000, 0x0000000616800000, 0x0000000616800000|100%| E|CS|TAMS 0x0000000616400000, 0x0000000616400000| Complete 
|  90|0x0000000616800000, 0x0000000616c00000, 0x0000000616c00000|100%| S|  |TAMS 0x0000000616800000, 0x0000000616800000| Complete 
|  91|0x0000000616c00000, 0x0000000617000000, 0x0000000617000000|100%| S|  |TAMS 0x0000000616c00000, 0x0000000616c00000| Complete 
|  92|0x0000000617000000, 0x0000000617400000, 0x0000000617400000|100%| S|  |TAMS 0x0000000617000000, 0x0000000617000000| Complete 
|  93|0x0000000617400000, 0x0000000617800000, 0x0000000617800000|100%| S|  |TAMS 0x0000000617400000, 0x0000000617400000| Complete 
|  94|0x0000000617800000, 0x0000000617c00000, 0x0000000617c00000|100%| S|  |TAMS 0x0000000617800000, 0x0000000617800000| Complete 
|  95|0x0000000617c00000, 0x0000000618000000, 0x0000000618000000|100%| S|  |TAMS 0x0000000617c00000, 0x0000000617c00000| Complete 
|  96|0x0000000618000000, 0x0000000618400000, 0x0000000618400000|100%| S|  |TAMS 0x0000000618000000, 0x0000000618000000| Complete 
|  97|0x0000000618400000, 0x0000000618800000, 0x0000000618800000|100%| S|  |TAMS 0x0000000618400000, 0x0000000618400000| Complete 
|  98|0x0000000618800000, 0x0000000618c00000, 0x0000000618c00000|100%| E|CS|TAMS 0x0000000618800000, 0x0000000618800000| Complete 
|  99|0x0000000618c00000, 0x0000000619000000, 0x0000000619000000|100%| E|CS|TAMS 0x0000000618c00000, 0x0000000618c00000| Complete 
| 100|0x0000000619000000, 0x0000000619400000, 0x0000000619400000|100%| E|CS|TAMS 0x0000000619000000, 0x0000000619000000| Complete 
| 101|0x0000000619400000, 0x0000000619800000, 0x0000000619800000|100%| E|CS|TAMS 0x0000000619400000, 0x0000000619400000| Complete 
| 102|0x0000000619800000, 0x0000000619c00000, 0x0000000619c00000|100%| E|CS|TAMS 0x0000000619800000, 0x0000000619800000| Complete 
| 103|0x0000000619c00000, 0x000000061a000000, 0x000000061a000000|100%| E|CS|TAMS 0x0000000619c00000, 0x0000000619c00000| Complete 
| 104|0x000000061a000000, 0x000000061a400000, 0x000000061a400000|100%| E|CS|TAMS 0x000000061a000000, 0x000000061a000000| Complete 
| 105|0x000000061a400000, 0x000000061a800000, 0x000000061a800000|100%| E|CS|TAMS 0x000000061a400000, 0x000000061a400000| Complete 
| 106|0x000000061a800000, 0x000000061ac00000, 0x000000061ac00000|100%| E|CS|TAMS 0x000000061a800000, 0x000000061a800000| Complete 
| 107|0x000000061ac00000, 0x000000061b000000, 0x000000061b000000|100%| E|CS|TAMS 0x000000061ac00000, 0x000000061ac00000| Complete 
| 108|0x000000061b000000, 0x000000061b400000, 0x000000061b400000|100%| E|CS|TAMS 0x000000061b000000, 0x000000061b000000| Complete 
| 109|0x000000061b400000, 0x000000061b800000, 0x000000061b800000|100%| E|CS|TAMS 0x000000061b400000, 0x000000061b400000| Complete 
| 110|0x000000061b800000, 0x000000061bc00000, 0x000000061bc00000|100%| E|CS|TAMS 0x000000061b800000, 0x000000061b800000| Complete 
| 111|0x000000061bc00000, 0x000000061c000000, 0x000000061c000000|100%| E|CS|TAMS 0x000000061bc00000, 0x000000061bc00000| Complete 
| 112|0x000000061c000000, 0x000000061c400000, 0x000000061c400000|100%| E|CS|TAMS 0x000000061c000000, 0x000000061c000000| Complete 
| 113|0x000000061c400000, 0x000000061c800000, 0x000000061c800000|100%| E|CS|TAMS 0x000000061c400000, 0x000000061c400000| Complete 
| 114|0x000000061c800000, 0x000000061cc00000, 0x000000061cc00000|100%| E|CS|TAMS 0x000000061c800000, 0x000000061c800000| Complete 
| 115|0x000000061cc00000, 0x000000061d000000, 0x000000061d000000|100%| E|CS|TAMS 0x000000061cc00000, 0x000000061cc00000| Complete 
| 116|0x000000061d000000, 0x000000061d400000, 0x000000061d400000|100%| E|CS|TAMS 0x000000061d000000, 0x000000061d000000| Complete 
| 117|0x000000061d400000, 0x000000061d800000, 0x000000061d800000|100%| E|CS|TAMS 0x000000061d400000, 0x000000061d400000| Complete 
| 118|0x000000061d800000, 0x000000061dc00000, 0x000000061dc00000|100%| E|CS|TAMS 0x000000061d800000, 0x000000061d800000| Complete 
| 119|0x000000061dc00000, 0x000000061e000000, 0x000000061e000000|100%| E|CS|TAMS 0x000000061dc00000, 0x000000061dc00000| Complete 
| 120|0x000000061e000000, 0x000000061e400000, 0x000000061e400000|100%| E|CS|TAMS 0x000000061e000000, 0x000000061e000000| Complete 
| 121|0x000000061e400000, 0x000000061e800000, 0x000000061e800000|100%| E|CS|TAMS 0x000000061e400000, 0x000000061e400000| Complete 
| 122|0x000000061e800000, 0x000000061ec00000, 0x000000061ec00000|100%| E|CS|TAMS 0x000000061e800000, 0x000000061e800000| Complete 
| 123|0x000000061ec00000, 0x000000061f000000, 0x000000061f000000|100%| E|CS|TAMS 0x000000061ec00000, 0x000000061ec00000| Complete 
| 124|0x000000061f000000, 0x000000061f400000, 0x000000061f400000|100%| E|CS|TAMS 0x000000061f000000, 0x000000061f000000| Complete 
| 125|0x000000061f400000, 0x000000061f800000, 0x000000061f800000|100%| E|CS|TAMS 0x000000061f400000, 0x000000061f400000| Complete 
| 126|0x000000061f800000, 0x000000061fc00000, 0x000000061fc00000|100%| E|CS|TAMS 0x000000061f800000, 0x000000061f800000| Complete 
| 127|0x000000061fc00000, 0x0000000620000000, 0x0000000620000000|100%| E|CS|TAMS 0x000000061fc00000, 0x000000061fc00000| Complete 
| 128|0x0000000620000000, 0x0000000620400000, 0x0000000620400000|100%| E|CS|TAMS 0x0000000620000000, 0x0000000620000000| Complete 
| 129|0x0000000620400000, 0x0000000620800000, 0x0000000620800000|100%| E|CS|TAMS 0x0000000620400000, 0x0000000620400000| Complete 
| 130|0x0000000620800000, 0x0000000620c00000, 0x0000000620c00000|100%| E|CS|TAMS 0x0000000620800000, 0x0000000620800000| Complete 
| 131|0x0000000620c00000, 0x0000000621000000, 0x0000000621000000|100%| E|CS|TAMS 0x0000000620c00000, 0x0000000620c00000| Complete 
| 132|0x0000000621000000, 0x0000000621400000, 0x0000000621400000|100%| E|CS|TAMS 0x0000000621000000, 0x0000000621000000| Complete 
| 133|0x0000000621400000, 0x0000000621800000, 0x0000000621800000|100%| E|CS|TAMS 0x0000000621400000, 0x0000000621400000| Complete 
| 134|0x0000000621800000, 0x0000000621c00000, 0x0000000621c00000|100%| E|CS|TAMS 0x0000000621800000, 0x0000000621800000| Complete 
| 135|0x0000000621c00000, 0x0000000622000000, 0x0000000622000000|100%| E|CS|TAMS 0x0000000621c00000, 0x0000000621c00000| Complete 
| 136|0x0000000622000000, 0x0000000622400000, 0x0000000622400000|100%| E|CS|TAMS 0x0000000622000000, 0x0000000622000000| Complete 
| 137|0x0000000622400000, 0x0000000622800000, 0x0000000622800000|100%| E|CS|TAMS 0x0000000622400000, 0x0000000622400000| Complete 
| 138|0x0000000622800000, 0x0000000622c00000, 0x0000000622c00000|100%| E|CS|TAMS 0x0000000622800000, 0x0000000622800000| Complete 
| 139|0x0000000622c00000, 0x0000000623000000, 0x0000000623000000|100%| E|CS|TAMS 0x0000000622c00000, 0x0000000622c00000| Complete 
| 140|0x0000000623000000, 0x0000000623400000, 0x0000000623400000|100%| E|CS|TAMS 0x0000000623000000, 0x0000000623000000| Complete 
| 141|0x0000000623400000, 0x0000000623800000, 0x0000000623800000|100%| E|CS|TAMS 0x0000000623400000, 0x0000000623400000| Complete 
| 142|0x0000000623800000, 0x0000000623c00000, 0x0000000623c00000|100%| E|CS|TAMS 0x0000000623800000, 0x0000000623800000| Complete 
| 143|0x0000000623c00000, 0x0000000624000000, 0x0000000624000000|100%| E|CS|TAMS 0x0000000623c00000, 0x0000000623c00000| Complete 
| 144|0x0000000624000000, 0x0000000624400000, 0x0000000624400000|100%| E|CS|TAMS 0x0000000624000000, 0x0000000624000000| Complete 
| 145|0x0000000624400000, 0x0000000624800000, 0x0000000624800000|100%| E|CS|TAMS 0x0000000624400000, 0x0000000624400000| Complete 
| 146|0x0000000624800000, 0x0000000624c00000, 0x0000000624c00000|100%| E|CS|TAMS 0x0000000624800000, 0x0000000624800000| Complete 
| 147|0x0000000624c00000, 0x0000000625000000, 0x0000000625000000|100%| E|CS|TAMS 0x0000000624c00000, 0x0000000624c00000| Complete 
| 148|0x0000000625000000, 0x0000000625400000, 0x0000000625400000|100%| E|CS|TAMS 0x0000000625000000, 0x0000000625000000| Complete 
| 149|0x0000000625400000, 0x0000000625800000, 0x0000000625800000|100%| E|CS|TAMS 0x0000000625400000, 0x0000000625400000| Complete 
| 150|0x0000000625800000, 0x0000000625c00000, 0x0000000625c00000|100%| E|CS|TAMS 0x0000000625800000, 0x0000000625800000| Complete 
| 151|0x0000000625c00000, 0x0000000626000000, 0x0000000626000000|100%| E|CS|TAMS 0x0000000625c00000, 0x0000000625c00000| Complete 
| 152|0x0000000626000000, 0x0000000626400000, 0x0000000626400000|100%| E|CS|TAMS 0x0000000626000000, 0x0000000626000000| Complete 
| 153|0x0000000626400000, 0x0000000626800000, 0x0000000626800000|100%| E|CS|TAMS 0x0000000626400000, 0x0000000626400000| Complete 
| 154|0x0000000626800000, 0x0000000626c00000, 0x0000000626c00000|100%| E|CS|TAMS 0x0000000626800000, 0x0000000626800000| Complete 
| 155|0x0000000626c00000, 0x0000000627000000, 0x0000000627000000|100%| E|CS|TAMS 0x0000000626c00000, 0x0000000626c00000| Complete 
| 156|0x0000000627000000, 0x0000000627400000, 0x0000000627400000|100%| E|CS|TAMS 0x0000000627000000, 0x0000000627000000| Complete 
| 157|0x0000000627400000, 0x0000000627800000, 0x0000000627800000|100%| E|CS|TAMS 0x0000000627400000, 0x0000000627400000| Complete 
| 158|0x0000000627800000, 0x0000000627c00000, 0x0000000627c00000|100%| E|CS|TAMS 0x0000000627800000, 0x0000000627800000| Complete 
| 159|0x0000000627c00000, 0x0000000628000000, 0x0000000628000000|100%| E|CS|TAMS 0x0000000627c00000, 0x0000000627c00000| Complete 
| 160|0x0000000628000000, 0x0000000628400000, 0x0000000628400000|100%| E|CS|TAMS 0x0000000628000000, 0x0000000628000000| Complete 
| 161|0x0000000628400000, 0x0000000628800000, 0x0000000628800000|100%| E|CS|TAMS 0x0000000628400000, 0x0000000628400000| Complete 
| 162|0x0000000628800000, 0x0000000628c00000, 0x0000000628c00000|100%| E|CS|TAMS 0x0000000628800000, 0x0000000628800000| Complete 
| 163|0x0000000628c00000, 0x0000000629000000, 0x0000000629000000|100%| E|CS|TAMS 0x0000000628c00000, 0x0000000628c00000| Complete 
| 164|0x0000000629000000, 0x0000000629400000, 0x0000000629400000|100%| E|CS|TAMS 0x0000000629000000, 0x0000000629000000| Complete 
| 165|0x0000000629400000, 0x0000000629800000, 0x0000000629800000|100%| E|CS|TAMS 0x0000000629400000, 0x0000000629400000| Complete 
| 166|0x0000000629800000, 0x0000000629c00000, 0x0000000629c00000|100%| E|CS|TAMS 0x0000000629800000, 0x0000000629800000| Complete 
| 167|0x0000000629c00000, 0x000000062a000000, 0x000000062a000000|100%| E|CS|TAMS 0x0000000629c00000, 0x0000000629c00000| Complete 
| 168|0x000000062a000000, 0x000000062a400000, 0x000000062a400000|100%| E|CS|TAMS 0x000000062a000000, 0x000000062a000000| Complete 
| 169|0x000000062a400000, 0x000000062a800000, 0x000000062a800000|100%| E|CS|TAMS 0x000000062a400000, 0x000000062a400000| Complete 
| 170|0x000000062a800000, 0x000000062ac00000, 0x000000062ac00000|100%| E|CS|TAMS 0x000000062a800000, 0x000000062a800000| Complete 
| 171|0x000000062ac00000, 0x000000062b000000, 0x000000062b000000|100%| E|CS|TAMS 0x000000062ac00000, 0x000000062ac00000| Complete 
| 172|0x000000062b000000, 0x000000062b400000, 0x000000062b400000|100%| E|CS|TAMS 0x000000062b000000, 0x000000062b000000| Complete 
| 173|0x000000062b400000, 0x000000062b800000, 0x000000062b800000|100%| E|CS|TAMS 0x000000062b400000, 0x000000062b400000| Complete 
| 174|0x000000062b800000, 0x000000062bc00000, 0x000000062bc00000|100%| E|CS|TAMS 0x000000062b800000, 0x000000062b800000| Complete 
| 175|0x000000062bc00000, 0x000000062c000000, 0x000000062c000000|100%| E|CS|TAMS 0x000000062bc00000, 0x000000062bc00000| Complete 
| 176|0x000000062c000000, 0x000000062c400000, 0x000000062c400000|100%| E|CS|TAMS 0x000000062c000000, 0x000000062c000000| Complete 

Card table byte_map: [0x00000266b9f40000,0x00000266baf40000] _byte_map_base: 0x00000266b6f40000

Marking Bits (Prev, Next): (CMBitMap*) 0x00000266915f7cc0, (CMBitMap*) 0x00000266915f7c80
 Prev Bits: [0x00000266c3f40000, 0x00000266cbf40000)
 Next Bits: [0x00000266bbf40000, 0x00000266c3f40000)

Polling page: 0x000002668f3c0000

Metaspace:

Usage:
  Non-class:     92.69 MB used.
      Class:     14.94 MB used.
       Both:    107.63 MB used.

Virtual space:
  Non-class space:      128.00 MB reserved,      93.62 MB ( 73%) committed,  2 nodes.
      Class space:        1.00 GB reserved,      15.69 MB (  2%) committed,  1 nodes.
             Both:        1.12 GB reserved,     109.31 MB (  9%) committed. 

Chunk freelists:
   Non-Class:  1.97 MB
       Class:  262.00 KB
        Both:  2.23 MB

MaxMetaspaceSize: 4.00 GB
CompressedClassSpaceSize: 1.00 GB
Initial GC threshold: 21.00 MB
Current GC threshold: 151.69 MB
CDS: on
MetaspaceReclaimPolicy: balanced
 - commit_granule_bytes: 65536.
 - commit_granule_words: 8192.
 - virtual_space_node_default_size: 8388608.
 - enlarge_chunks_in_place: 1.
 - new_chunks_are_fully_committed: 0.
 - uncommit_free_chunks: 1.
 - use_allocation_guard: 0.
 - handle_deallocations: 1.


Internal statistics:

num_allocs_failed_limit: 12.
num_arena_births: 2292.
num_arena_deaths: 0.
num_vsnodes_births: 3.
num_vsnodes_deaths: 0.
num_space_committed: 1749.
num_space_uncommitted: 0.
num_chunks_returned_to_freelist: 12.
num_chunks_taken_from_freelist: 7652.
num_chunk_merges: 12.
num_chunk_splits: 4716.
num_chunks_enlarged: 2723.
num_inconsistent_stats: 0.

CodeHeap 'non-profiled nmethods': size=259264Kb used=12469Kb max_used=12469Kb free=246795Kb
 bounds [0x00000266a9100000, 0x00000266a9d30000, 0x00000266b8e30000]
CodeHeap 'profiled nmethods': size=259264Kb used=28843Kb max_used=28843Kb free=230420Kb
 bounds [0x0000026698e30000, 0x000002669aa60000, 0x00000266a8b60000]
CodeHeap 'non-nmethods': size=5760Kb used=2457Kb max_used=2540Kb free=3302Kb
 bounds [0x00000266a8b60000, 0x00000266a8e00000, 0x00000266a9100000]
 total_blobs=15695 nmethods=14693 adapters=914
 compilation: enabled
              stopped_count=0, restarted_count=0
 full_count=0

Compilation events (20 events):
Event: 77.123 Thread 0x00000266ce5385c0 nmethod 17596 0x00000266a9d29310 code [0x00000266a9d294a0, 0x00000266a9d29578]
Event: 77.123 Thread 0x00000266ce5385c0 17597       1       com.android.build.gradle.tasks.JavaPreCompileTask$CreationAction::getType (3 bytes)
Event: 77.123 Thread 0x00000266ce5385c0 nmethod 17597 0x00000266a9d29610 code [0x00000266a9d297a0, 0x00000266a9d29878]
Event: 77.123 Thread 0x00000266ce5385c0 17598       1       com.android.build.gradle.tasks.JavaCompileCreationAction::getType (3 bytes)
Event: 77.123 Thread 0x00000266ce5385c0 nmethod 17598 0x00000266a9d29910 code [0x00000266a9d29aa0, 0x00000266a9d29b78]
Event: 77.123 Thread 0x00000266ce5385c0 17599       1       com.android.build.gradle.internal.variant.BaseVariantData::getAllPreJavacGeneratedBytecode (5 bytes)
Event: 77.123 Thread 0x00000266ce5385c0 nmethod 17599 0x00000266a9d29c10 code [0x00000266a9d29da0, 0x00000266a9d29e78]
Event: 77.123 Thread 0x00000266ce5385c0 17600       1       com.android.build.gradle.internal.variant.BaseVariantData::getAllPostJavacGeneratedBytecode (5 bytes)
Event: 77.124 Thread 0x00000266ce5385c0 nmethod 17600 0x00000266a9d29f10 code [0x00000266a9d2a0a0, 0x00000266a9d2a178]
Event: 77.124 Thread 0x00000266ce5385c0 17601       1       com.android.build.gradle.internal.instrumentation.AsmClassVisitorsFactoryRegistry::getProjectClassesVisitors (5 bytes)
Event: 77.124 Thread 0x00000266ce5385c0 nmethod 17601 0x00000266a9d2a210 code [0x00000266a9d2a3a0, 0x00000266a9d2a478]
Event: 77.127 Thread 0x00000266ce52c040 17602       4       com.android.build.api.artifact.impl.ArtifactsImpl::setInitialProvider (29 bytes)
Event: 77.127 Thread 0x000002671f9bce90 17603       4       com.android.build.api.artifact.impl.SingleInitialProviderRequestImpl::<init> (21 bytes)
Event: 77.139 Thread 0x00000266ce5385c0 17605       1       com.android.build.api.component.impl.DeviceTestImpl::getAdvancedProfilingTransforms (5 bytes)
Event: 77.139 Thread 0x00000266ce5385c0 nmethod 17605 0x00000266a9d2a510 code [0x00000266a9d2a6a0, 0x00000266a9d2a778]
Event: 77.144 Thread 0x00000266ce5385c0 17606       3       com.android.build.gradle.internal.tasks.factory.GlobalTaskCreationConfigImpl::getNamespacedAndroidResources (13 bytes)
Event: 77.144 Thread 0x00000266ce5385c0 nmethod 17606 0x000002669aa5d310 code [0x000002669aa5d4c0, 0x000002669aa5d758]
Event: 77.150 Thread 0x00000266ce52c040 nmethod 17602 0x00000266a9d2a810 code [0x00000266a9d2aa00, 0x00000266a9d2b6e8]
Event: 77.150 Thread 0x00000266ce52c040 17604       4       com.android.build.api.artifact.impl.SingleInitialProviderRequestImpl::<init> (97 bytes)
Event: 77.154 Thread 0x000002671f9bce90 nmethod 17603 0x00000266a9d2bc10 code [0x00000266a9d2be00, 0x00000266a9d2cea8]

GC Heap History (20 events):
Event: 53.084 GC heap after
{Heap after GC invocations=44 (full 0):
 garbage-first heap   total 266240K, used 137280K [0x0000000600000000, 0x0000000800000000)
  region size 4096K, 1 young (4096K), 1 survivors (4096K)
 Metaspace       used 91245K, committed 92352K, reserved 1179648K
  class space    used 12573K, committed 13120K, reserved 1048576K
}
Event: 53.851 GC heap before
{Heap before GC invocations=44 (full 0):
 garbage-first heap   total 266240K, used 211008K [0x0000000600000000, 0x0000000800000000)
  region size 4096K, 19 young (77824K), 1 survivors (4096K)
 Metaspace       used 91954K, committed 93056K, reserved 1179648K
  class space    used 12669K, committed 13248K, reserved 1048576K
}
Event: 53.859 GC heap after
{Heap after GC invocations=45 (full 0):
 garbage-first heap   total 266240K, used 152871K [0x0000000600000000, 0x0000000800000000)
  region size 4096K, 3 young (12288K), 3 survivors (12288K)
 Metaspace       used 91954K, committed 93056K, reserved 1179648K
  class space    used 12669K, committed 13248K, reserved 1048576K
}
Event: 54.610 GC heap before
{Heap before GC invocations=46 (full 0):
 garbage-first heap   total 294912K, used 206119K [0x0000000600000000, 0x0000000800000000)
  region size 4096K, 16 young (65536K), 3 survivors (12288K)
 Metaspace       used 92783K, committed 93824K, reserved 1179648K
  class space    used 12782K, committed 13312K, reserved 1048576K
}
Event: 54.621 GC heap after
{Heap after GC invocations=47 (full 0):
 garbage-first heap   total 294912K, used 155968K [0x0000000600000000, 0x0000000800000000)
  region size 4096K, 1 young (4096K), 1 survivors (4096K)
 Metaspace       used 92783K, committed 93824K, reserved 1179648K
  class space    used 12782K, committed 13312K, reserved 1048576K
}
Event: 54.753 GC heap before
{Heap before GC invocations=47 (full 0):
 garbage-first heap   total 294912K, used 164160K [0x0000000600000000, 0x0000000800000000)
  region size 4096K, 3 young (12288K), 1 survivors (4096K)
 Metaspace       used 93482K, committed 94592K, reserved 1179648K
  class space    used 12864K, committed 13440K, reserved 1048576K
}
Event: 54.763 GC heap after
{Heap after GC invocations=48 (full 0):
 garbage-first heap   total 589824K, used 155245K [0x0000000600000000, 0x0000000800000000)
  region size 4096K, 1 young (4096K), 1 survivors (4096K)
 Metaspace       used 93482K, committed 94592K, reserved 1179648K
  class space    used 12864K, committed 13440K, reserved 1048576K
}
Event: 59.545 GC heap before
{Heap before GC invocations=48 (full 0):
 garbage-first heap   total 589824K, used 470637K [0x0000000600000000, 0x0000000800000000)
  region size 4096K, 78 young (319488K), 1 survivors (4096K)
 Metaspace       used 104899K, committed 106176K, reserved 1179648K
  class space    used 14565K, committed 15168K, reserved 1048576K
}
Event: 59.567 GC heap after
{Heap after GC invocations=49 (full 0):
 garbage-first heap   total 589824K, used 169818K [0x0000000600000000, 0x0000000800000000)
  region size 4096K, 4 young (16384K), 4 survivors (16384K)
 Metaspace       used 104899K, committed 106176K, reserved 1179648K
  class space    used 14565K, committed 15168K, reserved 1048576K
}
Event: 63.269 GC heap before
{Heap before GC invocations=49 (full 0):
 garbage-first heap   total 589824K, used 460634K [0x0000000600000000, 0x0000000800000000)
  region size 4096K, 75 young (307200K), 4 survivors (16384K)
 Metaspace       used 107222K, committed 108608K, reserved 1179648K
  class space    used 14904K, committed 15552K, reserved 1048576K
}
Event: 63.316 GC heap after
{Heap after GC invocations=50 (full 0):
 garbage-first heap   total 589824K, used 195395K [0x0000000600000000, 0x0000000800000000)
  region size 4096K, 10 young (40960K), 10 survivors (40960K)
 Metaspace       used 107222K, committed 108608K, reserved 1179648K
  class space    used 14904K, committed 15552K, reserved 1048576K
}
Event: 66.307 GC heap before
{Heap before GC invocations=50 (full 0):
 garbage-first heap   total 589824K, used 453443K [0x0000000600000000, 0x0000000800000000)
  region size 4096K, 74 young (303104K), 10 survivors (40960K)
 Metaspace       used 107856K, committed 109312K, reserved 1179648K
  class space    used 14983K, committed 15680K, reserved 1048576K
}
Event: 66.357 GC heap after
{Heap after GC invocations=51 (full 0):
 garbage-first heap   total 589824K, used 208678K [0x0000000600000000, 0x0000000800000000)
  region size 4096K, 4 young (16384K), 4 survivors (16384K)
 Metaspace       used 107856K, committed 109312K, reserved 1179648K
  class space    used 14983K, committed 15680K, reserved 1048576K
}
Event: 68.674 GC heap before
{Heap before GC invocations=51 (full 0):
 garbage-first heap   total 589824K, used 462630K [0x0000000600000000, 0x0000000800000000)
  region size 4096K, 67 young (274432K), 4 survivors (16384K)
 Metaspace       used 108226K, committed 109696K, reserved 1179648K
  class space    used 15033K, committed 15744K, reserved 1048576K
}
Event: 68.703 GC heap after
{Heap after GC invocations=52 (full 0):
 garbage-first heap   total 589824K, used 221858K [0x0000000600000000, 0x0000000800000000)
  region size 4096K, 8 young (32768K), 8 survivors (32768K)
 Metaspace       used 108226K, committed 109696K, reserved 1179648K
  class space    used 15033K, committed 15744K, reserved 1048576K
}
Event: 71.092 GC heap before
{Heap before GC invocations=52 (full 0):
 garbage-first heap   total 589824K, used 463522K [0x0000000600000000, 0x0000000800000000)
  region size 4096K, 68 young (278528K), 8 survivors (32768K)
 Metaspace       used 108558K, committed 110080K, reserved 1179648K
  class space    used 15075K, committed 15744K, reserved 1048576K
}
Event: 71.130 GC heap after
{Heap after GC invocations=53 (full 0):
 garbage-first heap   total 724992K, used 230785K [0x0000000600000000, 0x0000000800000000)
  region size 4096K, 7 young (28672K), 7 survivors (28672K)
 Metaspace       used 108558K, committed 110080K, reserved 1179648K
  class space    used 15075K, committed 15744K, reserved 1048576K
}
Event: 74.156 GC heap before
{Heap before GC invocations=53 (full 0):
 garbage-first heap   total 724992K, used 591233K [0x0000000600000000, 0x0000000800000000)
  region size 4096K, 94 young (385024K), 7 survivors (28672K)
 Metaspace       used 109406K, committed 111040K, reserved 1179648K
  class space    used 15186K, committed 15936K, reserved 1048576K
}
Event: 74.199 GC heap after
{Heap after GC invocations=54 (full 0):
 garbage-first heap   total 724992K, used 253469K [0x0000000600000000, 0x0000000800000000)
  region size 4096K, 11 young (45056K), 11 survivors (45056K)
 Metaspace       used 109406K, committed 111040K, reserved 1179648K
  class space    used 15186K, committed 15936K, reserved 1048576K
}
Event: 77.156 GC heap before
{Heap before GC invocations=54 (full 0):
 garbage-first heap   total 724992K, used 572957K [0x0000000600000000, 0x0000000800000000)
  region size 4096K, 90 young (368640K), 11 survivors (45056K)
 Metaspace       used 110217K, committed 111936K, reserved 1179648K
  class space    used 15299K, committed 16064K, reserved 1048576K
}

Deoptimization events (20 events):
Event: 75.604 Thread 0x0000026716eec090 Uncommon trap: trap_request=0xffffff45 fr.pc=0x00000266a9518cdc relative=0x000000000000091c
Event: 75.604 Thread 0x0000026716eec090 Uncommon trap: reason=unstable_if action=reinterpret pc=0x00000266a9518cdc method=java.util.concurrent.ConcurrentHashMap.replaceNode(Ljava/lang/Object;Ljava/lang/Object;Ljava/lang/Object;)Ljava/lang/Object; @ 99 c2
Event: 75.604 Thread 0x0000026716eec090 DEOPT PACKING pc=0x00000266a9518cdc sp=0x000000bc45dfdd40
Event: 75.604 Thread 0x0000026716eec090 DEOPT UNPACKING pc=0x00000266a8bb23a3 sp=0x000000bc45dfdcc8 mode 2
Event: 75.731 Thread 0x0000026715766ed0 DEOPT PACKING pc=0x0000026699522ef2 sp=0x000000bc419ff1a0
Event: 75.731 Thread 0x0000026715766ed0 DEOPT UNPACKING pc=0x00000266a8bb2b43 sp=0x000000bc419fe6b0 mode 0
Event: 76.439 Thread 0x0000026715769240 Uncommon trap: trap_request=0xffffffbe fr.pc=0x00000266a9ce9b8c relative=0x00000000000004cc
Event: 76.439 Thread 0x0000026715769240 Uncommon trap: reason=profile_predicate action=maybe_recompile pc=0x00000266a9ce9b8c method=com.google.common.collect.ImmutableList.copyIntoArray([Ljava/lang/Object;I)I @ 11 c2
Event: 76.439 Thread 0x0000026715769240 DEOPT PACKING pc=0x00000266a9ce9b8c sp=0x000000bc416f7d60
Event: 76.439 Thread 0x0000026715769240 DEOPT UNPACKING pc=0x00000266a8bb23a3 sp=0x000000bc416f7d20 mode 2
Event: 76.453 Thread 0x0000026716ef2ff0 Uncommon trap: trap_request=0xffffff45 fr.pc=0x00000266a9c838c4 relative=0x00000000000012a4
Event: 76.453 Thread 0x0000026716ef2ff0 Uncommon trap: reason=unstable_if action=reinterpret pc=0x00000266a9c838c4 method=java.util.concurrent.ConcurrentHashMap.putVal(Ljava/lang/Object;Ljava/lang/Object;Z)Ljava/lang/Object; @ 197 c2
Event: 76.453 Thread 0x0000026716ef2ff0 DEOPT PACKING pc=0x00000266a9c838c4 sp=0x000000bc460fea00
Event: 76.453 Thread 0x0000026716ef2ff0 DEOPT UNPACKING pc=0x00000266a8bb23a3 sp=0x000000bc460fe980 mode 2
Event: 76.543 Thread 0x0000026715769240 DEOPT PACKING pc=0x00000266996034e5 sp=0x000000bc416f6ea0
Event: 76.543 Thread 0x0000026715769240 DEOPT UNPACKING pc=0x00000266a8bb2b43 sp=0x000000bc416f6390 mode 0
Event: 76.850 Thread 0x0000026715769240 Uncommon trap: trap_request=0xffffffbe fr.pc=0x00000266a9ce9b8c relative=0x00000000000004cc
Event: 76.850 Thread 0x0000026715769240 Uncommon trap: reason=profile_predicate action=maybe_recompile pc=0x00000266a9ce9b8c method=com.google.common.collect.ImmutableList.copyIntoArray([Ljava/lang/Object;I)I @ 11 c2
Event: 76.850 Thread 0x0000026715769240 DEOPT PACKING pc=0x00000266a9ce9b8c sp=0x000000bc416f7d80
Event: 76.850 Thread 0x0000026715769240 DEOPT UNPACKING pc=0x00000266a8bb23a3 sp=0x000000bc416f7d40 mode 2

Classes unloaded (0 events):
No events

Classes redefined (0 events):
No events

Internal exceptions (20 events):
Event: 73.363 Thread 0x0000026715769240 Exception <a 'java/lang/ClassNotFoundException'{0x000000061e9a8c90}: build_9y3naavp0al63paqrnnwb44giCustomizer> (0x000000061e9a8c90) 
thrown [s\open\src\hotspot\share\classfile\systemDictionary.cpp, line 256]
Event: 74.078 Thread 0x0000026715769240 Exception <a 'java/lang/ClassNotFoundException'{0x0000000616ed6d48}: build_9y3naavp0al63paqrnnwb44giBeanInfo> (0x0000000616ed6d48) 
thrown [s\open\src\hotspot\share\classfile\systemDictionary.cpp, line 256]
Event: 74.079 Thread 0x0000026715769240 Exception <a 'java/lang/ClassNotFoundException'{0x0000000616edde80}: build_9y3naavp0al63paqrnnwb44giCustomizer> (0x0000000616edde80) 
thrown [s\open\src\hotspot\share\classfile\systemDictionary.cpp, line 256]
Event: 74.314 Thread 0x0000026715769240 Exception <a 'java/lang/ClassNotFoundException'{0x000000062b9b40f0}: build_53igf090zqdguxzso94nnjiw7BeanInfo> (0x000000062b9b40f0) 
thrown [s\open\src\hotspot\share\classfile\systemDictionary.cpp, line 256]
Event: 74.314 Thread 0x0000026715769240 Exception <a 'java/lang/ClassNotFoundException'{0x000000062b9bb290}: build_53igf090zqdguxzso94nnjiw7Customizer> (0x000000062b9bb290) 
thrown [s\open\src\hotspot\share\classfile\systemDictionary.cpp, line 256]
Event: 75.043 Thread 0x0000026715769240 Exception <a 'java/lang/ClassNotFoundException'{0x0000000625e24bf0}: build_53igf090zqdguxzso94nnjiw7BeanInfo> (0x0000000625e24bf0) 
thrown [s\open\src\hotspot\share\classfile\systemDictionary.cpp, line 256]
Event: 75.043 Thread 0x0000026715769240 Exception <a 'java/lang/ClassNotFoundException'{0x0000000625e2bd28}: build_53igf090zqdguxzso94nnjiw7Customizer> (0x0000000625e2bd28) 
thrown [s\open\src\hotspot\share\classfile\systemDictionary.cpp, line 256]
Event: 75.253 Thread 0x0000026715769240 Exception <a 'java/lang/ClassNotFoundException'{0x000000062518c6e8}: build_bjk0kjah27ia45h1dhyeewwr7BeanInfo> (0x000000062518c6e8) 
thrown [s\open\src\hotspot\share\classfile\systemDictionary.cpp, line 256]
Event: 75.253 Thread 0x0000026715769240 Exception <a 'java/lang/ClassNotFoundException'{0x0000000625193888}: build_bjk0kjah27ia45h1dhyeewwr7Customizer> (0x0000000625193888) 
thrown [s\open\src\hotspot\share\classfile\systemDictionary.cpp, line 256]
Event: 75.908 Thread 0x0000026715769240 Exception <a 'java/lang/ClassNotFoundException'{0x000000061da75540}: build_bjk0kjah27ia45h1dhyeewwr7BeanInfo> (0x000000061da75540) 
thrown [s\open\src\hotspot\share\classfile\systemDictionary.cpp, line 256]
Event: 75.908 Thread 0x0000026715769240 Exception <a 'java/lang/ClassNotFoundException'{0x000000061d40db90}: build_bjk0kjah27ia45h1dhyeewwr7Customizer> (0x000000061d40db90) 
thrown [s\open\src\hotspot\share\classfile\systemDictionary.cpp, line 256]
Event: 75.955 Thread 0x0000026715769240 Exception <a 'java/lang/NoSuchMethodError'{0x000000061d78a5b8}: 'org.gradle.internal.buildoption.BuildOption$Value org.gradle.api.internal.StartParameterInternal.getIsolatedProjects()'> (0x000000061d78a5b8) 
thrown [s\open\src\hotspot\share\interpreter\linkResolver.cpp, line 759]
Event: 76.337 Thread 0x0000026715769240 Exception <a 'java/lang/ClassNotFoundException'{0x000000061bde3738}: build_7agghun32fou1j53q3isj97w0BeanInfo> (0x000000061bde3738) 
thrown [s\open\src\hotspot\share\classfile\systemDictionary.cpp, line 256]
Event: 76.337 Thread 0x0000026715769240 Exception <a 'java/lang/ClassNotFoundException'{0x000000061bdea8d8}: build_7agghun32fou1j53q3isj97w0Customizer> (0x000000061bdea8d8) 
thrown [s\open\src\hotspot\share\classfile\systemDictionary.cpp, line 256]
Event: 76.487 Thread 0x0000026715769240 Exception <a 'java/lang/ClassNotFoundException'{0x000000061ac2c7b0}: build_7agghun32fou1j53q3isj97w0BeanInfo> (0x000000061ac2c7b0) 
thrown [s\open\src\hotspot\share\classfile\systemDictionary.cpp, line 256]
Event: 76.488 Thread 0x0000026715769240 Exception <a 'java/lang/ClassNotFoundException'{0x000000061ac338e8}: build_7agghun32fou1j53q3isj97w0Customizer> (0x000000061ac338e8) 
thrown [s\open\src\hotspot\share\classfile\systemDictionary.cpp, line 256]
Event: 76.773 Thread 0x0000026715769240 Exception <a 'java/lang/ClassNotFoundException'{0x000000061a0b7498}: build_ee7m7y1p98bc1bqlmc0wjwdk8BeanInfo> (0x000000061a0b7498) 
thrown [s\open\src\hotspot\share\classfile\systemDictionary.cpp, line 256]
Event: 76.774 Thread 0x0000026715769240 Exception <a 'java/lang/ClassNotFoundException'{0x000000061a0be638}: build_ee7m7y1p98bc1bqlmc0wjwdk8Customizer> (0x000000061a0be638) 
thrown [s\open\src\hotspot\share\classfile\systemDictionary.cpp, line 256]
Event: 76.910 Thread 0x0000026715769240 Exception <a 'java/lang/ClassNotFoundException'{0x00000006196b6670}: build_ee7m7y1p98bc1bqlmc0wjwdk8BeanInfo> (0x00000006196b6670) 
thrown [s\open\src\hotspot\share\classfile\systemDictionary.cpp, line 256]
Event: 76.911 Thread 0x0000026715769240 Exception <a 'java/lang/ClassNotFoundException'{0x00000006196bd7a8}: build_ee7m7y1p98bc1bqlmc0wjwdk8Customizer> (0x00000006196bd7a8) 
thrown [s\open\src\hotspot\share\classfile\systemDictionary.cpp, line 256]

VM Operations (20 events):
Event: 67.784 Executing VM operation: Cleanup done
Event: 68.674 Executing VM operation: G1CollectForAllocation
Event: 68.705 Executing VM operation: G1CollectForAllocation done
Event: 69.851 Executing VM operation: ICBufferFull
Event: 69.851 Executing VM operation: ICBufferFull done
Event: 71.092 Executing VM operation: G1CollectForAllocation
Event: 71.130 Executing VM operation: G1CollectForAllocation done
Event: 73.123 Executing VM operation: ICBufferFull
Event: 73.123 Executing VM operation: ICBufferFull done
Event: 74.123 Executing VM operation: Cleanup
Event: 74.125 Executing VM operation: Cleanup done
Event: 74.156 Executing VM operation: G1CollectForAllocation
Event: 74.201 Executing VM operation: G1CollectForAllocation done
Event: 75.201 Executing VM operation: Cleanup
Event: 75.206 Executing VM operation: Cleanup done
Event: 76.142 Executing VM operation: HandshakeAllThreads
Event: 76.143 Executing VM operation: HandshakeAllThreads done
Event: 76.550 Executing VM operation: ICBufferFull
Event: 76.550 Executing VM operation: ICBufferFull done
Event: 77.156 Executing VM operation: G1CollectForAllocation

Events (20 events):
Event: 76.160 Thread 0x00000266ce6ac830 flushing nmethod 0x0000026699a10c10
Event: 76.160 Thread 0x00000266ce6ac830 flushing nmethod 0x0000026699a12710
Event: 76.160 Thread 0x00000266ce6ac830 flushing nmethod 0x0000026699a18010
Event: 76.161 Thread 0x00000266ce6ac830 flushing nmethod 0x0000026699a1a190
Event: 76.161 Thread 0x00000266ce6ac830 flushing nmethod 0x0000026699a1ce90
Event: 76.161 Thread 0x00000266ce6ac830 flushing nmethod 0x0000026699a1d390
Event: 76.161 Thread 0x00000266ce6ac830 flushing nmethod 0x0000026699a36d10
Event: 76.161 Thread 0x00000266ce6ac830 flushing nmethod 0x0000026699a3b910
Event: 76.164 Thread 0x00000266ce6ac830 flushing nmethod 0x0000026699dc7c10
Event: 76.164 Thread 0x00000266ce6ac830 flushing nmethod 0x0000026699dcbc90
Event: 76.164 Thread 0x00000266ce6ac830 flushing nmethod 0x0000026699dec090
Event: 76.166 Thread 0x00000266ce6ac830 flushing nmethod 0x0000026699fc5110
Event: 76.166 Thread 0x00000266ce6ac830 flushing nmethod 0x0000026699fd0010
Event: 76.166 Thread 0x00000266ce6ac830 flushing nmethod 0x000002669a032210
Event: 76.167 Thread 0x00000266ce6ac830 flushing nmethod 0x000002669a0f2b90
Event: 76.167 Thread 0x00000266ce6ac830 flushing nmethod 0x000002669a161410
Event: 76.167 Thread 0x00000266ce6ac830 flushing nmethod 0x000002669a179610
Event: 76.171 Thread 0x00000266ce6ac830 flushing nmethod 0x000002669a5fbc90
Event: 76.171 Thread 0x00000266ce6ac830 flushing nmethod 0x000002669a5fc590
Event: 76.384 Thread 0x000002671f9bce90 Thread added: 0x000002671f9bce90


Dynamic libraries:
0x00007ff647730000 - 0x00007ff647740000 	C:\Program Files\Java\jdk-17\bin\java.exe
0x00007ffb8cad0000 - 0x00007ffb8ccc8000 	C:\WINDOWS\SYSTEM32\ntdll.dll
0x00007ffb8b850000 - 0x00007ffb8b912000 	C:\WINDOWS\System32\KERNEL32.DLL
0x00007ffb8a6e0000 - 0x00007ffb8a9d6000 	C:\WINDOWS\System32\KERNELBASE.dll
0x00007ffb8a170000 - 0x00007ffb8a270000 	C:\WINDOWS\System32\ucrtbase.dll
0x00007ffb80180000 - 0x00007ffb80199000 	C:\Program Files\Java\jdk-17\bin\jli.dll
0x00007ffb8af40000 - 0x00007ffb8afef000 	C:\WINDOWS\System32\ADVAPI32.dll
0x00007ffb8c090000 - 0x00007ffb8c12e000 	C:\WINDOWS\System32\msvcrt.dll
0x00007ffb8c250000 - 0x00007ffb8c2ef000 	C:\WINDOWS\System32\sechost.dll
0x00007ffb8ba90000 - 0x00007ffb8bbb3000 	C:\WINDOWS\System32\RPCRT4.dll
0x00007ffb8a3d0000 - 0x00007ffb8a3f7000 	C:\WINDOWS\System32\bcrypt.dll
0x00007ffb8c640000 - 0x00007ffb8c7dd000 	C:\WINDOWS\System32\USER32.dll
0x00007ffb8a3a0000 - 0x00007ffb8a3c2000 	C:\WINDOWS\System32\win32u.dll
0x00007ffb8c610000 - 0x00007ffb8c63b000 	C:\WINDOWS\System32\GDI32.dll
0x00007ffb8a9e0000 - 0x00007ffb8aafa000 	C:\WINDOWS\System32\gdi32full.dll
0x00007ffb8a4e0000 - 0x00007ffb8a57d000 	C:\WINDOWS\System32\msvcp_win.dll
0x00007ffb73c60000 - 0x00007ffb73efa000 	C:\WINDOWS\WinSxS\amd64_microsoft.windows.common-controls_6595b64144ccf1df_6.0.19041.5794_none_60bcd33171f2783c\COMCTL32.dll
0x00007ffb7ff80000 - 0x00007ffb7ff8a000 	C:\WINDOWS\SYSTEM32\VERSION.dll
0x00007ffb7f280000 - 0x00007ffb7f29b000 	C:\Program Files\Java\jdk-17\bin\VCRUNTIME140.dll
0x00007ffb8b0b0000 - 0x00007ffb8b0df000 	C:\WINDOWS\System32\IMM32.DLL
0x00007ffb81be0000 - 0x00007ffb81bec000 	C:\Program Files\Java\jdk-17\bin\vcruntime140_1.dll
0x00007ffb73480000 - 0x00007ffb7350e000 	C:\Program Files\Java\jdk-17\bin\msvcp140.dll
0x00007ffb219d0000 - 0x00007ffb225b1000 	C:\Program Files\Java\jdk-17\bin\server\jvm.dll
0x00007ffb8b9b0000 - 0x00007ffb8b9b8000 	C:\WINDOWS\System32\PSAPI.DLL
0x00007ffb81b80000 - 0x00007ffb81b89000 	C:\WINDOWS\SYSTEM32\WSOCK32.dll
0x00007ffb8c9c0000 - 0x00007ffb8ca2b000 	C:\WINDOWS\System32\WS2_32.dll
0x00007ffb6dd00000 - 0x00007ffb6dd27000 	C:\WINDOWS\SYSTEM32\WINMM.dll
0x00007ffb88950000 - 0x00007ffb88962000 	C:\WINDOWS\SYSTEM32\kernel.appcore.dll
0x00007ffb80920000 - 0x00007ffb8092a000 	C:\Program Files\Java\jdk-17\bin\jimage.dll
0x00007ffb85620000 - 0x00007ffb85804000 	C:\WINDOWS\SYSTEM32\DBGHELP.DLL
0x00007ffb6c110000 - 0x00007ffb6c144000 	C:\WINDOWS\SYSTEM32\dbgcore.DLL
0x00007ffb8a400000 - 0x00007ffb8a482000 	C:\WINDOWS\System32\bcryptPrimitives.dll
0x00007ffb80170000 - 0x00007ffb8017e000 	C:\Program Files\Java\jdk-17\bin\instrument.dll
0x00007ffb73450000 - 0x00007ffb73475000 	C:\Program Files\Java\jdk-17\bin\java.dll
0x00007ffb71840000 - 0x00007ffb71917000 	C:\Program Files\Java\jdk-17\bin\jsvml.dll
0x00007ffb8b0e0000 - 0x00007ffb8b84e000 	C:\WINDOWS\System32\SHELL32.dll
0x00007ffb84da0000 - 0x00007ffb85543000 	C:\WINDOWS\SYSTEM32\windows.storage.dll
0x00007ffb8ab00000 - 0x00007ffb8ae53000 	C:\WINDOWS\System32\combase.dll
0x00007ffb899f0000 - 0x00007ffb89a1b000 	C:\WINDOWS\SYSTEM32\Wldp.dll
0x00007ffb8b9c0000 - 0x00007ffb8ba8d000 	C:\WINDOWS\System32\OLEAUT32.dll
0x00007ffb8c7e0000 - 0x00007ffb8c88d000 	C:\WINDOWS\System32\SHCORE.dll
0x00007ffb8c370000 - 0x00007ffb8c3c5000 	C:\WINDOWS\System32\shlwapi.dll
0x00007ffb8a0a0000 - 0x00007ffb8a0c5000 	C:\WINDOWS\SYSTEM32\profapi.dll
0x00007ffb7e7f0000 - 0x00007ffb7e808000 	C:\Program Files\Java\jdk-17\bin\zip.dll
0x00007ffb73f10000 - 0x00007ffb73f29000 	C:\Program Files\Java\jdk-17\bin\net.dll
0x00007ffb787f0000 - 0x00007ffb788fa000 	C:\WINDOWS\SYSTEM32\WINHTTP.dll
0x00007ffb897d0000 - 0x00007ffb8983c000 	C:\WINDOWS\system32\mswsock.dll
0x00007ffb73350000 - 0x00007ffb73366000 	C:\Program Files\Java\jdk-17\bin\nio.dll
0x00007ffb7f270000 - 0x00007ffb7f280000 	C:\Program Files\Java\jdk-17\bin\verify.dll
0x00007ffb7e520000 - 0x00007ffb7e547000 	C:\Users\brayo\.gradle\native\c067742578af261105cb4f569cf0c3c89f3d7b1fecec35dd04571415982c5e48\windows-amd64\native-platform.dll
0x00007ffb52750000 - 0x00007ffb52894000 	C:\Users\brayo\.gradle\native\100fb08df4bc3b14c8652ba06237920a3bd2aa13389f12d3474272988ae205f9\windows-amd64\native-platform-file-events.dll
0x00007ffb7e950000 - 0x00007ffb7e95a000 	C:\Program Files\Java\jdk-17\bin\management.dll
0x00007ffb7e510000 - 0x00007ffb7e51b000 	C:\Program Files\Java\jdk-17\bin\management_ext.dll
0x00007ffb89a30000 - 0x00007ffb89a48000 	C:\WINDOWS\SYSTEM32\CRYPTSP.dll
0x00007ffb89110000 - 0x00007ffb89148000 	C:\WINDOWS\system32\rsaenh.dll
0x00007ffb8a020000 - 0x00007ffb8a04e000 	C:\WINDOWS\SYSTEM32\USERENV.dll
0x00007ffb89960000 - 0x00007ffb8996c000 	C:\WINDOWS\SYSTEM32\CRYPTBASE.dll
0x00007ffb894d0000 - 0x00007ffb8950b000 	C:\WINDOWS\SYSTEM32\IPHLPAPI.DLL
0x00007ffb8b0a0000 - 0x00007ffb8b0a8000 	C:\WINDOWS\System32\NSI.dll
0x00007ffb7e210000 - 0x00007ffb7e227000 	C:\WINDOWS\SYSTEM32\dhcpcsvc6.DLL
0x00007ffb7e150000 - 0x00007ffb7e16d000 	C:\WINDOWS\SYSTEM32\dhcpcsvc.DLL
0x00007ffb89510000 - 0x00007ffb895da000 	C:\WINDOWS\SYSTEM32\DNSAPI.dll
0x00007ffb73f50000 - 0x00007ffb73f5e000 	C:\Program Files\Java\jdk-17\bin\sunmscapi.dll
0x00007ffb8a580000 - 0x00007ffb8a6dd000 	C:\WINDOWS\System32\CRYPT32.dll
0x00007ffb89b90000 - 0x00007ffb89bb7000 	C:\WINDOWS\SYSTEM32\ncrypt.dll
0x00007ffb89b50000 - 0x00007ffb89b8b000 	C:\WINDOWS\SYSTEM32\NTASN1.dll
0x00007ffb809a0000 - 0x00007ffb809a7000 	C:\WINDOWS\system32\wshunix.dll
0x00007ffb68c80000 - 0x00007ffb68c97000 	C:\WINDOWS\system32\napinsp.dll
0x00007ffb68c60000 - 0x00007ffb68c7b000 	C:\WINDOWS\system32\pnrpnsp.dll
0x00007ffb81bf0000 - 0x00007ffb81c05000 	C:\WINDOWS\system32\wshbth.dll
0x00007ffb81a40000 - 0x00007ffb81a5d000 	C:\WINDOWS\system32\NLAapi.dll
0x00007ffb68c40000 - 0x00007ffb68c52000 	C:\WINDOWS\System32\winrnr.dll
0x00007ffb74480000 - 0x00007ffb7448a000 	C:\Windows\System32\rasadhlp.dll
0x00007ffb784d0000 - 0x00007ffb78550000 	C:\WINDOWS\System32\fwpuclnt.dll
0x00007ffb730d0000 - 0x00007ffb730d7000 	C:\Program Files\Java\jdk-17\bin\rmi.dll

dbghelp: loaded successfully - version: 4.0.5 - missing functions: none
symbol engine: initialized successfully - sym options: 0x614 - pdb path: .;C:\Program Files\Java\jdk-17\bin;C:\WINDOWS\SYSTEM32;C:\WINDOWS\WinSxS\amd64_microsoft.windows.common-controls_6595b64144ccf1df_6.0.19041.5794_none_60bcd33171f2783c;C:\Program Files\Java\jdk-17\bin\server;C:\Users\brayo\.gradle\native\c067742578af261105cb4f569cf0c3c89f3d7b1fecec35dd04571415982c5e48\windows-amd64;C:\Users\brayo\.gradle\native\100fb08df4bc3b14c8652ba06237920a3bd2aa13389f12d3474272988ae205f9\windows-amd64

VM Arguments:
jvm_args: -XX:MaxMetaspaceSize=4G -XX:ReservedCodeCacheSize=512m -XX:+HeapDumpOnOutOfMemoryError --add-opens=java.base/java.util=ALL-UNNAMED --add-opens=java.base/java.lang=ALL-UNNAMED --add-opens=java.base/java.lang.invoke=ALL-UNNAMED --add-opens=java.prefs/java.util.prefs=ALL-UNNAMED --add-exports=jdk.compiler/com.sun.tools.javac.api=ALL-UNNAMED --add-exports=jdk.compiler/com.sun.tools.javac.util=ALL-UNNAMED --add-opens=java.base/java.nio.charset=ALL-UNNAMED --add-opens=java.base/java.net=ALL-UNNAMED --add-opens=java.base/java.util.concurrent.atomic=ALL-UNNAMED -Xmx8G -Dfile.encoding=utf8 -Duser.country=US -Duser.language=en -Duser.variant -javaagent:C:\Users\brayo\.gradle\wrapper\dists\gradle-8.10.2-all\7iv73wktx1xtkvlq19urqw1wm\gradle-8.10.2\lib\agents\gradle-instrumentation-agent-8.10.2.jar 
java_command: org.gradle.launcher.daemon.bootstrap.GradleDaemon 8.10.2
java_class_path (initial): C:\Users\brayo\.gradle\wrapper\dists\gradle-8.10.2-all\7iv73wktx1xtkvlq19urqw1wm\gradle-8.10.2\lib\gradle-daemon-main-8.10.2.jar
Launcher Type: SUN_STANDARD

[Global flags]
     intx CICompilerCount                          = 3                                         {product} {ergonomic}
     uint ConcGCThreads                            = 1                                         {product} {ergonomic}
     uint G1ConcRefinementThreads                  = 4                                         {product} {ergonomic}
   size_t G1HeapRegionSize                         = 4194304                                   {product} {ergonomic}
    uintx GCDrainStackTargetSize                   = 64                                        {product} {ergonomic}
     bool HeapDumpOnOutOfMemoryError               = true                                   {manageable} {command line}
   size_t InitialHeapSize                          = 201326592                                 {product} {ergonomic}
   size_t MarkStackSize                            = 4194304                                   {product} {ergonomic}
   size_t MaxHeapSize                              = 8589934592                                {product} {command line}
   size_t MaxMetaspaceSize                         = 4294967296                                {product} {command line}
   size_t MaxNewSize                               = 5150605312                                {product} {ergonomic}
   size_t MinHeapDeltaBytes                        = 4194304                                   {product} {ergonomic}
   size_t MinHeapSize                              = 8388608                                   {product} {ergonomic}
    uintx NonNMethodCodeHeapSize                   = 5832780                                {pd product} {ergonomic}
    uintx NonProfiledCodeHeapSize                  = 265519066                              {pd product} {ergonomic}
    uintx ProfiledCodeHeapSize                     = 265519066                              {pd product} {ergonomic}
    uintx ReservedCodeCacheSize                    = 536870912                              {pd product} {command line}
     bool SegmentedCodeCache                       = true                                      {product} {ergonomic}
   size_t SoftMaxHeapSize                          = 8589934592                             {manageable} {ergonomic}
   double SweeperThreshold                         = 0.234375                                  {product} {ergonomic}
     bool UseCompressedClassPointers               = true                           {product lp64_product} {ergonomic}
     bool UseCompressedOops                        = true                           {product lp64_product} {ergonomic}
     bool UseG1GC                                  = true                                      {product} {ergonomic}
     bool UseLargePagesIndividualAllocation        = false                                  {pd product} {ergonomic}

Logging:
Log output configuration:
 #0: stdout all=warning uptime,level,tags
 #1: stderr all=off uptime,level,tags

Environment Variables:
JAVA_HOME=C:\Program Files\Java\jdk-23
PATH=C:\Program Files\Common Files\Oracle\Java\javapath;c:\Users\brayo\AppData\Local\Programs\cursor\resources\app\bin;C:\WINDOWS\system32;C:\WINDOWS;C:\WINDOWS\System32\Wbem;C:\WINDOWS\System32\WindowsPowerShell\v1.0\;C:\WINDOWS\System32\OpenSSH\;C:\Users\brayo\AppData\Local\Microsoft\WindowsApps;c:\Users\brayo\AppData\Local\Programs\cursor\resources\app\bin;C:\Program Files\MySQL\MySQL Server 8.0\bin;C:\Program Files\Java\jdk-23\bin;C:\Program Files\Java\jdk-23\bin;C:\Users\brayo\AppData\Local\Android\Sdk\cmdline-tools\latest\bin;C:\Users\brayo\Documents\cmdline-tools\bin;C:\Users\brayo\Documents\flutter\bin;C:\Gradle\gradle-8.13\bin;C:\Program Files\nodejs;C:\Program Files\MongoDB\Server\8.0\bin;C:\ProgramData\chocolatey\bin;C:\Program Files\Git\cmd;C:\Users\brayo\AppData\Local\Programs\Python\Python310\Scripts\;C:\Users\brayo\AppData\Local\Programs\Python\Python310\;C:\Program Files\Common Files\Oracle\Java\javapath;C:\WINDOWS\system32;C:\WINDOWS;C:\WINDOWS\System32\Wbem;C:\WINDOWS\System32\WindowsPowerShell\v1.0\;C:\WINDOWS\System32\OpenSSH\;C:\Users\brayo\AppData\Local\Microsoft\WindowsApps;C:\Program Files\MySQL\MySQL Server 8.0\bin;C:\Program Files\Java\jdk-23\bin;C:\Program Files\Java\jdk-23\bin;C:\Program Files\Git\cmd;C:\Users\brayo\AppData\Local\Android\Sdk\cmdline-tools\latest\bin;C:\Users\brayo\Documents\cmdline-tools\bin;C:\Users\brayo\Documents\flutter\bin;C:\Gradle\gradle-8.13\bin;C:\Program Files\Common Files\Oracle\Java\javapath;C:\WINDOWS\system32;C:\WINDOWS;C:\WINDOWS\System32\Wbem;C:\WINDOWS\System32\WindowsPowerShell\v1.0\;C:\WINDOWS\System32\OpenSSH\;C:\Users\brayo\AppData\Local\Microsoft\WindowsApps;C:\Program Files\MySQL\MySQL Server 8.0\bin;C:\Program Files\Java\jdk-23\bin;C:\Program Files\Git\cmd;C:\Users\brayo\AppData\Local\Android\Sdk\cmdline-tools\latest\bin;C:\Users\brayo\Documents\cmdline-tools\bin;C:\Users\brayo\Documents\flutter\bin;C:\Users\brayo\Downloads\Flutter-Counter-Clone-master\.venv\Scripts\;C:\platform-tools;C:\Users\brayo\A
USERNAME=brayo
OS=Windows_NT
PROCESSOR_IDENTIFIER=Intel64 Family 6 Model 78 Stepping 3, GenuineIntel



---------------  S Y S T E M  ---------------

OS:
 Windows 10 , 64 bit Build 19041 (10.0.19041.5794)
OS uptime: 0 days 0:52 hours
Hyper-V role detected

CPU: total 4 (initial active 4) (2 cores per cpu, 2 threads per core) family 6 model 78 stepping 3 microcode 0xf0, cx8, cmov, fxsr, ht, mmx, 3dnowpref, sse, sse2, sse3, ssse3, sse4.1, sse4.2, popcnt, lzcnt, tsc, tscinvbit, avx, avx2, aes, erms, clmul, bmi1, bmi2, rtm, adx, fma, vzeroupper, clflush, clflushopt, hv

Memory: 4k page, system-wide physical 12168M (907M free)
TotalPageFile size 22920M (AvailPageFile size 7858M)
current process WorkingSet (physical memory assigned to process): 1029M, peak: 1033M
current process commit charge ("private bytes"): 1084M, peak: 1089M

vm_info: Java HotSpot(TM) 64-Bit Server VM (17.0.14+8-LTS-191) for windows-amd64 JRE (17.0.14+8-LTS-191), built on Dec  3 2024 11:07:59 by "mach5one" with MS VC++ 17.6 (VS2022)

END.
