#
# A fatal error has been detected by the Java Runtime Environment:
#
#  EXCEPTION_ACCESS_VIOLATION (0xc0000005) at pc=0x00007ffbcc79b6bb, pid=12056, tid=13272
#
# JRE version: OpenJDK Runtime Environment Temurin-21.0.6+7 (21.0.6+7) (build 21.0.6+7-LTS)
# Java VM: OpenJDK 64-Bit Server VM Temurin-21.0.6+7 (21.0.6+7-LTS, mixed mode, sharing, tiered, compressed oops, compressed class ptrs, parallel gc, windows-amd64)
# Problematic frame:
# V  [jvm.dll+0x66b6bb]
#
# No core dump will be written. Minidumps are not enabled by default on client versions of Windows
#
# If you would like to submit a bug report, please visit:
#   https://github.com/adoptium/adoptium-support/issues
#

---------------  S U M M A R Y ------------

Command Line: --add-modules=ALL-SYSTEM --add-opens=java.base/java.util=ALL-UNNAMED --add-opens=java.base/java.lang=ALL-UNNAMED --add-opens=java.base/sun.nio.fs=ALL-UNNAMED -Declipse.application=org.eclipse.jdt.ls.core.id1 -Dosgi.bundles.defaultStartLevel=4 -Declipse.product=org.eclipse.jdt.ls.core.product -Djava.import.generatesMetadataFilesAtProjectRoot=false -DDetectVMInstallationsJob.disabled=true -Dfile.encoding=utf8 -XX:+UseParallelGC -XX:GCTimeRatio=4 -XX:AdaptiveSizePolicyWeight=90 -Dsun.zip.disableMemoryMapping=true -Xmx2G -Xms100m -Xlog:disable -javaagent:c:\Users\brayo\.cursor\extensions\redhat.java-1.41.1-win32-x64\lombok\lombok-1.18.36.jar -XX:+HeapDumpOnOutOfMemoryError -XX:HeapDumpPath=c:\Users\brayo\AppData\Roaming\Cursor\User\workspaceStorage\d017a1d8943bdd11d91d73a7f3053129\redhat.java -Daether.dependencyCollector.impl=bf c:\Users\brayo\.cursor\extensions\redhat.java-1.41.1-win32-x64\server\plugins\org.eclipse.equinox.launcher_1.7.0.v20250331-1702.jar -configuration c:\Users\brayo\AppData\Roaming\Cursor\User\globalStorage\redhat.java\1.41.1\config_win -data c:\Users\brayo\AppData\Roaming\Cursor\User\workspaceStorage\d017a1d8943bdd11d91d73a7f3053129\redhat.java\jdt_ws --pipe=\\.\pipe\lsp-ec4feed0c0b7e22c13694b839908c5bf-sock

Host: Intel(R) Core(TM) i5-6300U CPU @ 2.40GHz, 4 cores, 11G,  Windows 10 , 64 bit Build 19041 (10.0.19041.5678)
Time: Wed May  7 12:04:32 2025 E. Africa Standard Time elapsed time: 2.053679 seconds (0d 0h 0m 2s)

---------------  T H R E A D  ---------------

Current thread (0x000002018c2976b0):  JavaThread "C2 CompilerThread1" daemon [_thread_in_native, id=13272, stack(0x000000474cd00000,0x000000474ce00000) (1024K)]


Current CompileTask:
C2:2053  730       4       lombok.patcher.scripts.MethodLevelPatchScript::patch (21 bytes)

Stack: [0x000000474cd00000,0x000000474ce00000],  sp=0x000000474cdfc7d8,  free space=1009k
Native frames: (J=compiled Java code, j=interpreted, Vv=VM code, C=native code)
V  [jvm.dll+0x66b6bb]


siginfo: EXCEPTION_ACCESS_VIOLATION (0xc0000005), reading address 0x000000000000000f


Registers:
RAX=0xffffffffffffffff, RBX=0x000002012f653018, RCX=0x00007ffbccd6a124, RDX=0x000000474cdfcc90
RSP=0x000000474cdfc7d8, RBP=0x0000000000000003, RSI=0x000002018c9ebd28, RDI=0x0000000000000008
R8 =0x0000000000000091, R9 =0x0000000000000000, R10=0x0000000000000000, R11=0x0000000000000246
R12=0x000002012f652ff8, R13=0x000000474cdfcd30, R14=0x000002018c302058, R15=0x0000000000000010
RIP=0x00007ffbcc79b6bb, EFLAGS=0x0000000000010283

XMM[0]=0x0000000000000000 0x0000000000000000
XMM[1]=0x0000000000000000 0x0000000000000000
XMM[2]=0x0000000000000000 0x0000000000000000
XMM[3]=0x0000000000000000 0x0000000000000000
XMM[4]=0x0000000000000000 0x0000000000000000
XMM[5]=0x0000000000000000 0x0000000000000000
XMM[6]=0x0000000000000000 0x0000000000000000
XMM[7]=0x0000000000000000 0x0000000000000000
XMM[8]=0x0000000000000000 0x0000000000000000
XMM[9]=0x0000000000000000 0x0000000000000000
XMM[10]=0x0000000000000000 0x0000000000000000
XMM[11]=0x0000000000000000 0x0000000000000000
XMM[12]=0x0000000000000000 0x0000000000000000
XMM[13]=0x0000000000000000 0x0000000000000000
XMM[14]=0x0000000000000000 0x0000000000000000
XMM[15]=0x0000000000000000 0x0000000000000000
  MXCSR=0x00001fa0


Register to memory mapping:

RAX=0xffffffffffffffff is an unknown value
RBX=0x000002012f653018 points into unknown readable memory: 0x000002018c463360 | 60 33 46 8c 01 02 00 00
RCX=0x00007ffbccd6a124 jvm.dll
RDX=0x000000474cdfcc90 is pointing into the stack for thread: 0x000002018c2976b0
RSP=0x000000474cdfc7d8 is pointing into the stack for thread: 0x000002018c2976b0
RBP=0x0000000000000003 is an unknown value
RSI=0x000002018c9ebd28 points into unknown readable memory: 0x00007ffbccb17e40 | 40 7e b1 cc fb 7f 00 00
RDI=0x0000000000000008 is an unknown value
R8 =0x0000000000000091 is an unknown value
R9 =0x0 is null
R10=0x0 is null
R11=0x0000000000000246 is an unknown value
R12=0x000002012f652ff8 points into unknown readable memory: 0x00007ffbccb1a788 | 88 a7 b1 cc fb 7f 00 00
R13=0x000000474cdfcd30 is pointing into the stack for thread: 0x000002018c2976b0
R14=0x000002018c302058 points into unknown readable memory: 0x00007ffbcca9d2e0 | e0 d2 a9 cc fb 7f 00 00
R15=0x0000000000000010 is an unknown value

Top of Stack: (sp=0x000000474cdfc7d8)
0x000000474cdfc7d8:   00007ffbcc311f55 000002018c552b70
0x000000474cdfc7e8:   0000000000000002 0000000000000001
0x000000474cdfc7f8:   0000000000000000 000002018c29c048
0x000000474cdfc808:   0000000000000000 000002018cb90000
0x000000474cdfc818:   0000000000000000 0000000000000000
0x000000474cdfc828:   00007ffbccbba200 0000000000000000
0x000000474cdfc838:   00007ffbccb2f060 0000000000000000
0x000000474cdfc848:   0000000000000000 0000000000000000
0x000000474cdfc858:   00007ffbccb2f060 0000000000000000
0x000000474cdfc868:   0000000000000000 0000000000000000
0x000000474cdfc878:   000002018c26e6c0 000002018c26e6d0
0x000000474cdfc888:   0000000000000000 000002018c26eaa8
0x000000474cdfc898:   000000474cdfc9c0 000000474cdfcd30
0x000000474cdfc8a8:   000000474cdfce10 0000000000000001
0x000000474cdfc8b8:   00007ffbcc31014c 0000020100000008
0x000000474cdfc8c8:   0000020100000091 000002018c3a47a0
0x000000474cdfc8d8:   000002012f653018 0000000000000000
0x000000474cdfc8e8:   0000000000000000 0000000000000007
0x000000474cdfc8f8:   000002018c26e6c0 000002018c467fe0
0x000000474cdfc908:   000002018c46a0d0 000002018c46ffc8
0x000000474cdfc918:   00000000000b7f08 000002018c26e6d0
0x000000474cdfc928:   00007ffc0fa1ed4d 000000474cdf0000
0x000000474cdfc938:   0000000000000000 0000020100000000
0x000000474cdfc948:   0000000000000100 0000000000007fd8
0x000000474cdfc958:   00007ffbccb2efc8 0000000000000000
0x000000474cdfc968:   000000474cdfe210 0000000000000000
0x000000474cdfc978:   00007ffbccb2efc8 000002018c685d00
0x000000474cdfc988:   3ffbe1b3842a588c 000002010000000c
0x000000474cdfc998:   000000474cdfe210 000002018cb5e020
0x000000474cdfc9a8:   000002018c290201 000002018ca03110
0x000000474cdfc9b8:   00000201000005e0 000000474cdfc8f0
0x000000474cdfc9c8:   000002018c26e6d0 00007ffbccb2eeb0 

Instructions: (pc=0x00007ffbcc79b6bb)
0x00007ffbcc79b5bb:   8b 41 08 48 8b d9 44 8b 41 18 48 8b 78 08 8b 42
0x00007ffbcc79b5cb:   18 ff c8 41 3b c0 72 42 48 8b 52 08 48 39 3c c2
0x00007ffbcc79b5db:   75 12 ff c8 41 3b c0 73 f3 48 8b 5c 24 38 48 83
0x00007ffbcc79b5eb:   c4 20 5f c3 48 89 74 24 30 8d 70 01 44 3b c6 73
0x00007ffbcc79b5fb:   14 0f 1f 40 00 48 8b d7 48 8b cb e8 25 c8 03 00
0x00007ffbcc79b60b:   39 73 18 72 f0 48 8b 74 24 30 48 8b 5c 24 38 48
0x00007ffbcc79b61b:   83 c4 20 5f c3 40 53 48 83 ec 20 48 63 42 10 48
0x00007ffbcc79b62b:   8d 1d e3 ea 5c 00 48 c1 e0 05 8b 1c 18 48 8b 01
0x00007ffbcc79b63b:   ff 10 2d be 00 00 00 74 3b 83 e8 02 74 2a 83 e8
0x00007ffbcc79b64b:   01 74 19 83 f8 03 74 08 32 c0 48 83 c4 20 5b c3
0x00007ffbcc79b65b:   83 fb 07 0f 94 c0 48 83 c4 20 5b c3 83 fb 06 0f
0x00007ffbcc79b66b:   94 c0 48 83 c4 20 5b c3 83 fb 0a 0f 94 c0 48 83
0x00007ffbcc79b67b:   c4 20 5b c3 83 fb 0b 0f 94 c0 48 83 c4 20 5b c3
0x00007ffbcc79b68b:   cc cc cc cc cc 48 8b 51 08 8b 42 10 03 42 08 03
0x00007ffbcc79b69b:   02 c3 cc cc cc 0f b6 41 48 c3 cc cc cc cc cc cc
0x00007ffbcc79b6ab:   cc cc cc cc cc 48 8b 41 48 48 8d 0d 69 ea 5c 00
0x00007ffbcc79b6bb:   48 63 40 10 48 c1 e0 05 8b 04 08 c3 cc cc cc cc
0x00007ffbcc79b6cb:   cc cc cc cc cc 48 83 ec 28 83 fa 05 75 75 48 8b
0x00007ffbcc79b6db:   41 08 8b 15 05 2b 67 00 48 89 5c 24 30 48 89 7c
0x00007ffbcc79b6eb:   24 20 48 8b 78 28 65 48 8b 04 25 58 00 00 00 48
0x00007ffbcc79b6fb:   8b 1c d0 b8 70 00 00 00 80 3c 18 00 75 05 e8 a2
0x00007ffbcc79b70b:   b8 2d 00 b8 20 00 00 00 48 8b cf 48 8b 04 18 48
0x00007ffbcc79b71b:   8b 90 60 06 00 00 48 8b 82 80 00 00 00 48 8b 17
0x00007ffbcc79b72b:   48 8b 98 60 08 00 00 ff 52 70 48 8b 7c 24 20 8b
0x00007ffbcc79b73b:   c0 48 8b 84 c3 48 01 00 00 48 8b 5c 24 30 48 83
0x00007ffbcc79b74b:   c4 28 c3 48 8d 05 eb ce 5c 00 48 83 c4 28 c3 cc
0x00007ffbcc79b75b:   cc cc cc cc cc 48 63 41 10 4c 8d 05 95 48 99 ff
0x00007ffbcc79b76b:   48 c1 e0 05 4a 63 94 00 14 a1 c3 00 83 fa 0e 74
0x00007ffbcc79b77b:   11 83 fa 13 7d 0c 49 3b 8c d0 80 1e cd 00 0f 94
0x00007ffbcc79b78b:   c0 c3 32 c0 c3 48 89 6c 24 20 56 48 83 ec 20 48
0x00007ffbcc79b79b:   8b f1 48 85 d2 74 05 e8 09 fe ff ff 48 8b 46 08
0x00007ffbcc79b7ab:   48 8b 68 10 48 85 ed 74 5e 48 83 7d 10 00 74 57 


Stack slot to memory mapping:

stack at sp + 0 slots: 0x00007ffbcc311f55 jvm.dll
stack at sp + 1 slots: 0x000002018c552b70 points into unknown readable memory: 0x000002018c20f780 | 80 f7 20 8c 01 02 00 00
stack at sp + 2 slots: 0x0000000000000002 is an unknown value
stack at sp + 3 slots: 0x0000000000000001 is an unknown value
stack at sp + 4 slots: 0x0 is null
stack at sp + 5 slots: 0x000002018c29c048 points into unknown readable memory: 0x000002018c10af70 | 70 af 10 8c 01 02 00 00
stack at sp + 6 slots: 0x0 is null
stack at sp + 7 slots: 0x000002018cb90000 points into unknown readable memory: 0x0000000000000000 | 00 00 00 00 00 00 00 00


---------------  P R O C E S S  ---------------

Threads class SMR info:
_java_thread_list=0x000002018c284c30, length=12, elements={
0x000002012f6c1190, 0x000002012f5a7b10, 0x000002012f5a9410, 0x000002012f5aad40,
0x000002012f5abc50, 0x000002012f5acb60, 0x000002012f5b05d0, 0x000002012f5b1400,
0x000002012f62a5e0, 0x000002012f72c920, 0x000002018c1fc1e0, 0x000002018c2976b0
}

Java Threads: ( => current thread )
  0x000002012f6c1190 JavaThread "main"                              [_thread_in_Java, id=13696, stack(0x000000474bf00000,0x000000474c000000) (1024K)]
  0x000002012f5a7b10 JavaThread "Reference Handler"          daemon [_thread_blocked, id=11504, stack(0x000000474c300000,0x000000474c400000) (1024K)]
  0x000002012f5a9410 JavaThread "Finalizer"                  daemon [_thread_blocked, id=7160, stack(0x000000474c400000,0x000000474c500000) (1024K)]
  0x000002012f5aad40 JavaThread "Signal Dispatcher"          daemon [_thread_blocked, id=7816, stack(0x000000474c500000,0x000000474c600000) (1024K)]
  0x000002012f5abc50 JavaThread "Attach Listener"            daemon [_thread_blocked, id=6996, stack(0x000000474c600000,0x000000474c700000) (1024K)]
  0x000002012f5acb60 JavaThread "Service Thread"             daemon [_thread_blocked, id=12384, stack(0x000000474c700000,0x000000474c800000) (1024K)]
  0x000002012f5b05d0 JavaThread "Monitor Deflation Thread"   daemon [_thread_blocked, id=12804, stack(0x000000474c800000,0x000000474c900000) (1024K)]
  0x000002012f5b1400 JavaThread "C2 CompilerThread0"         daemon [_thread_blocked, id=3744, stack(0x000000474c900000,0x000000474ca00000) (1024K)]
  0x000002012f62a5e0 JavaThread "C1 CompilerThread0"         daemon [_thread_blocked, id=6204, stack(0x000000474ca00000,0x000000474cb00000) (1024K)]
  0x000002012f72c920 JavaThread "Common-Cleaner"             daemon [_thread_blocked, id=11288, stack(0x000000474cb00000,0x000000474cc00000) (1024K)]
  0x000002018c1fc1e0 JavaThread "Notification Thread"        daemon [_thread_blocked, id=14692, stack(0x000000474cc00000,0x000000474cd00000) (1024K)]
=>0x000002018c2976b0 JavaThread "C2 CompilerThread1"         daemon [_thread_in_native, id=13272, stack(0x000000474cd00000,0x000000474ce00000) (1024K)]
Total: 12

Other Threads:
  0x000002012f59dae0 VMThread "VM Thread"                           [id=10992, stack(0x000000474c200000,0x000000474c300000) (1024K)]
  0x000002012f72ad80 WatcherThread "VM Periodic Task Thread"        [id=8656, stack(0x000000474c100000,0x000000474c200000) (1024K)]
  0x000002012f6de670 WorkerThread "GC Thread#0"                     [id=2396, stack(0x000000474c000000,0x000000474c100000) (1024K)]
Total: 3

Threads with active compile tasks:
C1 CompilerThread0  2140  807       3       java.lang.invoke.MemberName::isMethod (8 bytes)
C2 CompilerThread1  2140  730       4       lombok.patcher.scripts.MethodLevelPatchScript::patch (21 bytes)
Total: 2

VM state: not at safepoint (normal execution)

VM Mutex/Monitor currently owned by a thread: None

Heap address: 0x0000000080000000, size: 2048 MB, Compressed Oops mode: 32-bit

CDS archive(s) mapped at: [0x0000020146000000-0x0000020146ba0000-0x0000020146ba0000), size 12189696, SharedBaseAddress: 0x0000020146000000, ArchiveRelocationMode: 1.
Compressed class space mapped at: 0x0000020147000000-0x0000020187000000, reserved size: 1073741824
Narrow klass base: 0x0000020146000000, Narrow klass shift: 0, Narrow klass range: 0x100000000

GC Precious Log:
 CardTable entry size: 512
 CPUs: 4 total, 4 available
 Memory: 12168M
 Large Page Support: Disabled
 NUMA Support: Disabled
 Compressed Oops: Enabled (32-bit)
 Alignments: Space 512K, Generation 512K, Heap 2M
 Heap Min Capacity: 100M
 Heap Initial Capacity: 100M
 Heap Max Capacity: 2G
 Pre-touch: Disabled
 Parallel Workers: 4

Heap:
 PSYoungGen      total 29696K, used 16047K [0x00000000d5580000, 0x00000000d7680000, 0x0000000100000000)
  eden space 25600K, 62% used [0x00000000d5580000,0x00000000d652bde8,0x00000000d6e80000)
  from space 4096K, 0% used [0x00000000d7280000,0x00000000d7280000,0x00000000d7680000)
  to   space 4096K, 0% used [0x00000000d6e80000,0x00000000d6e80000,0x00000000d7280000)
 ParOldGen       total 68608K, used 0K [0x0000000080000000, 0x0000000084300000, 0x00000000d5580000)
  object space 68608K, 0% used [0x0000000080000000,0x0000000080000000,0x0000000084300000)
 Metaspace       used 3092K, committed 3328K, reserved 1114112K
  class space    used 309K, committed 384K, reserved 1048576K

Card table byte_map: [0x000002012f070000,0x000002012f480000] _byte_map_base: 0x000002012ec70000

Marking Bits: (ParMarkBitMap*) 0x00007ffbccde3260
 Begin Bits: [0x0000020141b70000, 0x0000020143b70000)
 End Bits:   [0x0000020143b70000, 0x0000020145b70000)

Polling page: 0x000002012d570000

Metaspace:

Usage:
  Non-class:      2.72 MB used.
      Class:    309.27 KB used.
       Both:      3.02 MB used.

Virtual space:
  Non-class space:       64.00 MB reserved,       2.88 MB (  4%) committed,  1 nodes.
      Class space:        1.00 GB reserved,     384.00 KB ( <1%) committed,  1 nodes.
             Both:        1.06 GB reserved,       3.25 MB ( <1%) committed. 

Chunk freelists:
   Non-Class:  11.55 MB
       Class:  15.65 MB
        Both:  27.21 MB

MaxMetaspaceSize: unlimited
CompressedClassSpaceSize: 1.00 GB
Initial GC threshold: 21.00 MB
Current GC threshold: 21.00 MB
CDS: on
 - commit_granule_bytes: 65536.
 - commit_granule_words: 8192.
 - virtual_space_node_default_size: 8388608.
 - enlarge_chunks_in_place: 1.
 - use_allocation_guard: 0.


Internal statistics:

num_allocs_failed_limit: 0.
num_arena_births: 108.
num_arena_deaths: 0.
num_vsnodes_births: 2.
num_vsnodes_deaths: 0.
num_space_committed: 52.
num_space_uncommitted: 0.
num_chunks_returned_to_freelist: 0.
num_chunks_taken_from_freelist: 135.
num_chunk_merges: 0.
num_chunk_splits: 93.
num_chunks_enlarged: 59.
num_inconsistent_stats: 0.

CodeHeap 'non-profiled nmethods': size=120000Kb used=307Kb max_used=307Kb free=119693Kb
 bounds [0x000002013a390000, 0x000002013a600000, 0x00000201418c0000]
CodeHeap 'profiled nmethods': size=120000Kb used=1267Kb max_used=1267Kb free=118732Kb
 bounds [0x00000201328c0000, 0x0000020132b30000, 0x0000020139df0000]
CodeHeap 'non-nmethods': size=5760Kb used=1185Kb max_used=1219Kb free=4574Kb
 bounds [0x0000020139df0000, 0x000002013a060000, 0x000002013a390000]
 total_blobs=1252 nmethods=806 adapters=352
 compilation: enabled
              stopped_count=0, restarted_count=0
 full_count=0

Compilation events (20 events):
Event: 1.927 Thread 0x000002012f62a5e0  734       3       java.lang.reflect.Modifier::isPublic (12 bytes)
Event: 1.928 Thread 0x000002012f62a5e0 nmethod 734 0x00000201329dc510 code [0x00000201329dc6a0, 0x00000201329dc7e0]
Event: 1.930 Thread 0x000002012f62a5e0  735       3       java.util.ImmutableCollections$ListN::get (7 bytes)
Event: 1.930 Thread 0x000002012f62a5e0 nmethod 735 0x00000201329dc890 code [0x00000201329dca20, 0x00000201329dcb58]
Event: 1.930 Thread 0x000002012f62a5e0  736       1       java.lang.Module::getDescriptor (5 bytes)
Event: 1.930 Thread 0x000002012f62a5e0 nmethod 736 0x000002013a3d3110 code [0x000002013a3d32a0, 0x000002013a3d3368]
Event: 1.930 Thread 0x000002012f62a5e0  737       3       java.util.ImmutableCollections$List12::get (35 bytes)
Event: 1.931 Thread 0x000002012f62a5e0 nmethod 737 0x00000201329dcc10 code [0x00000201329dcdc0, 0x00000201329dd058]
Event: 1.933 Thread 0x000002012f5b1400 nmethod 729% 0x000002013a3d3410 code [0x000002013a3d35c0, 0x000002013a3d3ee8]
Event: 1.933 Thread 0x000002012f5b1400  731       4       lombok.patcher.PatchScript::classMatches (41 bytes)
Event: 2.000 Thread 0x000002012f62a5e0  738       3       java.lang.StringUTF16::compress (50 bytes)
Event: 2.000 Thread 0x000002012f62a5e0 nmethod 738 0x00000201329dd110 code [0x00000201329dd2c0, 0x00000201329dd4f8]
Event: 2.001 Thread 0x000002012f62a5e0  739 %     3       java.util.Properties$LineReader::readLine @ 53 (584 bytes)
Event: 2.004 Thread 0x000002012f62a5e0 nmethod 739% 0x00000201329dd690 code [0x00000201329dda80, 0x00000201329e03e8]
Event: 2.004 Thread 0x000002012f62a5e0  740       3       java.util.Properties$LineReader::readLine (584 bytes)
Event: 2.007 Thread 0x000002012f62a5e0 nmethod 740 0x00000201329e1090 code [0x00000201329e1460, 0x00000201329e3a38]
Event: 2.007 Thread 0x000002012f62a5e0  741       3       java.util.Properties::loadConvert (540 bytes)
Event: 2.009 Thread 0x000002012f62a5e0 nmethod 741 0x00000201329e4610 code [0x00000201329e4900, 0x00000201329e5ba8]
Event: 2.040 Thread 0x000002012f62a5e0  742       3       java.io.WinNTFileSystem::normalize (143 bytes)
Event: 2.041 Thread 0x000002012f62a5e0 nmethod 742 0x00000201329e6210 code [0x00000201329e64a0, 0x00000201329e6f00]

GC Heap History (0 events):
No events

Dll operation events (8 events):
Event: 0.214 Loaded shared library c:\Users\brayo\.cursor\extensions\redhat.java-1.41.1-win32-x64\jre\21.0.6-win32-x86_64\bin\java.dll
Event: 0.634 Loaded shared library c:\Users\brayo\.cursor\extensions\redhat.java-1.41.1-win32-x64\jre\21.0.6-win32-x86_64\bin\zip.dll
Event: 0.682 Loaded shared library C:\Users\brayo\.cursor\extensions\redhat.java-1.41.1-win32-x64\jre\21.0.6-win32-x86_64\bin\instrument.dll
Event: 0.696 Loaded shared library C:\Users\brayo\.cursor\extensions\redhat.java-1.41.1-win32-x64\jre\21.0.6-win32-x86_64\bin\net.dll
Event: 0.705 Loaded shared library C:\Users\brayo\.cursor\extensions\redhat.java-1.41.1-win32-x64\jre\21.0.6-win32-x86_64\bin\nio.dll
Event: 0.711 Loaded shared library C:\Users\brayo\.cursor\extensions\redhat.java-1.41.1-win32-x64\jre\21.0.6-win32-x86_64\bin\zip.dll
Event: 0.745 Loaded shared library C:\Users\brayo\.cursor\extensions\redhat.java-1.41.1-win32-x64\jre\21.0.6-win32-x86_64\bin\jimage.dll
Event: 0.919 Loaded shared library c:\Users\brayo\.cursor\extensions\redhat.java-1.41.1-win32-x64\jre\21.0.6-win32-x86_64\bin\verify.dll

Deoptimization events (20 events):
Event: 1.323 Thread 0x000002012f6c1190 DEOPT PACKING pc=0x00000201328f4ed8 sp=0x000000474bffab40
Event: 1.323 Thread 0x000002012f6c1190 DEOPT UNPACKING pc=0x0000020139e44242 sp=0x000000474bffa000 mode 0
Event: 1.324 Thread 0x000002012f6c1190 DEOPT PACKING pc=0x00000201328f4ed8 sp=0x000000474bffae90
Event: 1.324 Thread 0x000002012f6c1190 DEOPT UNPACKING pc=0x0000020139e44242 sp=0x000000474bffa350 mode 0
Event: 1.327 Thread 0x000002012f6c1190 DEOPT PACKING pc=0x00000201328f4ed8 sp=0x000000474bffa730
Event: 1.327 Thread 0x000002012f6c1190 DEOPT UNPACKING pc=0x0000020139e44242 sp=0x000000474bff9bf0 mode 0
Event: 1.330 Thread 0x000002012f6c1190 DEOPT PACKING pc=0x00000201328f4ed8 sp=0x000000474bffb170
Event: 1.330 Thread 0x000002012f6c1190 DEOPT UNPACKING pc=0x0000020139e44242 sp=0x000000474bffa630 mode 0
Event: 1.626 Thread 0x000002012f6c1190 Uncommon trap: trap_request=0xffffff45 fr.pc=0x000002013a3c3c84 relative=0x0000000000000164
Event: 1.626 Thread 0x000002012f6c1190 Uncommon trap: reason=unstable_if action=reinterpret pc=0x000002013a3c3c84 method=jdk.internal.util.ArraysSupport.vectorizedHashCode(Ljava/lang/Object;IIII)I @ 2 c2
Event: 1.626 Thread 0x000002012f6c1190 DEOPT PACKING pc=0x000002013a3c3c84 sp=0x000000474bffd020
Event: 1.626 Thread 0x000002012f6c1190 DEOPT UNPACKING pc=0x0000020139e43aa2 sp=0x000000474bffcfd0 mode 2
Event: 1.679 Thread 0x000002012f6c1190 Uncommon trap: trap_request=0xffffff45 fr.pc=0x000002013a3b2004 relative=0x00000000000000e4
Event: 1.679 Thread 0x000002012f6c1190 Uncommon trap: reason=unstable_if action=reinterpret pc=0x000002013a3b2004 method=java.net.URI.match(CJJ)Z @ 45 c2
Event: 1.679 Thread 0x000002012f6c1190 DEOPT PACKING pc=0x000002013a3b2004 sp=0x000000474bffd2c0
Event: 1.679 Thread 0x000002012f6c1190 DEOPT UNPACKING pc=0x0000020139e43aa2 sp=0x000000474bffd228 mode 2
Event: 1.767 Thread 0x000002012f6c1190 Uncommon trap: trap_request=0xffffff45 fr.pc=0x000002013a3b1240 relative=0x00000000000001a0
Event: 1.767 Thread 0x000002012f6c1190 Uncommon trap: reason=unstable_if action=reinterpret pc=0x000002013a3b1240 method=java.lang.StringUTF16.compress([CI[BII)I @ 20 c2
Event: 1.767 Thread 0x000002012f6c1190 DEOPT PACKING pc=0x000002013a3b1240 sp=0x000000474bffbd30
Event: 1.767 Thread 0x000002012f6c1190 DEOPT UNPACKING pc=0x0000020139e43aa2 sp=0x000000474bffbca0 mode 2

Classes loaded (20 events):
Event: 1.913 Loading class java/net/URISyntaxException
Event: 1.913 Loading class java/net/URISyntaxException done
Event: 1.914 Loading class java/security/Policy
Event: 1.914 Loading class java/security/Policy done
Event: 1.917 Loading class java/lang/SecurityException
Event: 1.917 Loading class java/lang/SecurityException done
Event: 1.919 Loading class java/nio/file/attribute/PosixFilePermissions
Event: 1.920 Loading class java/nio/file/attribute/PosixFilePermissions done
Event: 1.920 Loading class java/nio/file/attribute/PosixFilePermission
Event: 1.920 Loading class java/nio/file/attribute/PosixFilePermission done
Event: 1.922 Loading class java/lang/Thread$ThreadNumbering
Event: 1.922 Loading class java/lang/Thread$ThreadNumbering done
Event: 1.922 Loading class java/net/URL$ThreadTrackHolder
Event: 1.923 Loading class java/net/URL$ThreadTrackHolder done
Event: 1.923 Loading class java/net/URL$2
Event: 1.923 Loading class java/net/URL$2 done
Event: 1.923 Loading class java/net/URL$1
Event: 1.923 Loading class java/net/URL$1 done
Event: 1.924 Loading class java/net/spi/URLStreamHandlerProvider
Event: 1.924 Loading class java/net/spi/URLStreamHandlerProvider done

Classes unloaded (0 events):
No events

Classes redefined (0 events):
No events

Internal exceptions (13 events):
Event: 0.621 Thread 0x000002012f6c1190 Exception <a 'java/lang/NoSuchMethodError'{0x00000000d57aa6b8}: 'void java.lang.invoke.DirectMethodHandle$Holder.invokeStatic(java.lang.Object, java.lang.Object, java.lang.Object)'> (0x00000000d57aa6b8) 
thrown [s\src\hotspot\share\interpreter\linkResolver.cpp, line 773]
Event: 0.735 Thread 0x000002012f6c1190 Exception <a 'java/lang/NoSuchMethodError'{0x00000000d5913a18}: 'java.lang.Object java.lang.invoke.Invokers$Holder.invokeExact_MT(java.lang.Object, java.lang.Object, java.lang.Object, java.lang.Object, java.lang.Object)'> (0x00000000d5913a18) 
thrown [s\src\hotspot\share\interpreter\linkResolver.cpp, line 773]
Event: 0.820 Thread 0x000002012f6c1190 Exception <a 'java/lang/NoSuchMethodError'{0x00000000d59cc2d0}: 'int java.lang.invoke.DirectMethodHandle$Holder.invokeSpecial(java.lang.Object, java.lang.Object, java.lang.Object, int)'> (0x00000000d59cc2d0) 
thrown [s\src\hotspot\share\interpreter\linkResolver.cpp, line 773]
Event: 0.824 Thread 0x000002012f6c1190 Exception <a 'java/lang/NoSuchMethodError'{0x00000000d59decb8}: 'java.lang.Object java.lang.invoke.DirectMethodHandle$Holder.invokeStatic(java.lang.Object, java.lang.Object, java.lang.Object, java.lang.Object, int)'> (0x00000000d59decb8) 
thrown [s\src\hotspot\share\interpreter\linkResolver.cpp, line 773]
Event: 0.828 Thread 0x000002012f6c1190 Exception <a 'java/lang/NoSuchMethodError'{0x00000000d59ea160}: 'void java.lang.invoke.DelegatingMethodHandle$Holder.reinvoke_L(java.lang.Object, java.lang.Object, java.lang.Object, int, java.lang.Object)'> (0x00000000d59ea160) 
thrown [s\src\hotspot\share\interpreter\linkResolver.cpp, line 773]
Event: 0.832 Thread 0x000002012f6c1190 Exception <a 'java/lang/NoSuchMethodError'{0x00000000d59faab0}: 'int java.lang.invoke.DirectMethodHandle$Holder.invokeSpecial(java.lang.Object, java.lang.Object, java.lang.Object)'> (0x00000000d59faab0) 
thrown [s\src\hotspot\share\interpreter\linkResolver.cpp, line 773]
Event: 0.835 Thread 0x000002012f6c1190 Exception <a 'java/lang/NoSuchMethodError'{0x00000000d5a06770}: 'java.lang.Object java.lang.invoke.DirectMethodHandle$Holder.invokeStatic(java.lang.Object, java.lang.Object, int)'> (0x00000000d5a06770) 
thrown [s\src\hotspot\share\interpreter\linkResolver.cpp, line 773]
Event: 0.836 Thread 0x000002012f6c1190 Exception <a 'java/lang/NoSuchMethodError'{0x00000000d5a0b0c0}: 'void java.lang.invoke.DirectMethodHandle$Holder.invokeStatic(java.lang.Object, java.lang.Object, int, java.lang.Object)'> (0x00000000d5a0b0c0) 
thrown [s\src\hotspot\share\interpreter\linkResolver.cpp, line 773]
Event: 0.837 Thread 0x000002012f6c1190 Exception <a 'java/lang/NoSuchMethodError'{0x00000000d5a0ec50}: 'void java.lang.invoke.DirectMethodHandle$Holder.invokeSpecial(java.lang.Object, java.lang.Object, java.lang.Object, int, java.lang.Object)'> (0x00000000d5a0ec50) 
thrown [s\src\hotspot\share\interpreter\linkResolver.cpp, line 773]
Event: 0.837 Thread 0x000002012f6c1190 Exception <a 'java/lang/NoSuchMethodError'{0x00000000d5a120c0}: 'void java.lang.invoke.DelegatingMethodHandle$Holder.delegate(java.lang.Object, java.lang.Object, int, java.lang.Object)'> (0x00000000d5a120c0) 
thrown [s\src\hotspot\share\interpreter\linkResolver.cpp, line 773]
Event: 1.020 Thread 0x000002012f6c1190 Exception <a 'java/lang/NoSuchMethodError'{0x00000000d5bceb08}: 'void java.lang.invoke.DelegatingMethodHandle$Holder.reinvoke_L(java.lang.Object, java.lang.Object, java.lang.Object, int)'> (0x00000000d5bceb08) 
thrown [s\src\hotspot\share\interpreter\linkResolver.cpp, line 773]
Event: 1.613 Thread 0x000002012f6c1190 Exception <a 'java/lang/NoSuchMethodError'{0x00000000d6055328}: 'void java.lang.invoke.DirectMethodHandle$Holder.invokeVirtual(java.lang.Object, java.lang.Object)'> (0x00000000d6055328) 
thrown [s\src\hotspot\share\interpreter\linkResolver.cpp, line 773]
Event: 1.931 Thread 0x000002012f6c1190 Exception <a 'java/lang/ClassNotFoundException'{0x00000000d6450bd0}: sun/net/www/protocol/c/Handler> (0x00000000d6450bd0) 
thrown [s\src\hotspot\share\classfile\systemDictionary.cpp, line 312]

ZGC Phase Switch (0 events):
No events

VM Operations (10 events):
Event: 0.632 Executing VM operation: HandshakeAllThreads (Deoptimize)
Event: 0.632 Executing VM operation: HandshakeAllThreads (Deoptimize) done
Event: 0.782 Executing VM operation: HandshakeAllThreads (Deoptimize)
Event: 0.782 Executing VM operation: HandshakeAllThreads (Deoptimize) done
Event: 1.790 Executing VM operation: Cleanup
Event: 1.806 Executing VM operation: Cleanup done
Event: 1.855 Executing VM operation: HandshakeAllThreads (Deoptimize)
Event: 1.855 Executing VM operation: HandshakeAllThreads (Deoptimize) done
Event: 1.916 Executing VM operation: HandshakeAllThreads (Deoptimize)
Event: 1.916 Executing VM operation: HandshakeAllThreads (Deoptimize) done

Memory protections (0 events):
No events

Nmethod flushes (0 events):
No events

Events (16 events):
Event: 0.254 Thread 0x000002012f6c1190 Thread added: 0x000002012f6c1190
Event: 0.382 Thread 0x000002012f6c1190 Thread added: 0x000002012f5a7b10
Event: 0.382 Thread 0x000002012f6c1190 Thread added: 0x000002012f5a9410
Event: 0.382 Thread 0x000002012f6c1190 Thread added: 0x000002012f5aad40
Event: 0.382 Thread 0x000002012f6c1190 Thread added: 0x000002012f5abc50
Event: 0.382 Thread 0x000002012f6c1190 Thread added: 0x000002012f5acb60
Event: 0.383 Thread 0x000002012f6c1190 Thread added: 0x000002012f5b05d0
Event: 0.383 Thread 0x000002012f6c1190 Thread added: 0x000002012f5b1400
Event: 0.422 Thread 0x000002012f6c1190 Thread added: 0x000002012f62a5e0
Event: 0.597 Thread 0x000002012f6c1190 Thread added: 0x000002012f72c920
Event: 0.898 Thread 0x000002012f62a5e0 Thread added: 0x000002018c1f7140
Event: 1.290 Thread 0x000002018c1f7140 Thread exited: 0x000002018c1f7140
Event: 1.301 Thread 0x000002012f6c1190 Thread added: 0x000002018c1fc1e0
Event: 1.315 Thread 0x000002012f5b1400 Thread added: 0x000002018c275fc0
Event: 1.523 Thread 0x000002018c275fc0 Thread exited: 0x000002018c275fc0
Event: 1.711 Thread 0x000002012f62a5e0 Thread added: 0x000002018c2976b0


Dynamic libraries:
0x00007ff6ab530000 - 0x00007ff6ab53e000 	c:\Users\brayo\.cursor\extensions\redhat.java-1.41.1-win32-x64\jre\21.0.6-win32-x86_64\bin\java.exe
0x00007ffc12230000 - 0x00007ffc12428000 	C:\WINDOWS\SYSTEM32\ntdll.dll
0x00007ffc11c70000 - 0x00007ffc11d32000 	C:\WINDOWS\System32\KERNEL32.DLL
0x00007ffc0f9c0000 - 0x00007ffc0fcb6000 	C:\WINDOWS\System32\KERNELBASE.dll
0x00007ffc0f8c0000 - 0x00007ffc0f9c0000 	C:\WINDOWS\System32\ucrtbase.dll
0x00007ffc07230000 - 0x00007ffc07248000 	c:\Users\brayo\.cursor\extensions\redhat.java-1.41.1-win32-x64\jre\21.0.6-win32-x86_64\bin\jli.dll
0x00007ffc11380000 - 0x00007ffc1151d000 	C:\WINDOWS\System32\USER32.dll
0x00007ffc10220000 - 0x00007ffc10242000 	C:\WINDOWS\System32\win32u.dll
0x00007ffc11f70000 - 0x00007ffc11f9b000 	C:\WINDOWS\System32\GDI32.dll
0x00007ffc0fcc0000 - 0x00007ffc0fdda000 	C:\WINDOWS\System32\gdi32full.dll
0x00007ffc10150000 - 0x00007ffc101ed000 	C:\WINDOWS\System32\msvcp_win.dll
0x00007ffc072c0000 - 0x00007ffc072de000 	c:\Users\brayo\.cursor\extensions\redhat.java-1.41.1-win32-x64\jre\21.0.6-win32-x86_64\bin\VCRUNTIME140.dll
0x00007ffbf93a0000 - 0x00007ffbf963a000 	C:\WINDOWS\WinSxS\amd64_microsoft.windows.common-controls_6595b64144ccf1df_6.0.19041.4355_none_60b8b9eb71f62e16\COMCTL32.dll
0x00007ffc11af0000 - 0x00007ffc11b8e000 	C:\WINDOWS\System32\msvcrt.dll
0x00007ffc11b90000 - 0x00007ffc11bbf000 	C:\WINDOWS\System32\IMM32.DLL
0x00007ffc07390000 - 0x00007ffc0739c000 	c:\Users\brayo\.cursor\extensions\redhat.java-1.41.1-win32-x64\jre\21.0.6-win32-x86_64\bin\vcruntime140_1.dll
0x00007ffbf70d0000 - 0x00007ffbf715d000 	c:\Users\brayo\.cursor\extensions\redhat.java-1.41.1-win32-x64\jre\21.0.6-win32-x86_64\bin\msvcp140.dll
0x00007ffbcc130000 - 0x00007ffbccec0000 	c:\Users\brayo\.cursor\extensions\redhat.java-1.41.1-win32-x64\jre\21.0.6-win32-x86_64\bin\server\jvm.dll
0x00007ffc11bc0000 - 0x00007ffc11c6f000 	C:\WINDOWS\System32\ADVAPI32.dll
0x00007ffc11d40000 - 0x00007ffc11ddf000 	C:\WINDOWS\System32\sechost.dll
0x00007ffc11080000 - 0x00007ffc111a3000 	C:\WINDOWS\System32\RPCRT4.dll
0x00007ffc101f0000 - 0x00007ffc10217000 	C:\WINDOWS\System32\bcrypt.dll
0x00007ffc119a0000 - 0x00007ffc11a0b000 	C:\WINDOWS\System32\WS2_32.dll
0x00007ffc0f670000 - 0x00007ffc0f6bb000 	C:\WINDOWS\SYSTEM32\POWRPROF.dll
0x00007ffbf32f0000 - 0x00007ffbf3317000 	C:\WINDOWS\SYSTEM32\WINMM.dll
0x00007ffc03c80000 - 0x00007ffc03c8a000 	C:\WINDOWS\SYSTEM32\VERSION.dll
0x00007ffc0f650000 - 0x00007ffc0f662000 	C:\WINDOWS\SYSTEM32\UMPDC.dll
0x00007ffc0e0a0000 - 0x00007ffc0e0b2000 	C:\WINDOWS\SYSTEM32\kernel.appcore.dll
0x00007ffc072b0000 - 0x00007ffc072ba000 	c:\Users\brayo\.cursor\extensions\redhat.java-1.41.1-win32-x64\jre\21.0.6-win32-x86_64\bin\jimage.dll
0x00007ffc0a5b0000 - 0x00007ffc0a794000 	C:\WINDOWS\SYSTEM32\DBGHELP.DLL
0x00007ffbf09d0000 - 0x00007ffbf0a04000 	C:\WINDOWS\SYSTEM32\dbgcore.DLL
0x00007ffc100c0000 - 0x00007ffc10142000 	C:\WINDOWS\System32\bcryptPrimitives.dll
0x00007ffc06080000 - 0x00007ffc0608f000 	c:\Users\brayo\.cursor\extensions\redhat.java-1.41.1-win32-x64\jre\21.0.6-win32-x86_64\bin\instrument.dll
0x00007ffc05f10000 - 0x00007ffc05f2f000 	c:\Users\brayo\.cursor\extensions\redhat.java-1.41.1-win32-x64\jre\21.0.6-win32-x86_64\bin\java.dll
0x00007ffc108b0000 - 0x00007ffc1101f000 	C:\WINDOWS\System32\SHELL32.dll
0x00007ffc0a7a0000 - 0x00007ffc0af43000 	C:\WINDOWS\SYSTEM32\windows.storage.dll
0x00007ffc11640000 - 0x00007ffc11995000 	C:\WINDOWS\System32\combase.dll
0x00007ffc0f140000 - 0x00007ffc0f16b000 	C:\WINDOWS\SYSTEM32\Wldp.dll
0x00007ffc11de0000 - 0x00007ffc11ead000 	C:\WINDOWS\System32\OLEAUT32.dll
0x00007ffc10380000 - 0x00007ffc1042d000 	C:\WINDOWS\System32\SHCORE.dll
0x00007ffc11eb0000 - 0x00007ffc11f05000 	C:\WINDOWS\System32\shlwapi.dll
0x00007ffc0f7f0000 - 0x00007ffc0f815000 	C:\WINDOWS\SYSTEM32\profapi.dll
0x00007ffc053d0000 - 0x00007ffc053e8000 	c:\Users\brayo\.cursor\extensions\redhat.java-1.41.1-win32-x64\jre\21.0.6-win32-x86_64\bin\zip.dll
0x00007ffc07220000 - 0x00007ffc07230000 	C:\Users\brayo\.cursor\extensions\redhat.java-1.41.1-win32-x64\jre\21.0.6-win32-x86_64\bin\net.dll
0x00007ffbfdf60000 - 0x00007ffbfe06a000 	C:\WINDOWS\SYSTEM32\WINHTTP.dll
0x00007ffc0ef20000 - 0x00007ffc0ef8c000 	C:\WINDOWS\system32\mswsock.dll
0x00007ffc042d0000 - 0x00007ffc042e6000 	C:\Users\brayo\.cursor\extensions\redhat.java-1.41.1-win32-x64\jre\21.0.6-win32-x86_64\bin\nio.dll
0x00007ffc042c0000 - 0x00007ffc042d0000 	c:\Users\brayo\.cursor\extensions\redhat.java-1.41.1-win32-x64\jre\21.0.6-win32-x86_64\bin\verify.dll

dbghelp: loaded successfully - version: 4.0.5 - missing functions: none
symbol engine: initialized successfully - sym options: 0x614 - pdb path: .;c:\Users\brayo\.cursor\extensions\redhat.java-1.41.1-win32-x64\jre\21.0.6-win32-x86_64\bin;C:\WINDOWS\SYSTEM32;C:\WINDOWS\WinSxS\amd64_microsoft.windows.common-controls_6595b64144ccf1df_6.0.19041.4355_none_60b8b9eb71f62e16;c:\Users\brayo\.cursor\extensions\redhat.java-1.41.1-win32-x64\jre\21.0.6-win32-x86_64\bin\server

VM Arguments:
jvm_args: --add-modules=ALL-SYSTEM --add-opens=java.base/java.util=ALL-UNNAMED --add-opens=java.base/java.lang=ALL-UNNAMED --add-opens=java.base/sun.nio.fs=ALL-UNNAMED -Declipse.application=org.eclipse.jdt.ls.core.id1 -Dosgi.bundles.defaultStartLevel=4 -Declipse.product=org.eclipse.jdt.ls.core.product -Djava.import.generatesMetadataFilesAtProjectRoot=false -DDetectVMInstallationsJob.disabled=true -Dfile.encoding=utf8 -XX:+UseParallelGC -XX:GCTimeRatio=4 -XX:AdaptiveSizePolicyWeight=90 -Dsun.zip.disableMemoryMapping=true -Xmx2G -Xms100m -Xlog:disable -javaagent:c:\Users\brayo\.cursor\extensions\redhat.java-1.41.1-win32-x64\lombok\lombok-1.18.36.jar -XX:+HeapDumpOnOutOfMemoryError -XX:HeapDumpPath=c:\Users\brayo\AppData\Roaming\Cursor\User\workspaceStorage\d017a1d8943bdd11d91d73a7f3053129\redhat.java -Daether.dependencyCollector.impl=bf 
java_command: c:\Users\brayo\.cursor\extensions\redhat.java-1.41.1-win32-x64\server\plugins\org.eclipse.equinox.launcher_1.7.0.v20250331-1702.jar -configuration c:\Users\brayo\AppData\Roaming\Cursor\User\globalStorage\redhat.java\1.41.1\config_win -data c:\Users\brayo\AppData\Roaming\Cursor\User\workspaceStorage\d017a1d8943bdd11d91d73a7f3053129\redhat.java\jdt_ws --pipe=\\.\pipe\lsp-ec4feed0c0b7e22c13694b839908c5bf-sock
java_class_path (initial): c:\Users\brayo\.cursor\extensions\redhat.java-1.41.1-win32-x64\server\plugins\org.eclipse.equinox.launcher_1.7.0.v20250331-1702.jar
Launcher Type: SUN_STANDARD

[Global flags]
    uintx AdaptiveSizePolicyWeight                 = 90                                        {product} {command line}
     intx CICompilerCount                          = 3                                         {product} {ergonomic}
    uintx GCTimeRatio                              = 4                                         {product} {command line}
     bool HeapDumpOnOutOfMemoryError               = true                                   {manageable} {command line}
    ccstr HeapDumpPath                             = c:\Users\brayo\AppData\Roaming\Cursor\User\workspaceStorage\d017a1d8943bdd11d91d73a7f3053129\redhat.java         {manageable} {command line}
   size_t InitialHeapSize                          = 104857600                                 {product} {command line}
   size_t MaxHeapSize                              = 2147483648                                {product} {command line}
   size_t MaxNewSize                               = 715653120                                 {product} {ergonomic}
   size_t MinHeapDeltaBytes                        = 524288                                    {product} {ergonomic}
   size_t MinHeapSize                              = 104857600                                 {product} {command line}
   size_t NewSize                                  = 34603008                                  {product} {ergonomic}
    uintx NonNMethodCodeHeapSize                   = 5832780                                {pd product} {ergonomic}
    uintx NonProfiledCodeHeapSize                  = 122912730                              {pd product} {ergonomic}
   size_t OldSize                                  = 70254592                                  {product} {ergonomic}
    uintx ProfiledCodeHeapSize                     = 122912730                              {pd product} {ergonomic}
    uintx ReservedCodeCacheSize                    = 251658240                              {pd product} {ergonomic}
     bool SegmentedCodeCache                       = true                                      {product} {ergonomic}
   size_t SoftMaxHeapSize                          = 2147483648                             {manageable} {ergonomic}
     bool UseCompressedOops                        = true                           {product lp64_product} {ergonomic}
     bool UseLargePagesIndividualAllocation        = false                                  {pd product} {ergonomic}
     bool UseParallelGC                            = true                                      {product} {command line}

Logging:
Log output configuration:
 #0: stdout all=off uptime,level,tags foldmultilines=false
 #1: stderr all=off uptime,level,tags foldmultilines=false

Environment Variables:
JAVA_HOME=C:\Program Files\Java\jdk-23
PATH=C:\Program Files\Common Files\Oracle\Java\javapath;c:\Users\brayo\AppData\Local\Programs\cursor\resources\app\bin;C:\WINDOWS\system32;C:\WINDOWS;C:\WINDOWS\System32\Wbem;C:\WINDOWS\System32\WindowsPowerShell\v1.0\;C:\WINDOWS\System32\OpenSSH\;C:\Users\brayo\AppData\Local\Microsoft\WindowsApps;c:\Users\brayo\AppData\Local\Programs\cursor\resources\app\bin;C:\Program Files\MySQL\MySQL Server 8.0\bin;C:\Program Files\Java\jdk-23\bin;C:\Program Files\Java\jdk-23\bin;C:\Users\brayo\AppData\Local\Android\Sdk\cmdline-tools\latest\bin;C:\Users\brayo\Documents\cmdline-tools\bin;C:\Users\brayo\Documents\flutter\bin;C:\Gradle\gradle-8.13\bin;C:\Program Files\nodejs;C:\Program Files\MongoDB\Server\8.0\bin;C:\ProgramData\chocolatey\bin;C:\Program Files\Git\cmd;C:\Users\brayo\AppData\Local\Programs\Python\Python310\Scripts\;C:\Users\brayo\AppData\Local\Programs\Python\Python310\;C:\Program Files\Common Files\Oracle\Java\javapath;C:\WINDOWS\system32;C:\WINDOWS;C:\WINDOWS\System32\Wbem;C:\WINDOWS\System32\WindowsPowerShell\v1.0\;C:\WINDOWS\System32\OpenSSH\;C:\Users\brayo\AppData\Local\Microsoft\WindowsApps;C:\Program Files\MySQL\MySQL Server 8.0\bin;C:\Program Files\Java\jdk-23\bin;C:\Program Files\Java\jdk-23\bin;C:\Program Files\Git\cmd;C:\Users\brayo\AppData\Local\Android\Sdk\cmdline-tools\latest\bin;C:\Users\brayo\Documents\cmdline-tools\bin;C:\Users\brayo\Documents\flutter\bin;C:\Gradle\gradle-8.13\bin;C:\Program Files\Common Files\Oracle\Java\javapath;C:\WINDOWS\system32;C:\WINDOWS;C:\WINDOWS\System32\Wbem;C:\WINDOWS\System32\WindowsPowerShell\v1.0\;C:\WINDOWS\System32\OpenSSH\;C:\Users\brayo\AppData\Local\Microsoft\WindowsApps;C:\Program Files\MySQL\MySQL Server 8.0\bin;C:\Program Files\Java\jdk-23\bin;C:\Program Files\Git\cmd;C:\Users\brayo\AppData\Local\Android\Sdk\cmdline-tools\latest\bin;C:\Users\brayo\Documents\cmdline-tools\bin;C:\Users\brayo\Documents\flutter\bin;C:\Users\brayo\Downloads\Flutter-Counter-Clone-master\.venv\Scripts\;C:\platform-tools;C:\Users\brayo\AppData\Local\Programs\Python\Python313\Scripts\;C:\Users\brayo\AppData\Local\Programs\Python\Python313\;C:\Users\brayo\AppData\Local\Programs\Python\Launcher\;C:\Users\brayo\AppData\Local\Programs\Microsoft VS Code\bin;C:\Program Files\JetBrains\DataGrip 2024.3.4\bin;C:\Program Files\nodejs;C:\Users\brayo\AppData\Local\Programs\mongosh\;C:\Users\brayo\Pictures\cursor\resources\app\bin
USERNAME=brayo
OS=Windows_NT
PROCESSOR_IDENTIFIER=Intel64 Family 6 Model 78 Stepping 3, GenuineIntel
TMP=C:\Users\brayo\AppData\Local\Temp
TEMP=C:\Users\brayo\AppData\Local\Temp




Periodic native trim disabled

---------------  S Y S T E M  ---------------

OS:
 Windows 10 , 64 bit Build 19041 (10.0.19041.5678)
OS uptime: 0 days 4:34 hours
Hyper-V role detected

CPU: total 4 (initial active 4) (2 cores per cpu, 2 threads per core) family 6 model 78 stepping 3 microcode 0xcc, cx8, cmov, fxsr, ht, mmx, 3dnowpref, sse, sse2, sse3, ssse3, sse4.1, sse4.2, popcnt, lzcnt, tsc, tscinvbit, avx, avx2, aes, erms, clmul, bmi1, bmi2, rtm, adx, fma, vzeroupper, clflush, clflushopt, hv, rdtscp, f16c
Processor Information for the first 4 processors :
  Max Mhz: 2496, Current Mhz: 2396, Mhz Limit: 2396

Memory: 4k page, system-wide physical 12168M (3835M free)
TotalPageFile size 22408M (AvailPageFile size 9696M)
current process WorkingSet (physical memory assigned to process): 63M, peak: 63M
current process commit charge ("private bytes"): 221M, peak: 222M

vm_info: OpenJDK 64-Bit Server VM (21.0.6+7-LTS) for windows-amd64 JRE (21.0.6+7-LTS), built on 2025-01-21T00:00:00Z by "admin" with MS VC++ 17.7 (VS2022)

END.
