#
# A fatal error has been detected by the Java Runtime Environment:
#
#  EXCEPTION_ACCESS_VIOLATION (0xc0000005) at pc=0x00007fffb78c27b7, pid=15804, tid=12780
#
# JRE version: OpenJDK Runtime Environment Temurin-21.0.6+7 (21.0.6+7) (build 21.0.6+7-LTS)
# Java VM: OpenJDK 64-Bit Server VM Temurin-21.0.6+7 (21.0.6+7-LTS, mixed mode, sharing, tiered, compressed oops, compressed class ptrs, parallel gc, windows-amd64)
# Problematic frame:
# V  [jvm.dll+0x7027b7]
#
# No core dump will be written. Minidumps are not enabled by default on client versions of Windows
#
# If you would like to submit a bug report, please visit:
#   https://github.com/adoptium/adoptium-support/issues
#

---------------  S U M M A R Y ------------

Command Line: --add-modules=ALL-SYSTEM --add-opens=java.base/java.util=ALL-UNNAMED --add-opens=java.base/java.lang=ALL-UNNAMED --add-opens=java.base/sun.nio.fs=ALL-UNNAMED -Declipse.application=org.eclipse.jdt.ls.core.id1 -Dosgi.bundles.defaultStartLevel=4 -Declipse.product=org.eclipse.jdt.ls.core.product -Djava.import.generatesMetadataFilesAtProjectRoot=false -DDetectVMInstallationsJob.disabled=true -Dfile.encoding=utf8 -XX:+UseParallelGC -XX:GCTimeRatio=4 -XX:AdaptiveSizePolicyWeight=90 -Dsun.zip.disableMemoryMapping=true -Xmx2G -Xms100m -Xlog:disable -javaagent:c:\Users\brayo\.cursor\extensions\redhat.java-1.40.0-win32-x64\lombok\lombok-1.18.36.jar c:\Users\brayo\.cursor\extensions\redhat.java-1.40.0-win32-x64\server\plugins\org.eclipse.equinox.launcher_1.6.1000.v20250131-0606.jar -configuration c:\Users\brayo\AppData\Roaming\Cursor\User\globalStorage\redhat.java\1.40.0\config_ss_win -data c:\Users\brayo\AppData\Roaming\Cursor\User\workspaceStorage\6a9d32d0bda6eee6e574a8260a704510\redhat.java\ss_ws --pipe=\\.\pipe\lsp-57d49b2df68f193a08a9658e91e27119-sock

Host: Intel(R) Core(TM) i5-6300U CPU @ 2.40GHz, 4 cores, 11G,  Windows 10 , 64 bit Build 19041 (10.0.19041.5438)
Time: Wed Mar 19 19:02:23 2025 E. Africa Standard Time elapsed time: 9.417860 seconds (0d 0h 0m 9s)

---------------  T H R E A D  ---------------

Current thread (0x000002c47a0a7ed0):  WorkerThread "GC Thread#1"    [id=12780, stack(0x000000c5f5500000,0x000000c5f5600000) (1024K)]

Stack: [0x000000c5f5500000,0x000000c5f5600000],  sp=0x000000c5f55ffb90,  free space=1022k
Native frames: (J=compiled Java code, j=interpreted, Vv=VM code, C=native code)
V  [jvm.dll+0x7027b7]
V  [jvm.dll+0x703279]
V  [jvm.dll+0x702998]
V  [jvm.dll+0x70a787]
V  [jvm.dll+0x8d62a7]
V  [jvm.dll+0x851f8b]
V  [jvm.dll+0x6cc5ed]
C  [ucrtbase.dll+0x21bb2]
C  [KERNEL32.DLL+0x17374]
C  [ntdll.dll+0x4cc91]


siginfo: EXCEPTION_ACCESS_VIOLATION (0xc0000005), reading address 0xffffffffffffffff


Registers:
RAX=0x1ffffffff0000020, RBX=0x0000000000000100, RCX=0x0000000000000020, RDX=0x000002c42f960000
RSP=0x000000c5f55ffb90, RBP=0x00000000801e86d0, RSI=0x000002c41d551750, RDI=0x00000000801e8328
R8 =0x007fffffffc00000, R9 =0x0000000000000cf7, R10=0x00000000801fc118, R11=0x0000000000000003
R12=0x00007fffb7df8130, R13=0x000000c5f49fedb0, R14=0x0000000000000000, R15=0x00007fffb7c4b3e0
RIP=0x00007fffb78c27b7, EFLAGS=0x0000000000010207

XMM[0]=0x0000000000000000 0x0000000000000000
XMM[1]=0x0000000000000000 0x0000000000000000
XMM[2]=0x0000000000000000 0x0000000000000000
XMM[3]=0x0000000000000000 0x0000000000000000
XMM[4]=0x0000000000000000 0x0000000000000000
XMM[5]=0x0000000000000000 0x0000000000000000
XMM[6]=0x0000000000000000 0x0000000000000000
XMM[7]=0x0000000000000000 0x0000000000000000
XMM[8]=0x0000000000000000 0x0000000000000000
XMM[9]=0x0000000000000000 0x0000000000000000
XMM[10]=0x0000000000000000 0x0000000000000000
XMM[11]=0x0000000000000000 0x0000000000000000
XMM[12]=0x0000000000000000 0x0000000000000000
XMM[13]=0x0000000000000000 0x0000000000000000
XMM[14]=0x0000000000000000 0x0000000000000000
XMM[15]=0x0000000000000000 0x0000000000000000
  MXCSR=0x00001fa0


Register to memory mapping:

RAX=0x1ffffffff0000020 is an unknown value
RBX=0x0000000000000100 is an unknown value
RCX=0x0000000000000020 is an unknown value
RDX=0x000002c42f960000 points into unknown readable memory: 0x0000800124900009 | 09 00 90 24 01 80 00 00
RSP=0x000000c5f55ffb90 points into unknown readable memory: 0x000002c434006e88 | 88 6e 00 34 c4 02 00 00
RBP=0x00000000801e86d0 is an oop: java.util.concurrent.ConcurrentHashMap$Node 
{0x00000000801e86d0} - klass: 'java/util/concurrent/ConcurrentHashMap$Node'
 - ---- fields (total size 4 words):
 - final 'hash' 'I' @12  225104636 (0x0d6ad2fc)
 - final 'key' 'Ljava/lang/Object;' @16  "java.class.version"{0x00000000d78b7ea0} (0xd78b7ea0)
 - volatile 'val' 'Ljava/lang/Object;' @20  "65.0"{0x00000000d78b7e70} (0xd78b7e70)
 - volatile 'next' 'Ljava/util/concurrent/ConcurrentHashMap$Node;' @24  null (0x00000000)
RSI=0x000002c41d551750 points into unknown readable memory: 0x000002c41b200150 | 50 01 20 1b c4 02 00 00
RDI=0x00000000801e8328 is pointing into object: [Ljava.util.concurrent.ConcurrentHashMap$Node; 
{0x00000000801e82c0} - klass: 'java/util/concurrent/ConcurrentHashMap$Node'[]
 - length: 256
R8 =0x007fffffffc00000 is an unknown value
R9 =0x0000000000000cf7 is an unknown value
R10=0x00000000801fc118 is an oop: java.util.concurrent.ConcurrentHashMap$Node 
{0x00000000801fc118} - klass: 'java/util/concurrent/ConcurrentHashMap$Node'
 - ---- fields (total size 4 words):
 - final 'hash' 'I' @12  290647829 (0x1152ef15)
 - final 'key' 'Ljava/lang/Object;' @16  "org.osgi.framework.system.capabilities"{0x00000000801fc138} (0x801fc138)
 - volatile 'val' 'Ljava/lang/Object;' @20  "osgi.ee; osgi.ee="OSGi/Minimum"; version:List<Version>="1.0, 1.1, 1.2", osgi.ee; osgi.ee="JRE"; version:List<Version>="1.0, 1.1", osgi.ee; osgi.ee="JavaSE"; version:List<Version>="1.0, 1.1, 1.2, 1.3, 1.4, 1.5, 1.6, 1.7, 1.8, 9.0, 10.0, 11.0, 12.0, 13.0, 14.0, 15.0, 16.0, 17.0, 18.0, 19.0, 20.0, 21.0",osgi.ee; osgi.ee="JavaSE/compact1"; version:List<Version>="1.8, 9.0, 10.0, 11.0, 12.0, 13.0, 14.0, 15.0, 16.0, 17.0, 18.0, 19.0, 20.0, 21.0",osgi.ee; osgi.ee="JavaSE/compact2"; version:List<Version>="1.8, 9.0, 10.0, 11.0, 12.0, 13.0, 14.0, 15.0, 16.0, 17.0, 18.0, 19.0, 20.0, 21.0",osgi.ee; osgi.ee="JavaSE/compact3"; version:List<Version>="1.8, 9.0, 10.0, 11.0, 12.0, 13.0, 14.0, 15.0, 16.0, 17.0, 18.0, 19.0, 20.0, 21.0""{0x00000000801fc188} (0x801fc188)
 - volatile 'next' 'Ljava/util/concurrent/ConcurrentHashMap$Node;' @24  null (0x00000000)
R11=0x0000000000000003 is an unknown value
R12=0x00007fffb7df8130 jvm.dll
R13=0x000000c5f49fedb0 points into unknown readable memory: 0x00007fffb7c4be40 | 40 be c4 b7 ff 7f 00 00
R14=0x0 is null
R15=0x00007fffb7c4b3e0 jvm.dll

Top of Stack: (sp=0x000000c5f55ffb90)
0x000000c5f55ffb90:   000002c434006e88 00007fffb7df8130
0x000000c5f55ffba0:   00007fffb7c4b3e0 0000000000000000
0x000000c5f55ffbb0:   00000000801e82c0 00007fffb78c3279
0x000000c5f55ffbc0:   000002c41d551750 00007fffb7baa4e0
0x000000c5f55ffbd0:   0000000000000cee 00007fffb789a74a
0x000000c5f55ffbe0:   00000000d7509bd0 000002c41d551750
0x000000c5f55ffbf0:   000002c475e9cc50 00007fffb7a1d2ee
0x000000c5f55ffc00:   00007fffb7c4b3e0 000002c41d4dc540
0x000000c5f55ffc10:   0000000000000004 000002c41d551750
0x000000c5f55ffc20:   0000000000000070 000002c47a3096e8
0x000000c5f55ffc30:   000002c41d551750 0000000000000000
0x000000c5f55ffc40:   000002c47a0a7ed0 00007fffb78c2998
0x000000c5f55ffc50:   0000000000000001 00000000000000c0
0x000000c5f55ffc60:   000002c433f0bb00 000002c41d551750
0x000000c5f55ffc70:   000002c41d4d9db0 000000c5f55ffce8
0x000000c5f55ffc80:   0000000000000000 0000000000000000
0x000000c5f55ffc90:   0000000000000001 00007fffb78ca787
0x000000c5f55ffca0:   0000000000000001 00007ff80cb6920e
0x000000c5f55ffcb0:   000002c433f0bb00 0000000000000001
0x000000c5f55ffcc0:   000000c500000001 00007fffb7c4bc50
0x000000c5f55ffcd0:   000002c41d551750 000000000599c2ac
0x000000c5f55ffce0:   0000000000000048 00007fffb7be8a78
0x000000c5f55ffcf0:   000000c5f55ffcc8 0000000000000004
0x000000c5f55ffd00:   00008c8591ca7995 0000000000000000
0x000000c5f55ffd10:   0000000000000070 000002c47a3096e8
0x000000c5f55ffd20:   0000000000000000 0000000000000030
0x000000c5f55ffd30:   000002c433f0bb00 0000000000000001
0x000000c5f55ffd40:   000002c47a0a7ed0 00007fffb7a962a7
0x000000c5f55ffd50:   000002c41b21e608 000002c47a0a7ed0
0x000000c5f55ffd60:   000002c41b21e608 000002c433f0bb00
0x000000c5f55ffd70:   0000000000000000 000002c47a0a7ed0
0x000000c5f55ffd80:   0000000000000000 0000000000100000 

Instructions: (pc=0x00007fffb78c27b7)
0x00007fffb78c26b7:   56 0a 00 48 8d 5b 08 48 83 ef 01 75 df 48 8b 7c
0x00007fffb78c26c7:   24 20 48 8b 5c 24 30 48 83 c4 28 c3 cc cc cc cc
0x00007fffb78c26d7:   cc cc cc cc cc cc cc cc cc 48 89 5c 24 08 48 89
0x00007fffb78c26e7:   6c 24 10 48 89 74 24 18 57 48 83 ec 20 80 3d a2
0x00007fffb78c26f7:   32 59 00 00 bb 10 00 00 00 48 8b f1 4d 63 d0 4c
0x00007fffb78c2707:   8b da 8b c3 8d 4b fc 0f 84 2a 01 00 00 44 0f b6
0x00007fffb78c2717:   0d fe 7e 52 00 45 84 c9 0f 45 c1 4c 63 04 10 49
0x00007fffb78c2727:   8b d2 49 8b c0 49 2b c2 41 ba 00 08 00 00 49 3b
0x00007fffb78c2737:   c2 4c 0f 42 d0 b8 18 00 00 00 4c 03 d2 45 84 c9
0x00007fffb78c2747:   0f 45 c3 49 03 c3 48 8d 3c 90 4a 8d 2c 90 4d 3b
0x00007fffb78c2757:   d0 73 0e 4d 8b c2 49 8b d3 48 8b ce e8 98 0b 00
0x00007fffb78c2767:   00 48 3b fd 0f 83 e2 01 00 00 8b 07 85 c0 0f 84
0x00007fffb78c2777:   b1 00 00 00 8b 0d 27 68 52 00 8b d8 48 8b 15 06
0x00007fffb78c2787:   09 5b 00 48 d3 e3 48 03 1d 0c 68 52 00 8b 0d 92
0x00007fffb78c2797:   79 52 00 48 8b c3 48 2b 02 48 8b 52 10 48 c1 e8
0x00007fffb78c27a7:   03 48 d3 e8 4c 8b c0 24 3f 49 c1 e8 06 0f b6 c8
0x00007fffb78c27b7:   4a 8b 04 c2 48 0f a3 c8 72 6b 48 8b cb e8 97 7e
0x00007fffb78c27c7:   fd ff 84 c0 74 5f 48 8b d3 48 8b ce e8 a8 80 fd
0x00007fffb78c27d7:   ff 80 3d 22 19 5b 00 00 74 4b 48 85 db 74 46 80
0x00007fffb78c27e7:   3d 2d 7e 52 00 00 74 15 8b 43 08 8b 0d c0 67 52
0x00007fffb78c27f7:   00 48 d3 e0 48 03 05 ae 67 52 00 eb 04 48 8b 43
0x00007fffb78c2807:   08 48 3b 05 a9 03 5d 00 75 1b 48 8b cb e8 87 79
0x00007fffb78c2817:   fd ff 84 c0 74 0f 48 8d 8e 80 08 00 00 48 8b d3
0x00007fffb78c2827:   e8 24 54 0a 00 48 83 c7 04 48 3b fd 0f 82 38 ff
0x00007fffb78c2837:   ff ff e9 15 01 00 00 0f b6 15 d5 7d 52 00 84 d2
0x00007fffb78c2847:   48 0f 45 c1 49 8b ca 4e 63 0c 18 49 8b c1 49 2b
0x00007fffb78c2857:   c2 41 ba 00 08 00 00 49 3b c2 4c 0f 42 d0 b8 18
0x00007fffb78c2867:   00 00 00 4c 03 d1 84 d2 48 0f 45 c3 49 03 c3 48
0x00007fffb78c2877:   8d 3c c8 4a 8d 2c d0 4d 3b d1 73 0e 4d 8b c2 49
0x00007fffb78c2887:   8b d3 48 8b ce e8 6f 0a 00 00 48 3b fd 0f 83 b9
0x00007fffb78c2897:   00 00 00 66 0f 1f 44 00 00 48 8b 1f 48 85 db 0f
0x00007fffb78c28a7:   84 9a 00 00 00 48 8b 15 dd 07 5b 00 48 8b c3 8b 


Stack slot to memory mapping:

stack at sp + 0 slots: {method} {0x000002c434006e90} 'toString' '()Ljava/lang/String;' in 'java/lang/Class'
stack at sp + 1 slots: 0x00007fffb7df8130 jvm.dll
stack at sp + 2 slots: 0x00007fffb7c4b3e0 jvm.dll
stack at sp + 3 slots: 0x0 is null
stack at sp + 4 slots: 0x00000000801e82c0 is an oop: [Ljava.util.concurrent.ConcurrentHashMap$Node; 
{0x00000000801e82c0} - klass: 'java/util/concurrent/ConcurrentHashMap$Node'[]
 - length: 256
stack at sp + 5 slots: 0x00007fffb78c3279 jvm.dll
stack at sp + 6 slots: 0x000002c41d551750 points into unknown readable memory: 0x000002c41b200150 | 50 01 20 1b c4 02 00 00
stack at sp + 7 slots: 0x00007fffb7baa4e0 jvm.dll


---------------  P R O C E S S  ---------------

Threads class SMR info:
_java_thread_list=0x000002c47ac22cf0, length=20, elements={
0x000002c41d4b2e50, 0x000002c433e8bf50, 0x000002c433e8d6a0, 0x000002c433e8edf0,
0x000002c433e91d90, 0x000002c433e93950, 0x000002c433e943a0, 0x000002c433e995e0,
0x000002c433f0a5a0, 0x000002c433f5e630, 0x000002c475d7f710, 0x000002c47a7a1e20,
0x000002c47a64df30, 0x000002c47a653e80, 0x000002c47a755c20, 0x000002c47aa42430,
0x000002c47a635d40, 0x000002c47a9af520, 0x000002c47a423f60, 0x000002c47be15640
}

Java Threads: ( => current thread )
  0x000002c41d4b2e50 JavaThread "main"                              [_thread_blocked, id=13780, stack(0x000000c5f4600000,0x000000c5f4700000) (1024K)]
  0x000002c433e8bf50 JavaThread "Reference Handler"          daemon [_thread_blocked, id=13668, stack(0x000000c5f4a00000,0x000000c5f4b00000) (1024K)]
  0x000002c433e8d6a0 JavaThread "Finalizer"                  daemon [_thread_blocked, id=7720, stack(0x000000c5f4b00000,0x000000c5f4c00000) (1024K)]
  0x000002c433e8edf0 JavaThread "Signal Dispatcher"          daemon [_thread_blocked, id=7248, stack(0x000000c5f4c00000,0x000000c5f4d00000) (1024K)]
  0x000002c433e91d90 JavaThread "Attach Listener"            daemon [_thread_blocked, id=16668, stack(0x000000c5f4d00000,0x000000c5f4e00000) (1024K)]
  0x000002c433e93950 JavaThread "Service Thread"             daemon [_thread_blocked, id=3172, stack(0x000000c5f4e00000,0x000000c5f4f00000) (1024K)]
  0x000002c433e943a0 JavaThread "Monitor Deflation Thread"   daemon [_thread_blocked, id=9960, stack(0x000000c5f4f00000,0x000000c5f5000000) (1024K)]
  0x000002c433e995e0 JavaThread "C2 CompilerThread0"         daemon [_thread_blocked, id=11856, stack(0x000000c5f5000000,0x000000c5f5100000) (1024K)]
  0x000002c433f0a5a0 JavaThread "C1 CompilerThread0"         daemon [_thread_blocked, id=17052, stack(0x000000c5f5100000,0x000000c5f5200000) (1024K)]
  0x000002c433f5e630 JavaThread "Common-Cleaner"             daemon [_thread_blocked, id=11392, stack(0x000000c5f5200000,0x000000c5f5300000) (1024K)]
  0x000002c475d7f710 JavaThread "Notification Thread"        daemon [_thread_blocked, id=3196, stack(0x000000c5f5300000,0x000000c5f5400000) (1024K)]
  0x000002c47a7a1e20 JavaThread "Active Thread: Equinox Container: 733a2e8c-0a09-464c-b9bd-f6a0bb4e72c4"        [_thread_blocked, id=14628, stack(0x000000c5f5400000,0x000000c5f5500000) (1024K)]
  0x000002c47a64df30 JavaThread "Framework Event Dispatcher: Equinox Container: 733a2e8c-0a09-464c-b9bd-f6a0bb4e72c4" daemon [_thread_blocked, id=16452, stack(0x000000c5f5800000,0x000000c5f5900000) (1024K)]
  0x000002c47a653e80 JavaThread "Start Level: Equinox Container: 733a2e8c-0a09-464c-b9bd-f6a0bb4e72c4" daemon [_thread_blocked, id=16372, stack(0x000000c5f5900000,0x000000c5f5a00000) (1024K)]
  0x000002c47a755c20 JavaThread "SCR Component Actor"        daemon [_thread_blocked, id=12616, stack(0x000000c5f5a00000,0x000000c5f5b00000) (1024K)]
  0x000002c47aa42430 JavaThread "SCR Component Registry"     daemon [_thread_blocked, id=16032, stack(0x000000c5f5b00000,0x000000c5f5c00000) (1024K)]
  0x000002c47a635d40 JavaThread "Worker-JM"                         [_thread_blocked, id=17256, stack(0x000000c5f5c00000,0x000000c5f5d00000) (1024K)]
  0x000002c47a9af520 JavaThread "Worker-0"                          [_thread_blocked, id=12172, stack(0x000000c5f5d00000,0x000000c5f5e00000) (1024K)]
  0x000002c47a423f60 JavaThread "Worker-1"                          [_thread_blocked, id=2676, stack(0x000000c5f5e00000,0x000000c5f5f00000) (1024K)]
  0x000002c47be15640 JavaThread "Java indexing"              daemon [_thread_blocked, id=16812, stack(0x000000c5f6000000,0x000000c5f6100000) (1024K)]
Total: 20

Other Threads:
  0x000002c433e7d7a0 VMThread "VM Thread"                           [id=7080, stack(0x000000c5f4900000,0x000000c5f4a00000) (1024K)]
  0x000002c41d51db50 WatcherThread "VM Periodic Task Thread"        [id=11012, stack(0x000000c5f4800000,0x000000c5f4900000) (1024K)]
  0x000002c41d4d1180 WorkerThread "GC Thread#0"                     [id=16596, stack(0x000000c5f4700000,0x000000c5f4800000) (1024K)]
=>0x000002c47a0a7ed0 WorkerThread "GC Thread#1"                     [id=12780, stack(0x000000c5f5500000,0x000000c5f5600000) (1024K)]
  0x000002c47a0a8270 WorkerThread "GC Thread#2"                     [id=13864, stack(0x000000c5f5600000,0x000000c5f5700000) (1024K)]
  0x000002c47a0a8610 WorkerThread "GC Thread#3"                     [id=15984, stack(0x000000c5f5700000,0x000000c5f5800000) (1024K)]
Total: 6

Threads with active compile tasks:
C2 CompilerThread0  9534 2760       4       java.util.HashMap::putVal (300 bytes)
Total: 1

VM state: at safepoint (normal execution)

VM Mutex/Monitor currently owned by a thread:  ([mutex/lock_event])
[0x00007fffb7e6e380] Threads_lock - owner thread: 0x000002c433e7d7a0
[0x00007fffb7e6e480] Heap_lock - owner thread: 0x000002c47a653e80

Heap address: 0x0000000080000000, size: 2048 MB, Compressed Oops mode: 32-bit

CDS archive(s) mapped at: [0x000002c434000000-0x000002c434ba0000-0x000002c434ba0000), size 12189696, SharedBaseAddress: 0x000002c434000000, ArchiveRelocationMode: 1.
Compressed class space mapped at: 0x000002c435000000-0x000002c475000000, reserved size: 1073741824
Narrow klass base: 0x000002c434000000, Narrow klass shift: 0, Narrow klass range: 0x100000000

GC Precious Log:
 CardTable entry size: 512
 CPUs: 4 total, 4 available
 Memory: 12168M
 Large Page Support: Disabled
 NUMA Support: Disabled
 Compressed Oops: Enabled (32-bit)
 Alignments: Space 512K, Generation 512K, Heap 2M
 Heap Min Capacity: 100M
 Heap Initial Capacity: 100M
 Heap Max Capacity: 2G
 Pre-touch: Disabled
 Parallel Workers: 4

Heap:
 PSYoungGen      total 30720K, used 5307K [0x00000000d5580000, 0x00000000d7a00000, 0x0000000100000000)
  eden space 25088K, 0% used [0x00000000d5580000,0x00000000d5580000,0x00000000d6e00000)
  from space 5632K, 94% used [0x00000000d7480000,0x00000000d79aedb0,0x00000000d7a00000)
  to   space 5632K, 0% used [0x00000000d6f00000,0x00000000d6f00000,0x00000000d7480000)
 ParOldGen       total 68608K, used 7157K [0x0000000080000000, 0x0000000084300000, 0x00000000d5580000)
  object space 68608K, 10% used [0x0000000080000000,0x00000000806fd5a8,0x0000000084300000)
 Metaspace       used 20939K, committed 21504K, reserved 1114112K
  class space    used 1928K, committed 2176K, reserved 1048576K

Card table byte_map: [0x000002c41ce60000,0x000002c41d270000] _byte_map_base: 0x000002c41ca60000

Marking Bits: (ParMarkBitMap*) 0x00007fffb7e73260
 Begin Bits: [0x000002c42f960000, 0x000002c431960000)
 End Bits:   [0x000002c431960000, 0x000002c433960000)

Polling page: 0x000002c41b480000

Metaspace:

Usage:
  Non-class:     18.57 MB used.
      Class:      1.88 MB used.
       Both:     20.45 MB used.

Virtual space:
  Non-class space:       64.00 MB reserved,      18.88 MB ( 29%) committed,  1 nodes.
      Class space:        1.00 GB reserved,       2.12 MB ( <1%) committed,  1 nodes.
             Both:        1.06 GB reserved,      21.00 MB (  2%) committed. 

Chunk freelists:
   Non-Class:  12.34 MB
       Class:  13.88 MB
        Both:  26.22 MB

MaxMetaspaceSize: unlimited
CompressedClassSpaceSize: 1.00 GB
Initial GC threshold: 21.00 MB
Current GC threshold: 21.00 MB
CDS: on
 - commit_granule_bytes: 65536.
 - commit_granule_words: 8192.
 - virtual_space_node_default_size: 8388608.
 - enlarge_chunks_in_place: 1.
 - use_allocation_guard: 0.


Internal statistics:

num_allocs_failed_limit: 3.
num_arena_births: 484.
num_arena_deaths: 0.
num_vsnodes_births: 2.
num_vsnodes_deaths: 0.
num_space_committed: 336.
num_space_uncommitted: 0.
num_chunks_returned_to_freelist: 3.
num_chunks_taken_from_freelist: 1268.
num_chunk_merges: 0.
num_chunk_splits: 832.
num_chunks_enlarged: 523.
num_inconsistent_stats: 0.

CodeHeap 'non-profiled nmethods': size=120000Kb used=1305Kb max_used=1305Kb free=118694Kb
 bounds [0x000002c428180000, 0x000002c4283f0000, 0x000002c42f6b0000]
CodeHeap 'profiled nmethods': size=120000Kb used=5576Kb max_used=5576Kb free=114423Kb
 bounds [0x000002c4206b0000, 0x000002c420c30000, 0x000002c427be0000]
CodeHeap 'non-nmethods': size=5760Kb used=1305Kb max_used=1376Kb free=4454Kb
 bounds [0x000002c427be0000, 0x000002c427e50000, 0x000002c428180000]
 total_blobs=3346 nmethods=2757 adapters=495
 compilation: enabled
              stopped_count=0, restarted_count=0
 full_count=0

Compilation events (20 events):
Event: 9.339 Thread 0x000002c433f0a5a0 nmethod 2750 0x000002c420c1c890 code [0x000002c420c1ca80, 0x000002c420c1cfb8]
Event: 9.345 Thread 0x000002c433f0a5a0 2751       3       java.lang.Character::toUpperCase (6 bytes)
Event: 9.346 Thread 0x000002c433f0a5a0 nmethod 2751 0x000002c420c1d190 code [0x000002c420c1d360, 0x000002c420c1d5b8]
Event: 9.346 Thread 0x000002c433f0a5a0 2753       3       java.lang.CharacterDataLatin1::toUpperCase (67 bytes)
Event: 9.346 Thread 0x000002c433f0a5a0 nmethod 2753 0x000002c420c1d690 code [0x000002c420c1d860, 0x000002c420c1db88]
Event: 9.346 Thread 0x000002c433f0a5a0 2752       3       java.lang.Character::toUpperCase (9 bytes)
Event: 9.346 Thread 0x000002c433f0a5a0 nmethod 2752 0x000002c420c1dc10 code [0x000002c420c1ddc0, 0x000002c420c1dfb8]
Event: 9.346 Thread 0x000002c433f0a5a0 2755       3       java.lang.ProcessEnvironment$NameComparator::compare (90 bytes)
Event: 9.348 Thread 0x000002c433f0a5a0 nmethod 2755 0x000002c420c1e090 code [0x000002c420c1e3a0, 0x000002c420c1f5c0]
Event: 9.348 Thread 0x000002c433f0a5a0 2754       3       java.lang.ProcessEnvironment$NameComparator::compare (13 bytes)
Event: 9.349 Thread 0x000002c433f0a5a0 nmethod 2754 0x000002c420c1fe10 code [0x000002c420c1ffc0, 0x000002c420c202e0]
Event: 9.349 Thread 0x000002c433f0a5a0 2756       3       java.lang.AbstractStringBuilder::append (45 bytes)
Event: 9.350 Thread 0x000002c433f0a5a0 nmethod 2756 0x000002c420c20390 code [0x000002c420c205a0, 0x000002c420c20ac8]
Event: 9.361 Thread 0x000002c433f0a5a0 2757       3       java.lang.invoke.DirectMethodHandle::make (21 bytes)
Event: 9.362 Thread 0x000002c433f0a5a0 nmethod 2757 0x000002c420c20d10 code [0x000002c420c20ee0, 0x000002c420c211c8]
Event: 9.362 Thread 0x000002c433f0a5a0 2758       3       java.lang.AbstractStringBuilder::append (77 bytes)
Event: 9.363 Thread 0x000002c433f0a5a0 nmethod 2758 0x000002c420c21310 code [0x000002c420c21520, 0x000002c420c21bd8]
Event: 9.369 Thread 0x000002c433f0a5a0 2759       3       java.lang.invoke.DirectMethodHandle::preparedLambdaForm (6 bytes)
Event: 9.369 Thread 0x000002c433f0a5a0 nmethod 2759 0x000002c420c21e90 code [0x000002c420c22040, 0x000002c420c22160]
Event: 9.385 Thread 0x000002c433e995e0 2760       4       java.util.HashMap::putVal (300 bytes)

GC Heap History (13 events):
Event: 2.195 GC heap before
{Heap before GC invocations=1 (full 0):
 PSYoungGen      total 29696K, used 25600K [0x00000000d5580000, 0x00000000d7680000, 0x0000000100000000)
  eden space 25600K, 100% used [0x00000000d5580000,0x00000000d6e80000,0x00000000d6e80000)
  from space 4096K, 0% used [0x00000000d7280000,0x00000000d7280000,0x00000000d7680000)
  to   space 4096K, 0% used [0x00000000d6e80000,0x00000000d6e80000,0x00000000d7280000)
 ParOldGen       total 68608K, used 0K [0x0000000080000000, 0x0000000084300000, 0x00000000d5580000)
  object space 68608K, 0% used [0x0000000080000000,0x0000000080000000,0x0000000084300000)
 Metaspace       used 4359K, committed 4608K, reserved 1114112K
  class space    used 437K, committed 512K, reserved 1048576K
}
Event: 2.232 GC heap after
{Heap after GC invocations=1 (full 0):
 PSYoungGen      total 29696K, used 3182K [0x00000000d5580000, 0x00000000d7680000, 0x0000000100000000)
  eden space 25600K, 0% used [0x00000000d5580000,0x00000000d5580000,0x00000000d6e80000)
  from space 4096K, 77% used [0x00000000d6e80000,0x00000000d719baa0,0x00000000d7280000)
  to   space 4096K, 0% used [0x00000000d7280000,0x00000000d7280000,0x00000000d7680000)
 ParOldGen       total 68608K, used 0K [0x0000000080000000, 0x0000000084300000, 0x00000000d5580000)
  object space 68608K, 0% used [0x0000000080000000,0x0000000080000000,0x0000000084300000)
 Metaspace       used 4359K, committed 4608K, reserved 1114112K
  class space    used 437K, committed 512K, reserved 1048576K
}
Event: 4.753 GC heap before
{Heap before GC invocations=2 (full 0):
 PSYoungGen      total 29696K, used 28782K [0x00000000d5580000, 0x00000000d7680000, 0x0000000100000000)
  eden space 25600K, 100% used [0x00000000d5580000,0x00000000d6e80000,0x00000000d6e80000)
  from space 4096K, 77% used [0x00000000d6e80000,0x00000000d719baa0,0x00000000d7280000)
  to   space 4096K, 0% used [0x00000000d7280000,0x00000000d7280000,0x00000000d7680000)
 ParOldGen       total 68608K, used 0K [0x0000000080000000, 0x0000000084300000, 0x00000000d5580000)
  object space 68608K, 0% used [0x0000000080000000,0x0000000080000000,0x0000000084300000)
 Metaspace       used 8217K, committed 8512K, reserved 1114112K
  class space    used 812K, committed 960K, reserved 1048576K
}
Event: 4.759 GC heap after
{Heap after GC invocations=2 (full 0):
 PSYoungGen      total 29696K, used 4074K [0x00000000d5580000, 0x00000000d7680000, 0x0000000100000000)
  eden space 25600K, 0% used [0x00000000d5580000,0x00000000d5580000,0x00000000d6e80000)
  from space 4096K, 99% used [0x00000000d7280000,0x00000000d767a948,0x00000000d7680000)
  to   space 4096K, 0% used [0x00000000d6e80000,0x00000000d6e80000,0x00000000d7280000)
 ParOldGen       total 68608K, used 867K [0x0000000080000000, 0x0000000084300000, 0x00000000d5580000)
  object space 68608K, 1% used [0x0000000080000000,0x00000000800d8ea8,0x0000000084300000)
 Metaspace       used 8217K, committed 8512K, reserved 1114112K
  class space    used 812K, committed 960K, reserved 1048576K
}
Event: 6.133 GC heap before
{Heap before GC invocations=3 (full 0):
 PSYoungGen      total 29696K, used 29674K [0x00000000d5580000, 0x00000000d7680000, 0x0000000100000000)
  eden space 25600K, 100% used [0x00000000d5580000,0x00000000d6e80000,0x00000000d6e80000)
  from space 4096K, 99% used [0x00000000d7280000,0x00000000d767a948,0x00000000d7680000)
  to   space 4096K, 0% used [0x00000000d6e80000,0x00000000d6e80000,0x00000000d7280000)
 ParOldGen       total 68608K, used 867K [0x0000000080000000, 0x0000000084300000, 0x00000000d5580000)
  object space 68608K, 1% used [0x0000000080000000,0x00000000800d8ea8,0x0000000084300000)
 Metaspace       used 12937K, committed 13376K, reserved 1114112K
  class space    used 1300K, committed 1472K, reserved 1048576K
}
Event: 6.139 GC heap after
{Heap after GC invocations=3 (full 0):
 PSYoungGen      total 29696K, used 4083K [0x00000000d5580000, 0x00000000d7680000, 0x0000000100000000)
  eden space 25600K, 0% used [0x00000000d5580000,0x00000000d5580000,0x00000000d6e80000)
  from space 4096K, 99% used [0x00000000d6e80000,0x00000000d727cde8,0x00000000d7280000)
  to   space 4096K, 0% used [0x00000000d7280000,0x00000000d7280000,0x00000000d7680000)
 ParOldGen       total 68608K, used 2720K [0x0000000080000000, 0x0000000084300000, 0x00000000d5580000)
  object space 68608K, 3% used [0x0000000080000000,0x00000000802a8138,0x0000000084300000)
 Metaspace       used 12937K, committed 13376K, reserved 1114112K
  class space    used 1300K, committed 1472K, reserved 1048576K
}
Event: 6.768 GC heap before
{Heap before GC invocations=4 (full 0):
 PSYoungGen      total 29696K, used 29683K [0x00000000d5580000, 0x00000000d7680000, 0x0000000100000000)
  eden space 25600K, 100% used [0x00000000d5580000,0x00000000d6e80000,0x00000000d6e80000)
  from space 4096K, 99% used [0x00000000d6e80000,0x00000000d727cde8,0x00000000d7280000)
  to   space 4096K, 0% used [0x00000000d7280000,0x00000000d7280000,0x00000000d7680000)
 ParOldGen       total 68608K, used 2720K [0x0000000080000000, 0x0000000084300000, 0x00000000d5580000)
  object space 68608K, 3% used [0x0000000080000000,0x00000000802a8138,0x0000000084300000)
 Metaspace       used 15730K, committed 16320K, reserved 1114112K
  class space    used 1557K, committed 1792K, reserved 1048576K
}
Event: 6.775 GC heap after
{Heap after GC invocations=4 (full 0):
 PSYoungGen      total 29696K, used 4081K [0x00000000d5580000, 0x00000000d7680000, 0x0000000100000000)
  eden space 25600K, 0% used [0x00000000d5580000,0x00000000d5580000,0x00000000d6e80000)
  from space 4096K, 99% used [0x00000000d7280000,0x00000000d767c520,0x00000000d7680000)
  to   space 4096K, 0% used [0x00000000d6e80000,0x00000000d6e80000,0x00000000d7280000)
 ParOldGen       total 68608K, used 5122K [0x0000000080000000, 0x0000000084300000, 0x00000000d5580000)
  object space 68608K, 7% used [0x0000000080000000,0x0000000080500af0,0x0000000084300000)
 Metaspace       used 15730K, committed 16320K, reserved 1114112K
  class space    used 1557K, committed 1792K, reserved 1048576K
}
Event: 7.765 GC heap before
{Heap before GC invocations=5 (full 0):
 PSYoungGen      total 29696K, used 29681K [0x00000000d5580000, 0x00000000d7680000, 0x0000000100000000)
  eden space 25600K, 100% used [0x00000000d5580000,0x00000000d6e80000,0x00000000d6e80000)
  from space 4096K, 99% used [0x00000000d7280000,0x00000000d767c520,0x00000000d7680000)
  to   space 4096K, 0% used [0x00000000d6e80000,0x00000000d6e80000,0x00000000d7280000)
 ParOldGen       total 68608K, used 5122K [0x0000000080000000, 0x0000000084300000, 0x00000000d5580000)
  object space 68608K, 7% used [0x0000000080000000,0x0000000080500af0,0x0000000084300000)
 Metaspace       used 19933K, committed 20480K, reserved 1114112K
  class space    used 1861K, committed 2112K, reserved 1048576K
}
Event: 7.777 GC heap after
{Heap after GC invocations=5 (full 0):
 PSYoungGen      total 29184K, used 4075K [0x00000000d5580000, 0x00000000d7b00000, 0x0000000100000000)
  eden space 25088K, 0% used [0x00000000d5580000,0x00000000d5580000,0x00000000d6e00000)
  from space 4096K, 99% used [0x00000000d6e80000,0x00000000d727adb0,0x00000000d7280000)
  to   space 6656K, 0% used [0x00000000d7480000,0x00000000d7480000,0x00000000d7b00000)
 ParOldGen       total 68608K, used 7149K [0x0000000080000000, 0x0000000084300000, 0x00000000d5580000)
  object space 68608K, 10% used [0x0000000080000000,0x00000000806fb5a8,0x0000000084300000)
 Metaspace       used 19933K, committed 20480K, reserved 1114112K
  class space    used 1861K, committed 2112K, reserved 1048576K
}
Event: 9.386 GC heap before
{Heap before GC invocations=6 (full 0):
 PSYoungGen      total 29184K, used 24552K [0x00000000d5580000, 0x00000000d7b00000, 0x0000000100000000)
  eden space 25088K, 81% used [0x00000000d5580000,0x00000000d697f598,0x00000000d6e00000)
  from space 4096K, 99% used [0x00000000d6e80000,0x00000000d727adb0,0x00000000d7280000)
  to   space 6656K, 0% used [0x00000000d7480000,0x00000000d7480000,0x00000000d7b00000)
 ParOldGen       total 68608K, used 7149K [0x0000000080000000, 0x0000000084300000, 0x00000000d5580000)
  object space 68608K, 10% used [0x0000000080000000,0x00000000806fb5a8,0x0000000084300000)
 Metaspace       used 20939K, committed 21504K, reserved 1114112K
  class space    used 1928K, committed 2176K, reserved 1048576K
}
Event: 9.396 GC heap after
{Heap after GC invocations=6 (full 0):
 PSYoungGen      total 30720K, used 5307K [0x00000000d5580000, 0x00000000d7a00000, 0x0000000100000000)
  eden space 25088K, 0% used [0x00000000d5580000,0x00000000d5580000,0x00000000d6e00000)
  from space 5632K, 94% used [0x00000000d7480000,0x00000000d79aedb0,0x00000000d7a00000)
  to   space 5632K, 0% used [0x00000000d6f00000,0x00000000d6f00000,0x00000000d7480000)
 ParOldGen       total 68608K, used 7157K [0x0000000080000000, 0x0000000084300000, 0x00000000d5580000)
  object space 68608K, 10% used [0x0000000080000000,0x00000000806fd5a8,0x0000000084300000)
 Metaspace       used 20939K, committed 21504K, reserved 1114112K
  class space    used 1928K, committed 2176K, reserved 1048576K
}
Event: 9.396 GC heap before
{Heap before GC invocations=7 (full 1):
 PSYoungGen      total 30720K, used 5307K [0x00000000d5580000, 0x00000000d7a00000, 0x0000000100000000)
  eden space 25088K, 0% used [0x00000000d5580000,0x00000000d5580000,0x00000000d6e00000)
  from space 5632K, 94% used [0x00000000d7480000,0x00000000d79aedb0,0x00000000d7a00000)
  to   space 5632K, 0% used [0x00000000d6f00000,0x00000000d6f00000,0x00000000d7480000)
 ParOldGen       total 68608K, used 7157K [0x0000000080000000, 0x0000000084300000, 0x00000000d5580000)
  object space 68608K, 10% used [0x0000000080000000,0x00000000806fd5a8,0x0000000084300000)
 Metaspace       used 20939K, committed 21504K, reserved 1114112K
  class space    used 1928K, committed 2176K, reserved 1048576K
}

Dll operation events (9 events):
Event: 0.016 Loaded shared library c:\Users\brayo\.cursor\extensions\redhat.java-1.40.0-win32-x64\jre\21.0.6-win32-x86_64\bin\java.dll
Event: 0.187 Loaded shared library c:\Users\brayo\.cursor\extensions\redhat.java-1.40.0-win32-x64\jre\21.0.6-win32-x86_64\bin\zip.dll
Event: 0.230 Loaded shared library C:\Users\brayo\.cursor\extensions\redhat.java-1.40.0-win32-x64\jre\21.0.6-win32-x86_64\bin\instrument.dll
Event: 0.236 Loaded shared library C:\Users\brayo\.cursor\extensions\redhat.java-1.40.0-win32-x64\jre\21.0.6-win32-x86_64\bin\net.dll
Event: 0.239 Loaded shared library C:\Users\brayo\.cursor\extensions\redhat.java-1.40.0-win32-x64\jre\21.0.6-win32-x86_64\bin\nio.dll
Event: 0.247 Loaded shared library C:\Users\brayo\.cursor\extensions\redhat.java-1.40.0-win32-x64\jre\21.0.6-win32-x86_64\bin\zip.dll
Event: 0.292 Loaded shared library C:\Users\brayo\.cursor\extensions\redhat.java-1.40.0-win32-x64\jre\21.0.6-win32-x86_64\bin\jimage.dll
Event: 0.478 Loaded shared library c:\Users\brayo\.cursor\extensions\redhat.java-1.40.0-win32-x64\jre\21.0.6-win32-x86_64\bin\verify.dll
Event: 4.516 Loaded shared library C:\Users\brayo\AppData\Roaming\Cursor\User\globalStorage\redhat.java\1.40.0\config_ss_win\org.eclipse.equinox.launcher\org.eclipse.equinox.launcher.win32.win32.x86_64_1.2.1200.v20250212-0927\eclipse_11909.dll

Deoptimization events (20 events):
Event: 9.334 Thread 0x000002c47a653e80 Uncommon trap: trap_request=0xffffff45 fr.pc=0x000002c4281d1f28 relative=0x0000000000000448
Event: 9.334 Thread 0x000002c47a653e80 Uncommon trap: reason=unstable_if action=reinterpret pc=0x000002c4281d1f28 method=java.lang.AbstractStringBuilder.isLatin1()Z @ 10 c2
Event: 9.334 Thread 0x000002c47a653e80 DEOPT PACKING pc=0x000002c4281d1f28 sp=0x000000c5f59fe740
Event: 9.334 Thread 0x000002c47a653e80 DEOPT UNPACKING pc=0x000002c427c33aa2 sp=0x000000c5f59fe6d0 mode 2
Event: 9.344 Thread 0x000002c47a653e80 Uncommon trap: trap_request=0xffffffc6 fr.pc=0x000002c428223968 relative=0x0000000000000a68
Event: 9.344 Thread 0x000002c47a653e80 Uncommon trap: reason=bimorphic_or_optimized_type_check action=maybe_recompile pc=0x000002c428223968 method=java.util.HashMap.putVal(ILjava/lang/Object;Ljava/lang/Object;ZZ)Ljava/lang/Object; @ 56 c2
Event: 9.344 Thread 0x000002c47a653e80 DEOPT PACKING pc=0x000002c428223968 sp=0x000000c5f59fddd0
Event: 9.344 Thread 0x000002c47a653e80 DEOPT UNPACKING pc=0x000002c427c33aa2 sp=0x000000c5f59fdd38 mode 2
Event: 9.344 Thread 0x000002c47a653e80 Uncommon trap: trap_request=0xffffffc6 fr.pc=0x000002c428223968 relative=0x0000000000000a68
Event: 9.344 Thread 0x000002c47a653e80 Uncommon trap: reason=bimorphic_or_optimized_type_check action=maybe_recompile pc=0x000002c428223968 method=java.util.HashMap.putVal(ILjava/lang/Object;Ljava/lang/Object;ZZ)Ljava/lang/Object; @ 56 c2
Event: 9.344 Thread 0x000002c47a653e80 DEOPT PACKING pc=0x000002c428223968 sp=0x000000c5f59fddd0
Event: 9.344 Thread 0x000002c47a653e80 DEOPT UNPACKING pc=0x000002c427c33aa2 sp=0x000000c5f59fdd38 mode 2
Event: 9.344 Thread 0x000002c47a653e80 Uncommon trap: trap_request=0xffffffc6 fr.pc=0x000002c428223968 relative=0x0000000000000a68
Event: 9.344 Thread 0x000002c47a653e80 Uncommon trap: reason=bimorphic_or_optimized_type_check action=maybe_recompile pc=0x000002c428223968 method=java.util.HashMap.putVal(ILjava/lang/Object;Ljava/lang/Object;ZZ)Ljava/lang/Object; @ 56 c2
Event: 9.344 Thread 0x000002c47a653e80 DEOPT PACKING pc=0x000002c428223968 sp=0x000000c5f59fddd0
Event: 9.344 Thread 0x000002c47a653e80 DEOPT UNPACKING pc=0x000002c427c33aa2 sp=0x000000c5f59fdd38 mode 2
Event: 9.378 Thread 0x000002c47a653e80 Uncommon trap: trap_request=0xffffff45 fr.pc=0x000002c4282b3d94 relative=0x0000000000000a14
Event: 9.378 Thread 0x000002c47a653e80 Uncommon trap: reason=unstable_if action=reinterpret pc=0x000002c4282b3d94 method=java.util.regex.Pattern$BmpCharPropertyGreedy.match(Ljava/util/regex/Matcher;ILjava/lang/CharSequence;)Z @ 12 c2
Event: 9.378 Thread 0x000002c47a653e80 DEOPT PACKING pc=0x000002c4282b3d94 sp=0x000000c5f59fdae0
Event: 9.378 Thread 0x000002c47a653e80 DEOPT UNPACKING pc=0x000002c427c33aa2 sp=0x000000c5f59fd9a8 mode 2

Classes loaded (20 events):
Event: 9.368 Loading class sun/util/locale/provider/TimeZoneNameUtility done
Event: 9.368 Loading class sun/util/locale/provider/TimeZoneNameUtility$TimeZoneNameGetter
Event: 9.368 Loading class sun/util/locale/provider/TimeZoneNameUtility$TimeZoneNameGetter done
Event: 9.369 Loading class sun/util/cldr/CLDRTimeZoneNameProviderImpl
Event: 9.369 Loading class sun/util/locale/provider/TimeZoneNameProviderImpl
Event: 9.370 Loading class sun/util/locale/provider/TimeZoneNameProviderImpl done
Event: 9.370 Loading class sun/util/cldr/CLDRTimeZoneNameProviderImpl done
Event: 9.372 Loading class sun/util/locale/provider/BaseLocaleDataMetaInfo
Event: 9.372 Loading class sun/util/locale/provider/BaseLocaleDataMetaInfo done
Event: 9.379 Loading class sun/util/resources/cldr/TimeZoneNames
Event: 9.379 Loading class sun/util/resources/TimeZoneNamesBundle
Event: 9.379 Loading class sun/util/resources/OpenListResourceBundle
Event: 9.379 Loading class sun/util/resources/OpenListResourceBundle done
Event: 9.379 Loading class sun/util/resources/TimeZoneNamesBundle done
Event: 9.379 Loading class sun/util/resources/cldr/TimeZoneNames done
Event: 9.379 Loading class sun/util/resources/cldr/TimeZoneNames_en
Event: 9.382 Loading class sun/util/resources/cldr/TimeZoneNames_en done
Event: 9.382 Loading class sun/util/resources/cldr/TimeZoneNames_en_US
Event: 9.382 Loading class sun/util/resources/cldr/TimeZoneNames_en_US done
Event: 9.385 Loading class sun/util/cldr/CLDRBaseLocaleDataMetaInfo$TZCanonicalIDMapHolder

Classes unloaded (0 events):
No events

Classes redefined (0 events):
No events

Internal exceptions (20 events):
Event: 6.065 Thread 0x000002c47a653e80 Exception <a 'java/lang/NoSuchMethodError'{0x00000000d6d0ded8}: 'void java.lang.invoke.Invokers$Holder.invokeExact_MT(java.lang.Object, java.lang.Object, java.lang.Object, java.lang.Object)'> (0x00000000d6d0ded8) 
thrown [s\src\hotspot\share\interpreter\linkResolver.cpp, line 773]
Event: 6.130 Thread 0x000002c47a653e80 Exception <a 'java/io/FileNotFoundException'{0x00000000d6e5e5b8}> (0x00000000d6e5e5b8) 
thrown [s\src\hotspot\share\prims\jni.cpp, line 520]
Event: 6.131 Thread 0x000002c47a653e80 Exception <a 'java/io/FileNotFoundException'{0x00000000d6e65960}> (0x00000000d6e65960) 
thrown [s\src\hotspot\share\prims\jni.cpp, line 520]
Event: 6.252 Thread 0x000002c47a653e80 Exception <a 'java/lang/NoSuchMethodError'{0x00000000d59e36d0}: 'java.lang.Object java.lang.invoke.DirectMethodHandle$Holder.newInvokeSpecial(java.lang.Object, java.lang.Object, java.lang.Object, java.lang.Object, java.lang.Object)'> (0x00000000d59e36d0) 
thrown [s\src\hotspot\share\interpreter\linkResolver.cpp, line 773]
Event: 6.277 Thread 0x000002c47a653e80 Exception <a 'java/lang/NoSuchMethodError'{0x00000000d5acd5c8}: 'java.lang.Object java.lang.invoke.DirectMethodHandle$Holder.invokeSpecial(java.lang.Object, java.lang.Object, java.lang.Object, long, java.lang.Object)'> (0x00000000d5acd5c8) 
thrown [s\src\hotspot\share\interpreter\linkResolver.cpp, line 773]
Event: 6.278 Thread 0x000002c47a653e80 Exception <a 'java/lang/NoSuchMethodError'{0x00000000d5ad4d58}: 'java.lang.Object java.lang.invoke.DirectMethodHandle$Holder.newInvokeSpecial(java.lang.Object, java.lang.Object, java.lang.Object, long)'> (0x00000000d5ad4d58) 
thrown [s\src\hotspot\share\interpreter\linkResolver.cpp, line 773]
Event: 6.279 Thread 0x000002c47a653e80 Exception <a 'java/lang/NoSuchMethodError'{0x00000000d5ad89d8}: 'java.lang.Object java.lang.invoke.Invokers$Holder.linkToTargetMethod(java.lang.Object, java.lang.Object, long, java.lang.Object)'> (0x00000000d5ad89d8) 
thrown [s\src\hotspot\share\interpreter\linkResolver.cpp, line 773]
Event: 6.289 Thread 0x000002c47a653e80 Exception <a 'java/lang/NoSuchMethodError'{0x00000000d5b33d40}: 'int java.lang.invoke.DirectMethodHandle$Holder.invokeStaticInit(java.lang.Object, java.lang.Object, java.lang.Object)'> (0x00000000d5b33d40) 
thrown [s\src\hotspot\share\interpreter\linkResolver.cpp, line 773]
Event: 6.340 Thread 0x000002c47a653e80 Exception <a 'java/lang/IncompatibleClassChangeError'{0x00000000d5d39560}: Found class java.lang.Object, but interface was expected> (0x00000000d5d39560) 
thrown [s\src\hotspot\share\interpreter\linkResolver.cpp, line 840]
Event: 6.341 Thread 0x000002c47a653e80 Exception <a 'java/lang/NoSuchMethodError'{0x00000000d5d3ceb8}: 'java.lang.Object java.lang.invoke.DirectMethodHandle$Holder.invokeSpecial(java.lang.Object, java.lang.Object, java.lang.Object, int, java.lang.Object, java.lang.Object)'> (0x00000000d5d3ceb8) 
thrown [s\src\hotspot\share\interpreter\linkResolver.cpp, line 773]
Event: 6.342 Thread 0x000002c47a653e80 Exception <a 'java/lang/NoSuchMethodError'{0x00000000d5d44750}: 'java.lang.Object java.lang.invoke.DirectMethodHandle$Holder.newInvokeSpecial(java.lang.Object, java.lang.Object, java.lang.Object, int, java.lang.Object)'> (0x00000000d5d44750) 
thrown [s\src\hotspot\share\interpreter\linkResolver.cpp, line 773]
Event: 6.342 Thread 0x000002c47a653e80 Exception <a 'java/lang/NoSuchMethodError'{0x00000000d5d48240}: 'java.lang.Object java.lang.invoke.Invokers$Holder.linkToTargetMethod(java.lang.Object, java.lang.Object, int, java.lang.Object, java.lang.Object)'> (0x00000000d5d48240) 
thrown [s\src\hotspot\share\interpreter\linkResolver.cpp, line 773]
Event: 6.344 Thread 0x000002c47a9af520 Exception <a 'java/lang/NoSuchMethodError'{0x00000000d5b5a118}: 'java.lang.Object java.lang.invoke.DirectMethodHandle$Holder.invokeSpecial(java.lang.Object, java.lang.Object, int, java.lang.Object, java.lang.Object)'> (0x00000000d5b5a118) 
thrown [s\src\hotspot\share\interpreter\linkResolver.cpp, line 773]
Event: 6.345 Thread 0x000002c47a9af520 Exception <a 'java/lang/NoSuchMethodError'{0x00000000d5b60e50}: 'java.lang.Object java.lang.invoke.DirectMethodHandle$Holder.newInvokeSpecial(java.lang.Object, java.lang.Object, int, java.lang.Object)'> (0x00000000d5b60e50) 
thrown [s\src\hotspot\share\interpreter\linkResolver.cpp, line 773]
Event: 6.391 Thread 0x000002c47a653e80 Exception <a 'java/lang/NoSuchMethodError'{0x00000000d5e67080}: 'void java.lang.invoke.DirectMethodHandle$Holder.invokeSpecial(java.lang.Object, java.lang.Object, java.lang.Object, java.lang.Object, java.lang.Object)'> (0x00000000d5e67080) 
thrown [s\src\hotspot\share\interpreter\linkResolver.cpp, line 773]
Event: 6.532 Thread 0x000002c47a653e80 Exception <a 'java/lang/NoSuchMethodError'{0x00000000d6129c28}: 'double java.lang.invoke.DirectMethodHandle$Holder.invokeStatic(java.lang.Object, java.lang.Object)'> (0x00000000d6129c28) 
thrown [s\src\hotspot\share\interpreter\linkResolver.cpp, line 773]
Event: 6.536 Thread 0x000002c47a653e80 Exception <a 'java/lang/NoSuchMethodError'{0x00000000d612d2e8}: 'double java.lang.invoke.DirectMethodHandle$Holder.invokeStaticInit(java.lang.Object, java.lang.Object)'> (0x00000000d612d2e8) 
thrown [s\src\hotspot\share\interpreter\linkResolver.cpp, line 773]
Event: 7.381 Thread 0x000002c47a653e80 Implicit null exception at 0x000002c42828f875 to 0x000002c42828f968
Event: 8.483 Thread 0x000002c47a653e80 Exception <a 'java/lang/NoSuchMethodError'{0x00000000d65f5688}: 'java.lang.Object java.lang.invoke.DirectMethodHandle$Holder.newInvokeSpecial(java.lang.Object, int, java.lang.Object, java.lang.Object)'> (0x00000000d65f5688) 
thrown [s\src\hotspot\share\interpreter\linkResolver.cpp, line 773]
Event: 9.365 Thread 0x000002c47a653e80 Exception <a 'sun/nio/fs/WindowsException'{0x00000000d68cd728}> (0x00000000d68cd728) 
thrown [s\src\hotspot\share\prims\jni.cpp, line 520]

ZGC Phase Switch (0 events):
No events

VM Operations (20 events):
Event: 5.607 Executing VM operation: HandshakeAllThreads (Deoptimize) done
Event: 6.133 Executing VM operation: ParallelGCFailedAllocation (Allocation Failure)
Event: 6.139 Executing VM operation: ParallelGCFailedAllocation (Allocation Failure) done
Event: 6.298 Executing VM operation: HandshakeAllThreads (Deoptimize)
Event: 6.298 Executing VM operation: HandshakeAllThreads (Deoptimize) done
Event: 6.325 Executing VM operation: HandshakeAllThreads (Deoptimize)
Event: 6.325 Executing VM operation: HandshakeAllThreads (Deoptimize) done
Event: 6.768 Executing VM operation: ParallelGCFailedAllocation (Allocation Failure)
Event: 6.775 Executing VM operation: ParallelGCFailedAllocation (Allocation Failure) done
Event: 7.765 Executing VM operation: ParallelGCFailedAllocation (Allocation Failure)
Event: 7.777 Executing VM operation: ParallelGCFailedAllocation (Allocation Failure) done
Event: 8.360 Executing VM operation: HandshakeAllThreads (Deoptimize)
Event: 8.360 Executing VM operation: HandshakeAllThreads (Deoptimize) done
Event: 8.633 Executing VM operation: HandshakeAllThreads (Deoptimize)
Event: 9.332 Executing VM operation: HandshakeAllThreads (Deoptimize) done
Event: 9.332 Executing VM operation: Cleanup
Event: 9.332 Executing VM operation: Cleanup done
Event: 9.343 Executing VM operation: HandshakeAllThreads (Deoptimize)
Event: 9.343 Executing VM operation: HandshakeAllThreads (Deoptimize) done
Event: 9.386 Executing VM operation: CollectForMetadataAllocation (Metadata GC Threshold)

Memory protections (0 events):
No events

Nmethod flushes (0 events):
No events

Events (20 events):
Event: 0.769 Thread 0x000002c41d4b2e50 Thread added: 0x000002c475d7f710
Event: 0.795 Thread 0x000002c433f0a5a0 Thread added: 0x000002c475ede390
Event: 2.698 Thread 0x000002c475ede390 Thread exited: 0x000002c475ede390
Event: 2.802 Thread 0x000002c433e995e0 Thread added: 0x000002c47a7bd570
Event: 3.346 Thread 0x000002c47a7bd570 Thread exited: 0x000002c47a7bd570
Event: 3.519 Thread 0x000002c433f0a5a0 Thread added: 0x000002c475e48070
Event: 3.719 Thread 0x000002c475e48070 Thread exited: 0x000002c475e48070
Event: 3.741 Thread 0x000002c41d4b2e50 Thread added: 0x000002c47a7a1e20
Event: 4.425 Thread 0x000002c41d4b2e50 Thread added: 0x000002c47a64df30
Event: 4.505 Thread 0x000002c41d4b2e50 Thread added: 0x000002c47a653e80
Event: 4.674 Thread 0x000002c47a653e80 Thread added: 0x000002c47a755c20
Event: 4.936 Thread 0x000002c47a653e80 Thread added: 0x000002c47aa42430
Event: 5.187 Thread 0x000002c433f0a5a0 Thread added: 0x000002c47aa8fd50
Event: 5.515 Thread 0x000002c47aa8fd50 Thread exited: 0x000002c47aa8fd50
Event: 5.781 Thread 0x000002c47a653e80 Thread added: 0x000002c47a635d40
Event: 6.283 Thread 0x000002c47a653e80 Thread added: 0x000002c47a9af520
Event: 6.344 Thread 0x000002c47a653e80 Thread added: 0x000002c47a423f60
Event: 8.047 Thread 0x000002c433f0a5a0 Thread added: 0x000002c47b2a8ed0
Event: 8.467 Thread 0x000002c47a653e80 Thread added: 0x000002c47be15640
Event: 9.338 Thread 0x000002c47b2a8ed0 Thread exited: 0x000002c47b2a8ed0


Dynamic libraries:
0x00007ff6da230000 - 0x00007ff6da23e000 	c:\Users\brayo\.cursor\extensions\redhat.java-1.40.0-win32-x64\jre\21.0.6-win32-x86_64\bin\java.exe
0x00007ff80f190000 - 0x00007ff80f388000 	C:\WINDOWS\SYSTEM32\ntdll.dll
0x00007ff80e8c0000 - 0x00007ff80e982000 	C:\WINDOWS\System32\KERNEL32.DLL
0x00007ff80cb40000 - 0x00007ff80ce3f000 	C:\WINDOWS\System32\KERNELBASE.dll
0x00007ff80ce70000 - 0x00007ff80cf70000 	C:\WINDOWS\System32\ucrtbase.dll
0x00007fffe1c60000 - 0x00007fffe1c78000 	c:\Users\brayo\.cursor\extensions\redhat.java-1.40.0-win32-x64\jre\21.0.6-win32-x86_64\bin\jli.dll
0x00007ff80e990000 - 0x00007ff80eb2d000 	C:\WINDOWS\System32\USER32.dll
0x00007ff80ca60000 - 0x00007ff80ca82000 	C:\WINDOWS\System32\win32u.dll
0x00007ff80d220000 - 0x00007ff80d24b000 	C:\WINDOWS\System32\GDI32.dll
0x00007ff80c940000 - 0x00007ff80ca5a000 	C:\WINDOWS\System32\gdi32full.dll
0x00007ff80c830000 - 0x00007ff80c8cd000 	C:\WINDOWS\System32\msvcp_win.dll
0x00007fffddc10000 - 0x00007fffddc2e000 	c:\Users\brayo\.cursor\extensions\redhat.java-1.40.0-win32-x64\jre\21.0.6-win32-x86_64\bin\VCRUNTIME140.dll
0x00007ffff6230000 - 0x00007ffff64ca000 	C:\WINDOWS\WinSxS\amd64_microsoft.windows.common-controls_6595b64144ccf1df_6.0.19041.4355_none_60b8b9eb71f62e16\COMCTL32.dll
0x00007ff80e820000 - 0x00007ff80e8be000 	C:\WINDOWS\System32\msvcrt.dll
0x00007ff80d450000 - 0x00007ff80d47f000 	C:\WINDOWS\System32\IMM32.DLL
0x00007fffe1c50000 - 0x00007fffe1c5c000 	c:\Users\brayo\.cursor\extensions\redhat.java-1.40.0-win32-x64\jre\21.0.6-win32-x86_64\bin\vcruntime140_1.dll
0x00007fffcc060000 - 0x00007fffcc0ed000 	c:\Users\brayo\.cursor\extensions\redhat.java-1.40.0-win32-x64\jre\21.0.6-win32-x86_64\bin\msvcp140.dll
0x00007fffb71c0000 - 0x00007fffb7f50000 	c:\Users\brayo\.cursor\extensions\redhat.java-1.40.0-win32-x64\jre\21.0.6-win32-x86_64\bin\server\jvm.dll
0x00007ff80dea0000 - 0x00007ff80df4f000 	C:\WINDOWS\System32\ADVAPI32.dll
0x00007ff80d5c0000 - 0x00007ff80d65f000 	C:\WINDOWS\System32\sechost.dll
0x00007ff80dd70000 - 0x00007ff80de93000 	C:\WINDOWS\System32\RPCRT4.dll
0x00007ff80ce40000 - 0x00007ff80ce67000 	C:\WINDOWS\System32\bcrypt.dll
0x00007ff80e7b0000 - 0x00007ff80e81b000 	C:\WINDOWS\System32\WS2_32.dll
0x00007ff80c690000 - 0x00007ff80c6db000 	C:\WINDOWS\SYSTEM32\POWRPROF.dll
0x00007ffff0c10000 - 0x00007ffff0c37000 	C:\WINDOWS\SYSTEM32\WINMM.dll
0x00007ff801e80000 - 0x00007ff801e8a000 	C:\WINDOWS\SYSTEM32\VERSION.dll
0x00007ff80c670000 - 0x00007ff80c682000 	C:\WINDOWS\SYSTEM32\UMPDC.dll
0x00007ff80b010000 - 0x00007ff80b022000 	C:\WINDOWS\SYSTEM32\kernel.appcore.dll
0x00007fffde3b0000 - 0x00007fffde3ba000 	c:\Users\brayo\.cursor\extensions\redhat.java-1.40.0-win32-x64\jre\21.0.6-win32-x86_64\bin\jimage.dll
0x00007ff807380000 - 0x00007ff807564000 	C:\WINDOWS\SYSTEM32\DBGHELP.DLL
0x00007fffecb40000 - 0x00007fffecb74000 	C:\WINDOWS\SYSTEM32\dbgcore.DLL
0x00007ff80cf70000 - 0x00007ff80cff2000 	C:\WINDOWS\System32\bcryptPrimitives.dll
0x00007ff805ef0000 - 0x00007ff805eff000 	c:\Users\brayo\.cursor\extensions\redhat.java-1.40.0-win32-x64\jre\21.0.6-win32-x86_64\bin\instrument.dll
0x00007fffd5a30000 - 0x00007fffd5a4f000 	c:\Users\brayo\.cursor\extensions\redhat.java-1.40.0-win32-x64\jre\21.0.6-win32-x86_64\bin\java.dll
0x00007ff80dfb0000 - 0x00007ff80e71d000 	C:\WINDOWS\System32\SHELL32.dll
0x00007ff807710000 - 0x00007ff807eb4000 	C:\WINDOWS\SYSTEM32\windows.storage.dll
0x00007ff80d780000 - 0x00007ff80dad5000 	C:\WINDOWS\System32\combase.dll
0x00007ff80c0b0000 - 0x00007ff80c0db000 	C:\WINDOWS\SYSTEM32\Wldp.dll
0x00007ff80d380000 - 0x00007ff80d44d000 	C:\WINDOWS\System32\OLEAUT32.dll
0x00007ff80d500000 - 0x00007ff80d5ad000 	C:\WINDOWS\System32\SHCORE.dll
0x00007ff80df50000 - 0x00007ff80dfa5000 	C:\WINDOWS\System32\shlwapi.dll
0x00007ff80c760000 - 0x00007ff80c785000 	C:\WINDOWS\SYSTEM32\profapi.dll
0x00007fffd5160000 - 0x00007fffd5178000 	c:\Users\brayo\.cursor\extensions\redhat.java-1.40.0-win32-x64\jre\21.0.6-win32-x86_64\bin\zip.dll
0x00007fffddc00000 - 0x00007fffddc10000 	C:\Users\brayo\.cursor\extensions\redhat.java-1.40.0-win32-x64\jre\21.0.6-win32-x86_64\bin\net.dll
0x00007ffffafb0000 - 0x00007ffffb0ba000 	C:\WINDOWS\SYSTEM32\WINHTTP.dll
0x00007ff80be90000 - 0x00007ff80befc000 	C:\WINDOWS\system32\mswsock.dll
0x00007fffd5140000 - 0x00007fffd5156000 	C:\Users\brayo\.cursor\extensions\redhat.java-1.40.0-win32-x64\jre\21.0.6-win32-x86_64\bin\nio.dll
0x00007ff801770000 - 0x00007ff801780000 	c:\Users\brayo\.cursor\extensions\redhat.java-1.40.0-win32-x64\jre\21.0.6-win32-x86_64\bin\verify.dll
0x00007fffe16c0000 - 0x00007fffe1705000 	C:\Users\brayo\AppData\Roaming\Cursor\User\globalStorage\redhat.java\1.40.0\config_ss_win\org.eclipse.equinox.launcher\org.eclipse.equinox.launcher.win32.win32.x86_64_1.2.1200.v20250212-0927\eclipse_11909.dll
0x00007ff80d250000 - 0x00007ff80d37b000 	C:\WINDOWS\System32\ole32.dll

dbghelp: loaded successfully - version: 4.0.5 - missing functions: none
symbol engine: initialized successfully - sym options: 0x614 - pdb path: .;c:\Users\brayo\.cursor\extensions\redhat.java-1.40.0-win32-x64\jre\21.0.6-win32-x86_64\bin;C:\WINDOWS\SYSTEM32;C:\WINDOWS\WinSxS\amd64_microsoft.windows.common-controls_6595b64144ccf1df_6.0.19041.4355_none_60b8b9eb71f62e16;c:\Users\brayo\.cursor\extensions\redhat.java-1.40.0-win32-x64\jre\21.0.6-win32-x86_64\bin\server;C:\Users\brayo\AppData\Roaming\Cursor\User\globalStorage\redhat.java\1.40.0\config_ss_win\org.eclipse.equinox.launcher\org.eclipse.equinox.launcher.win32.win32.x86_64_1.2.1200.v20250212-0927

VM Arguments:
jvm_args: --add-modules=ALL-SYSTEM --add-opens=java.base/java.util=ALL-UNNAMED --add-opens=java.base/java.lang=ALL-UNNAMED --add-opens=java.base/sun.nio.fs=ALL-UNNAMED -Declipse.application=org.eclipse.jdt.ls.core.id1 -Dosgi.bundles.defaultStartLevel=4 -Declipse.product=org.eclipse.jdt.ls.core.product -Djava.import.generatesMetadataFilesAtProjectRoot=false -DDetectVMInstallationsJob.disabled=true -Dfile.encoding=utf8 -XX:+UseParallelGC -XX:GCTimeRatio=4 -XX:AdaptiveSizePolicyWeight=90 -Dsun.zip.disableMemoryMapping=true -Xmx2G -Xms100m -Xlog:disable -javaagent:c:\Users\brayo\.cursor\extensions\redhat.java-1.40.0-win32-x64\lombok\lombok-1.18.36.jar 
java_command: c:\Users\brayo\.cursor\extensions\redhat.java-1.40.0-win32-x64\server\plugins\org.eclipse.equinox.launcher_1.6.1000.v20250131-0606.jar -configuration c:\Users\brayo\AppData\Roaming\Cursor\User\globalStorage\redhat.java\1.40.0\config_ss_win -data c:\Users\brayo\AppData\Roaming\Cursor\User\workspaceStorage\6a9d32d0bda6eee6e574a8260a704510\redhat.java\ss_ws --pipe=\\.\pipe\lsp-57d49b2df68f193a08a9658e91e27119-sock
java_class_path (initial): c:\Users\brayo\.cursor\extensions\redhat.java-1.40.0-win32-x64\server\plugins\org.eclipse.equinox.launcher_1.6.1000.v20250131-0606.jar
Launcher Type: SUN_STANDARD

[Global flags]
    uintx AdaptiveSizePolicyWeight                 = 90                                        {product} {command line}
     intx CICompilerCount                          = 3                                         {product} {ergonomic}
    uintx GCTimeRatio                              = 4                                         {product} {command line}
   size_t InitialHeapSize                          = 104857600                                 {product} {command line}
   size_t MaxHeapSize                              = 2147483648                                {product} {command line}
   size_t MaxNewSize                               = 715653120                                 {product} {ergonomic}
   size_t MinHeapDeltaBytes                        = 524288                                    {product} {ergonomic}
   size_t MinHeapSize                              = 104857600                                 {product} {command line}
   size_t NewSize                                  = 34603008                                  {product} {ergonomic}
    uintx NonNMethodCodeHeapSize                   = 5832780                                {pd product} {ergonomic}
    uintx NonProfiledCodeHeapSize                  = 122912730                              {pd product} {ergonomic}
   size_t OldSize                                  = 70254592                                  {product} {ergonomic}
    uintx ProfiledCodeHeapSize                     = 122912730                              {pd product} {ergonomic}
    uintx ReservedCodeCacheSize                    = 251658240                              {pd product} {ergonomic}
     bool SegmentedCodeCache                       = true                                      {product} {ergonomic}
   size_t SoftMaxHeapSize                          = 2147483648                             {manageable} {ergonomic}
     bool UseCompressedOops                        = true                           {product lp64_product} {ergonomic}
     bool UseLargePagesIndividualAllocation        = false                                  {pd product} {ergonomic}
     bool UseParallelGC                            = true                                      {product} {command line}

Logging:
Log output configuration:
 #0: stdout all=off uptime,level,tags foldmultilines=false
 #1: stderr all=off uptime,level,tags foldmultilines=false

Environment Variables:
JAVA_HOME=C:\Program Files\Java\jdk-23
PATH=C:\Program Files\Google\Chrome\Application;C:\Program Files\Common Files\Oracle\Java\javapath;c:\Users\brayo\AppData\Local\Programs\cursor\resources\app\bin;C:\WINDOWS\system32;C:\WINDOWS;C:\WINDOWS\System32\Wbem;C:\WINDOWS\System32\WindowsPowerShell\v1.0\;C:\WINDOWS\System32\OpenSSH\;C:\Users\brayo\AppData\Local\Microsoft\WindowsApps;c:\Users\brayo\AppData\Local\Programs\cursor\resources\app\bin;C:\Program Files\MySQL\MySQL Server 8.0\bin;C:\Program Files\Java\jdk-23\bin;C:\Program Files\Java\jdk-23\bin;C:\Program Files\Git\cmd;C:\Users\brayo\AppData\Local\Android\Sdk\cmdline-tools\latest\bin;C:\Users\brayo\Documents\cmdline-tools\bin;C:\Users\brayo\Documents\flutter\bin;C:\Gradle\gradle-8.13\bin;C:\Program Files\nodejs;C:\Program Files\MongoDB\Server\8.0\bin;C:\Program Files\Common Files\Oracle\Java\javapath;c:\Users\brayo\AppData\Local\Programs\cursor\resources\app\bin;C:\WINDOWS\system32;C:\WINDOWS;C:\WINDOWS\System32\Wbem;C:\WINDOWS\System32\WindowsPowerShell\v1.0\;C:\WINDOWS\System32\OpenSSH\;C:\Users\brayo\AppData\Local\Microsoft\WindowsApps;c:\Users\brayo\AppData\Local\Programs\cursor\resources\app\bin;C:\Program Files\MySQL\MySQL Server 8.0\bin;C:\Program Files\Java\jdk-23\bin;C:\Program Files\Java\jdk-23\bin;C:\Program Files\Git\cmd;C:\Users\brayo\AppData\Local\Android\Sdk\cmdline-tools\latest\bin;C:\Users\brayo\Documents\cmdline-tools\bin;C:\Users\brayo\Documents\flutter\bin;C:\Gradle\gradle-8.13\bin;C:\Program Files\Common Files\Oracle\Java\javapath;c:\Users\brayo\AppData\Local\Programs\cursor\resources\app\bin;C:\WINDOWS\system32;C:\WINDOWS;C:\WINDOWS\System32\Wbem;C:\WINDOWS\System32\WindowsPowerShell\v1.0\;C:\WINDOWS\System32\OpenSSH\;C:\Users\brayo\AppData\Local\Microsoft\WindowsApps;C:\Program Files\MySQL\MySQL Server 8.0\bin;C:\Program Files\Java\jdk-23\bin;C:\Program Files\Git\cmd;C:\Users\brayo\AppData\Local\Android\Sdk\cmdline-tools\latest\bin;C:\Users\brayo\Documents\cmdline-tools\bin;C:\Users\brayo\Documents\flutter\bin;C:\Users\brayo\Downloads\Flutter-Counter-Clone-master\.venv\Scripts\;C:\platform-tools;C:\Users\brayo\AppData\Local\Programs\Python\Python313\Scripts\;C:\Users\brayo\AppData\Local\Programs\Python\Python313\;C:\Users\brayo\AppData\Local\Programs\Python\Launcher\;C:\Users\brayo\AppData\Local\Programs\Microsoft VS Code\bin;C:\Program Files\JetBrains\DataGrip 2024.3.4\bin;C:\Users\brayo\AppData\Local\Programs\cursor\resources\app\bin;C:\Program Files\nodejs;C:\Users\brayo\AppData\Local\Programs\mongosh\
USERNAME=brayo
OS=Windows_NT
PROCESSOR_IDENTIFIER=Intel64 Family 6 Model 78 Stepping 3, GenuineIntel
TMP=C:\Users\brayo\AppData\Local\Temp
TEMP=C:\Users\brayo\AppData\Local\Temp




Periodic native trim disabled

---------------  S Y S T E M  ---------------

OS:
 Windows 10 , 64 bit Build 19041 (10.0.19041.5438)
OS uptime: 0 days 7:17 hours
Hyper-V role detected

CPU: total 4 (initial active 4) (2 cores per cpu, 2 threads per core) family 6 model 78 stepping 3 microcode 0xcc, cx8, cmov, fxsr, ht, mmx, 3dnowpref, sse, sse2, sse3, ssse3, sse4.1, sse4.2, popcnt, lzcnt, tsc, tscinvbit, avx, avx2, aes, erms, clmul, bmi1, bmi2, rtm, adx, fma, vzeroupper, clflush, clflushopt, hv, rdtscp, f16c
Processor Information for the first 4 processors :
  Max Mhz: 2496, Current Mhz: 2396, Mhz Limit: 2396

Memory: 4k page, system-wide physical 12168M (3509M free)
TotalPageFile size 20360M (AvailPageFile size 5370M)
current process WorkingSet (physical memory assigned to process): 139M, peak: 143M
current process commit charge ("private bytes"): 266M, peak: 275M

vm_info: OpenJDK 64-Bit Server VM (21.0.6+7-LTS) for windows-amd64 JRE (21.0.6+7-LTS), built on 2025-01-21T00:00:00Z by "admin" with MS VC++ 17.7 (VS2022)

END.
