#
# A fatal error has been detected by the Java Runtime Environment:
#
#  EXCEPTION_ACCESS_VIOLATION (0xc0000005) at pc=0x00007ffcd62c4cf9, pid=10916, tid=16220
#
# JRE version: Java(TM) SE Runtime Environment (17.0.14+8) (build 17.0.14+8-LTS-191)
# Java VM: Java HotSpot(TM) 64-Bit Server VM (17.0.14+8-LTS-191, mixed mode, sharing, tiered, compressed oops, compressed class ptrs, g1 gc, windows-amd64)
# Problematic frame:
# V  [jvm.dll+0x304cf9]
#
# No core dump will be written. Minidumps are not enabled by default on client versions of Windows
#
# If you would like to submit a bug report, please visit:
#   https://bugreport.java.com/bugreport/crash.jsp
#

---------------  S U M M A R Y ------------

Command Line: -XX:MaxMetaspaceSize=4G -XX:ReservedCodeCacheSize=512m -XX:+HeapDumpOnOutOfMemoryError --add-opens=java.base/java.util=ALL-UNNAMED --add-opens=java.base/java.lang=ALL-UNNAMED --add-opens=java.base/java.lang.invoke=ALL-UNNAMED --add-opens=java.prefs/java.util.prefs=ALL-UNNAMED --add-exports=jdk.compiler/com.sun.tools.javac.api=ALL-UNNAMED --add-exports=jdk.compiler/com.sun.tools.javac.util=ALL-UNNAMED --add-opens=java.base/java.nio.charset=ALL-UNNAMED --add-opens=java.base/java.net=ALL-UNNAMED --add-opens=java.base/java.util.concurrent.atomic=ALL-UNNAMED -Xmx8G -Dfile.encoding=utf8 -Duser.country=US -Duser.language=en -Duser.variant -javaagent:C:\Users\brayo\.gradle\wrapper\dists\gradle-8.10.2-all\7iv73wktx1xtkvlq19urqw1wm\gradle-8.10.2\lib\agents\gradle-instrumentation-agent-8.10.2.jar org.gradle.launcher.daemon.bootstrap.GradleDaemon 8.10.2

Host: Intel(R) Core(TM) i5-6300U CPU @ 2.40GHz, 4 cores, 11G,  Windows 10 , 64 bit Build 19041 (10.0.19041.5794)
Time: Thu May 22 15:23:07 2025 E. Africa Standard Time elapsed time: 180.189672 seconds (0d 0h 3m 0s)

---------------  T H R E A D  ---------------

Current thread (0x0000021255b32280):  GCTaskThread "GC Thread#1" [stack: 0x0000009652d00000,0x0000009652e00000] [id=16220]

Stack: [0x0000009652d00000,0x0000009652e00000],  sp=0x0000009652dff6b0,  free space=1021k
Native frames: (J=compiled Java code, j=interpreted, Vv=VM code, C=native code)
V  [jvm.dll+0x304cf9]
V  [jvm.dll+0x3019fe]
V  [jvm.dll+0x310203]
V  [jvm.dll+0x31201b]
V  [jvm.dll+0x3107fd]
V  [jvm.dll+0x311bca]
V  [jvm.dll+0x2dc753]
V  [jvm.dll+0x2ddffb]
V  [jvm.dll+0x80862b]
V  [jvm.dll+0x808676]
V  [jvm.dll+0x78b04a]
V  [jvm.dll+0x679275]
C  [ucrtbase.dll+0x21bb2]
C  [KERNEL32.DLL+0x17374]
C  [ntdll.dll+0x4cc91]


siginfo: EXCEPTION_ACCESS_VIOLATION (0xc0000005), reading address 0x0000000000000800


Registers:
RAX=0x0000000000000000, RBX=0x000000060ec466c1, RCX=0x0000000000000016, RDX=0x0000000000000000
RSP=0x0000009652dff6b0, RBP=0x00000000000010a2, RSI=0x000000060ec466c0, RDI=0x00000212a01e5eb0
R8 =0x000000060ec466b0, R9 =0x00007ffcd5fc0000, R10=0x0000000000000800, R11=0x0000000000000001
R12=0x0000009652dff910, R13=0x000002121878c360, R14=0x0000000000000040, R15=0x0000000000000000
RIP=0x00007ffcd62c4cf9, EFLAGS=0x0000000000010246


Register to memory mapping:

RIP=0x00007ffcd62c4cf9 jvm.dll
RAX=0x0 is NULL
RBX=0x000000060ec466c1 is pointing into object: java.util.LinkedHashMap 
{0x000000060ec466b0} - klass: 'java/util/LinkedHashMap'
 - ---- fields (total size 7 words):
 - transient 'keySet' 'Ljava/util/Set;' @12  NULL (0)
 - transient 'values' 'Ljava/util/Collection;' @16  
[error occurred during error reporting (printing register info), id 0xc0000005, EXCEPTION_ACCESS_VIOLATION (0xc0000005) at pc=0x00007ffcd634ed7e]

Top of Stack: (sp=0x0000009652dff6b0)
0x0000009652dff6b0:   0000000614b00000 0000000000000001
0x0000009652dff6c0:   0000000000000008 0000000000000001
0x0000009652dff6d0:   00000212411d1900 0000000000000001
0x0000009652dff6e0:   0000000000000040 0000009652dff910
0x0000009652dff6f0:   0000000608320800 00007ffcd62c19fe
0x0000009652dff700:   00000006082a2000 00000212a01e5eb0
0x0000009652dff710:   000002121878c360 00000212411d1900
0x0000009652dff720:   000000006b629e16 00000068af9e9462
0x0000009652dff730:   0000009652dff910 0000000608320800
0x0000009652dff740:   0000000608320a18 00007ffcd62d0203
0x0000009652dff750:   0000000608320800 0000009652dff770
0x0000009652dff760:   0000009652dff780 0000009652dff910
0x0000009652dff770:   0000000608320800 0000000000000040
0x0000009652dff780:   00007ffcd68c0eb8 0000000000000000
0x0000009652dff790:   00000212187aeca0 00000212a01e5eb0
0x0000009652dff7a0:   00000212411d1940 00007ffcd62d201b 

Instructions: (pc=0x00007ffcd62c4cf9)
0x00007ffcd62c4bf9:   ff 48 8d 53 fe 48 8b cf e8 aa f6 ff ff e9 35 fd
0x00007ffcd62c4c09:   ff ff 0f 1f 44 00 00 48 8b 77 10 8b ae 80 00 00
0x00007ffcd62c4c19:   00 8b cd 8b 86 00 01 00 00 2b c8 81 e1 ff ff 01
0x00007ffcd62c4c29:   00 41 3b ce 0f 86 e9 02 00 00 ff cd 81 e5 ff ff
0x00007ffcd62c4c39:   01 00 89 ae 80 00 00 00 e8 fa 6e 36 00 90 8b d5
0x00007ffcd62c4c49:   8b 86 00 01 00 00 8b cd 48 8b 9e 80 01 00 00 2b
0x00007ffcd62c4c59:   c8 81 e1 ff ff 01 00 81 f9 ff ff 01 00 48 8b 1c
0x00007ffcd62c4c69:   eb 41 0f 44 cf 85 c9 75 3d 90 89 6c 24 50 48 8b
0x00007ffcd62c4c79:   86 00 01 00 00 48 8b c8 48 c1 e9 20 ff c1 89 4c
0x00007ffcd62c4c89:   24 54 3b e8 0f 85 77 02 00 00 48 c1 e1 20 48 0b
0x00007ffcd62c4c99:   ca f0 48 0f b1 8e 00 01 00 00 0f 85 61 02 00 00
0x00007ffcd62c4ca9:   8b 86 00 01 00 00 f6 c3 01 0f 84 2f 01 00 00 8b
0x00007ffcd62c4cb9:   0d fa d5 79 00 48 8d 73 ff 48 8b 47 08 44 8b 16
0x00007ffcd62c4cc9:   49 d3 e2 4c 03 15 dd d5 79 00 8b 88 90 05 00 00
0x00007ffcd62c4cd9:   49 8b d2 48 8b 80 80 05 00 00 48 d3 ea 0f b7 14
0x00007ffcd62c4ce9:   50 0f b7 c2 66 c1 e8 08 84 c0 0f 88 17 ff ff ff
0x00007ffcd62c4cf9:   4d 8b 02 41 0f b6 c0 24 03 3c 03 75 1e 44 38 3d
0x00007ffcd62c4d09:   d4 52 80 00 74 0f 41 0f b6 c0 24 07 3c 05 75 05
0x00007ffcd62c4d19:   4d 8b c7 eb 17 49 83 e0 fc eb 11 4d 8b c8 48 8b
0x00007ffcd62c4d29:   cf 4d 8b c2 e8 be f0 ff ff 4c 8b c0 8b 0d 7d d5
0x00007ffcd62c4d39:   79 00 49 8b d0 48 2b 15 6b d5 79 00 48 d3 ea 89
0x00007ffcd62c4d49:   16 48 8b d6 8b 0d 1d 5b 80 00 49 33 d0 48 d3 ea
0x00007ffcd62c4d59:   48 85 d2 0f 84 ae fe ff ff 48 8b 47 08 48 8b d6
0x00007ffcd62c4d69:   8b 88 c0 01 00 00 48 8b 80 b0 01 00 00 48 d3 ea
0x00007ffcd62c4d79:   48 8b 0c d0 8b 81 94 00 00 00 d1 e8 a8 01 0f 85
0x00007ffcd62c4d89:   83 fe ff ff 48 8b 47 08 8b 88 90 05 00 00 48 8b
0x00007ffcd62c4d99:   80 80 05 00 00 49 d3 e8 46 38 3c 40 0f 84 65 fe
0x00007ffcd62c4da9:   ff ff 48 8b 47 60 48 c1 ee 09 48 8b 58 40 48 8b
0x00007ffcd62c4db9:   48 38 48 03 de 48 2b d9 48 39 9f b0 01 00 00 0f
0x00007ffcd62c4dc9:   84 42 fe ff ff 48 8d 14 19 48 8d 4f 18 e8 45 40
0x00007ffcd62c4dd9:   00 00 48 89 9f b0 01 00 00 e9 29 fe ff ff f6 c3
0x00007ffcd62c4de9:   03 0f 85 09 01 00 00 48 8b 47 08 4c 8b 13 49 8b 


Stack slot to memory mapping:
stack at sp + 0 slots: 0x0000000614b00000 is pointing into object: [Ljava.lang.Object; 
{0x0000000614affff0} - klass: 'java/lang/Object'[]
 - length: 8
stack at sp + 1 slots: 0x0000000000000001 is an unknown value
stack at sp + 2 slots: 0x0000000000000008 is an unknown value
stack at sp + 3 slots: 0x0000000000000001 is an unknown value
stack at sp + 4 slots: 0x00000212411d1900 points into unknown readable memory: 0xffffffffffffffff | ff ff ff ff ff ff ff ff
stack at sp + 5 slots: 0x0000000000000001 is an unknown value
stack at sp + 6 slots: 0x0000000000000040 is an unknown value
stack at sp + 7 slots: 0x0000009652dff910 points into unknown readable memory: 0x00007ffcd68c10a8 | a8 10 8c d6 fc 7f 00 00


---------------  P R O C E S S  ---------------

Threads class SMR info:
_java_thread_list=0x00000212a0b23950, length=94, elements={
0x000002121879cca0, 0x000002125575b5f0, 0x000002125575e390, 0x00000212557738c0,
0x00000212557753a0, 0x0000021255777c80, 0x0000021255778550, 0x0000021255779200,
0x000002125577a360, 0x00000212557ce880, 0x000002125597cd80, 0x0000021255a30ca0,
0x000002129c9ad010, 0x000002129c3cbfb0, 0x000002129bc38d10, 0x000002125592b5c0,
0x000002129bb45880, 0x000002129c074e10, 0x000002129c072fb0, 0x000002129c072080,
0x000002129c0743f0, 0x000002129c073ee0, 0x000002129c072590, 0x000002129c072aa0,
0x000002129c0734c0, 0x000002129c0739d0, 0x000002129c074900, 0x000002129c075320,
0x000002129c075830, 0x000002129ee93680, 0x000002129ee940a0, 0x000002129ee96410,
0x000002129ee92750, 0x000002129ee96920, 0x000002129ee94fd0, 0x000002129ee97d60,
0x000002129ee96e30, 0x000002129ee97340, 0x000002129ee91d30, 0x000002129ee92240,
0x000002129ee97850, 0x000002129ee94ac0, 0x000002129ee92c60, 0x000002129ee959f0,
0x000002129ee98270, 0x000002129ee91820, 0x000002129ee93170, 0x000002129ee90e00,
0x000002129ee93b90, 0x000002129d489570, 0x000002129d48b3d0, 0x000002129d48b8e0,
0x000002129d48aec0, 0x000002129d48bdf0, 0x000002129d48c300, 0x000002129d48c810,
0x000002129d489060, 0x000002129d489a80, 0x000002129d489f90, 0x000002129d48a4a0,
0x000002129e5c4af0, 0x000002129e5c45e0, 0x000002129e5c6440, 0x000002129e5c1d60,
0x000002129e5c5000, 0x000002129e5c91d0, 0x000002129e5c5a20, 0x000002129e5c5510,
0x000002129e5c7d90, 0x000002129e5c87b0, 0x000002129e5c6e60, 0x000002129e5c8cc0,
0x000002129e5c82a0, 0x000002129e5c6950, 0x000002129e5c3bc0, 0x000002129b059030,
0x000002129b059540, 0x000002129b0571d0, 0x000002129b058610, 0x000002129b055370,
0x000002129b0576e0, 0x000002129b059a50, 0x000002129b055880, 0x000002129b059f60,
0x000002129b054440, 0x000002129b057bf0, 0x000002129b058b20, 0x000002129b0562a0,
0x000002129b054950, 0x000002129b056cc0, 0x000002129b058100, 0x000002129b05a470,
0x000002129e5c5f30, 0x000002129fee0b20
}

Java Threads: ( => current thread )
  0x000002121879cca0 JavaThread "main" [_thread_blocked, id=16368, stack(0x0000009651a00000,0x0000009651b00000)]
  0x000002125575b5f0 JavaThread "Reference Handler" daemon [_thread_blocked, id=15984, stack(0x0000009652100000,0x0000009652200000)]
  0x000002125575e390 JavaThread "Finalizer" daemon [_thread_blocked, id=8396, stack(0x0000009652200000,0x0000009652300000)]
  0x00000212557738c0 JavaThread "Signal Dispatcher" daemon [_thread_blocked, id=16264, stack(0x0000009652300000,0x0000009652400000)]
  0x00000212557753a0 JavaThread "Attach Listener" daemon [_thread_blocked, id=12328, stack(0x0000009652400000,0x0000009652500000)]
  0x0000021255777c80 JavaThread "Service Thread" daemon [_thread_blocked, id=14640, stack(0x0000009652500000,0x0000009652600000)]
  0x0000021255778550 JavaThread "Monitor Deflation Thread" daemon [_thread_blocked, id=9040, stack(0x0000009652600000,0x0000009652700000)]
  0x0000021255779200 JavaThread "C2 CompilerThread0" daemon [_thread_blocked, id=12672, stack(0x0000009652700000,0x0000009652800000)]
  0x000002125577a360 JavaThread "C1 CompilerThread0" daemon [_thread_blocked, id=14916, stack(0x0000009652800000,0x0000009652900000)]
  0x00000212557ce880 JavaThread "Sweeper thread" daemon [_thread_blocked, id=13236, stack(0x0000009652900000,0x0000009652a00000)]
  0x000002125597cd80 JavaThread "Common-Cleaner" daemon [_thread_blocked, id=11460, stack(0x0000009652a00000,0x0000009652b00000)]
  0x0000021255a30ca0 JavaThread "Notification Thread" daemon [_thread_blocked, id=9432, stack(0x0000009652b00000,0x0000009652c00000)]
  0x000002129c9ad010 JavaThread "Daemon health stats" [_thread_blocked, id=6136, stack(0x0000009653000000,0x0000009653100000)]
  0x000002129c3cbfb0 JavaThread "Incoming local TCP Connector on port 54035" [_thread_in_native, id=15572, stack(0x0000009653100000,0x0000009653200000)]
  0x000002129bc38d10 JavaThread "Daemon periodic checks" [_thread_blocked, id=7740, stack(0x0000009653200000,0x0000009653300000)]
  0x000002125592b5c0 JavaThread "Daemon" [_thread_blocked, id=4700, stack(0x0000009653300000,0x0000009653400000)]
  0x000002129bb45880 JavaThread "Handler for socket connection from /127.0.0.1:54035 to /127.0.0.1:54036" [_thread_in_native, id=13684, stack(0x0000009653400000,0x0000009653500000)]
  0x000002129c074e10 JavaThread "Cancel handler" [_thread_blocked, id=15496, stack(0x0000009653500000,0x0000009653600000)]
  0x000002129c072fb0 JavaThread "Daemon worker" [_thread_blocked, id=12508, stack(0x0000009653600000,0x0000009653700000)]
  0x000002129c072080 JavaThread "Asynchronous log dispatcher for DefaultDaemonConnection: socket connection from /127.0.0.1:54035 to /127.0.0.1:54036" [_thread_blocked, id=720, stack(0x0000009653700000,0x0000009653800000)]
  0x000002129c0743f0 JavaThread "Stdin handler" [_thread_blocked, id=11512, stack(0x0000009653800000,0x0000009653900000)]
  0x000002129c073ee0 JavaThread "Daemon client event forwarder" [_thread_blocked, id=228, stack(0x0000009653900000,0x0000009653a00000)]
  0x000002129c072590 JavaThread "Cache worker for journal cache (C:\Users\brayo\.gradle\caches\journal-1)" [_thread_blocked, id=3760, stack(0x0000009653a00000,0x0000009653b00000)]
  0x000002129c072aa0 JavaThread "File lock request listener" [_thread_in_native, id=14348, stack(0x0000009653b00000,0x0000009653c00000)]
  0x000002129c0734c0 JavaThread "Cache worker for file hash cache (C:\Users\brayo\.gradle\caches\8.10.2\fileHashes)" [_thread_blocked, id=9560, stack(0x0000009653c00000,0x0000009653d00000)]
  0x000002129c0739d0 JavaThread "Cache worker for file hash cache (C:\Users\brayo\Desktop\Qr_code_Attendance_App_Flutter- 3232\android\.gradle\8.10.2\fileHashes)" [_thread_blocked, id=14548, stack(0x0000009653d00000,0x0000009653e00000)]
  0x000002129c074900 JavaThread "Cache worker for Build Output Cleanup Cache (C:\Users\brayo\Desktop\Qr_code_Attendance_App_Flutter- 3232\android\.gradle\buildOutputCleanup)" [_thread_blocked, id=12584, stack(0x0000009653e00000,0x0000009653f00000)]
  0x000002129c075320 JavaThread "File watcher server" daemon [_thread_in_native, id=3132, stack(0x0000009653f00000,0x0000009654000000)]
  0x000002129c075830 JavaThread "File watcher consumer" daemon [_thread_blocked, id=7460, stack(0x0000009654000000,0x0000009654100000)]
  0x000002129ee93680 JavaThread "jar transforms" [_thread_blocked, id=13852, stack(0x0000009654200000,0x0000009654300000)]
  0x000002129ee940a0 JavaThread "jar transforms Thread 2" [_thread_blocked, id=12104, stack(0x0000009654300000,0x0000009654400000)]
  0x000002129ee96410 JavaThread "jar transforms Thread 3" [_thread_blocked, id=9092, stack(0x0000009654400000,0x0000009654500000)]
  0x000002129ee92750 JavaThread "Cache worker for checksums cache (C:\Users\brayo\Desktop\Qr_code_Attendance_App_Flutter- 3232\android\.gradle\8.10.2\checksums)" [_thread_blocked, id=14596, stack(0x0000009654100000,0x0000009654200000)]
  0x000002129ee96920 JavaThread "Cache worker for file content cache (C:\Users\brayo\.gradle\caches\8.10.2\fileContent)" [_thread_blocked, id=5272, stack(0x0000009654500000,0x0000009654600000)]
  0x000002129ee94fd0 JavaThread "Cache worker for cache directory md-rule (C:\Users\brayo\.gradle\caches\8.10.2\md-rule)" [_thread_blocked, id=15260, stack(0x0000009654600000,0x0000009654700000)]
  0x000002129ee97d60 JavaThread "Cache worker for cache directory md-supplier (C:\Users\brayo\.gradle\caches\8.10.2\md-supplier)" [_thread_blocked, id=13928, stack(0x0000009654700000,0x0000009654800000)]
  0x000002129ee96e30 JavaThread "jar transforms Thread 4" [_thread_blocked, id=5908, stack(0x0000009654900000,0x0000009654a00000)]
  0x000002129ee97340 JavaThread "Cache worker for Build Output Cleanup Cache (C:\Users\brayo\Documents\flutter\packages\flutter_tools\gradle\.gradle\buildOutputCleanup)" [_thread_blocked, id=556, stack(0x0000009654b00000,0x0000009654c00000)]
  0x000002129ee91d30 JavaThread "Unconstrained build operations" [_thread_blocked, id=1560, stack(0x0000009654e00000,0x0000009654f00000)]
  0x000002129ee92240 JavaThread "Unconstrained build operations Thread 2" [_thread_blocked, id=12224, stack(0x0000009654f00000,0x0000009655000000)]
  0x000002129ee97850 JavaThread "Unconstrained build operations Thread 3" [_thread_blocked, id=1404, stack(0x0000009655000000,0x0000009655100000)]
  0x000002129ee94ac0 JavaThread "Unconstrained build operations Thread 4" [_thread_blocked, id=4956, stack(0x0000009655100000,0x0000009655200000)]
  0x000002129ee92c60 JavaThread "Unconstrained build operations Thread 5" [_thread_blocked, id=5320, stack(0x0000009655200000,0x0000009655300000)]
  0x000002129ee959f0 JavaThread "Unconstrained build operations Thread 6" [_thread_blocked, id=3832, stack(0x0000009655300000,0x0000009655400000)]
  0x000002129ee98270 JavaThread "Unconstrained build operations Thread 7" [_thread_blocked, id=15792, stack(0x0000009655500000,0x0000009655600000)]
  0x000002129ee91820 JavaThread "Unconstrained build operations Thread 8" [_thread_blocked, id=15756, stack(0x0000009655600000,0x0000009655700000)]
  0x000002129ee93170 JavaThread "Unconstrained build operations Thread 9" [_thread_blocked, id=4000, stack(0x0000009655700000,0x0000009655800000)]
  0x000002129ee90e00 JavaThread "Memory manager" [_thread_blocked, id=14960, stack(0x0000009655400000,0x0000009655500000)]
  0x000002129ee93b90 JavaThread "build event listener" [_thread_blocked, id=6284, stack(0x0000009655800000,0x0000009655900000)]
  0x000002129d489570 JavaThread "included builds" [_thread_blocked, id=15480, stack(0x0000009655900000,0x0000009655a00000)]
  0x000002129d48b3d0 JavaThread "Execution worker" [_thread_blocked, id=12864, stack(0x0000009655a00000,0x0000009655b00000)]
  0x000002129d48b8e0 JavaThread "Execution worker Thread 2" [_thread_blocked, id=13776, stack(0x0000009655b00000,0x0000009655c00000)]
  0x000002129d48aec0 JavaThread "Execution worker Thread 3" [_thread_blocked, id=11172, stack(0x0000009655c00000,0x0000009655d00000)]
  0x000002129d48bdf0 JavaThread "Cache worker for execution history cache (C:\Users\brayo\Documents\flutter\packages\flutter_tools\gradle\.gradle\8.10.2\executionHistory)" [_thread_blocked, id=5364, stack(0x0000009655d00000,0x0000009655e00000)]
  0x000002129d48c300 JavaThread "Unconstrained build operations Thread 10" [_thread_blocked, id=76, stack(0x0000009655e00000,0x0000009655f00000)]
  0x000002129d48c810 JavaThread "Unconstrained build operations Thread 11" [_thread_blocked, id=12536, stack(0x0000009655f00000,0x0000009656000000)]
  0x000002129d489060 JavaThread "Unconstrained build operations Thread 12" [_thread_blocked, id=13592, stack(0x0000009656000000,0x0000009656100000)]
  0x000002129d489a80 JavaThread "Unconstrained build operations Thread 13" [_thread_blocked, id=5308, stack(0x0000009656100000,0x0000009656200000)]
  0x000002129d489f90 JavaThread "Unconstrained build operations Thread 14" [_thread_blocked, id=8960, stack(0x0000009656200000,0x0000009656300000)]
  0x000002129d48a4a0 JavaThread "Unconstrained build operations Thread 15" [_thread_blocked, id=16064, stack(0x0000009656300000,0x0000009656400000)]
  0x000002129e5c4af0 JavaThread "Unconstrained build operations Thread 16" [_thread_blocked, id=5444, stack(0x0000009656400000,0x0000009656500000)]
  0x000002129e5c45e0 JavaThread "Unconstrained build operations Thread 17" [_thread_blocked, id=12428, stack(0x0000009656500000,0x0000009656600000)]
  0x000002129e5c6440 JavaThread "Unconstrained build operations Thread 18" [_thread_blocked, id=12084, stack(0x0000009656600000,0x0000009656700000)]
  0x000002129e5c1d60 JavaThread "Unconstrained build operations Thread 19" [_thread_blocked, id=11048, stack(0x0000009656700000,0x0000009656800000)]
  0x000002129e5c5000 JavaThread "Unconstrained build operations Thread 20" [_thread_blocked, id=15680, stack(0x0000009656800000,0x0000009656900000)]
  0x000002129e5c91d0 JavaThread "Unconstrained build operations Thread 21" [_thread_blocked, id=11388, stack(0x0000009656900000,0x0000009656a00000)]
  0x000002129e5c5a20 JavaThread "WorkerExecutor Queue" [_thread_blocked, id=5928, stack(0x0000009651800000,0x0000009651900000)]
  0x000002129e5c5510 JavaThread "RMI Scheduler(0)" daemon [_thread_blocked, id=16040, stack(0x0000009651900000,0x0000009651a00000)]
  0x000002129e5c7d90 JavaThread "RMI GC Daemon" daemon [_thread_blocked, id=14616, stack(0x0000009656b00000,0x0000009656c00000)]
  0x000002129e5c87b0 JavaThread "RMI TCP Accept-0" daemon [_thread_in_native, id=7748, stack(0x0000009656c00000,0x0000009656d00000)]
  0x000002129e5c6e60 JavaThread "RMI Reaper" [_thread_blocked, id=13308, stack(0x0000009656d00000,0x0000009656e00000)]
  0x000002129e5c8cc0 JavaThread "Exec process" [_thread_blocked, id=5164, stack(0x0000009656e00000,0x0000009656f00000)]
  0x000002129e5c82a0 JavaThread "Exec process Thread 3" [_thread_blocked, id=996, stack(0x0000009657200000,0x0000009657300000)]
  0x000002129e5c6950 JavaThread "Exec process Thread 4" [_thread_blocked, id=9268, stack(0x0000009657300000,0x0000009657400000)]
  0x000002129e5c3bc0 JavaThread "Unconstrained build operations Thread 22" [_thread_blocked, id=16332, stack(0x0000009654c00000,0x0000009654d00000)]
  0x000002129b059030 JavaThread "Unconstrained build operations Thread 23" [_thread_blocked, id=6220, stack(0x0000009657800000,0x0000009657900000)]
  0x000002129b059540 JavaThread "Unconstrained build operations Thread 24" [_thread_blocked, id=9612, stack(0x0000009657900000,0x0000009657a00000)]
  0x000002129b0571d0 JavaThread "Unconstrained build operations Thread 25" [_thread_blocked, id=1944, stack(0x0000009657b00000,0x0000009657c00000)]
  0x000002129b058610 JavaThread "Unconstrained build operations Thread 26" [_thread_blocked, id=8068, stack(0x0000009657c00000,0x0000009657d00000)]
  0x000002129b055370 JavaThread "Unconstrained build operations Thread 27" [_thread_blocked, id=3316, stack(0x0000009657d00000,0x0000009657e00000)]
  0x000002129b0576e0 JavaThread "Unconstrained build operations Thread 28" [_thread_blocked, id=3572, stack(0x0000009657e00000,0x0000009657f00000)]
  0x000002129b059a50 JavaThread "Unconstrained build operations Thread 29" [_thread_blocked, id=10844, stack(0x0000009657f00000,0x0000009658000000)]
  0x000002129b055880 JavaThread "Unconstrained build operations Thread 30" [_thread_blocked, id=14424, stack(0x0000009658000000,0x0000009658100000)]
  0x000002129b059f60 JavaThread "Unconstrained build operations Thread 31" [_thread_blocked, id=9648, stack(0x0000009657100000,0x0000009657200000)]
  0x000002129b054440 JavaThread "Unconstrained build operations Thread 32" [_thread_blocked, id=1380, stack(0x0000009658100000,0x0000009658200000)]
  0x000002129b057bf0 JavaThread "Unconstrained build operations Thread 33" [_thread_blocked, id=4408, stack(0x0000009658200000,0x0000009658300000)]
  0x000002129b058b20 JavaThread "Unconstrained build operations Thread 34" [_thread_blocked, id=9292, stack(0x0000009658300000,0x0000009658400000)]
  0x000002129b0562a0 JavaThread "Unconstrained build operations Thread 35" [_thread_blocked, id=14504, stack(0x0000009658400000,0x0000009658500000)]
  0x000002129b054950 JavaThread "Unconstrained build operations Thread 36" [_thread_blocked, id=14144, stack(0x0000009658500000,0x0000009658600000)]
  0x000002129b056cc0 JavaThread "Unconstrained build operations Thread 37" [_thread_blocked, id=16184, stack(0x0000009656a00000,0x0000009656b00000)]
  0x000002129b058100 JavaThread "Unconstrained build operations Thread 38" [_thread_blocked, id=12024, stack(0x0000009658600000,0x0000009658700000)]
  0x000002129b05a470 JavaThread "Unconstrained build operations Thread 39" [_thread_blocked, id=13300, stack(0x0000009658700000,0x0000009658800000)]
  0x000002129e5c5f30 JavaThread "File lock release action executor" [_thread_blocked, id=3908, stack(0x0000009657a00000,0x0000009657b00000)]
  0x000002129fee0b20 JavaThread "Unconstrained build operations Thread 40" [_thread_blocked, id=7708, stack(0x0000009658800000,0x0000009658900000)]

Other Threads:
  0x0000021255757340 VMThread "VM Thread" [stack: 0x0000009652000000,0x0000009652100000] [id=7908]
  0x0000021255a5dff0 WatcherThread [stack: 0x0000009652c00000,0x0000009652d00000] [id=13800]
  0x00000212188493e0 GCTaskThread "GC Thread#0" [stack: 0x0000009651b00000,0x0000009651c00000] [id=12080]
=>0x0000021255b32280 GCTaskThread "GC Thread#1" [stack: 0x0000009652d00000,0x0000009652e00000] [id=16220]
  0x0000021255b32540 GCTaskThread "GC Thread#2" [stack: 0x0000009652e00000,0x0000009652f00000] [id=10736]
  0x0000021255b32800 GCTaskThread "GC Thread#3" [stack: 0x0000009652f00000,0x0000009653000000] [id=2248]
  0x000002121885a240 ConcurrentGCThread "G1 Main Marker" [stack: 0x0000009651c00000,0x0000009651d00000] [id=3764]
  0x000002121885ab60 ConcurrentGCThread "G1 Conc#0" [stack: 0x0000009651d00000,0x0000009651e00000] [id=14200]
  0x0000021255613280 ConcurrentGCThread "G1 Refine#0" [stack: 0x0000009651e00000,0x0000009651f00000] [id=8232]
  0x000002129ef9acb0 ConcurrentGCThread "G1 Refine#1" [stack: 0x0000009654800000,0x0000009654900000] [id=7024]
  0x000002129de16a50 ConcurrentGCThread "G1 Refine#2" [stack: 0x0000009654a00000,0x0000009654b00000] [id=10264]
  0x0000021255613bc0 ConcurrentGCThread "G1 Service" [stack: 0x0000009651f00000,0x0000009652000000] [id=8160]

Threads with active compile tasks:
C2 CompilerThread0   180335 15405       4       org.gradle.api.internal.artifacts.transform.DefaultTransformInvocationFactory::createInvocation (273 bytes)

VM state: at safepoint (normal execution)

VM Mutex/Monitor currently owned by a thread:  ([mutex/lock_event])
[0x000002121879a530] Threads_lock - owner thread: 0x0000021255757340
[0x0000021218799d50] Heap_lock - owner thread: 0x000002129c072590

Heap address: 0x0000000600000000, size: 8192 MB, Compressed Oops mode: Zero based, Oop shift amount: 3

CDS archive(s) mapped at: [0x0000021256000000-0x0000021256bd0000-0x0000021256bd0000), size 12386304, SharedBaseAddress: 0x0000021256000000, ArchiveRelocationMode: 1.
Compressed class space mapped at: 0x0000021257000000-0x0000021297000000, reserved size: 1073741824
Narrow klass base: 0x0000021256000000, Narrow klass shift: 0, Narrow klass range: 0x100000000

GC Precious Log:
 CPUs: 4 total, 4 available
 Memory: 12168M
 Large Page Support: Disabled
 NUMA Support: Disabled
 Compressed Oops: Enabled (Zero based)
 Heap Region Size: 4M
 Heap Min Capacity: 8M
 Heap Initial Capacity: 192M
 Heap Max Capacity: 8G
 Pre-touch: Disabled
 Parallel Workers: 4
 Concurrent Workers: 1
 Concurrent Refinement Workers: 4
 Periodic GC: Disabled

Heap:
 garbage-first heap   total 389120K, used 313954K [0x0000000600000000, 0x0000000800000000)
  region size 4096K, 34 young (139264K), 4 survivors (16384K)
 Metaspace       used 107315K, committed 108672K, reserved 1179648K
  class space    used 14949K, committed 15616K, reserved 1048576K

Heap Regions: E=young(eden), S=young(survivor), O=old, HS=humongous(starts), HC=humongous(continues), CS=collection set, F=free, OA=open archive, CA=closed archive, TAMS=top-at-mark-start (previous, next)
|   0|0x0000000600000000, 0x0000000600400000, 0x0000000600400000|100%|HS|  |TAMS 0x0000000600400000, 0x0000000600000000| Complete 
|   1|0x0000000600400000, 0x0000000600800000, 0x0000000600800000|100%| O|  |TAMS 0x0000000600800000, 0x0000000600400000| Untracked 
|   2|0x0000000600800000, 0x0000000600c00000, 0x0000000600c00000|100%| O|  |TAMS 0x0000000600c00000, 0x0000000600800000| Untracked 
|   3|0x0000000600c00000, 0x0000000601000000, 0x0000000601000000|100%| O|  |TAMS 0x0000000601000000, 0x0000000600c00000| Untracked 
|   4|0x0000000601000000, 0x0000000601387200, 0x0000000601400000| 88%| O|  |TAMS 0x0000000601387200, 0x0000000601000000| Untracked 
|   5|0x0000000601400000, 0x0000000601800000, 0x0000000601800000|100%| O|  |TAMS 0x0000000601800000, 0x0000000601400000| Untracked 
|   6|0x0000000601800000, 0x0000000601c00000, 0x0000000601c00000|100%| O|  |TAMS 0x0000000601c00000, 0x0000000601800000| Untracked 
|   7|0x0000000601c00000, 0x0000000602000000, 0x0000000602000000|100%| O|  |TAMS 0x0000000602000000, 0x0000000601c00000| Untracked 
|   8|0x0000000602000000, 0x0000000602400000, 0x0000000602400000|100%| O|  |TAMS 0x0000000602400000, 0x0000000602000000| Untracked 
|   9|0x0000000602400000, 0x0000000602800000, 0x0000000602800000|100%| O|  |TAMS 0x0000000602800000, 0x0000000602400000| Untracked 
|  10|0x0000000602800000, 0x0000000602c00000, 0x0000000602c00000|100%| O|  |TAMS 0x0000000602c00000, 0x0000000602800000| Untracked 
|  11|0x0000000602c00000, 0x0000000603000000, 0x0000000603000000|100%| O|  |TAMS 0x0000000603000000, 0x0000000602c00000| Untracked 
|  12|0x0000000603000000, 0x0000000603400000, 0x0000000603400000|100%| O|  |TAMS 0x0000000603400000, 0x0000000603000000| Untracked 
|  13|0x0000000603400000, 0x0000000603800000, 0x0000000603800000|100%|HS|  |TAMS 0x0000000603800000, 0x0000000603400000| Complete 
|  14|0x0000000603800000, 0x0000000603c00000, 0x0000000603c00000|100%| O|  |TAMS 0x0000000603c00000, 0x0000000603800000| Untracked 
|  15|0x0000000603c00000, 0x0000000604000000, 0x0000000604000000|100%|HS|  |TAMS 0x0000000604000000, 0x0000000603c00000| Complete 
|  16|0x0000000604000000, 0x0000000604400000, 0x0000000604400000|100%| O|  |TAMS 0x0000000604400000, 0x0000000604000000| Untracked 
|  17|0x0000000604400000, 0x0000000604800000, 0x0000000604800000|100%| O|  |TAMS 0x0000000604800000, 0x0000000604400000| Untracked 
|  18|0x0000000604800000, 0x0000000604c00000, 0x0000000604c00000|100%| O|  |TAMS 0x0000000604c00000, 0x0000000604800000| Untracked 
|  19|0x0000000604c00000, 0x0000000605000000, 0x0000000605000000|100%| O|  |TAMS 0x0000000605000000, 0x0000000604c00000| Untracked 
|  20|0x0000000605000000, 0x0000000605400000, 0x0000000605400000|100%| O|  |TAMS 0x0000000605400000, 0x0000000605000000| Untracked 
|  21|0x0000000605400000, 0x0000000605800000, 0x0000000605800000|100%|HS|  |TAMS 0x0000000605800000, 0x0000000605400000| Complete 
|  22|0x0000000605800000, 0x0000000605c00000, 0x0000000605c00000|100%| O|  |TAMS 0x0000000605c00000, 0x0000000605800000| Untracked 
|  23|0x0000000605c00000, 0x0000000606000000, 0x0000000606000000|100%| O|  |TAMS 0x0000000606000000, 0x0000000605c00000| Untracked 
|  24|0x0000000606000000, 0x0000000606400000, 0x0000000606400000|100%| O|  |TAMS 0x0000000606400000, 0x0000000606000000| Untracked 
|  25|0x0000000606400000, 0x0000000606800000, 0x0000000606800000|100%| O|  |TAMS 0x0000000606800000, 0x0000000606400000| Untracked 
|  26|0x0000000606800000, 0x0000000606c00000, 0x0000000606c00000|100%| O|  |TAMS 0x0000000606800000, 0x0000000606800000| Untracked 
|  27|0x0000000606c00000, 0x0000000607000000, 0x0000000607000000|100%| O|  |TAMS 0x0000000606c00000, 0x0000000606c00000| Untracked 
|  28|0x0000000607000000, 0x0000000607400000, 0x0000000607400000|100%| O|  |TAMS 0x0000000607400000, 0x0000000607000000| Untracked 
|  29|0x0000000607400000, 0x0000000607800000, 0x0000000607800000|100%| O|  |TAMS 0x0000000607800000, 0x0000000607400000| Untracked 
|  30|0x0000000607800000, 0x0000000607c00000, 0x0000000607c00000|100%|HS|  |TAMS 0x0000000607c00000, 0x0000000607800000| Complete 
|  31|0x0000000607c00000, 0x0000000608000000, 0x0000000608000000|100%| O|  |TAMS 0x0000000608000000, 0x0000000607c00000| Untracked 
|  32|0x0000000608000000, 0x0000000608400000, 0x0000000608400000|100%| O|  |TAMS 0x0000000608400000, 0x0000000608000000| Untracked 
|  33|0x0000000608400000, 0x0000000608800000, 0x0000000608800000|100%| O|  |TAMS 0x0000000608800000, 0x0000000608400000| Untracked 
|  34|0x0000000608800000, 0x0000000608c00000, 0x0000000608c00000|100%|HS|  |TAMS 0x0000000608c00000, 0x0000000608800000| Complete 
|  35|0x0000000608c00000, 0x0000000609000000, 0x0000000609000000|100%| O|  |TAMS 0x0000000609000000, 0x0000000608c00000| Untracked 
|  36|0x0000000609000000, 0x0000000609400000, 0x0000000609400000|100%| O|  |TAMS 0x0000000609000000, 0x0000000609000000| Untracked 
|  37|0x0000000609400000, 0x0000000609800000, 0x0000000609800000|100%| O|  |TAMS 0x0000000609400000, 0x0000000609400000| Untracked 
|  38|0x0000000609800000, 0x0000000609c00000, 0x0000000609c00000|100%| O|  |TAMS 0x0000000609800000, 0x0000000609800000| Untracked 
|  39|0x0000000609c00000, 0x000000060a000000, 0x000000060a000000|100%| O|  |TAMS 0x0000000609c00000, 0x0000000609c00000| Untracked 
|  40|0x000000060a000000, 0x000000060a400000, 0x000000060a400000|100%| O|  |TAMS 0x000000060a000000, 0x000000060a000000| Untracked 
|  41|0x000000060a400000, 0x000000060a800000, 0x000000060a800000|100%| O|  |TAMS 0x000000060a400000, 0x000000060a400000| Untracked 
|  42|0x000000060a800000, 0x000000060ac00000, 0x000000060ac00000|100%| O|  |TAMS 0x000000060a800000, 0x000000060a800000| Untracked 
|  43|0x000000060ac00000, 0x000000060b000000, 0x000000060b000000|100%| O|  |TAMS 0x000000060ac00000, 0x000000060ac00000| Untracked 
|  44|0x000000060b000000, 0x000000060b400000, 0x000000060b400000|100%| O|  |TAMS 0x000000060b000000, 0x000000060b000000| Untracked 
|  45|0x000000060b400000, 0x000000060b800000, 0x000000060b800000|100%| O|  |TAMS 0x000000060b400000, 0x000000060b400000| Untracked 
|  46|0x000000060b800000, 0x000000060b88dbe0, 0x000000060bc00000| 13%| O|  |TAMS 0x000000060b800000, 0x000000060b800000| Untracked 
|  47|0x000000060bc00000, 0x000000060bc00000, 0x000000060c000000|  0%| F|  |TAMS 0x000000060bc00000, 0x000000060bc00000| Untracked 
|  48|0x000000060c000000, 0x000000060c000000, 0x000000060c400000|  0%| F|  |TAMS 0x000000060c000000, 0x000000060c000000| Untracked 
|  49|0x000000060c400000, 0x000000060c400000, 0x000000060c800000|  0%| F|  |TAMS 0x000000060c400000, 0x000000060c400000| Untracked 
|  50|0x000000060c800000, 0x000000060c800000, 0x000000060cc00000|  0%| F|  |TAMS 0x000000060c800000, 0x000000060c800000| Untracked 
|  51|0x000000060cc00000, 0x000000060cc00000, 0x000000060d000000|  0%| F|  |TAMS 0x000000060cc00000, 0x000000060cc00000| Untracked 
|  52|0x000000060d000000, 0x000000060d000000, 0x000000060d400000|  0%| F|  |TAMS 0x000000060d000000, 0x000000060d000000| Untracked 
|  53|0x000000060d400000, 0x000000060d400000, 0x000000060d800000|  0%| F|  |TAMS 0x000000060d400000, 0x000000060d400000| Untracked 
|  54|0x000000060d800000, 0x000000060d800000, 0x000000060dc00000|  0%| F|  |TAMS 0x000000060d800000, 0x000000060d800000| Untracked 
|  55|0x000000060dc00000, 0x000000060dc00000, 0x000000060e000000|  0%| F|  |TAMS 0x000000060dc00000, 0x000000060dc00000| Untracked 
|  56|0x000000060e000000, 0x000000060e000000, 0x000000060e400000|  0%| F|  |TAMS 0x000000060e000000, 0x000000060e000000| Untracked 
|  57|0x000000060e400000, 0x000000060e400000, 0x000000060e800000|  0%| F|  |TAMS 0x000000060e400000, 0x000000060e400000| Untracked 
|  58|0x000000060e800000, 0x000000060e800000, 0x000000060ec00000|  0%| F|  |TAMS 0x000000060e800000, 0x000000060e800000| Untracked 
|  59|0x000000060ec00000, 0x000000060f000000, 0x000000060f000000|100%| S|  |TAMS 0x000000060ec00000, 0x000000060ec00000| Complete 
|  60|0x000000060f000000, 0x000000060f400000, 0x000000060f400000|100%| S|  |TAMS 0x000000060f000000, 0x000000060f000000| Complete 
|  61|0x000000060f400000, 0x000000060f800000, 0x000000060f800000|100%| S|  |TAMS 0x000000060f400000, 0x000000060f400000| Complete 
|  62|0x000000060f800000, 0x000000060f96c020, 0x000000060fc00000| 35%| E|CS|TAMS 0x000000060f800000, 0x000000060f800000| Complete 
|  63|0x000000060fc00000, 0x0000000610000000, 0x0000000610000000|100%| E|CS|TAMS 0x000000060fc00000, 0x000000060fc00000| Complete 
|  64|0x0000000610000000, 0x0000000610400000, 0x0000000610400000|100%| S|  |TAMS 0x0000000610000000, 0x0000000610000000| Complete 
|  65|0x0000000610400000, 0x0000000610800000, 0x0000000610800000|100%| E|CS|TAMS 0x0000000610400000, 0x0000000610400000| Complete 
|  66|0x0000000610800000, 0x0000000610c00000, 0x0000000610c00000|100%| E|CS|TAMS 0x0000000610800000, 0x0000000610800000| Complete 
|  67|0x0000000610c00000, 0x0000000611000000, 0x0000000611000000|100%| E|CS|TAMS 0x0000000610c00000, 0x0000000610c00000| Complete 
|  68|0x0000000611000000, 0x0000000611400000, 0x0000000611400000|100%| E|CS|TAMS 0x0000000611000000, 0x0000000611000000| Complete 
|  69|0x0000000611400000, 0x0000000611800000, 0x0000000611800000|100%| E|CS|TAMS 0x0000000611400000, 0x0000000611400000| Complete 
|  70|0x0000000611800000, 0x0000000611c00000, 0x0000000611c00000|100%| E|CS|TAMS 0x0000000611800000, 0x0000000611800000| Complete 
|  71|0x0000000611c00000, 0x0000000612000000, 0x0000000612000000|100%| E|CS|TAMS 0x0000000611c00000, 0x0000000611c00000| Complete 
|  72|0x0000000612000000, 0x0000000612400000, 0x0000000612400000|100%| E|CS|TAMS 0x0000000612000000, 0x0000000612000000| Complete 
|  73|0x0000000612400000, 0x0000000612800000, 0x0000000612800000|100%| E|CS|TAMS 0x0000000612400000, 0x0000000612400000| Complete 
|  74|0x0000000612800000, 0x0000000612c00000, 0x0000000612c00000|100%| E|CS|TAMS 0x0000000612800000, 0x0000000612800000| Complete 
|  75|0x0000000612c00000, 0x0000000613000000, 0x0000000613000000|100%| E|CS|TAMS 0x0000000612c00000, 0x0000000612c00000| Complete 
|  76|0x0000000613000000, 0x0000000613400000, 0x0000000613400000|100%| E|CS|TAMS 0x0000000613000000, 0x0000000613000000| Complete 
|  77|0x0000000613400000, 0x0000000613800000, 0x0000000613800000|100%| E|CS|TAMS 0x0000000613400000, 0x0000000613400000| Complete 
|  78|0x0000000613800000, 0x0000000613c00000, 0x0000000613c00000|100%| E|CS|TAMS 0x0000000613800000, 0x0000000613800000| Complete 
|  79|0x0000000613c00000, 0x0000000614000000, 0x0000000614000000|100%| E|CS|TAMS 0x0000000613c00000, 0x0000000613c00000| Complete 
|  80|0x0000000614000000, 0x0000000614400000, 0x0000000614400000|100%| E|CS|TAMS 0x0000000614000000, 0x0000000614000000| Complete 
|  81|0x0000000614400000, 0x0000000614800000, 0x0000000614800000|100%| E|CS|TAMS 0x0000000614400000, 0x0000000614400000| Complete 
|  82|0x0000000614800000, 0x0000000614c00000, 0x0000000614c00000|100%| E|CS|TAMS 0x0000000614800000, 0x0000000614800000| Complete 
|  83|0x0000000614c00000, 0x0000000615000000, 0x0000000615000000|100%| E|CS|TAMS 0x0000000614c00000, 0x0000000614c00000| Complete 
|  84|0x0000000615000000, 0x0000000615400000, 0x0000000615400000|100%| E|CS|TAMS 0x0000000615000000, 0x0000000615000000| Complete 
|  85|0x0000000615400000, 0x0000000615800000, 0x0000000615800000|100%| E|CS|TAMS 0x0000000615400000, 0x0000000615400000| Complete 
|  86|0x0000000615800000, 0x0000000615c00000, 0x0000000615c00000|100%| E|CS|TAMS 0x0000000615800000, 0x0000000615800000| Complete 
|  87|0x0000000615c00000, 0x0000000616000000, 0x0000000616000000|100%| E|CS|TAMS 0x0000000615c00000, 0x0000000615c00000| Complete 
|  88|0x0000000616000000, 0x0000000616400000, 0x0000000616400000|100%| E|CS|TAMS 0x0000000616000000, 0x0000000616000000| Complete 
|  89|0x0000000616400000, 0x0000000616800000, 0x0000000616800000|100%| E|CS|TAMS 0x0000000616400000, 0x0000000616400000| Complete 
|  90|0x0000000616800000, 0x0000000616c00000, 0x0000000616c00000|100%| E|CS|TAMS 0x0000000616800000, 0x0000000616800000| Complete 
|  91|0x0000000616c00000, 0x0000000617000000, 0x0000000617000000|100%| E|CS|TAMS 0x0000000616c00000, 0x0000000616c00000| Complete 
|  92|0x0000000617000000, 0x0000000617400000, 0x0000000617400000|100%| E|CS|TAMS 0x0000000617000000, 0x0000000617000000| Complete 
|  93|0x0000000617400000, 0x0000000617800000, 0x0000000617800000|100%| E|CS|TAMS 0x0000000617400000, 0x0000000617400000| Complete 
|  94|0x0000000617800000, 0x0000000617c00000, 0x0000000617c00000|100%| E|CS|TAMS 0x0000000617800000, 0x0000000617800000| Complete 

Card table byte_map: [0x0000021241190000,0x0000021242190000] _byte_map_base: 0x000002123e190000

Marking Bits (Prev, Next): (CMBitMap*) 0x0000021218849910, (CMBitMap*) 0x0000021218849950
 Prev Bits: [0x0000021243190000, 0x000002124b190000)
 Next Bits: [0x000002124b190000, 0x0000021253190000)

Polling page: 0x0000021217f70000

Metaspace:

Usage:
  Non-class:     90.20 MB used.
      Class:     14.60 MB used.
       Both:    104.80 MB used.

Virtual space:
  Non-class space:      128.00 MB reserved,      90.88 MB ( 71%) committed,  2 nodes.
      Class space:        1.00 GB reserved,      15.25 MB (  1%) committed,  1 nodes.
             Both:        1.12 GB reserved,     106.12 MB (  9%) committed. 

Chunk freelists:
   Non-Class:  5.10 MB
       Class:  765.00 KB
        Both:  5.85 MB

MaxMetaspaceSize: 4.00 GB
CompressedClassSpaceSize: 1.00 GB
Initial GC threshold: 21.00 MB
Current GC threshold: 155.62 MB
CDS: on
MetaspaceReclaimPolicy: balanced
 - commit_granule_bytes: 65536.
 - commit_granule_words: 8192.
 - virtual_space_node_default_size: 8388608.
 - enlarge_chunks_in_place: 1.
 - new_chunks_are_fully_committed: 0.
 - uncommit_free_chunks: 1.
 - use_allocation_guard: 0.
 - handle_deallocations: 1.


Internal statistics:

num_allocs_failed_limit: 6.
num_arena_births: 1850.
num_arena_deaths: 0.
num_vsnodes_births: 3.
num_vsnodes_deaths: 0.
num_space_committed: 1698.
num_space_uncommitted: 0.
num_chunks_returned_to_freelist: 6.
num_chunks_taken_from_freelist: 6808.
num_chunk_merges: 3.
num_chunk_splits: 4278.
num_chunks_enlarged: 2575.
num_inconsistent_stats: 0.

CodeHeap 'non-profiled nmethods': size=259264Kb used=10240Kb max_used=10240Kb free=249023Kb
 bounds [0x0000021230350000, 0x0000021230d60000, 0x0000021240080000]
CodeHeap 'profiled nmethods': size=259264Kb used=26783Kb max_used=26783Kb free=232481Kb
 bounds [0x0000021220080000, 0x0000021221ab0000, 0x000002122fdb0000]
CodeHeap 'non-nmethods': size=5760Kb used=2454Kb max_used=2531Kb free=3305Kb
 bounds [0x000002122fdb0000, 0x0000021230030000, 0x0000021230350000]
 total_blobs=14249 nmethods=13244 adapters=917
 compilation: enabled
              stopped_count=0, restarted_count=0
 full_count=0

Compilation events (20 events):
Event: 179.406 Thread 0x000002125577a360 15400       3       org.gradle.internal.resources.DefaultResourceLockCoordinationService$ReleaseLocks::transform (9 bytes)
Event: 179.406 Thread 0x000002125577a360 nmethod 15400 0x0000021221aa5a10 code [0x0000021221aa5bc0, 0x0000021221aa5e28]
Event: 179.406 Thread 0x000002125577a360 15401       3       org.gradle.internal.resources.DefaultResourceLockCoordinationService::unlock (9 bytes)
Event: 179.407 Thread 0x000002125577a360 nmethod 15401 0x0000021221aa5f10 code [0x0000021221aa60c0, 0x0000021221aa6338]
Event: 179.414 Thread 0x000002125577a360 15402       3       org.gradle.api.internal.attributes.DefaultOrderedCompatibilityRule::execute (9 bytes)
Event: 179.414 Thread 0x000002125577a360 nmethod 15402 0x0000021221aa6410 code [0x0000021221aa65c0, 0x0000021221aa6828]
Event: 179.414 Thread 0x000002125577a360 15403       3       org.gradle.api.internal.attributes.DefaultOrderedCompatibilityRule::execute (60 bytes)
Event: 179.414 Thread 0x000002125577a360 nmethod 15403 0x0000021221aa6910 code [0x0000021221aa6ae0, 0x0000021221aa6fc8]
Event: 179.453 Thread 0x0000021255779200 nmethod 15389 0x0000021230d45910 code [0x0000021230d45ba0, 0x0000021230d48428]
Event: 179.453 Thread 0x0000021255779200 15393       4       org.gradle.api.internal.artifacts.result.DefaultResolvedVariantResult::<init> (40 bytes)
Event: 179.469 Thread 0x0000021255779200 nmethod 15393 0x0000021230d49d90 code [0x0000021230d49f40, 0x0000021230d4a758]
Event: 179.469 Thread 0x0000021255779200 15394       4       org.gradle.api.internal.artifacts.result.DefaultResolvedVariantResult::computeHashCode (67 bytes)
Event: 179.474 Thread 0x0000021255779200 nmethod 15394 0x0000021230d4aa10 code [0x0000021230d4abc0, 0x0000021230d4aeb8]
Event: 179.474 Thread 0x0000021255779200 15404       4       org.gradle.internal.execution.impl.DefaultExecutionEngine$1::createExecutionRequestContext (44 bytes)
Event: 179.488 Thread 0x0000021255779200 nmethod 15404 0x0000021230d4b190 code [0x0000021230d4b340, 0x0000021230d4bb38]
Event: 179.488 Thread 0x0000021255779200 15407 %     4       com.google.common.collect.MapMakerInternalMap$Segment::expand @ 56 (276 bytes)
Event: 179.624 Thread 0x0000021255779200 nmethod 15407% 0x0000021230d4be10 code [0x0000021230d4c0e0, 0x0000021230d4ef78]
Event: 179.625 Thread 0x0000021255779200 15405       4       org.gradle.api.internal.artifacts.transform.DefaultTransformInvocationFactory::createInvocation (273 bytes)
Event: 179.782 Thread 0x000002125577a360 15410       3       org.gradle.api.internal.file.DefaultFileCollectionFactory::resolving (33 bytes)
Event: 179.783 Thread 0x000002125577a360 nmethod 15410 0x0000021221aa7210 code [0x0000021221aa7420, 0x0000021221aa7a68]

GC Heap History (20 events):
Event: 159.078 GC heap after
{Heap after GC invocations=58 (full 0):
 garbage-first heap   total 245760K, used 158439K [0x0000000600000000, 0x0000000800000000)
  region size 4096K, 2 young (8192K), 2 survivors (8192K)
 Metaspace       used 92536K, committed 93632K, reserved 1179648K
  class space    used 12741K, committed 13312K, reserved 1048576K
}
Event: 160.132 GC heap before
{Heap before GC invocations=58 (full 0):
 garbage-first heap   total 245760K, used 199399K [0x0000000600000000, 0x0000000800000000)
  region size 4096K, 12 young (49152K), 2 survivors (8192K)
 Metaspace       used 93641K, committed 94784K, reserved 1179648K
  class space    used 12877K, committed 13440K, reserved 1048576K
}
Event: 160.142 GC heap after
{Heap after GC invocations=59 (full 0):
 garbage-first heap   total 245760K, used 162429K [0x0000000600000000, 0x0000000800000000)
  region size 4096K, 1 young (4096K), 1 survivors (4096K)
 Metaspace       used 93641K, committed 94784K, reserved 1179648K
  class space    used 12877K, committed 13440K, reserved 1048576K
}
Event: 161.050 GC heap before
{Heap before GC invocations=60 (full 0):
 garbage-first heap   total 294912K, used 195197K [0x0000000600000000, 0x0000000800000000)
  region size 4096K, 9 young (36864K), 1 survivors (4096K)
 Metaspace       used 95723K, committed 96832K, reserved 1179648K
  class space    used 13186K, committed 13760K, reserved 1048576K
}
Event: 161.058 GC heap after
{Heap after GC invocations=61 (full 0):
 garbage-first heap   total 294912K, used 163648K [0x0000000600000000, 0x0000000800000000)
  region size 4096K, 2 young (8192K), 2 survivors (8192K)
 Metaspace       used 95723K, committed 96832K, reserved 1179648K
  class space    used 13186K, committed 13760K, reserved 1048576K
}
Event: 161.213 GC heap before
{Heap before GC invocations=61 (full 0):
 garbage-first heap   total 294912K, used 167744K [0x0000000600000000, 0x0000000800000000)
  region size 4096K, 3 young (12288K), 2 survivors (8192K)
 Metaspace       used 96003K, committed 97088K, reserved 1179648K
  class space    used 13215K, committed 13760K, reserved 1048576K
}
Event: 161.228 GC heap after
{Heap after GC invocations=62 (full 0):
 garbage-first heap   total 294912K, used 159365K [0x0000000600000000, 0x0000000800000000)
  region size 4096K, 1 young (4096K), 1 survivors (4096K)
 Metaspace       used 96003K, committed 97088K, reserved 1179648K
  class space    used 13215K, committed 13760K, reserved 1048576K
}
Event: 164.051 GC heap before
{Heap before GC invocations=62 (full 0):
 garbage-first heap   total 294912K, used 237189K [0x0000000600000000, 0x0000000800000000)
  region size 4096K, 20 young (81920K), 1 survivors (4096K)
 Metaspace       used 101287K, committed 102400K, reserved 1179648K
  class space    used 14075K, committed 14656K, reserved 1048576K
}
Event: 164.061 GC heap after
{Heap after GC invocations=63 (full 0):
 garbage-first heap   total 294912K, used 160930K [0x0000000600000000, 0x0000000800000000)
  region size 4096K, 1 young (4096K), 1 survivors (4096K)
 Metaspace       used 101287K, committed 102400K, reserved 1179648K
  class space    used 14075K, committed 14656K, reserved 1048576K
}
Event: 166.384 GC heap before
{Heap before GC invocations=63 (full 0):
 garbage-first heap   total 294912K, used 238754K [0x0000000600000000, 0x0000000800000000)
  region size 4096K, 20 young (81920K), 1 survivors (4096K)
 Metaspace       used 104178K, committed 105344K, reserved 1179648K
  class space    used 14487K, committed 15040K, reserved 1048576K
}
Event: 166.399 GC heap after
{Heap after GC invocations=64 (full 0):
 garbage-first heap   total 294912K, used 166753K [0x0000000600000000, 0x0000000800000000)
  region size 4096K, 3 young (12288K), 3 survivors (12288K)
 Metaspace       used 104178K, committed 105344K, reserved 1179648K
  class space    used 14487K, committed 15040K, reserved 1048576K
}
Event: 170.232 GC heap before
{Heap before GC invocations=64 (full 0):
 garbage-first heap   total 294912K, used 240481K [0x0000000600000000, 0x0000000800000000)
  region size 4096K, 21 young (86016K), 3 survivors (12288K)
 Metaspace       used 105212K, committed 106432K, reserved 1179648K
  class space    used 14625K, committed 15232K, reserved 1048576K
}
Event: 170.257 GC heap after
{Heap after GC invocations=65 (full 0):
 garbage-first heap   total 294912K, used 173178K [0x0000000600000000, 0x0000000800000000)
  region size 4096K, 3 young (12288K), 3 survivors (12288K)
 Metaspace       used 105212K, committed 106432K, reserved 1179648K
  class space    used 14625K, committed 15232K, reserved 1048576K
}
Event: 171.356 GC heap before
{Heap before GC invocations=65 (full 0):
 garbage-first heap   total 294912K, used 238714K [0x0000000600000000, 0x0000000800000000)
  region size 4096K, 19 young (77824K), 3 survivors (12288K)
 Metaspace       used 105212K, committed 106432K, reserved 1179648K
  class space    used 14625K, committed 15232K, reserved 1048576K
}
Event: 171.375 GC heap after
{Heap after GC invocations=66 (full 0):
 garbage-first heap   total 294912K, used 174942K [0x0000000600000000, 0x0000000800000000)
  region size 4096K, 1 young (4096K), 1 survivors (4096K)
 Metaspace       used 105212K, committed 106432K, reserved 1179648K
  class space    used 14625K, committed 15232K, reserved 1048576K
}
Event: 173.848 GC heap before
{Heap before GC invocations=66 (full 0):
 garbage-first heap   total 294912K, used 240478K [0x0000000600000000, 0x0000000800000000)
  region size 4096K, 18 young (73728K), 1 survivors (4096K)
 Metaspace       used 106637K, committed 107840K, reserved 1179648K
  class space    used 14857K, committed 15424K, reserved 1048576K
}
Event: 173.863 GC heap after
{Heap after GC invocations=67 (full 0):
 garbage-first heap   total 389120K, used 186232K [0x0000000600000000, 0x0000000800000000)
  region size 4096K, 3 young (12288K), 3 survivors (12288K)
 Metaspace       used 106637K, committed 107840K, reserved 1179648K
  class space    used 14857K, committed 15424K, reserved 1048576K
}
Event: 176.418 GC heap before
{Heap before GC invocations=67 (full 0):
 garbage-first heap   total 389120K, used 313208K [0x0000000600000000, 0x0000000800000000)
  region size 4096K, 34 young (139264K), 3 survivors (12288K)
 Metaspace       used 106641K, committed 107904K, reserved 1179648K
  class space    used 14858K, committed 15424K, reserved 1048576K
}
Event: 176.433 GC heap after
{Heap after GC invocations=68 (full 0):
 garbage-first heap   total 389120K, used 191074K [0x0000000600000000, 0x0000000800000000)
  region size 4096K, 2 young (8192K), 2 survivors (8192K)
 Metaspace       used 106641K, committed 107904K, reserved 1179648K
  class space    used 14858K, committed 15424K, reserved 1048576K
}
Event: 180.154 GC heap before
{Heap before GC invocations=68 (full 0):
 garbage-first heap   total 389120K, used 309858K [0x0000000600000000, 0x0000000800000000)
  region size 4096K, 32 young (131072K), 2 survivors (8192K)
 Metaspace       used 107315K, committed 108672K, reserved 1179648K
  class space    used 14949K, committed 15616K, reserved 1048576K
}

Deoptimization events (20 events):
Event: 178.421 Thread 0x000002129c072fb0 Uncommon trap: trap_request=0xffffffc6 fr.pc=0x0000021230ce26b0 relative=0x0000000000000630
Event: 178.421 Thread 0x000002129c072fb0 Uncommon trap: reason=bimorphic_or_optimized_type_check action=maybe_recompile pc=0x0000021230ce26b0 method=com.google.common.collect.ImmutableMapEntrySet.contains(Ljava/lang/Object;)Z @ 37 c2
Event: 178.422 Thread 0x000002129c072fb0 DEOPT PACKING pc=0x0000021230ce26b0 sp=0x00000096536f9230
Event: 178.422 Thread 0x000002129c072fb0 DEOPT UNPACKING pc=0x000002122fe023a3 sp=0x00000096536f91c8 mode 2
Event: 178.422 Thread 0x000002129c072fb0 Uncommon trap: trap_request=0xffffffc6 fr.pc=0x0000021230ce26b0 relative=0x0000000000000630
Event: 178.422 Thread 0x000002129c072fb0 Uncommon trap: reason=bimorphic_or_optimized_type_check action=maybe_recompile pc=0x0000021230ce26b0 method=com.google.common.collect.ImmutableMapEntrySet.contains(Ljava/lang/Object;)Z @ 37 c2
Event: 178.422 Thread 0x000002129c072fb0 DEOPT PACKING pc=0x0000021230ce26b0 sp=0x00000096536f9230
Event: 178.422 Thread 0x000002129c072fb0 DEOPT UNPACKING pc=0x000002122fe023a3 sp=0x00000096536f91c8 mode 2
Event: 178.422 Thread 0x000002129c072fb0 Uncommon trap: trap_request=0xffffffc6 fr.pc=0x0000021230ce26b0 relative=0x0000000000000630
Event: 178.422 Thread 0x000002129c072fb0 Uncommon trap: reason=bimorphic_or_optimized_type_check action=maybe_recompile pc=0x0000021230ce26b0 method=com.google.common.collect.ImmutableMapEntrySet.contains(Ljava/lang/Object;)Z @ 37 c2
Event: 178.422 Thread 0x000002129c072fb0 DEOPT PACKING pc=0x0000021230ce26b0 sp=0x00000096536f9230
Event: 178.422 Thread 0x000002129c072fb0 DEOPT UNPACKING pc=0x000002122fe023a3 sp=0x00000096536f91c8 mode 2
Event: 179.485 Thread 0x000002129b059030 Uncommon trap: trap_request=0xffffffbe fr.pc=0x0000021230c19700 relative=0x0000000000002f80
Event: 179.485 Thread 0x000002129b059030 Uncommon trap: reason=profile_predicate action=maybe_recompile pc=0x0000021230c19700 method=com.google.common.collect.MapMakerInternalMap$Segment.expand()V @ 59 c2
Event: 179.485 Thread 0x000002129b059030 DEOPT PACKING pc=0x0000021230c19700 sp=0x00000096578fce40
Event: 179.485 Thread 0x000002129b059030 DEOPT UNPACKING pc=0x000002122fe023a3 sp=0x00000096578fcde8 mode 2
Event: 179.847 Thread 0x000002129b055370 Uncommon trap: trap_request=0xffffffbe fr.pc=0x0000021230c19700 relative=0x0000000000002f80
Event: 179.847 Thread 0x000002129b055370 Uncommon trap: reason=profile_predicate action=maybe_recompile pc=0x0000021230c19700 method=com.google.common.collect.MapMakerInternalMap$Segment.expand()V @ 59 c2
Event: 179.847 Thread 0x000002129b055370 DEOPT PACKING pc=0x0000021230c19700 sp=0x0000009657dfcd00
Event: 179.847 Thread 0x000002129b055370 DEOPT UNPACKING pc=0x000002122fe023a3 sp=0x0000009657dfcca8 mode 2

Classes unloaded (0 events):
No events

Classes redefined (0 events):
No events

Internal exceptions (20 events):
Event: 177.315 Thread 0x000002129c072fb0 Exception <a 'java/lang/ClassNotFoundException'{0x0000000616ba90e8}: com/android/build/gradle/internal/dsl/LibraryBuildFeaturesImpl_DecoratedCustomizer> (0x0000000616ba90e8) 
thrown [s\open\src\hotspot\share\classfile\systemDictionary.cpp, line 256]
Event: 177.354 Thread 0x000002129c072fb0 Exception <a 'java/lang/ClassNotFoundException'{0x00000006164f3348}: com/android/build/gradle/internal/dsl/LintOptions_DecoratedBeanInfo> (0x00000006164f3348) 
thrown [s\open\src\hotspot\share\classfile\systemDictionary.cpp, line 256]
Event: 177.355 Thread 0x000002129c072fb0 Exception <a 'java/lang/ClassNotFoundException'{0x0000000616501e40}: com/android/build/gradle/internal/dsl/LintOptionsBeanInfo> (0x0000000616501e40) 
thrown [s\open\src\hotspot\share\classfile\systemDictionary.cpp, line 256]
Event: 177.361 Thread 0x000002129c072fb0 Exception <a 'java/lang/ClassNotFoundException'{0x0000000616510918}: com/android/build/gradle/internal/dsl/LintOptionsCustomizer> (0x0000000616510918) 
thrown [s\open\src\hotspot\share\classfile\systemDictionary.cpp, line 256]
Event: 177.364 Thread 0x000002129c072fb0 Exception <a 'java/lang/ClassNotFoundException'{0x000000061655c988}: com/android/build/gradle/internal/dsl/LintOptions_DecoratedCustomizer> (0x000000061655c988) 
thrown [s\open\src\hotspot\share\classfile\systemDictionary.cpp, line 256]
Event: 177.371 Thread 0x000002129c072fb0 Exception <a 'java/lang/ClassNotFoundException'{0x00000006165b7e68}: build_38c5czb2633hgl8g4xokh9zyp$_run_closure2BeanInfo> (0x00000006165b7e68) 
thrown [s\open\src\hotspot\share\classfile\systemDictionary.cpp, line 256]
Event: 177.372 Thread 0x000002129c072fb0 Exception <a 'java/lang/ClassNotFoundException'{0x00000006165c4228}: build_38c5czb2633hgl8g4xokh9zyp$_run_closure2Customizer> (0x00000006165c4228) 
thrown [s\open\src\hotspot\share\classfile\systemDictionary.cpp, line 256]
Event: 177.669 Thread 0x000002129c072fb0 Exception <a 'java/lang/ClassNotFoundException'{0x0000000616797a90}: user_agent_cqr9c0d9gsdjbs9i1dnjlp4waBeanInfo> (0x0000000616797a90) 
thrown [s\open\src\hotspot\share\classfile\systemDictionary.cpp, line 256]
Event: 177.670 Thread 0x000002129c072fb0 Exception <a 'java/lang/ClassNotFoundException'{0x00000006167a2a20}: user_agent_cqr9c0d9gsdjbs9i1dnjlp4waCustomizer> (0x00000006167a2a20) 
thrown [s\open\src\hotspot\share\classfile\systemDictionary.cpp, line 256]
Event: 177.678 Thread 0x000002129c072fb0 Exception <a 'java/lang/ClassNotFoundException'{0x00000006167d6178}: java/util/regex/PatternBeanInfo> (0x00000006167d6178) 
thrown [s\open\src\hotspot\share\classfile\systemDictionary.cpp, line 256]
Event: 177.678 Thread 0x000002129c072fb0 Exception <a 'java/lang/ClassNotFoundException'{0x00000006167dda30}: java/util/regex/PatternCustomizer> (0x00000006167dda30) 
thrown [s\open\src\hotspot\share\classfile\systemDictionary.cpp, line 256]
Event: 177.689 Thread 0x000002129c072fb0 Exception <a 'java/lang/ClassNotFoundException'{0x0000000616012108}: java/util/regex/MatcherBeanInfo> (0x0000000616012108) 
thrown [s\open\src\hotspot\share\classfile\systemDictionary.cpp, line 256]
Event: 177.690 Thread 0x000002129c072fb0 Exception <a 'java/lang/ClassNotFoundException'{0x00000006160199b8}: java/util/regex/MatcherCustomizer> (0x00000006160199b8) 
thrown [s\open\src\hotspot\share\classfile\systemDictionary.cpp, line 256]
Event: 178.205 Thread 0x000002129e5c8cc0 Exception <a 'java/lang/NoSuchMethodError'{0x00000006159920c8}: 'void java.lang.invoke.DirectMethodHandle$Holder.invokeSpecial(java.lang.Object, java.lang.Object, int)'> (0x00000006159920c8) 
thrown [s\open\src\hotspot\share\interpreter\linkResolver.cpp, line 759]
Event: 178.206 Thread 0x000002129c072fb0 Exception <a 'java/lang/ClassNotFoundException'{0x00000006159ce448}: build_ba5588lgrz22fjp7xq4v4jycmBeanInfo> (0x00000006159ce448) 
thrown [s\open\src\hotspot\share\classfile\systemDictionary.cpp, line 256]
Event: 178.211 Thread 0x000002129c072fb0 Exception <a 'java/lang/ClassNotFoundException'{0x00000006159d55e8}: build_ba5588lgrz22fjp7xq4v4jycmCustomizer> (0x00000006159d55e8) 
thrown [s\open\src\hotspot\share\classfile\systemDictionary.cpp, line 256]
Event: 178.484 Thread 0x000002129c072fb0 Exception <a 'java/lang/ClassNotFoundException'{0x0000000614c7df10}: build_ba5588lgrz22fjp7xq4v4jycmBeanInfo> (0x0000000614c7df10) 
thrown [s\open\src\hotspot\share\classfile\systemDictionary.cpp, line 256]
Event: 178.484 Thread 0x000002129c072fb0 Exception <a 'java/lang/ClassNotFoundException'{0x0000000614c85048}: build_ba5588lgrz22fjp7xq4v4jycmCustomizer> (0x0000000614c85048) 
thrown [s\open\src\hotspot\share\classfile\systemDictionary.cpp, line 256]
Event: 178.973 Thread 0x000002129c072fb0 Exception <a 'java/lang/ClassNotFoundException'{0x0000000614593ab0}: build_dahrwlmypcyn457lygf42tn0uBeanInfo> (0x0000000614593ab0) 
thrown [s\open\src\hotspot\share\classfile\systemDictionary.cpp, line 256]
Event: 178.978 Thread 0x000002129c072fb0 Exception <a 'java/lang/ClassNotFoundException'{0x000000061459ac50}: build_dahrwlmypcyn457lygf42tn0uCustomizer> (0x000000061459ac50) 
thrown [s\open\src\hotspot\share\classfile\systemDictionary.cpp, line 256]

VM Operations (20 events):
Event: 171.381 Executing VM operation: G1CollectForAllocation done
Event: 172.381 Executing VM operation: Cleanup
Event: 172.384 Executing VM operation: Cleanup done
Event: 173.384 Executing VM operation: Cleanup
Event: 173.384 Executing VM operation: Cleanup done
Event: 173.847 Executing VM operation: G1CollectForAllocation
Event: 173.864 Executing VM operation: G1CollectForAllocation done
Event: 174.864 Executing VM operation: Cleanup
Event: 174.864 Executing VM operation: Cleanup done
Event: 176.404 Executing VM operation: G1CollectForAllocation
Event: 176.438 Executing VM operation: G1CollectForAllocation done
Event: 176.844 Executing VM operation: HandshakeAllThreads
Event: 176.844 Executing VM operation: HandshakeAllThreads done
Event: 177.844 Executing VM operation: Cleanup
Event: 177.895 Executing VM operation: Cleanup done
Event: 178.896 Executing VM operation: Cleanup
Event: 178.897 Executing VM operation: Cleanup done
Event: 179.897 Executing VM operation: Cleanup
Event: 179.905 Executing VM operation: Cleanup done
Event: 180.154 Executing VM operation: G1CollectForAllocation

Events (20 events):
Event: 177.677 loading class java/util/regex/PatternBeanInfo
Event: 177.677 loading class java/util/regex/PatternBeanInfo done
Event: 177.678 loading class java/util/regex/PatternCustomizer
Event: 177.678 loading class java/util/regex/PatternCustomizer done
Event: 177.678 loading class java/util/regex/PatternCustomizer
Event: 177.678 loading class java/util/regex/PatternCustomizer done
Event: 177.689 loading class java/util/regex/MatcherBeanInfo
Event: 177.689 loading class java/util/regex/MatcherBeanInfo done
Event: 177.689 loading class java/util/regex/MatcherBeanInfo
Event: 177.689 loading class java/util/regex/MatcherBeanInfo done
Event: 177.689 loading class java/util/regex/MatcherCustomizer
Event: 177.689 loading class java/util/regex/MatcherCustomizer done
Event: 177.690 loading class java/util/regex/MatcherCustomizer
Event: 177.690 loading class java/util/regex/MatcherCustomizer done
Event: 178.056 Thread 0x000002129b91de80 Thread exited: 0x000002129b91de80
Event: 178.220 Thread 0x000002129e5c2c90 Thread exited: 0x000002129e5c2c90
Event: 178.220 Thread 0x000002129e5c31a0 Thread exited: 0x000002129e5c31a0
Event: 178.220 Thread 0x000002129e5c2780 Thread exited: 0x000002129e5c2780
Event: 178.220 Thread 0x000002129e5c96e0 Thread exited: 0x000002129e5c96e0
Event: 178.220 Thread 0x000002129e5c7880 Thread exited: 0x000002129e5c7880


Dynamic libraries:
0x00007ff6cad60000 - 0x00007ff6cad70000 	C:\Program Files\Java\jdk-17\bin\java.exe
0x00007ffd4f790000 - 0x00007ffd4f988000 	C:\WINDOWS\SYSTEM32\ntdll.dll
0x00007ffd4eed0000 - 0x00007ffd4ef92000 	C:\WINDOWS\System32\KERNEL32.DLL
0x00007ffd4d1b0000 - 0x00007ffd4d4a6000 	C:\WINDOWS\System32\KERNELBASE.dll
0x00007ffd4cf30000 - 0x00007ffd4d030000 	C:\WINDOWS\System32\ucrtbase.dll
0x00007ffd391e0000 - 0x00007ffd391f9000 	C:\Program Files\Java\jdk-17\bin\jli.dll
0x00007ffd4e010000 - 0x00007ffd4e0bf000 	C:\WINDOWS\System32\ADVAPI32.dll
0x00007ffd4efa0000 - 0x00007ffd4f03e000 	C:\WINDOWS\System32\msvcrt.dll
0x00007ffd4ee30000 - 0x00007ffd4eecf000 	C:\WINDOWS\System32\sechost.dll
0x00007ffd4dcc0000 - 0x00007ffd4dde3000 	C:\WINDOWS\System32\RPCRT4.dll
0x00007ffd4d100000 - 0x00007ffd4d127000 	C:\WINDOWS\System32\bcrypt.dll
0x00007ffd4f210000 - 0x00007ffd4f3ad000 	C:\WINDOWS\System32\USER32.dll
0x00007ffd4d0d0000 - 0x00007ffd4d0f2000 	C:\WINDOWS\System32\win32u.dll
0x00007ffd4f1e0000 - 0x00007ffd4f20b000 	C:\WINDOWS\System32\GDI32.dll
0x00007ffd4d610000 - 0x00007ffd4d72a000 	C:\WINDOWS\System32\gdi32full.dll
0x00007ffd4d030000 - 0x00007ffd4d0cd000 	C:\WINDOWS\System32\msvcp_win.dll
0x00007ffd391c0000 - 0x00007ffd391db000 	C:\Program Files\Java\jdk-17\bin\VCRUNTIME140.dll
0x00007ffd335d0000 - 0x00007ffd3386a000 	C:\WINDOWS\WinSxS\amd64_microsoft.windows.common-controls_6595b64144ccf1df_6.0.19041.5794_none_60bcd33171f2783c\COMCTL32.dll
0x00007ffd410b0000 - 0x00007ffd410ba000 	C:\WINDOWS\SYSTEM32\VERSION.dll
0x00007ffd4dc30000 - 0x00007ffd4dc5f000 	C:\WINDOWS\System32\IMM32.DLL
0x00007ffd41730000 - 0x00007ffd4173c000 	C:\Program Files\Java\jdk-17\bin\vcruntime140_1.dll
0x00007ffcf5700000 - 0x00007ffcf578e000 	C:\Program Files\Java\jdk-17\bin\msvcp140.dll
0x00007ffcd5fc0000 - 0x00007ffcd6ba1000 	C:\Program Files\Java\jdk-17\bin\server\jvm.dll
0x00007ffd4e0c0000 - 0x00007ffd4e0c8000 	C:\WINDOWS\System32\PSAPI.DLL
0x00007ffd36f50000 - 0x00007ffd36f59000 	C:\WINDOWS\SYSTEM32\WSOCK32.dll
0x00007ffd4e0d0000 - 0x00007ffd4e13b000 	C:\WINDOWS\System32\WS2_32.dll
0x00007ffd338d0000 - 0x00007ffd338f7000 	C:\WINDOWS\SYSTEM32\WINMM.dll
0x00007ffd4b610000 - 0x00007ffd4b622000 	C:\WINDOWS\SYSTEM32\kernel.appcore.dll
0x00007ffd36dd0000 - 0x00007ffd36dda000 	C:\Program Files\Java\jdk-17\bin\jimage.dll
0x00007ffd482c0000 - 0x00007ffd484c1000 	C:\WINDOWS\SYSTEM32\DBGHELP.DLL
0x00007ffd2fa80000 - 0x00007ffd2fab4000 	C:\WINDOWS\SYSTEM32\dbgcore.DLL
0x00007ffd4d730000 - 0x00007ffd4d7b2000 	C:\WINDOWS\System32\bcryptPrimitives.dll
0x00007ffd36dc0000 - 0x00007ffd36dce000 	C:\Program Files\Java\jdk-17\bin\instrument.dll
0x00007ffd295d0000 - 0x00007ffd295f5000 	C:\Program Files\Java\jdk-17\bin\java.dll
0x00007ffcf46f0000 - 0x00007ffcf47c7000 	C:\Program Files\Java\jdk-17\bin\jsvml.dll
0x00007ffd4e140000 - 0x00007ffd4e8ae000 	C:\WINDOWS\System32\SHELL32.dll
0x00007ffd47a40000 - 0x00007ffd481e3000 	C:\WINDOWS\SYSTEM32\windows.storage.dll
0x00007ffd4e990000 - 0x00007ffd4ece3000 	C:\WINDOWS\System32\combase.dll
0x00007ffd4c710000 - 0x00007ffd4c73b000 	C:\WINDOWS\SYSTEM32\Wldp.dll
0x00007ffd4e8b0000 - 0x00007ffd4e97d000 	C:\WINDOWS\System32\OLEAUT32.dll
0x00007ffd4ecf0000 - 0x00007ffd4ed9d000 	C:\WINDOWS\System32\SHCORE.dll
0x00007ffd4f3b0000 - 0x00007ffd4f405000 	C:\WINDOWS\System32\shlwapi.dll
0x00007ffd4cd60000 - 0x00007ffd4cd85000 	C:\WINDOWS\SYSTEM32\profapi.dll
0x00007ffd2f2f0000 - 0x00007ffd2f308000 	C:\Program Files\Java\jdk-17\bin\zip.dll
0x00007ffd27220000 - 0x00007ffd27239000 	C:\Program Files\Java\jdk-17\bin\net.dll
0x00007ffd3b4a0000 - 0x00007ffd3b5aa000 	C:\WINDOWS\SYSTEM32\WINHTTP.dll
0x00007ffd4c4f0000 - 0x00007ffd4c55c000 	C:\WINDOWS\system32\mswsock.dll
0x00007ffd22920000 - 0x00007ffd22936000 	C:\Program Files\Java\jdk-17\bin\nio.dll
0x00007ffd36db0000 - 0x00007ffd36dc0000 	C:\Program Files\Java\jdk-17\bin\verify.dll
0x00007ffd38d70000 - 0x00007ffd38d97000 	C:\Users\brayo\.gradle\native\c067742578af261105cb4f569cf0c3c89f3d7b1fecec35dd04571415982c5e48\windows-amd64\native-platform.dll
0x00007ffd38a90000 - 0x00007ffd38bd4000 	C:\Users\brayo\.gradle\native\100fb08df4bc3b14c8652ba06237920a3bd2aa13389f12d3474272988ae205f9\windows-amd64\native-platform-file-events.dll
0x00007ffd295c0000 - 0x00007ffd295ca000 	C:\Program Files\Java\jdk-17\bin\management.dll
0x00007ffd29520000 - 0x00007ffd2952b000 	C:\Program Files\Java\jdk-17\bin\management_ext.dll
0x00007ffd4c750000 - 0x00007ffd4c768000 	C:\WINDOWS\SYSTEM32\CRYPTSP.dll
0x00007ffd4be30000 - 0x00007ffd4be68000 	C:\WINDOWS\system32\rsaenh.dll
0x00007ffd4cd20000 - 0x00007ffd4cd4e000 	C:\WINDOWS\SYSTEM32\USERENV.dll
0x00007ffd4c680000 - 0x00007ffd4c68c000 	C:\WINDOWS\SYSTEM32\CRYPTBASE.dll
0x00007ffd4c1f0000 - 0x00007ffd4c22b000 	C:\WINDOWS\SYSTEM32\IPHLPAPI.DLL
0x00007ffd4f0f0000 - 0x00007ffd4f0f8000 	C:\WINDOWS\System32\NSI.dll
0x00007ffd40790000 - 0x00007ffd407a7000 	C:\WINDOWS\SYSTEM32\dhcpcsvc6.DLL
0x00007ffd406c0000 - 0x00007ffd406dd000 	C:\WINDOWS\SYSTEM32\dhcpcsvc.DLL
0x00007ffd4c230000 - 0x00007ffd4c2fa000 	C:\WINDOWS\SYSTEM32\DNSAPI.dll
0x00007ffd2f3e0000 - 0x00007ffd2f3ee000 	C:\Program Files\Java\jdk-17\bin\sunmscapi.dll
0x00007ffd4d4b0000 - 0x00007ffd4d60d000 	C:\WINDOWS\System32\CRYPT32.dll
0x00007ffd4c860000 - 0x00007ffd4c887000 	C:\WINDOWS\SYSTEM32\ncrypt.dll
0x00007ffd4c820000 - 0x00007ffd4c85b000 	C:\WINDOWS\SYSTEM32\NTASN1.dll
0x00007ffd374d0000 - 0x00007ffd374d7000 	C:\WINDOWS\system32\wshunix.dll
0x00007ffd2af20000 - 0x00007ffd2af37000 	C:\WINDOWS\system32\napinsp.dll
0x00007ffd29e10000 - 0x00007ffd29e2b000 	C:\WINDOWS\system32\pnrpnsp.dll
0x00007ffd44710000 - 0x00007ffd4472d000 	C:\WINDOWS\system32\wshbth.dll
0x00007ffd447b0000 - 0x00007ffd447cd000 	C:\WINDOWS\system32\NLAapi.dll
0x00007ffd29c80000 - 0x00007ffd29c92000 	C:\WINDOWS\System32\winrnr.dll
0x00007ffd412b0000 - 0x00007ffd412ba000 	C:\Windows\System32\rasadhlp.dll
0x00007ffd3b1c0000 - 0x00007ffd3b240000 	C:\WINDOWS\System32\fwpuclnt.dll
0x00007ffd213a0000 - 0x00007ffd213be000 	C:\Users\brayo\AppData\Local\Temp\native-platform7624332135778001646dir\native-platform.dll
0x00007ffd38e20000 - 0x00007ffd38e27000 	C:\Program Files\Java\jdk-17\bin\rmi.dll

dbghelp: loaded successfully - version: 4.0.5 - missing functions: none
symbol engine: initialized successfully - sym options: 0x614 - pdb path: .;C:\Program Files\Java\jdk-17\bin;C:\WINDOWS\SYSTEM32;C:\WINDOWS\WinSxS\amd64_microsoft.windows.common-controls_6595b64144ccf1df_6.0.19041.5794_none_60bcd33171f2783c;C:\Program Files\Java\jdk-17\bin\server;C:\Users\brayo\.gradle\native\c067742578af261105cb4f569cf0c3c89f3d7b1fecec35dd04571415982c5e48\windows-amd64;C:\Users\brayo\.gradle\native\100fb08df4bc3b14c8652ba06237920a3bd2aa13389f12d3474272988ae205f9\windows-amd64;C:\Users\brayo\AppData\Local\Temp\native-platform7624332135778001646dir

VM Arguments:
jvm_args: -XX:MaxMetaspaceSize=4G -XX:ReservedCodeCacheSize=512m -XX:+HeapDumpOnOutOfMemoryError --add-opens=java.base/java.util=ALL-UNNAMED --add-opens=java.base/java.lang=ALL-UNNAMED --add-opens=java.base/java.lang.invoke=ALL-UNNAMED --add-opens=java.prefs/java.util.prefs=ALL-UNNAMED --add-exports=jdk.compiler/com.sun.tools.javac.api=ALL-UNNAMED --add-exports=jdk.compiler/com.sun.tools.javac.util=ALL-UNNAMED --add-opens=java.base/java.nio.charset=ALL-UNNAMED --add-opens=java.base/java.net=ALL-UNNAMED --add-opens=java.base/java.util.concurrent.atomic=ALL-UNNAMED -Xmx8G -Dfile.encoding=utf8 -Duser.country=US -Duser.language=en -Duser.variant -javaagent:C:\Users\brayo\.gradle\wrapper\dists\gradle-8.10.2-all\7iv73wktx1xtkvlq19urqw1wm\gradle-8.10.2\lib\agents\gradle-instrumentation-agent-8.10.2.jar 
java_command: org.gradle.launcher.daemon.bootstrap.GradleDaemon 8.10.2
java_class_path (initial): C:\Users\brayo\.gradle\wrapper\dists\gradle-8.10.2-all\7iv73wktx1xtkvlq19urqw1wm\gradle-8.10.2\lib\gradle-daemon-main-8.10.2.jar
Launcher Type: SUN_STANDARD

[Global flags]
     intx CICompilerCount                          = 3                                         {product} {ergonomic}
     uint ConcGCThreads                            = 1                                         {product} {ergonomic}
     uint G1ConcRefinementThreads                  = 4                                         {product} {ergonomic}
   size_t G1HeapRegionSize                         = 4194304                                   {product} {ergonomic}
    uintx GCDrainStackTargetSize                   = 64                                        {product} {ergonomic}
     bool HeapDumpOnOutOfMemoryError               = true                                   {manageable} {command line}
   size_t InitialHeapSize                          = 201326592                                 {product} {ergonomic}
   size_t MarkStackSize                            = 4194304                                   {product} {ergonomic}
   size_t MaxHeapSize                              = 8589934592                                {product} {command line}
   size_t MaxMetaspaceSize                         = 4294967296                                {product} {command line}
   size_t MaxNewSize                               = 5150605312                                {product} {ergonomic}
   size_t MinHeapDeltaBytes                        = 4194304                                   {product} {ergonomic}
   size_t MinHeapSize                              = 8388608                                   {product} {ergonomic}
    uintx NonNMethodCodeHeapSize                   = 5832780                                {pd product} {ergonomic}
    uintx NonProfiledCodeHeapSize                  = 265519066                              {pd product} {ergonomic}
    uintx ProfiledCodeHeapSize                     = 265519066                              {pd product} {ergonomic}
    uintx ReservedCodeCacheSize                    = 536870912                              {pd product} {command line}
     bool SegmentedCodeCache                       = true                                      {product} {ergonomic}
   size_t SoftMaxHeapSize                          = 8589934592                             {manageable} {ergonomic}
   double SweeperThreshold                         = 0.234375                                  {product} {ergonomic}
     bool UseCompressedClassPointers               = true                           {product lp64_product} {ergonomic}
     bool UseCompressedOops                        = true                           {product lp64_product} {ergonomic}
     bool UseG1GC                                  = true                                      {product} {ergonomic}
     bool UseLargePagesIndividualAllocation        = false                                  {pd product} {ergonomic}

Logging:
Log output configuration:
 #0: stdout all=warning uptime,level,tags
 #1: stderr all=off uptime,level,tags

Environment Variables:
JAVA_HOME=C:\Program Files\Java\jdk-23
PATH=C:\Program Files\Common Files\Oracle\Java\javapath;c:\Users\brayo\AppData\Local\Programs\cursor\resources\app\bin;C:\WINDOWS\system32;C:\WINDOWS;C:\WINDOWS\System32\Wbem;C:\WINDOWS\System32\WindowsPowerShell\v1.0\;C:\WINDOWS\System32\OpenSSH\;C:\Users\brayo\AppData\Local\Microsoft\WindowsApps;c:\Users\brayo\AppData\Local\Programs\cursor\resources\app\bin;C:\Program Files\MySQL\MySQL Server 8.0\bin;C:\Program Files\Java\jdk-23\bin;C:\Program Files\Java\jdk-23\bin;C:\Users\brayo\AppData\Local\Android\Sdk\cmdline-tools\latest\bin;C:\Users\brayo\Documents\cmdline-tools\bin;C:\Users\brayo\Documents\flutter\bin;C:\Gradle\gradle-8.13\bin;C:\Program Files\nodejs;C:\Program Files\MongoDB\Server\8.0\bin;C:\ProgramData\chocolatey\bin;C:\Program Files\Git\cmd;C:\Users\brayo\AppData\Local\Programs\Python\Python310\Scripts\;C:\Users\brayo\AppData\Local\Programs\Python\Python310\;C:\Program Files\Common Files\Oracle\Java\javapath;C:\WINDOWS\system32;C:\WINDOWS;C:\WINDOWS\System32\Wbem;C:\WINDOWS\System32\WindowsPowerShell\v1.0\;C:\WINDOWS\System32\OpenSSH\;C:\Users\brayo\AppData\Local\Microsoft\WindowsApps;C:\Program Files\MySQL\MySQL Server 8.0\bin;C:\Program Files\Java\jdk-23\bin;C:\Program Files\Java\jdk-23\bin;C:\Program Files\Git\cmd;C:\Users\brayo\AppData\Local\Android\Sdk\cmdline-tools\latest\bin;C:\Users\brayo\Documents\cmdline-tools\bin;C:\Users\brayo\Documents\flutter\bin;C:\Gradle\gradle-8.13\bin;C:\Program Files\Common Files\Oracle\Java\javapath;C:\WINDOWS\system32;C:\WINDOWS;C:\WINDOWS\System32\Wbem;C:\WINDOWS\System32\WindowsPowerShell\v1.0\;C:\WINDOWS\System32\OpenSSH\;C:\Users\brayo\AppData\Local\Microsoft\WindowsApps;C:\Program Files\MySQL\MySQL Server 8.0\bin;C:\Program Files\Java\jdk-23\bin;C:\Program Files\Git\cmd;C:\Users\brayo\AppData\Local\Android\Sdk\cmdline-tools\latest\bin;C:\Users\brayo\Documents\cmdline-tools\bin;C:\Users\brayo\Documents\flutter\bin;C:\Users\brayo\Downloads\Flutter-Counter-Clone-master\.venv\Scripts\;C:\platform-tools;C:\Users\brayo\A
USERNAME=brayo
OS=Windows_NT
PROCESSOR_IDENTIFIER=Intel64 Family 6 Model 78 Stepping 3, GenuineIntel



---------------  S Y S T E M  ---------------

OS:
 Windows 10 , 64 bit Build 19041 (10.0.19041.5794)
OS uptime: 0 days 4:59 hours
Hyper-V role detected

CPU: total 4 (initial active 4) (2 cores per cpu, 2 threads per core) family 6 model 78 stepping 3 microcode 0xf0, cx8, cmov, fxsr, ht, mmx, 3dnowpref, sse, sse2, sse3, ssse3, sse4.1, sse4.2, popcnt, lzcnt, tsc, tscinvbit, avx, avx2, aes, erms, clmul, bmi1, bmi2, rtm, adx, fma, vzeroupper, clflush, clflushopt, hv

Memory: 4k page, system-wide physical 12168M (1281M free)
TotalPageFile size 25202M (AvailPageFile size 4953M)
current process WorkingSet (physical memory assigned to process): 674M, peak: 676M
current process commit charge ("private bytes"): 720M, peak: 723M

vm_info: Java HotSpot(TM) 64-Bit Server VM (17.0.14+8-LTS-191) for windows-amd64 JRE (17.0.14+8-LTS-191), built on Dec  3 2024 11:07:59 by "mach5one" with MS VC++ 17.6 (VS2022)

END.
