#
# A fatal error has been detected by the Java Runtime Environment:
#
#  EXCEPTION_ACCESS_VIOLATION (0xc0000005) at pc=0x00007ff80d9bb60f, pid=10816, tid=5912
#
# JRE version: OpenJDK Runtime Environment Temurin-21.0.6+7 (21.0.6+7) (build 21.0.6+7-LTS)
# Java VM: OpenJDK 64-Bit Server VM Temurin-21.0.6+7 (21.0.6+7-LTS, mixed mode, sharing, tiered, compressed oops, compressed class ptrs, parallel gc, windows-amd64)
# Problematic frame:
# V  [jvm.dll+0x24b60f]
#
# No core dump will be written. Minidumps are not enabled by default on client versions of Windows
#
# If you would like to submit a bug report, please visit:
#   https://github.com/adoptium/adoptium-support/issues
#

---------------  S U M M A R Y ------------

Command Line: --add-modules=ALL-SYSTEM --add-opens=java.base/java.util=ALL-UNNAMED --add-opens=java.base/java.lang=ALL-UNNAMED --add-opens=java.base/sun.nio.fs=ALL-UNNAMED -Declipse.application=org.eclipse.jdt.ls.core.id1 -Dosgi.bundles.defaultStartLevel=4 -Declipse.product=org.eclipse.jdt.ls.core.product -Djava.import.generatesMetadataFilesAtProjectRoot=false -DDetectVMInstallationsJob.disabled=true -Dfile.encoding=utf8 -XX:+UseParallelGC -XX:GCTimeRatio=4 -XX:AdaptiveSizePolicyWeight=90 -Dsun.zip.disableMemoryMapping=true -Xmx2G -Xms100m -Xlog:disable -javaagent:c:\Users\brayo\.cursor\extensions\redhat.java-1.41.0-win32-x64\lombok\lombok-1.18.36.jar -XX:+HeapDumpOnOutOfMemoryError -XX:HeapDumpPath=c:\Users\brayo\AppData\Roaming\Cursor\User\workspaceStorage\7b23467cfb3e4fdcb681e0b62d4e169c\redhat.java -Daether.dependencyCollector.impl=bf c:\Users\brayo\.cursor\extensions\redhat.java-1.41.0-win32-x64\server\plugins\org.eclipse.equinox.launcher_1.6.1100.v20250306-0509.jar -configuration c:\Users\brayo\AppData\Roaming\Cursor\User\globalStorage\redhat.java\1.41.0\config_win -data c:\Users\brayo\AppData\Roaming\Cursor\User\workspaceStorage\7b23467cfb3e4fdcb681e0b62d4e169c\redhat.java\jdt_ws --pipe=\\.\pipe\lsp-fa86b45fc2752d36815659d3e59f311d-sock

Host: Intel(R) Core(TM) i5-6300U CPU @ 2.40GHz, 4 cores, 11G,  Windows 10 , 64 bit Build 19041 (10.0.19041.5438)
Time: Sat Mar 29 14:45:26 2025 E. Africa Standard Time elapsed time: 107.330046 seconds (0d 0h 1m 47s)

---------------  T H R E A D  ---------------

Current thread (0x00000169c342a990):  JavaThread "C2 CompilerThread0" daemon [_thread_in_native, id=5912, stack(0x00000037b9800000,0x00000037b9900000) (1024K)]


Current CompileTask:
C2:107330 8015       4       org.gradle.tooling.internal.provider.PhasedActionEventConsumer::dispatch (57 bytes)

Stack: [0x00000037b9800000,0x00000037b9900000],  sp=0x00000037b98fd940,  free space=1014k
Native frames: (J=compiled Java code, j=interpreted, Vv=VM code, C=native code)
V  [jvm.dll+0x24b60f]
V  [jvm.dll+0x6f38cc]
V  [jvm.dll+0x24ff57]
V  [jvm.dll+0x246c73]
V  [jvm.dll+0x1c75ee]
V  [jvm.dll+0x25685a]
V  [jvm.dll+0x254dfa]
V  [jvm.dll+0x3f0256]
V  [jvm.dll+0x851f8b]
V  [jvm.dll+0x6cc5ed]
C  [ucrtbase.dll+0x21bb2]
C  [KERNEL32.DLL+0x17374]
C  [ntdll.dll+0x4cc91]


siginfo: EXCEPTION_ACCESS_VIOLATION (0xc0000005), reading address 0x0000000000000028


Registers:
RAX=0x0000000000000000, RBX=0x00000037b98fe710, RCX=0x000000000de09060, RDX=0x000000000000007f
RSP=0x00000037b98fd940, RBP=0x0000000000000000, RSI=0x0000016a0a634d08, RDI=0x00000037b98fd9f0
R8 =0x0000000000000004, R9 =0x0000000000002001, R10=0x0000016a0a634dc0, R11=0x0000016a0a634de0
R12=0x00000000000004b6, R13=0x0000016a0bacdbc0, R14=0x00000037b98fd9e0, R15=0x0000000000000001
RIP=0x00007ff80d9bb60f, EFLAGS=0x0000000000010287

XMM[0]=0x0000000000000000 0x0000000000000000
XMM[1]=0x0000000000000000 0x0000000000000000
XMM[2]=0x0000000000000000 0x0000000000000000
XMM[3]=0x0000000000000000 0x0000000000000000
XMM[4]=0x0000000000000000 0x0000000000000000
XMM[5]=0x0000000000000000 0x0000000000000000
XMM[6]=0x0000000000000000 0x0000000000000000
XMM[7]=0x0000000000000000 0x0000000000000000
XMM[8]=0x0000000000000000 0x0000000000000000
XMM[9]=0x0000000000000000 0x0000000000000000
XMM[10]=0x0000000000000000 0x0000000000000000
XMM[11]=0x0000000000000000 0x0000000000000000
XMM[12]=0x0000000000000000 0x0000000000000000
XMM[13]=0x0000000000000000 0x0000000000000000
XMM[14]=0x0000000000000000 0x0000000000000000
XMM[15]=0x0000000000000000 0x0000000000000000
  MXCSR=0x00001fa0


Register to memory mapping:

RAX=0x0 is null
RBX=0x00000037b98fe710 is pointing into the stack for thread: 0x00000169c342a990
RCX=0x000000000de09060 is an unknown value
RDX=0x000000000000007f is an unknown value
RSP=0x00000037b98fd940 is pointing into the stack for thread: 0x00000169c342a990
RBP=0x0 is null
RSI=0x0000016a0a634d08 points into unknown readable memory: 0x00007ff80e1560a8 | a8 60 15 0e f8 7f 00 00
RDI=0x00000037b98fd9f0 is pointing into the stack for thread: 0x00000169c342a990
R8 =0x0000000000000004 is an unknown value
R9 =0x0000000000002001 is an unknown value
R10=0x0000016a0a634dc0 points into unknown readable memory: 0x0000016a0a634d78 | 78 4d 63 0a 6a 01 00 00
R11=0x0000016a0a634de0 points into unknown readable memory: 0x0000000000000000 | 00 00 00 00 00 00 00 00
R12=0x00000000000004b6 is an unknown value
R13=0x0000016a0bacdbc0 points into unknown readable memory: 0x00000037b98fe840 | 40 e8 8f b9 37 00 00 00
R14=0x00000037b98fd9e0 is pointing into the stack for thread: 0x00000169c342a990
R15=0x0000000000000001 is an unknown value

Top of Stack: (sp=0x00000037b98fd940)
0x00000037b98fd940:   00000037b98fe710 0000016a0a170980
0x00000037b98fd950:   00000037b98fe710 00007ff80de665b2
0x00000037b98fd960:   0000000000000001 00000037b98fd9e0
0x00000037b98fd970:   0000000000028310 00000037b98fdc60
0x00000037b98fd980:   00000169c342b4d0 00007ff80de638cc
0x00000037b98fd990:   0000016a0cc38d48 00000037b98fe710
0x00000037b98fd9a0:   0000016a0bacdbc0 0000016a0bacdbc0
0x00000037b98fd9b0:   0000016a0cc31cc0 00007ff80d9bff57
0x00000037b98fd9c0:   00000037b98fe710 0000016a0cc30d60
0x00000037b98fd9d0:   00000169c342b4d0 00000169c34166d0
0x00000037b98fd9e0:   0000016a00000002 00000037b98fe710
0x00000037b98fd9f0:   00000169c34166d0 0000000000002000
0x00000037b98fda00:   0000016a056275e0 0000016a00000cfb
0x00000037b98fda10:   0000016a00000100 0000016a0db0ad90
0x00000037b98fda20:   00007ff800000100 00000169c34166d0
0x00000037b98fda30:   0000003700000000 00000037b98ff4d0
0x00000037b98fda40:   00000037b98fdc60 0000016a0b392170
0x00000037b98fda50:   0000000000000000 00000169ffffffff
0x00000037b98fda60:   0000000000000000 00000169aca3fd20
0x00000037b98fda70:   0000016a0bad1c90 0000000000000002
0x00000037b98fda80:   00000169aa7fe4e0 0000016a0bacdc30
0x00000037b98fda90:   0000000000000001 00007ff80d9b6c73
0x00000037b98fdaa0:   0000000000000000 00000037b98fdba0
0x00000037b98fdab0:   00000037b98fe710 0000000000000000
0x00000037b98fdac0:   00000169c3471d00 00000169c3471e50
0x00000037b98fdad0:   00000037b98fe710 00000169c3472390
0x00000037b98fdae0:   00000169c344da90 00000169c3472450
0x00000037b98fdaf0:   00000169c3470000 0000000000000000
0x00000037b98fdb00:   00000169c3472570 00000169c3472a00
0x00000037b98fdb10:   0000000000000000 00007ff80e16027c
0x00000037b98fdb20:   0000000000000000 0000000000000000
0x00000037b98fdb30:   0000000000000000 00007ff80e16027c 

Instructions: (pc=0x00007ff80d9bb60f)
0x00007ff80d9bb50f:   75 7b 48 83 b9 10 03 00 00 00 74 71 41 8b 50 28
0x00007ff80d9bb51f:   e8 cc 05 f8 ff 48 8b f0 48 85 c0 74 60 48 83 38
0x00007ff80d9bb52f:   00 74 5a 8b 53 28 48 8b cf e8 b3 05 f8 ff 48 85
0x00007ff80d9bb53f:   c0 74 2d 48 8b 00 48 85 c0 74 25 8b 53 28 4c 8d
0x00007ff80d9bb54f:   44 24 40 48 8b cf 48 89 44 24 40 e8 61 75 00 00
0x00007ff80d9bb55f:   48 8b 5c 24 30 48 8b 74 24 38 48 83 c4 20 5f c3
0x00007ff80d9bb56f:   8b 53 28 4c 8b c6 48 8b cf 48 8b 5c 24 30 48 8b
0x00007ff80d9bb57f:   74 24 38 48 83 c4 20 5f e9 34 75 00 00 48 8b 5c
0x00007ff80d9bb58f:   24 30 32 c0 48 8b 74 24 38 48 83 c4 20 5f c3 cc
0x00007ff80d9bb59f:   cc 48 89 5c 24 10 48 89 6c 24 18 56 57 41 55 41
0x00007ff80d9bb5af:   56 41 57 48 83 ec 20 33 ed 4c 89 64 24 50 4d 8b
0x00007ff80d9bb5bf:   e8 48 8b fa 48 8b d9 44 8b e5 39 6a 18 0f 86 00
0x00007ff80d9bb5cf:   01 00 00 48 8b 47 10 41 8b cc 41 ff c4 48 8b 34
0x00007ff80d9bb5df:   c8 8b 46 2c 83 e0 03 3c 03 75 09 48 8d 4e 48 e8
0x00007ff80d9bb5ef:   4d 60 4d 00 44 8b 4e 20 44 8b c5 45 85 c9 7e 49
0x00007ff80d9bb5ff:   90 4c 8b 56 10 41 8b c0 4d 8d 1c c2 49 8b 04 c2
0x00007ff80d9bb60f:   8b 48 28 8b c1 c1 e8 05 3b 47 20 73 11 8b d0 83
0x00007ff80d9bb61f:   e1 1f 48 8b 47 28 8b 04 90 0f a3 c8 72 13 ff 4e
0x00007ff80d9bb62f:   20 41 ff c8 8b 46 20 41 ff c9 49 8b 04 c2 49 89
0x00007ff80d9bb63f:   03 41 ff c0 45 3b c1 7c b8 83 7e 20 01 75 7a 48
0x00007ff80d9bb64f:   8b ce e8 8a e0 45 00 84 c0 74 6e 48 8b 46 10 4c
0x00007ff80d9bb65f:   8b 38 45 8b 77 28 41 8b f6 c1 ee 05 41 3b 75 20
0x00007ff80d9bb66f:   72 0b 8b d6 49 8d 4d 20 e8 14 5b 64 00 49 8b 45
0x00007ff80d9bb67f:   28 41 83 e6 1f 48 8d 14 b0 41 0f b6 ce 41 b8 01
0x00007ff80d9bb68f:   00 00 00 41 d3 e0 8b 0a 8b c1 41 0b c0 89 02 41
0x00007ff80d9bb69f:   85 c8 75 23 41 8b 75 18 8d 46 01 41 89 45 18 41
0x00007ff80d9bb6af:   3b 75 08 72 0a 8b d6 49 8b cd e8 32 de 45 00 49
0x00007ff80d9bb6bf:   8b 45 10 4c 89 3c f0 33 ed 44 3b 67 18 0f 82 00
0x00007ff80d9bb6cf:   ff ff ff 44 8b 83 a0 01 00 00 41 83 e8 01 4d 63
0x00007ff80d9bb6df:   c8 78 5e 0f 1f 40 00 66 66 0f 1f 84 00 00 00 00
0x00007ff80d9bb6ef:   00 4c 8b 93 a8 01 00 00 4b 8b 04 ca 8b 48 28 8b
0x00007ff80d9bb6ff:   c1 c1 e8 05 3b 47 20 73 11 8b d0 83 e1 1f 48 8b 


Stack slot to memory mapping:

stack at sp + 0 slots: 0x00000037b98fe710 is pointing into the stack for thread: 0x00000169c342a990
stack at sp + 1 slots: 0x0000016a0a170980 points into unknown readable memory: 0x00007ff80e155e40 | 40 5e 15 0e f8 7f 00 00
stack at sp + 2 slots: 0x00000037b98fe710 is pointing into the stack for thread: 0x00000169c342a990
stack at sp + 3 slots: 0x00007ff80de665b2 jvm.dll
stack at sp + 4 slots: 0x0000000000000001 is an unknown value
stack at sp + 5 slots: 0x00000037b98fd9e0 is pointing into the stack for thread: 0x00000169c342a990
stack at sp + 6 slots: 0x0000000000028310 is an unknown value
stack at sp + 7 slots: 0x00000037b98fdc60 is pointing into the stack for thread: 0x00000169c342a990


---------------  P R O C E S S  ---------------

Threads class SMR info:
_java_thread_list=0x0000016a0a099db0, length=42, elements={
0x00000169aca44290, 0x00000169c341de80, 0x00000169c341eee0, 0x00000169c34202c0,
0x00000169c34211d0, 0x00000169c34220e0, 0x00000169c3425b50, 0x00000169c342a990,
0x00000169c349c750, 0x0000016a05138480, 0x0000016a05391bd0, 0x0000016a05b6b8e0,
0x0000016a0592c070, 0x0000016a05b802c0, 0x0000016a05b88e10, 0x0000016a0a1328a0,
0x00000169c348a1d0, 0x0000016a05bca800, 0x0000016a05bcb520, 0x0000016a05bcc240,
0x0000016a05bcbbb0, 0x0000016a05bccf60, 0x0000016a05c77e40, 0x0000016a05c7e740,
0x0000016a05c7da20, 0x0000016a05c7edd0, 0x0000016a05c784d0, 0x0000016a05c7c670,
0x0000016a05c7b950, 0x0000016a05c7f460, 0x0000016a05c78b60, 0x0000016a05c791f0,
0x0000016a05c7e0b0, 0x0000016a05c79880, 0x0000016a05c7b2c0, 0x0000016a0c181280,
0x0000016a0c17d0e0, 0x0000016a0c17fed0, 0x0000016a0c180560, 0x0000016a0c182cc0,
0x0000016a0c181910, 0x0000016a0c17de00
}

Java Threads: ( => current thread )
  0x00000169aca44290 JavaThread "main"                              [_thread_blocked, id=8820, stack(0x00000037b8e00000,0x00000037b8f00000) (1024K)]
  0x00000169c341de80 JavaThread "Reference Handler"          daemon [_thread_blocked, id=3536, stack(0x00000037b9200000,0x00000037b9300000) (1024K)]
  0x00000169c341eee0 JavaThread "Finalizer"                  daemon [_thread_blocked, id=7748, stack(0x00000037b9300000,0x00000037b9400000) (1024K)]
  0x00000169c34202c0 JavaThread "Signal Dispatcher"          daemon [_thread_blocked, id=5676, stack(0x00000037b9400000,0x00000037b9500000) (1024K)]
  0x00000169c34211d0 JavaThread "Attach Listener"            daemon [_thread_blocked, id=8428, stack(0x00000037b9500000,0x00000037b9600000) (1024K)]
  0x00000169c34220e0 JavaThread "Service Thread"             daemon [_thread_blocked, id=8968, stack(0x00000037b9600000,0x00000037b9700000) (1024K)]
  0x00000169c3425b50 JavaThread "Monitor Deflation Thread"   daemon [_thread_blocked, id=7140, stack(0x00000037b9700000,0x00000037b9800000) (1024K)]
=>0x00000169c342a990 JavaThread "C2 CompilerThread0"         daemon [_thread_in_native, id=5912, stack(0x00000037b9800000,0x00000037b9900000) (1024K)]
  0x00000169c349c750 JavaThread "C1 CompilerThread0"         daemon [_thread_blocked, id=2600, stack(0x00000037b9900000,0x00000037b9a00000) (1024K)]
  0x0000016a05138480 JavaThread "Common-Cleaner"             daemon [_thread_blocked, id=2780, stack(0x00000037b9a00000,0x00000037b9b00000) (1024K)]
  0x0000016a05391bd0 JavaThread "Notification Thread"        daemon [_thread_blocked, id=7592, stack(0x00000037b9b00000,0x00000037b9c00000) (1024K)]
  0x0000016a05b6b8e0 JavaThread "Active Thread: Equinox Container: 4b3bfa66-dcca-4d3f-883a-bf7787857b3a"        [_thread_blocked, id=10828, stack(0x00000037ba000000,0x00000037ba100000) (1024K)]
  0x0000016a0592c070 JavaThread "Refresh Thread: Equinox Container: 4b3bfa66-dcca-4d3f-883a-bf7787857b3a" daemon [_thread_blocked, id=3708, stack(0x00000037b9f00000,0x00000037ba000000) (1024K)]
  0x0000016a05b802c0 JavaThread "Framework Event Dispatcher: Equinox Container: 4b3bfa66-dcca-4d3f-883a-bf7787857b3a" daemon [_thread_blocked, id=1452, stack(0x00000037ba100000,0x00000037ba200000) (1024K)]
  0x0000016a05b88e10 JavaThread "Start Level: Equinox Container: 4b3bfa66-dcca-4d3f-883a-bf7787857b3a" daemon [_thread_blocked, id=7816, stack(0x00000037ba200000,0x00000037ba300000) (1024K)]
  0x0000016a0a1328a0 JavaThread "Bundle File Closer"         daemon [_thread_blocked, id=10808, stack(0x00000037ba400000,0x00000037ba500000) (1024K)]
  0x00000169c348a1d0 JavaThread "SCR Component Actor"        daemon [_thread_blocked, id=10588, stack(0x00000037ba300000,0x00000037ba400000) (1024K)]
  0x0000016a05bca800 JavaThread "Worker-JM"                         [_thread_blocked, id=1848, stack(0x00000037ba700000,0x00000037ba800000) (1024K)]
  0x0000016a05bcb520 JavaThread "JNA Cleaner"                daemon [_thread_blocked, id=8288, stack(0x00000037ba600000,0x00000037ba700000) (1024K)]
  0x0000016a05bcc240 JavaThread "Worker-0"                          [_thread_blocked, id=10044, stack(0x00000037ba800000,0x00000037ba900000) (1024K)]
  0x0000016a05bcbbb0 JavaThread "Worker-1"                          [_thread_blocked, id=3740, stack(0x00000037ba900000,0x00000037baa00000) (1024K)]
  0x0000016a05bccf60 JavaThread "Java indexing"              daemon [_thread_blocked, id=9716, stack(0x00000037bab00000,0x00000037bac00000) (1024K)]
  0x0000016a05c77e40 JavaThread "Worker-4: Synchronize Gradle projects with workspace"        [_thread_blocked, id=10100, stack(0x00000037bb000000,0x00000037bb100000) (1024K)]
  0x0000016a05c7e740 JavaThread "Worker-5: Initialize Workspace"        [_thread_blocked, id=2452, stack(0x00000037bb100000,0x00000037bb200000) (1024K)]
  0x0000016a05c7da20 JavaThread "Thread-2"                   daemon [_thread_in_native, id=3796, stack(0x00000037bb200000,0x00000037bb300000) (1024K)]
  0x0000016a05c7edd0 JavaThread "Thread-3"                   daemon [_thread_in_native, id=8764, stack(0x00000037bb300000,0x00000037bb400000) (1024K)]
  0x0000016a05c784d0 JavaThread "Thread-4"                   daemon [_thread_in_native, id=2612, stack(0x00000037bb400000,0x00000037bb500000) (1024K)]
  0x0000016a05c7c670 JavaThread "Thread-5"                   daemon [_thread_in_native, id=3428, stack(0x00000037bb500000,0x00000037bb600000) (1024K)]
  0x0000016a05c7b950 JavaThread "Thread-6"                   daemon [_thread_in_native, id=10148, stack(0x00000037bb600000,0x00000037bb700000) (1024K)]
  0x0000016a05c7f460 JavaThread "pool-2-thread-1"                   [_thread_blocked, id=2848, stack(0x00000037bb700000,0x00000037bb800000) (1024K)]
  0x0000016a05c78b60 JavaThread "Timer-0"                           [_thread_blocked, id=6064, stack(0x00000037bb800000,0x00000037bb900000) (1024K)]
  0x0000016a05c791f0 JavaThread "Timer-1"                           [_thread_blocked, id=2856, stack(0x00000037bb900000,0x00000037bba00000) (1024K)]
  0x0000016a05c7e0b0 JavaThread "WorkspaceEventsHandler"            [_thread_blocked, id=7112, stack(0x00000037bba00000,0x00000037bbb00000) (1024K)]
  0x0000016a05c79880 JavaThread "pool-1-thread-1"                   [_thread_blocked, id=4924, stack(0x00000037bbb00000,0x00000037bbc00000) (1024K)]
  0x0000016a05c7b2c0 JavaThread "Timer-2"                           [_thread_blocked, id=10112, stack(0x00000037baa00000,0x00000037bab00000) (1024K)]
  0x0000016a0c181280 JavaThread "Timer-3"                           [_thread_blocked, id=7976, stack(0x00000037bbc00000,0x00000037bbd00000) (1024K)]
  0x0000016a0c17d0e0 JavaThread "Timer-4"                           [_thread_blocked, id=9948, stack(0x00000037bbd00000,0x00000037bbe00000) (1024K)]
  0x0000016a0c17fed0 JavaThread "Timer-5"                           [_thread_blocked, id=8068, stack(0x00000037bc100000,0x00000037bc200000) (1024K)]
  0x0000016a0c180560 JavaThread "Timer-6"                           [_thread_blocked, id=9200, stack(0x00000037bc200000,0x00000037bc300000) (1024K)]
  0x0000016a0c182cc0 JavaThread "Timer-7"                           [_thread_blocked, id=4928, stack(0x00000037bc300000,0x00000037bc400000) (1024K)]
  0x0000016a0c181910 JavaThread "Connection worker"                 [_thread_in_native, id=7156, stack(0x00000037bc400000,0x00000037bc500000) (1024K)]
  0x0000016a0c17de00 JavaThread "pool-3-thread-1"                   [_thread_blocked, id=7560, stack(0x00000037ba500000,0x00000037ba600000) (1024K)]
Total: 42

Other Threads:
  0x00000169aa7fbe20 VMThread "VM Thread"                           [id=8156, stack(0x00000037b9100000,0x00000037b9200000) (1024K)]
  0x00000169acaadef0 WatcherThread "VM Periodic Task Thread"        [id=10872, stack(0x00000037b9000000,0x00000037b9100000) (1024K)]
  0x00000169aa7fc560 WorkerThread "GC Thread#0"                     [id=1480, stack(0x00000037b8f00000,0x00000037b9000000) (1024K)]
  0x00000169aa7fd040 WorkerThread "GC Thread#1"                     [id=6344, stack(0x00000037b9c00000,0x00000037b9d00000) (1024K)]
  0x00000169aa7fd3e0 WorkerThread "GC Thread#2"                     [id=9984, stack(0x00000037b9d00000,0x00000037b9e00000) (1024K)]
  0x00000169aa7fd780 WorkerThread "GC Thread#3"                     [id=3048, stack(0x00000037b9e00000,0x00000037b9f00000) (1024K)]
Total: 6

Threads with active compile tasks:
C2 CompilerThread0  107503 8015       4       org.gradle.tooling.internal.provider.PhasedActionEventConsumer::dispatch (57 bytes)
Total: 1

VM state: not at safepoint (normal execution)

VM Mutex/Monitor currently owned by a thread: None

Heap address: 0x0000000080000000, size: 2048 MB, Compressed Oops mode: 32-bit

CDS archive(s) mapped at: [0x00000169c4000000-0x00000169c4ba0000-0x00000169c4ba0000), size 12189696, SharedBaseAddress: 0x00000169c4000000, ArchiveRelocationMode: 1.
Compressed class space mapped at: 0x00000169c5000000-0x0000016a05000000, reserved size: 1073741824
Narrow klass base: 0x00000169c4000000, Narrow klass shift: 0, Narrow klass range: 0x100000000

GC Precious Log:
 CardTable entry size: 512
 CPUs: 4 total, 4 available
 Memory: 12168M
 Large Page Support: Disabled
 NUMA Support: Disabled
 Compressed Oops: Enabled (32-bit)
 Alignments: Space 512K, Generation 512K, Heap 2M
 Heap Min Capacity: 100M
 Heap Initial Capacity: 100M
 Heap Max Capacity: 2G
 Pre-touch: Disabled
 Parallel Workers: 4

Heap:
 PSYoungGen      total 22528K, used 4768K [0x00000000d5580000, 0x00000000d6e00000, 0x0000000100000000)
  eden space 22016K, 21% used [0x00000000d5580000,0x00000000d5a10018,0x00000000d6b00000)
  from space 512K, 18% used [0x00000000d6d80000,0x00000000d6d98000,0x00000000d6e00000)
  to   space 512K, 0% used [0x00000000d6d00000,0x00000000d6d00000,0x00000000d6d80000)
 ParOldGen       total 68608K, used 41835K [0x0000000080000000, 0x0000000084300000, 0x00000000d5580000)
  object space 68608K, 60% used [0x0000000080000000,0x00000000828daed0,0x0000000084300000)
 Metaspace       used 63424K, committed 64832K, reserved 1114112K
  class space    used 7774K, committed 8384K, reserved 1048576K

Card table byte_map: [0x00000169ac420000,0x00000169ac830000] _byte_map_base: 0x00000169ac020000

Marking Bits: (ParMarkBitMap*) 0x00007ff80e423260
 Begin Bits: [0x00000169beef0000, 0x00000169c0ef0000)
 End Bits:   [0x00000169c0ef0000, 0x00000169c2ef0000)

Polling page: 0x00000169ac210000

Metaspace:

Usage:
  Non-class:     54.35 MB used.
      Class:      7.59 MB used.
       Both:     61.94 MB used.

Virtual space:
  Non-class space:       64.00 MB reserved,      55.12 MB ( 86%) committed,  1 nodes.
      Class space:        1.00 GB reserved,       8.19 MB ( <1%) committed,  1 nodes.
             Both:        1.06 GB reserved,      63.31 MB (  6%) committed. 

Chunk freelists:
   Non-Class:  8.42 MB
       Class:  7.63 MB
        Both:  16.05 MB

MaxMetaspaceSize: unlimited
CompressedClassSpaceSize: 1.00 GB
Initial GC threshold: 21.00 MB
Current GC threshold: 97.31 MB
CDS: on
 - commit_granule_bytes: 65536.
 - commit_granule_words: 8192.
 - virtual_space_node_default_size: 8388608.
 - enlarge_chunks_in_place: 1.
 - use_allocation_guard: 0.


Internal statistics:

num_allocs_failed_limit: 9.
num_arena_births: 1130.
num_arena_deaths: 14.
num_vsnodes_births: 2.
num_vsnodes_deaths: 0.
num_space_committed: 1013.
num_space_uncommitted: 0.
num_chunks_returned_to_freelist: 23.
num_chunks_taken_from_freelist: 3940.
num_chunk_merges: 15.
num_chunk_splits: 2496.
num_chunks_enlarged: 1486.
num_inconsistent_stats: 0.

CodeHeap 'non-profiled nmethods': size=120000Kb used=5460Kb max_used=5460Kb free=114539Kb
 bounds [0x00000169b7710000, 0x00000169b7c70000, 0x00000169bec40000]
CodeHeap 'profiled nmethods': size=120000Kb used=14703Kb max_used=14703Kb free=105296Kb
 bounds [0x00000169afc40000, 0x00000169b0aa0000, 0x00000169b7170000]
CodeHeap 'non-nmethods': size=5760Kb used=1387Kb max_used=1461Kb free=4372Kb
 bounds [0x00000169b7170000, 0x00000169b73e0000, 0x00000169b7710000]
 total_blobs=7927 nmethods=7237 adapters=596
 compilation: enabled
              stopped_count=0, restarted_count=0
 full_count=0

Compilation events (20 events):
Event: 106.995 Thread 0x00000169c342a990 nmethod 8005 0x00000169b7c57910 code [0x00000169b7c57aa0, 0x00000169b7c57b70]
Event: 107.001 Thread 0x00000169c342a990 8006       4       java.io.ObjectInputStream$HandleTable::grow (85 bytes)
Event: 107.007 Thread 0x00000169c342a990 nmethod 8006 0x00000169b7c57c10 code [0x00000169b7c57de0, 0x00000169b7c58438]
Event: 107.010 Thread 0x00000169c342a990 8007   !   4       org.gradle.internal.event.AbstractBroadcastDispatch::dispatch (74 bytes)
Event: 107.066 Thread 0x00000169c342a990 nmethod 8007 0x00000169b7c58690 code [0x00000169b7c58bc0, 0x00000169b7c5a8d8]
Event: 107.067 Thread 0x00000169c342a990 8008       4       org.gradle.internal.event.BroadcastDispatch$SingletonDispatch::dispatch (9 bytes)
Event: 107.068 Thread 0x00000169c342a990 nmethod 8008 0x00000169b7c5c310 code [0x00000169b7c5c4a0, 0x00000169b7c5c5a0]
Event: 107.090 Thread 0x00000169c342a990 8009       4       org.gradle.internal.dispatch.ProxyDispatchAdapter$DispatchingInvocationHandler::invoke (184 bytes)
Event: 107.096 Thread 0x00000169c342a990 nmethod 8009 0x00000169b7c5c710 code [0x00000169b7c5c900, 0x00000169b7c5cf88]
Event: 107.115 Thread 0x00000169c342a990 8010       4       org.gradle.internal.event.ListenerBroadcast::getSource (35 bytes)
Event: 107.125 Thread 0x00000169c342a990 nmethod 8010 0x00000169b7c5d390 code [0x00000169b7c5d580, 0x00000169b7c5d9e8]
Event: 107.129 Thread 0x00000169c342a990 8011   !   4       org.gradle.internal.remote.internal.inet.SocketConnection::receive (142 bytes)
Event: 107.263 Thread 0x00000169c342a990 nmethod 8011 0x00000169b7c5de10 code [0x00000169b7c5e2c0, 0x00000169b7c61110]
Event: 107.264 Thread 0x00000169c342a990 8012   !   4       org.gradle.launcher.daemon.client.DaemonClientConnection::receive (81 bytes)
Event: 107.267 Thread 0x00000169c342a990 nmethod 8012 0x00000169b7c63410 code [0x00000169b7c635e0, 0x00000169b7c63860]
Event: 107.267 Thread 0x00000169c342a990 8013   !   4       jdk.internal.reflect.GeneratedSerializationConstructorAccessor36::newInstance (49 bytes)
Event: 107.271 Thread 0x00000169c342a990 nmethod 8013 0x00000169b7c63b10 code [0x00000169b7c63cc0, 0x00000169b7c63e68]
Event: 107.289 Thread 0x00000169c342a990 8014       4       java.lang.invoke.LambdaForm$MH/0x00000169c5816800::invoke (64 bytes)
Event: 107.301 Thread 0x00000169c342a990 nmethod 8014 0x00000169b7c64010 code [0x00000169b7c64260, 0x00000169b7c64880]
Event: 107.301 Thread 0x00000169c342a990 8015       4       org.gradle.tooling.internal.provider.PhasedActionEventConsumer::dispatch (57 bytes)

GC Heap History (20 events):
Event: 39.612 GC heap before
{Heap before GC invocations=36 (full 3):
 PSYoungGen      total 22528K, used 22517K [0x00000000d5580000, 0x00000000d6f00000, 0x0000000100000000)
  eden space 22016K, 100% used [0x00000000d5580000,0x00000000d6b00000,0x00000000d6b00000)
  from space 512K, 98% used [0x00000000d6e80000,0x00000000d6efd780,0x00000000d6f00000)
  to   space 1536K, 0% used [0x00000000d6c00000,0x00000000d6c00000,0x00000000d6d80000)
 ParOldGen       total 68608K, used 40496K [0x0000000080000000, 0x0000000084300000, 0x00000000d5580000)
  object space 68608K, 59% used [0x0000000080000000,0x000000008278c1d0,0x0000000084300000)
 Metaspace       used 61282K, committed 62656K, reserved 1114112K
  class space    used 7501K, committed 8064K, reserved 1048576K
}
Event: 39.614 GC heap after
{Heap after GC invocations=36 (full 3):
 PSYoungGen      total 23552K, used 936K [0x00000000d5580000, 0x00000000d6f00000, 0x0000000100000000)
  eden space 22016K, 0% used [0x00000000d5580000,0x00000000d5580000,0x00000000d6b00000)
  from space 1536K, 61% used [0x00000000d6c00000,0x00000000d6cea3e0,0x00000000d6d80000)
  to   space 1024K, 0% used [0x00000000d6e00000,0x00000000d6e00000,0x00000000d6f00000)
 ParOldGen       total 68608K, used 40576K [0x0000000080000000, 0x0000000084300000, 0x00000000d5580000)
  object space 68608K, 59% used [0x0000000080000000,0x00000000827a01d0,0x0000000084300000)
 Metaspace       used 61282K, committed 62656K, reserved 1114112K
  class space    used 7501K, committed 8064K, reserved 1048576K
}
Event: 39.830 GC heap before
{Heap before GC invocations=37 (full 3):
 PSYoungGen      total 23552K, used 22952K [0x00000000d5580000, 0x00000000d6f00000, 0x0000000100000000)
  eden space 22016K, 100% used [0x00000000d5580000,0x00000000d6b00000,0x00000000d6b00000)
  from space 1536K, 61% used [0x00000000d6c00000,0x00000000d6cea3e0,0x00000000d6d80000)
  to   space 1024K, 0% used [0x00000000d6e00000,0x00000000d6e00000,0x00000000d6f00000)
 ParOldGen       total 68608K, used 40576K [0x0000000080000000, 0x0000000084300000, 0x00000000d5580000)
  object space 68608K, 59% used [0x0000000080000000,0x00000000827a01d0,0x0000000084300000)
 Metaspace       used 61282K, committed 62656K, reserved 1114112K
  class space    used 7501K, committed 8064K, reserved 1048576K
}
Event: 39.831 GC heap after
{Heap after GC invocations=37 (full 3):
 PSYoungGen      total 23040K, used 1018K [0x00000000d5580000, 0x00000000d6f00000, 0x0000000100000000)
  eden space 22016K, 0% used [0x00000000d5580000,0x00000000d5580000,0x00000000d6b00000)
  from space 1024K, 99% used [0x00000000d6e00000,0x00000000d6efeb60,0x00000000d6f00000)
  to   space 1536K, 0% used [0x00000000d6c00000,0x00000000d6c00000,0x00000000d6d80000)
 ParOldGen       total 68608K, used 40652K [0x0000000080000000, 0x0000000084300000, 0x00000000d5580000)
  object space 68608K, 59% used [0x0000000080000000,0x00000000827b3318,0x0000000084300000)
 Metaspace       used 61282K, committed 62656K, reserved 1114112K
  class space    used 7501K, committed 8064K, reserved 1048576K
}
Event: 40.065 GC heap before
{Heap before GC invocations=38 (full 3):
 PSYoungGen      total 23040K, used 23034K [0x00000000d5580000, 0x00000000d6f00000, 0x0000000100000000)
  eden space 22016K, 99% used [0x00000000d5580000,0x00000000d6afffa8,0x00000000d6b00000)
  from space 1024K, 99% used [0x00000000d6e00000,0x00000000d6efeb60,0x00000000d6f00000)
  to   space 1536K, 0% used [0x00000000d6c00000,0x00000000d6c00000,0x00000000d6d80000)
 ParOldGen       total 68608K, used 40652K [0x0000000080000000, 0x0000000084300000, 0x00000000d5580000)
  object space 68608K, 59% used [0x0000000080000000,0x00000000827b3318,0x0000000084300000)
 Metaspace       used 61282K, committed 62656K, reserved 1114112K
  class space    used 7501K, committed 8064K, reserved 1048576K
}
Event: 40.065 GC heap after
{Heap after GC invocations=38 (full 3):
 PSYoungGen      total 23552K, used 909K [0x00000000d5580000, 0x00000000d6e80000, 0x0000000100000000)
  eden space 22016K, 0% used [0x00000000d5580000,0x00000000d5580000,0x00000000d6b00000)
  from space 1536K, 59% used [0x00000000d6c00000,0x00000000d6ce3548,0x00000000d6d80000)
  to   space 1024K, 0% used [0x00000000d6d80000,0x00000000d6d80000,0x00000000d6e80000)
 ParOldGen       total 68608K, used 40668K [0x0000000080000000, 0x0000000084300000, 0x00000000d5580000)
  object space 68608K, 59% used [0x0000000080000000,0x00000000827b7318,0x0000000084300000)
 Metaspace       used 61282K, committed 62656K, reserved 1114112K
  class space    used 7501K, committed 8064K, reserved 1048576K
}
Event: 40.212 GC heap before
{Heap before GC invocations=39 (full 3):
 PSYoungGen      total 23552K, used 22925K [0x00000000d5580000, 0x00000000d6e80000, 0x0000000100000000)
  eden space 22016K, 100% used [0x00000000d5580000,0x00000000d6b00000,0x00000000d6b00000)
  from space 1536K, 59% used [0x00000000d6c00000,0x00000000d6ce3548,0x00000000d6d80000)
  to   space 1024K, 0% used [0x00000000d6d80000,0x00000000d6d80000,0x00000000d6e80000)
 ParOldGen       total 68608K, used 40668K [0x0000000080000000, 0x0000000084300000, 0x00000000d5580000)
  object space 68608K, 59% used [0x0000000080000000,0x00000000827b7318,0x0000000084300000)
 Metaspace       used 61282K, committed 62656K, reserved 1114112K
  class space    used 7501K, committed 8064K, reserved 1048576K
}
Event: 40.213 GC heap after
{Heap after GC invocations=39 (full 3):
 PSYoungGen      total 23040K, used 788K [0x00000000d5580000, 0x00000000d6e80000, 0x0000000100000000)
  eden space 22016K, 0% used [0x00000000d5580000,0x00000000d5580000,0x00000000d6b00000)
  from space 1024K, 77% used [0x00000000d6d80000,0x00000000d6e452f8,0x00000000d6e80000)
  to   space 1024K, 0% used [0x00000000d6c80000,0x00000000d6c80000,0x00000000d6d80000)
 ParOldGen       total 68608K, used 40692K [0x0000000080000000, 0x0000000084300000, 0x00000000d5580000)
  object space 68608K, 59% used [0x0000000080000000,0x00000000827bd318,0x0000000084300000)
 Metaspace       used 61282K, committed 62656K, reserved 1114112K
  class space    used 7501K, committed 8064K, reserved 1048576K
}
Event: 40.364 GC heap before
{Heap before GC invocations=40 (full 3):
 PSYoungGen      total 23040K, used 22804K [0x00000000d5580000, 0x00000000d6e80000, 0x0000000100000000)
  eden space 22016K, 100% used [0x00000000d5580000,0x00000000d6b00000,0x00000000d6b00000)
  from space 1024K, 77% used [0x00000000d6d80000,0x00000000d6e452f8,0x00000000d6e80000)
  to   space 1024K, 0% used [0x00000000d6c80000,0x00000000d6c80000,0x00000000d6d80000)
 ParOldGen       total 68608K, used 40692K [0x0000000080000000, 0x0000000084300000, 0x00000000d5580000)
  object space 68608K, 59% used [0x0000000080000000,0x00000000827bd318,0x0000000084300000)
 Metaspace       used 61282K, committed 62656K, reserved 1114112K
  class space    used 7501K, committed 8064K, reserved 1048576K
}
Event: 40.365 GC heap after
{Heap after GC invocations=40 (full 3):
 PSYoungGen      total 23040K, used 838K [0x00000000d5580000, 0x00000000d6e00000, 0x0000000100000000)
  eden space 22016K, 0% used [0x00000000d5580000,0x00000000d5580000,0x00000000d6b00000)
  from space 1024K, 81% used [0x00000000d6c80000,0x00000000d6d51a30,0x00000000d6d80000)
  to   space 512K, 0% used [0x00000000d6d80000,0x00000000d6d80000,0x00000000d6e00000)
 ParOldGen       total 68608K, used 40708K [0x0000000080000000, 0x0000000084300000, 0x00000000d5580000)
  object space 68608K, 59% used [0x0000000080000000,0x00000000827c1318,0x0000000084300000)
 Metaspace       used 61282K, committed 62656K, reserved 1114112K
  class space    used 7501K, committed 8064K, reserved 1048576K
}
Event: 40.480 GC heap before
{Heap before GC invocations=41 (full 3):
 PSYoungGen      total 23040K, used 22854K [0x00000000d5580000, 0x00000000d6e00000, 0x0000000100000000)
  eden space 22016K, 100% used [0x00000000d5580000,0x00000000d6b00000,0x00000000d6b00000)
  from space 1024K, 81% used [0x00000000d6c80000,0x00000000d6d51a30,0x00000000d6d80000)
  to   space 512K, 0% used [0x00000000d6d80000,0x00000000d6d80000,0x00000000d6e00000)
 ParOldGen       total 68608K, used 40708K [0x0000000080000000, 0x0000000084300000, 0x00000000d5580000)
  object space 68608K, 59% used [0x0000000080000000,0x00000000827c1318,0x0000000084300000)
 Metaspace       used 61282K, committed 62656K, reserved 1114112K
  class space    used 7501K, committed 8064K, reserved 1048576K
}
Event: 40.480 GC heap after
{Heap after GC invocations=41 (full 3):
 PSYoungGen      total 22528K, used 502K [0x00000000d5580000, 0x00000000d6e00000, 0x0000000100000000)
  eden space 22016K, 0% used [0x00000000d5580000,0x00000000d5580000,0x00000000d6b00000)
  from space 512K, 98% used [0x00000000d6d80000,0x00000000d6dfd928,0x00000000d6e00000)
  to   space 1024K, 0% used [0x00000000d6c00000,0x00000000d6c00000,0x00000000d6d00000)
 ParOldGen       total 68608K, used 40891K [0x0000000080000000, 0x0000000084300000, 0x00000000d5580000)
  object space 68608K, 59% used [0x0000000080000000,0x00000000827eee80,0x0000000084300000)
 Metaspace       used 61282K, committed 62656K, reserved 1114112K
  class space    used 7501K, committed 8064K, reserved 1048576K
}
Event: 40.680 GC heap before
{Heap before GC invocations=42 (full 3):
 PSYoungGen      total 22528K, used 22518K [0x00000000d5580000, 0x00000000d6e00000, 0x0000000100000000)
  eden space 22016K, 100% used [0x00000000d5580000,0x00000000d6b00000,0x00000000d6b00000)
  from space 512K, 98% used [0x00000000d6d80000,0x00000000d6dfd928,0x00000000d6e00000)
  to   space 1024K, 0% used [0x00000000d6c00000,0x00000000d6c00000,0x00000000d6d00000)
 ParOldGen       total 68608K, used 40891K [0x0000000080000000, 0x0000000084300000, 0x00000000d5580000)
  object space 68608K, 59% used [0x0000000080000000,0x00000000827eee80,0x0000000084300000)
 Metaspace       used 62033K, committed 63424K, reserved 1114112K
  class space    used 7625K, committed 8192K, reserved 1048576K
}
Event: 40.681 GC heap after
{Heap after GC invocations=42 (full 3):
 PSYoungGen      total 23040K, used 288K [0x00000000d5580000, 0x00000000d6e00000, 0x0000000100000000)
  eden space 22016K, 0% used [0x00000000d5580000,0x00000000d5580000,0x00000000d6b00000)
  from space 1024K, 28% used [0x00000000d6c00000,0x00000000d6c48000,0x00000000d6d00000)
  to   space 512K, 0% used [0x00000000d6d80000,0x00000000d6d80000,0x00000000d6e00000)
 ParOldGen       total 68608K, used 40907K [0x0000000080000000, 0x0000000084300000, 0x00000000d5580000)
  object space 68608K, 59% used [0x0000000080000000,0x00000000827f2e80,0x0000000084300000)
 Metaspace       used 62033K, committed 63424K, reserved 1114112K
  class space    used 7625K, committed 8192K, reserved 1048576K
}
Event: 63.879 GC heap before
{Heap before GC invocations=43 (full 3):
 PSYoungGen      total 23040K, used 22304K [0x00000000d5580000, 0x00000000d6e00000, 0x0000000100000000)
  eden space 22016K, 100% used [0x00000000d5580000,0x00000000d6b00000,0x00000000d6b00000)
  from space 1024K, 28% used [0x00000000d6c00000,0x00000000d6c48000,0x00000000d6d00000)
  to   space 512K, 0% used [0x00000000d6d80000,0x00000000d6d80000,0x00000000d6e00000)
 ParOldGen       total 68608K, used 40907K [0x0000000080000000, 0x0000000084300000, 0x00000000d5580000)
  object space 68608K, 59% used [0x0000000080000000,0x00000000827f2e80,0x0000000084300000)
 Metaspace       used 63249K, committed 64640K, reserved 1114112K
  class space    used 7752K, committed 8384K, reserved 1048576K
}
Event: 63.881 GC heap after
{Heap after GC invocations=43 (full 3):
 PSYoungGen      total 22528K, used 480K [0x00000000d5580000, 0x00000000d6e00000, 0x0000000100000000)
  eden space 22016K, 0% used [0x00000000d5580000,0x00000000d5580000,0x00000000d6b00000)
  from space 512K, 93% used [0x00000000d6d80000,0x00000000d6df8010,0x00000000d6e00000)
  to   space 1024K, 0% used [0x00000000d6c00000,0x00000000d6c00000,0x00000000d6d00000)
 ParOldGen       total 68608K, used 41235K [0x0000000080000000, 0x0000000084300000, 0x00000000d5580000)
  object space 68608K, 60% used [0x0000000080000000,0x0000000082844e80,0x0000000084300000)
 Metaspace       used 63249K, committed 64640K, reserved 1114112K
  class space    used 7752K, committed 8384K, reserved 1048576K
}
Event: 105.223 GC heap before
{Heap before GC invocations=44 (full 3):
 PSYoungGen      total 22528K, used 22496K [0x00000000d5580000, 0x00000000d6e00000, 0x0000000100000000)
  eden space 22016K, 100% used [0x00000000d5580000,0x00000000d6b00000,0x00000000d6b00000)
  from space 512K, 93% used [0x00000000d6d80000,0x00000000d6df8010,0x00000000d6e00000)
  to   space 1024K, 0% used [0x00000000d6c00000,0x00000000d6c00000,0x00000000d6d00000)
 ParOldGen       total 68608K, used 41235K [0x0000000080000000, 0x0000000084300000, 0x00000000d5580000)
  object space 68608K, 60% used [0x0000000080000000,0x0000000082844e80,0x0000000084300000)
 Metaspace       used 63424K, committed 64832K, reserved 1114112K
  class space    used 7774K, committed 8384K, reserved 1048576K
}
Event: 105.226 GC heap after
{Heap after GC invocations=44 (full 3):
 PSYoungGen      total 23040K, used 160K [0x00000000d5580000, 0x00000000d6e00000, 0x0000000100000000)
  eden space 22016K, 0% used [0x00000000d5580000,0x00000000d5580000,0x00000000d6b00000)
  from space 1024K, 15% used [0x00000000d6c00000,0x00000000d6c28000,0x00000000d6d00000)
  to   space 512K, 0% used [0x00000000d6d80000,0x00000000d6d80000,0x00000000d6e00000)
 ParOldGen       total 68608K, used 41723K [0x0000000080000000, 0x0000000084300000, 0x00000000d5580000)
  object space 68608K, 60% used [0x0000000080000000,0x00000000828beed0,0x0000000084300000)
 Metaspace       used 63424K, committed 64832K, reserved 1114112K
  class space    used 7774K, committed 8384K, reserved 1048576K
}
Event: 107.073 GC heap before
{Heap before GC invocations=45 (full 3):
 PSYoungGen      total 23040K, used 22176K [0x00000000d5580000, 0x00000000d6e00000, 0x0000000100000000)
  eden space 22016K, 100% used [0x00000000d5580000,0x00000000d6b00000,0x00000000d6b00000)
  from space 1024K, 15% used [0x00000000d6c00000,0x00000000d6c28000,0x00000000d6d00000)
  to   space 512K, 0% used [0x00000000d6d80000,0x00000000d6d80000,0x00000000d6e00000)
 ParOldGen       total 68608K, used 41723K [0x0000000080000000, 0x0000000084300000, 0x00000000d5580000)
  object space 68608K, 60% used [0x0000000080000000,0x00000000828beed0,0x0000000084300000)
 Metaspace       used 63424K, committed 64832K, reserved 1114112K
  class space    used 7774K, committed 8384K, reserved 1048576K
}
Event: 107.074 GC heap after
{Heap after GC invocations=45 (full 3):
 PSYoungGen      total 22528K, used 96K [0x00000000d5580000, 0x00000000d6e00000, 0x0000000100000000)
  eden space 22016K, 0% used [0x00000000d5580000,0x00000000d5580000,0x00000000d6b00000)
  from space 512K, 18% used [0x00000000d6d80000,0x00000000d6d98000,0x00000000d6e00000)
  to   space 512K, 0% used [0x00000000d6d00000,0x00000000d6d00000,0x00000000d6d80000)
 ParOldGen       total 68608K, used 41835K [0x0000000080000000, 0x0000000084300000, 0x00000000d5580000)
  object space 68608K, 60% used [0x0000000080000000,0x00000000828daed0,0x0000000084300000)
 Metaspace       used 63424K, committed 64832K, reserved 1114112K
  class space    used 7774K, committed 8384K, reserved 1048576K
}

Dll operation events (15 events):
Event: 0.012 Loaded shared library c:\Users\brayo\.cursor\extensions\redhat.java-1.41.0-win32-x64\jre\21.0.6-win32-x86_64\bin\java.dll
Event: 0.268 Loaded shared library c:\Users\brayo\.cursor\extensions\redhat.java-1.41.0-win32-x64\jre\21.0.6-win32-x86_64\bin\zip.dll
Event: 0.348 Loaded shared library C:\Users\brayo\.cursor\extensions\redhat.java-1.41.0-win32-x64\jre\21.0.6-win32-x86_64\bin\instrument.dll
Event: 0.359 Loaded shared library C:\Users\brayo\.cursor\extensions\redhat.java-1.41.0-win32-x64\jre\21.0.6-win32-x86_64\bin\net.dll
Event: 0.362 Loaded shared library C:\Users\brayo\.cursor\extensions\redhat.java-1.41.0-win32-x64\jre\21.0.6-win32-x86_64\bin\nio.dll
Event: 0.397 Loaded shared library C:\Users\brayo\.cursor\extensions\redhat.java-1.41.0-win32-x64\jre\21.0.6-win32-x86_64\bin\zip.dll
Event: 0.477 Loaded shared library C:\Users\brayo\.cursor\extensions\redhat.java-1.41.0-win32-x64\jre\21.0.6-win32-x86_64\bin\jimage.dll
Event: 0.689 Loaded shared library c:\Users\brayo\.cursor\extensions\redhat.java-1.41.0-win32-x64\jre\21.0.6-win32-x86_64\bin\verify.dll
Event: 13.300 Loaded shared library C:\Users\brayo\AppData\Roaming\Cursor\User\globalStorage\redhat.java\1.41.0\config_win\org.eclipse.equinox.launcher\org.eclipse.equinox.launcher.win32.win32.x86_64_1.2.1300.v20250325-0811\eclipse_11911.dll
Event: 25.325 Loaded shared library C:\Users\brayo\AppData\Local\Temp\jna-93998311\jna15830772316338590233.dll
Event: 32.834 Loaded shared library C:\Users\brayo\.gradle\native\c067742578af261105cb4f569cf0c3c89f3d7b1fecec35dd04571415982c5e48\windows-amd64\native-platform.dll
Event: 35.597 Loaded shared library C:\Users\brayo\.cursor\extensions\redhat.java-1.41.0-win32-x64\jre\21.0.6-win32-x86_64\bin\management.dll
Event: 35.603 Loaded shared library C:\Users\brayo\.cursor\extensions\redhat.java-1.41.0-win32-x64\jre\21.0.6-win32-x86_64\bin\management_ext.dll
Event: 40.631 Loaded shared library C:\Users\brayo\.cursor\extensions\redhat.java-1.41.0-win32-x64\jre\21.0.6-win32-x86_64\bin\extnet.dll
Event: 44.444 Loaded shared library C:\Users\brayo\.cursor\extensions\redhat.java-1.41.0-win32-x64\jre\21.0.6-win32-x86_64\bin\sunmscapi.dll

Deoptimization events (20 events):
Event: 72.244 Thread 0x0000016a0c181910 Uncommon trap: trap_request=0xffffff45 fr.pc=0x00000169b7be4f04 relative=0x00000000000001c4
Event: 72.244 Thread 0x0000016a0c181910 Uncommon trap: reason=unstable_if action=reinterpret pc=0x00000169b7be4f04 method=java.io.ObjectStreamField.<init>(Ljava/lang/String;Ljava/lang/String;Z)V @ 45 c2
Event: 72.244 Thread 0x0000016a0c181910 DEOPT PACKING pc=0x00000169b7be4f04 sp=0x00000037bc4fd590
Event: 72.244 Thread 0x0000016a0c181910 DEOPT UNPACKING pc=0x00000169b71c3aa2 sp=0x00000037bc4fd518 mode 2
Event: 72.244 Thread 0x0000016a0c181910 Uncommon trap: trap_request=0xffffff45 fr.pc=0x00000169b7bf2fb4 relative=0x00000000000001f4
Event: 72.244 Thread 0x0000016a0c181910 Uncommon trap: reason=unstable_if action=reinterpret pc=0x00000169b7bf2fb4 method=java.io.ObjectStreamClass.computeFieldOffsets()V @ 34 c2
Event: 72.244 Thread 0x0000016a0c181910 DEOPT PACKING pc=0x00000169b7bf2fb4 sp=0x00000037bc4fd590
Event: 72.244 Thread 0x0000016a0c181910 DEOPT UNPACKING pc=0x00000169b71c3aa2 sp=0x00000037bc4fd520 mode 2
Event: 72.247 Thread 0x0000016a0c181910 Uncommon trap: trap_request=0xffffff45 fr.pc=0x00000169b7c0a6f8 relative=0x0000000000001018
Event: 72.247 Thread 0x0000016a0c181910 Uncommon trap: reason=unstable_if action=reinterpret pc=0x00000169b7c0a6f8 method=java.io.ObjectStreamClass.initNonProxy(Ljava/io/ObjectStreamClass;Ljava/lang/Class;Ljava/lang/ClassNotFoundException;Ljava/io/ObjectStreamClass;)V @ 91 c2
Event: 72.247 Thread 0x0000016a0c181910 DEOPT PACKING pc=0x00000169b7c0a6f8 sp=0x00000037bc4fcd00
Event: 72.247 Thread 0x0000016a0c181910 DEOPT UNPACKING pc=0x00000169b71c3aa2 sp=0x00000037bc4fccd0 mode 2
Event: 72.247 Thread 0x0000016a0c181910 Uncommon trap: trap_request=0xffffff45 fr.pc=0x00000169b7c1d9a8 relative=0x0000000000000328
Event: 72.247 Thread 0x0000016a0c181910 Uncommon trap: reason=unstable_if action=reinterpret pc=0x00000169b7c1d9a8 method=java.io.ObjectStreamClass$FieldReflector.setObjFieldValues(Ljava/lang/Object;[Ljava/lang/Object;Z)V @ 56 c2
Event: 72.247 Thread 0x0000016a0c181910 DEOPT PACKING pc=0x00000169b7c1d9a8 sp=0x00000037bc4fd1d0
Event: 72.247 Thread 0x0000016a0c181910 DEOPT UNPACKING pc=0x00000169b71c3aa2 sp=0x00000037bc4fd000 mode 2
Event: 72.247 Thread 0x0000016a0c181910 Uncommon trap: trap_request=0xffffffbe fr.pc=0x00000169b7c142d4 relative=0x0000000000000294
Event: 72.247 Thread 0x0000016a0c181910 Uncommon trap: reason=profile_predicate action=maybe_recompile pc=0x00000169b7c142d4 method=java.io.ObjectStreamClass$FieldReflector.setPrimFieldValues(Ljava/lang/Object;[B)V @ 19 c2
Event: 72.247 Thread 0x0000016a0c181910 DEOPT PACKING pc=0x00000169b7c142d4 sp=0x00000037bc4fd5d0
Event: 72.247 Thread 0x0000016a0c181910 DEOPT UNPACKING pc=0x00000169b71c3aa2 sp=0x00000037bc4fd578 mode 2

Classes loaded (20 events):
Event: 44.469 Loading class java/lang/invoke/ConstantBootstraps
Event: 44.470 Loading class java/lang/invoke/ConstantBootstraps done
Event: 44.491 Loading class java/io/ObjectStreamClass$1
Event: 44.491 Loading class java/io/ObjectStreamClass$1 done
Event: 44.491 Loading class java/io/ObjectStreamClass$MemberSignature
Event: 44.492 Loading class java/io/ObjectStreamClass$MemberSignature done
Event: 44.492 Loading class java/io/ObjectStreamClass$3
Event: 44.492 Loading class java/io/ObjectStreamClass$3 done
Event: 44.492 Loading class java/io/ObjectStreamClass$4
Event: 44.492 Loading class java/io/ObjectStreamClass$4 done
Event: 44.492 Loading class java/io/ObjectStreamClass$5
Event: 44.492 Loading class java/io/ObjectStreamClass$5 done
Event: 44.506 Loading class java/nio/channels/spi/AbstractSelector$1
Event: 44.506 Loading class java/nio/channels/spi/AbstractSelector$1 done
Event: 44.729 Loading class java/util/concurrent/Executors$AutoShutdownDelegatedExecutorService
Event: 44.729 Loading class java/util/concurrent/Executors$AutoShutdownDelegatedExecutorService done
Event: 46.259 Loading class java/lang/UnsupportedClassVersionError
Event: 46.259 Loading class java/lang/UnsupportedClassVersionError done
Event: 69.717 Loading class java/time/Ser
Event: 69.717 Loading class java/time/Ser done

Classes unloaded (7 events):
Event: 26.449 Thread 0x00000169aa7fbe20 Unloading class 0x00000169c51a0c00 'java/lang/invoke/LambdaForm$MH+0x00000169c51a0c00'
Event: 26.449 Thread 0x00000169aa7fbe20 Unloading class 0x00000169c51a0800 'java/lang/invoke/LambdaForm$MH+0x00000169c51a0800'
Event: 26.449 Thread 0x00000169aa7fbe20 Unloading class 0x00000169c51a0400 'java/lang/invoke/LambdaForm$MH+0x00000169c51a0400'
Event: 26.449 Thread 0x00000169aa7fbe20 Unloading class 0x00000169c51a0000 'java/lang/invoke/LambdaForm$MH+0x00000169c51a0000'
Event: 26.449 Thread 0x00000169aa7fbe20 Unloading class 0x00000169c519fc00 'java/lang/invoke/LambdaForm$BMH+0x00000169c519fc00'
Event: 26.449 Thread 0x00000169aa7fbe20 Unloading class 0x00000169c519f800 'java/lang/invoke/LambdaForm$DMH+0x00000169c519f800'
Event: 26.449 Thread 0x00000169aa7fbe20 Unloading class 0x00000169c519e400 'java/lang/invoke/LambdaForm$DMH+0x00000169c519e400'

Classes redefined (0 events):
No events

Internal exceptions (20 events):
Event: 46.266 Thread 0x0000016a0c181910 Exception <a 'java/lang/NoSuchMethodError'{0x00000000d5f94d10}: static Lorg/gradle/internal/build/event/types/DefaultOperationDescriptor;.<clinit>()V> (0x00000000d5f94d10) 
thrown [s\src\hotspot\share\prims\jni.cpp, line 1111]
Event: 46.269 Thread 0x0000016a0c181910 Exception <a 'java/lang/NoSuchMethodError'{0x00000000d5fa3470}: static Lorg/gradle/internal/operations/OperationIdentifier;.<clinit>()V> (0x00000000d5fa3470) 
thrown [s\src\hotspot\share\prims\jni.cpp, line 1111]
Event: 47.843 Thread 0x0000016a0c181910 Exception <a 'java/lang/NoSuchMethodError'{0x00000000d5fe6238}: static Lorg/gradle/internal/build/event/types/DefaultOperationFinishedProgressEvent;.<clinit>()V> (0x00000000d5fe6238) 
thrown [s\src\hotspot\share\prims\jni.cpp, line 1111]
Event: 47.845 Thread 0x0000016a0c181910 Exception <a 'java/lang/NoSuchMethodError'{0x00000000d6014e48}: static Lorg/gradle/internal/build/event/types/AbstractResult;.<clinit>()V> (0x00000000d6014e48) 
thrown [s\src\hotspot\share\prims\jni.cpp, line 1111]
Event: 47.848 Thread 0x0000016a0c181910 Exception <a 'java/lang/NoSuchMethodError'{0x00000000d60227a0}: static Lorg/gradle/internal/build/event/types/AbstractOperationResult;.<clinit>()V> (0x00000000d60227a0) 
thrown [s\src\hotspot\share\prims\jni.cpp, line 1111]
Event: 47.849 Thread 0x0000016a0c181910 Exception <a 'java/lang/NoSuchMethodError'{0x00000000d60306c0}: static Lorg/gradle/internal/build/event/types/DefaultSuccessResult;.<clinit>()V> (0x00000000d60306c0) 
thrown [s\src\hotspot\share\prims\jni.cpp, line 1111]
Event: 57.085 Thread 0x0000016a0c181910 Exception <a 'java/lang/NoSuchMethodError'{0x00000000d6103040}: static Lorg/gradle/internal/build/event/types/DefaultBuildPhaseDescriptor;.<clinit>()V> (0x00000000d6103040) 
thrown [s\src\hotspot\share\prims\jni.cpp, line 1111]
Event: 58.506 Thread 0x0000016a0c181910 Exception <a 'java/lang/NoSuchMethodError'{0x00000000d61a1660}: static Lorg/gradle/internal/build/event/types/DefaultProjectConfigurationDescriptor;.<clinit>()V> (0x00000000d61a1660) 
thrown [s\src\hotspot\share\prims\jni.cpp, line 1111]
Event: 69.712 Thread 0x0000016a0c181910 Exception <a 'java/lang/NoSuchMethodError'{0x00000000d5f36558}: static Lorg/gradle/internal/build/event/types/AbstractProjectConfigurationResult;.<clinit>()V> (0x00000000d5f36558) 
thrown [s\src\hotspot\share\prims\jni.cpp, line 1111]
Event: 69.713 Thread 0x0000016a0c181910 Exception <a 'java/lang/NoSuchMethodError'{0x00000000d5f45c30}: static Lorg/gradle/internal/build/event/types/DefaultProjectConfigurationSuccessResult;.<clinit>()V> (0x00000000d5f45c30) 
thrown [s\src\hotspot\share\prims\jni.cpp, line 1111]
Event: 69.715 Thread 0x0000016a0c181910 Exception <a 'java/lang/NoSuchMethodError'{0x00000000d5f5e800}: static Lorg/gradle/internal/build/event/types/DefaultPluginApplicationResult;.<clinit>()V> (0x00000000d5f5e800) 
thrown [s\src\hotspot\share\prims\jni.cpp, line 1111]
Event: 69.716 Thread 0x0000016a0c181910 Exception <a 'java/lang/NoSuchMethodError'{0x00000000d5f77520}: static Lorg/gradle/internal/build/event/types/DefaultBinaryPluginIdentifier;.<clinit>()V> (0x00000000d5f77520) 
thrown [s\src\hotspot\share\prims\jni.cpp, line 1111]
Event: 69.724 Thread 0x0000016a0c181910 Exception <a 'java/lang/NoSuchMethodError'{0x00000000d5f96620}: static Lorg/gradle/internal/build/event/types/DefaultScriptPluginIdentifier;.<clinit>()V> (0x00000000d5f96620) 
thrown [s\src\hotspot\share\prims\jni.cpp, line 1111]
Event: 72.110 Thread 0x0000016a0c181910 Exception <a 'java/lang/NoSuchMethodError'{0x00000000d60f7048}: static Lorg/gradle/internal/build/event/types/DefaultTaskStartedProgressEvent;.<clinit>()V> (0x00000000d60f7048) 
thrown [s\src\hotspot\share\prims\jni.cpp, line 1111]
Event: 72.113 Thread 0x0000016a0c181910 Exception <a 'java/lang/NoSuchMethodError'{0x00000000d610fb50}: static Lorg/gradle/internal/build/event/types/DefaultTaskDescriptor;.<clinit>()V> (0x00000000d610fb50) 
thrown [s\src\hotspot\share\prims\jni.cpp, line 1111]
Event: 72.244 Thread 0x0000016a0c181910 Exception <a 'java/lang/NoSuchMethodError'{0x00000000d6163f58}: static Lorg/gradle/internal/build/event/types/DefaultTaskFinishedProgressEvent;.<clinit>()V> (0x00000000d6163f58) 
thrown [s\src\hotspot\share\prims\jni.cpp, line 1111]
Event: 72.246 Thread 0x0000016a0c181910 Exception <a 'java/lang/NoSuchMethodError'{0x00000000d617d800}: static Lorg/gradle/internal/build/event/types/AbstractTaskResult;.<clinit>()V> (0x00000000d617d800) 
thrown [s\src\hotspot\share\prims\jni.cpp, line 1111]
Event: 72.247 Thread 0x0000016a0c181910 Exception <a 'java/lang/NoSuchMethodError'{0x00000000d618c948}: static Lorg/gradle/internal/build/event/types/DefaultTaskSuccessResult;.<clinit>()V> (0x00000000d618c948) 
thrown [s\src\hotspot\share\prims\jni.cpp, line 1111]
Event: 73.765 Thread 0x0000016a0c181910 Exception <a 'java/lang/NoSuchMethodError'{0x00000000d64aded8}: static Lorg/gradle/internal/build/event/types/DefaultWorkItemDescriptor;.<clinit>()V> (0x00000000d64aded8) 
thrown [s\src\hotspot\share\prims\jni.cpp, line 1111]
Event: 85.931 Thread 0x0000016a0c181910 Exception <a 'java/lang/NoSuchMethodError'{0x00000000d65a7ad8}: static Lorg/gradle/internal/build/event/types/DefaultTaskSkippedResult;.<clinit>()V> (0x00000000d65a7ad8) 
thrown [s\src\hotspot\share\prims\jni.cpp, line 1111]

ZGC Phase Switch (0 events):
No events

VM Operations (20 events):
Event: 72.242 Executing VM operation: HandshakeAllThreads (Deoptimize)
Event: 72.243 Executing VM operation: HandshakeAllThreads (Deoptimize) done
Event: 73.242 Executing VM operation: Cleanup
Event: 73.242 Executing VM operation: Cleanup done
Event: 75.243 Executing VM operation: Cleanup
Event: 75.243 Executing VM operation: Cleanup done
Event: 77.243 Executing VM operation: Cleanup
Event: 77.243 Executing VM operation: Cleanup done
Event: 86.248 Executing VM operation: Cleanup
Event: 86.248 Executing VM operation: Cleanup done
Event: 87.249 Executing VM operation: Cleanup
Event: 87.249 Executing VM operation: Cleanup done
Event: 103.265 Executing VM operation: Cleanup
Event: 103.265 Executing VM operation: Cleanup done
Event: 105.223 Executing VM operation: ParallelGCFailedAllocation (Allocation Failure)
Event: 105.226 Executing VM operation: ParallelGCFailedAllocation (Allocation Failure) done
Event: 106.226 Executing VM operation: Cleanup
Event: 106.226 Executing VM operation: Cleanup done
Event: 107.073 Executing VM operation: ParallelGCFailedAllocation (Allocation Failure)
Event: 107.074 Executing VM operation: ParallelGCFailedAllocation (Allocation Failure) done

Memory protections (0 events):
No events

Nmethod flushes (20 events):
Event: 38.684 Thread 0x00000169aa7fbe20 flushing  nmethod 0x00000169b055ed10
Event: 38.684 Thread 0x00000169aa7fbe20 flushing  nmethod 0x00000169b055fc10
Event: 38.684 Thread 0x00000169aa7fbe20 flushing  nmethod 0x00000169b056b690
Event: 38.684 Thread 0x00000169aa7fbe20 flushing  nmethod 0x00000169b056ba90
Event: 38.684 Thread 0x00000169aa7fbe20 flushing  nmethod 0x00000169b056bf10
Event: 38.684 Thread 0x00000169aa7fbe20 flushing  nmethod 0x00000169b056c510
Event: 38.684 Thread 0x00000169aa7fbe20 flushing  nmethod 0x00000169b0583590
Event: 38.684 Thread 0x00000169aa7fbe20 flushing  nmethod 0x00000169b0588110
Event: 38.684 Thread 0x00000169aa7fbe20 flushing  nmethod 0x00000169b05a0090
Event: 38.684 Thread 0x00000169aa7fbe20 flushing  nmethod 0x00000169b05a1290
Event: 38.684 Thread 0x00000169aa7fbe20 flushing  nmethod 0x00000169b05a2210
Event: 38.684 Thread 0x00000169aa7fbe20 flushing  nmethod 0x00000169b05a3a90
Event: 38.684 Thread 0x00000169aa7fbe20 flushing  nmethod 0x00000169b05a4210
Event: 38.684 Thread 0x00000169aa7fbe20 flushing  nmethod 0x00000169b05a4590
Event: 38.684 Thread 0x00000169aa7fbe20 flushing  nmethod 0x00000169b05a4910
Event: 38.684 Thread 0x00000169aa7fbe20 flushing  nmethod 0x00000169b05b2890
Event: 38.684 Thread 0x00000169aa7fbe20 flushing  nmethod 0x00000169b05b6810
Event: 38.684 Thread 0x00000169aa7fbe20 flushing  nmethod 0x00000169b05b8310
Event: 38.684 Thread 0x00000169aa7fbe20 flushing  nmethod 0x00000169b05baa90
Event: 38.684 Thread 0x00000169aa7fbe20 flushing  nmethod 0x00000169b05c8e10

Events (20 events):
Event: 37.906 Thread 0x0000016a05c7e740 Thread added: 0x0000016a0c180560
Event: 37.910 Thread 0x0000016a05c7e740 Thread added: 0x0000016a0c17d770
Event: 37.925 Thread 0x0000016a0c17d770 Thread exited: 0x0000016a0c17d770
Event: 37.926 Thread 0x0000016a05c7e740 Thread added: 0x0000016a0c182cc0
Event: 37.929 Thread 0x0000016a05c7e740 Thread added: 0x0000016a0c181910
Event: 38.756 Thread 0x0000016a0e261450 Thread exited: 0x0000016a0e261450
Event: 39.284 Thread 0x00000169c349c750 Thread added: 0x0000016a0a1014f0
Event: 40.558 Thread 0x0000016a0a1014f0 Thread exited: 0x0000016a0a1014f0
Event: 40.613 Thread 0x0000016a0c181910 Thread added: 0x0000016a0c17de00
Event: 40.740 Thread 0x0000016a0c181910 Thread added: 0x0000016a0c17e490
Event: 40.745 Thread 0x0000016a0c17e490 Thread added: 0x0000016a0c181fa0
Event: 40.745 Thread 0x0000016a0c17e490 Thread added: 0x0000016a0c182630
Event: 40.748 Thread 0x0000016a0c181fa0 Thread exited: 0x0000016a0c181fa0
Event: 44.348 Thread 0x0000016a0c17e490 Thread exited: 0x0000016a0c17e490
Event: 44.348 Thread 0x0000016a0c182630 Thread exited: 0x0000016a0c182630
Event: 96.677 Thread 0x0000016a0c17f840 Thread exited: 0x0000016a0c17f840
Event: 96.677 Thread 0x0000016a05bca170 Thread exited: 0x0000016a05bca170
Event: 96.683 Thread 0x0000016a05c7cd00 Thread exited: 0x0000016a05c7cd00
Event: 98.272 Thread 0x0000016a05bcd5f0 Thread exited: 0x0000016a05bcd5f0
Event: 98.308 Thread 0x0000016a05bcae90 Thread exited: 0x0000016a05bcae90


Dynamic libraries:
0x00007ff73e490000 - 0x00007ff73e49e000 	c:\Users\brayo\.cursor\extensions\redhat.java-1.41.0-win32-x64\jre\21.0.6-win32-x86_64\bin\java.exe
0x00007ff8797d0000 - 0x00007ff8799c8000 	C:\WINDOWS\SYSTEM32\ntdll.dll
0x00007ff879260000 - 0x00007ff879322000 	C:\WINDOWS\System32\KERNEL32.DLL
0x00007ff8772c0000 - 0x00007ff8775bf000 	C:\WINDOWS\System32\KERNELBASE.dll
0x00007ff877110000 - 0x00007ff877210000 	C:\WINDOWS\System32\ucrtbase.dll
0x00007ff84e520000 - 0x00007ff84e538000 	c:\Users\brayo\.cursor\extensions\redhat.java-1.41.0-win32-x64\jre\21.0.6-win32-x86_64\bin\jli.dll
0x00007ff878e70000 - 0x00007ff87900d000 	C:\WINDOWS\System32\USER32.dll
0x00007ff876f00000 - 0x00007ff876f22000 	C:\WINDOWS\System32\win32u.dll
0x00007ff8788b0000 - 0x00007ff8788db000 	C:\WINDOWS\System32\GDI32.dll
0x00007ff8776d0000 - 0x00007ff8777ea000 	C:\WINDOWS\System32\gdi32full.dll
0x00007ff877630000 - 0x00007ff8776cd000 	C:\WINDOWS\System32\msvcp_win.dll
0x00007ff84b390000 - 0x00007ff84b3ae000 	c:\Users\brayo\.cursor\extensions\redhat.java-1.41.0-win32-x64\jre\21.0.6-win32-x86_64\bin\VCRUNTIME140.dll
0x00007ff860870000 - 0x00007ff860b0a000 	C:\WINDOWS\WinSxS\amd64_microsoft.windows.common-controls_6595b64144ccf1df_6.0.19041.4355_none_60b8b9eb71f62e16\COMCTL32.dll
0x00007ff879330000 - 0x00007ff8793ce000 	C:\WINDOWS\System32\msvcrt.dll
0x00007ff878620000 - 0x00007ff87864f000 	C:\WINDOWS\System32\IMM32.DLL
0x00007ff860010000 - 0x00007ff86001c000 	c:\Users\brayo\.cursor\extensions\redhat.java-1.41.0-win32-x64\jre\21.0.6-win32-x86_64\bin\vcruntime140_1.dll
0x00007ff83e940000 - 0x00007ff83e9cd000 	c:\Users\brayo\.cursor\extensions\redhat.java-1.41.0-win32-x64\jre\21.0.6-win32-x86_64\bin\msvcp140.dll
0x00007ff80d770000 - 0x00007ff80e500000 	c:\Users\brayo\.cursor\extensions\redhat.java-1.41.0-win32-x64\jre\21.0.6-win32-x86_64\bin\server\jvm.dll
0x00007ff878700000 - 0x00007ff8787af000 	C:\WINDOWS\System32\ADVAPI32.dll
0x00007ff878a10000 - 0x00007ff878aaf000 	C:\WINDOWS\System32\sechost.dll
0x00007ff879010000 - 0x00007ff879133000 	C:\WINDOWS\System32\RPCRT4.dll
0x00007ff877090000 - 0x00007ff8770b7000 	C:\WINDOWS\System32\bcrypt.dll
0x00007ff878940000 - 0x00007ff8789ab000 	C:\WINDOWS\System32\WS2_32.dll
0x00007ff876cd0000 - 0x00007ff876d1b000 	C:\WINDOWS\SYSTEM32\POWRPROF.dll
0x00007ff85a6a0000 - 0x00007ff85a6c7000 	C:\WINDOWS\SYSTEM32\WINMM.dll
0x00007ff86c410000 - 0x00007ff86c41a000 	C:\WINDOWS\SYSTEM32\VERSION.dll
0x00007ff876c00000 - 0x00007ff876c12000 	C:\WINDOWS\SYSTEM32\UMPDC.dll
0x00007ff875650000 - 0x00007ff875662000 	C:\WINDOWS\SYSTEM32\kernel.appcore.dll
0x00007ff860000000 - 0x00007ff86000a000 	c:\Users\brayo\.cursor\extensions\redhat.java-1.41.0-win32-x64\jre\21.0.6-win32-x86_64\bin\jimage.dll
0x00007ff872320000 - 0x00007ff872504000 	C:\WINDOWS\SYSTEM32\DBGHELP.DLL
0x00007ff858b30000 - 0x00007ff858b64000 	C:\WINDOWS\SYSTEM32\dbgcore.DLL
0x00007ff876e70000 - 0x00007ff876ef2000 	C:\WINDOWS\System32\bcryptPrimitives.dll
0x00007ff85f8e0000 - 0x00007ff85f8ef000 	c:\Users\brayo\.cursor\extensions\redhat.java-1.41.0-win32-x64\jre\21.0.6-win32-x86_64\bin\instrument.dll
0x00007ff848e20000 - 0x00007ff848e3f000 	c:\Users\brayo\.cursor\extensions\redhat.java-1.41.0-win32-x64\jre\21.0.6-win32-x86_64\bin\java.dll
0x00007ff8777f0000 - 0x00007ff877f5d000 	C:\WINDOWS\System32\SHELL32.dll
0x00007ff871aa0000 - 0x00007ff872244000 	C:\WINDOWS\SYSTEM32\windows.storage.dll
0x00007ff879430000 - 0x00007ff879785000 	C:\WINDOWS\System32\combase.dll
0x00007ff8766f0000 - 0x00007ff87671b000 	C:\WINDOWS\SYSTEM32\Wldp.dll
0x00007ff878ab0000 - 0x00007ff878b7d000 	C:\WINDOWS\System32\OLEAUT32.dll
0x00007ff878c00000 - 0x00007ff878cad000 	C:\WINDOWS\System32\SHCORE.dll
0x00007ff8783e0000 - 0x00007ff878435000 	C:\WINDOWS\System32\shlwapi.dll
0x00007ff876da0000 - 0x00007ff876dc5000 	C:\WINDOWS\SYSTEM32\profapi.dll
0x00007ff848e00000 - 0x00007ff848e18000 	c:\Users\brayo\.cursor\extensions\redhat.java-1.41.0-win32-x64\jre\21.0.6-win32-x86_64\bin\zip.dll
0x00007ff85ff80000 - 0x00007ff85ff90000 	C:\Users\brayo\.cursor\extensions\redhat.java-1.41.0-win32-x64\jre\21.0.6-win32-x86_64\bin\net.dll
0x00007ff865480000 - 0x00007ff86558a000 	C:\WINDOWS\SYSTEM32\WINHTTP.dll
0x00007ff8764d0000 - 0x00007ff87653c000 	C:\WINDOWS\system32\mswsock.dll
0x00007ff8475f0000 - 0x00007ff847606000 	C:\Users\brayo\.cursor\extensions\redhat.java-1.41.0-win32-x64\jre\21.0.6-win32-x86_64\bin\nio.dll
0x00007ff85eef0000 - 0x00007ff85ef00000 	c:\Users\brayo\.cursor\extensions\redhat.java-1.41.0-win32-x64\jre\21.0.6-win32-x86_64\bin\verify.dll
0x00007ff83eb70000 - 0x00007ff83ebb5000 	C:\Users\brayo\AppData\Roaming\Cursor\User\globalStorage\redhat.java\1.41.0\config_win\org.eclipse.equinox.launcher\org.eclipse.equinox.launcher.win32.win32.x86_64_1.2.1300.v20250325-0811\eclipse_11911.dll
0x00007ff8784d0000 - 0x00007ff8785fb000 	C:\WINDOWS\System32\ole32.dll
0x00007ff876730000 - 0x00007ff876748000 	C:\WINDOWS\SYSTEM32\CRYPTSP.dll
0x00007ff875e10000 - 0x00007ff875e48000 	C:\WINDOWS\system32\rsaenh.dll
0x00007ff876d60000 - 0x00007ff876d8e000 	C:\WINDOWS\SYSTEM32\USERENV.dll
0x00007ff876660000 - 0x00007ff87666c000 	C:\WINDOWS\SYSTEM32\CRYPTBASE.dll
0x00007ff8761d0000 - 0x00007ff87620b000 	C:\WINDOWS\SYSTEM32\IPHLPAPI.DLL
0x00007ff878e60000 - 0x00007ff878e68000 	C:\WINDOWS\System32\NSI.dll
0x00007ff84b420000 - 0x00007ff84b469000 	C:\Users\brayo\AppData\Local\Temp\jna-93998311\jna15830772316338590233.dll
0x00007ff878600000 - 0x00007ff878608000 	C:\WINDOWS\System32\PSAPI.DLL
0x00007ff86a7d0000 - 0x00007ff86a7e7000 	C:\WINDOWS\SYSTEM32\dhcpcsvc6.DLL
0x00007ff86a7b0000 - 0x00007ff86a7cd000 	C:\WINDOWS\SYSTEM32\dhcpcsvc.DLL
0x00007ff8600a0000 - 0x00007ff8600c7000 	C:\Users\brayo\.gradle\native\c067742578af261105cb4f569cf0c3c89f3d7b1fecec35dd04571415982c5e48\windows-amd64\native-platform.dll
0x00007ff856880000 - 0x00007ff85688a000 	C:\Users\brayo\.cursor\extensions\redhat.java-1.41.0-win32-x64\jre\21.0.6-win32-x86_64\bin\management.dll
0x00007ff850f00000 - 0x00007ff850f0b000 	C:\Users\brayo\.cursor\extensions\redhat.java-1.41.0-win32-x64\jre\21.0.6-win32-x86_64\bin\management_ext.dll
0x00007ff84eab0000 - 0x00007ff84eab9000 	C:\Users\brayo\.cursor\extensions\redhat.java-1.41.0-win32-x64\jre\21.0.6-win32-x86_64\bin\extnet.dll
0x00007ff850d50000 - 0x00007ff850d5e000 	C:\Users\brayo\.cursor\extensions\redhat.java-1.41.0-win32-x64\jre\21.0.6-win32-x86_64\bin\sunmscapi.dll
0x00007ff876f30000 - 0x00007ff87708c000 	C:\WINDOWS\System32\CRYPT32.dll
0x00007ff876840000 - 0x00007ff876867000 	C:\WINDOWS\SYSTEM32\ncrypt.dll
0x00007ff876800000 - 0x00007ff87683b000 	C:\WINDOWS\SYSTEM32\NTASN1.dll
0x00007ff84fc50000 - 0x00007ff84fc57000 	C:\WINDOWS\system32\wshunix.dll

dbghelp: loaded successfully - version: 4.0.5 - missing functions: none
symbol engine: initialized successfully - sym options: 0x614 - pdb path: .;c:\Users\brayo\.cursor\extensions\redhat.java-1.41.0-win32-x64\jre\21.0.6-win32-x86_64\bin;C:\WINDOWS\SYSTEM32;C:\WINDOWS\WinSxS\amd64_microsoft.windows.common-controls_6595b64144ccf1df_6.0.19041.4355_none_60b8b9eb71f62e16;c:\Users\brayo\.cursor\extensions\redhat.java-1.41.0-win32-x64\jre\21.0.6-win32-x86_64\bin\server;C:\Users\brayo\AppData\Roaming\Cursor\User\globalStorage\redhat.java\1.41.0\config_win\org.eclipse.equinox.launcher\org.eclipse.equinox.launcher.win32.win32.x86_64_1.2.1300.v20250325-0811;C:\Users\brayo\AppData\Local\Temp\jna-93998311;C:\Users\brayo\.gradle\native\c067742578af261105cb4f569cf0c3c89f3d7b1fecec35dd04571415982c5e48\windows-amd64

VM Arguments:
jvm_args: --add-modules=ALL-SYSTEM --add-opens=java.base/java.util=ALL-UNNAMED --add-opens=java.base/java.lang=ALL-UNNAMED --add-opens=java.base/sun.nio.fs=ALL-UNNAMED -Declipse.application=org.eclipse.jdt.ls.core.id1 -Dosgi.bundles.defaultStartLevel=4 -Declipse.product=org.eclipse.jdt.ls.core.product -Djava.import.generatesMetadataFilesAtProjectRoot=false -DDetectVMInstallationsJob.disabled=true -Dfile.encoding=utf8 -XX:+UseParallelGC -XX:GCTimeRatio=4 -XX:AdaptiveSizePolicyWeight=90 -Dsun.zip.disableMemoryMapping=true -Xmx2G -Xms100m -Xlog:disable -javaagent:c:\Users\brayo\.cursor\extensions\redhat.java-1.41.0-win32-x64\lombok\lombok-1.18.36.jar -XX:+HeapDumpOnOutOfMemoryError -XX:HeapDumpPath=c:\Users\brayo\AppData\Roaming\Cursor\User\workspaceStorage\7b23467cfb3e4fdcb681e0b62d4e169c\redhat.java -Daether.dependencyCollector.impl=bf 
java_command: c:\Users\brayo\.cursor\extensions\redhat.java-1.41.0-win32-x64\server\plugins\org.eclipse.equinox.launcher_1.6.1100.v20250306-0509.jar -configuration c:\Users\brayo\AppData\Roaming\Cursor\User\globalStorage\redhat.java\1.41.0\config_win -data c:\Users\brayo\AppData\Roaming\Cursor\User\workspaceStorage\7b23467cfb3e4fdcb681e0b62d4e169c\redhat.java\jdt_ws --pipe=\\.\pipe\lsp-fa86b45fc2752d36815659d3e59f311d-sock
java_class_path (initial): c:\Users\brayo\.cursor\extensions\redhat.java-1.41.0-win32-x64\server\plugins\org.eclipse.equinox.launcher_1.6.1100.v20250306-0509.jar
Launcher Type: SUN_STANDARD

[Global flags]
    uintx AdaptiveSizePolicyWeight                 = 90                                        {product} {command line}
     intx CICompilerCount                          = 3                                         {product} {ergonomic}
    uintx GCTimeRatio                              = 4                                         {product} {command line}
     bool HeapDumpOnOutOfMemoryError               = true                                   {manageable} {command line}
    ccstr HeapDumpPath                             = c:\Users\brayo\AppData\Roaming\Cursor\User\workspaceStorage\7b23467cfb3e4fdcb681e0b62d4e169c\redhat.java         {manageable} {command line}
   size_t InitialHeapSize                          = 104857600                                 {product} {command line}
   size_t MaxHeapSize                              = 2147483648                                {product} {command line}
   size_t MaxNewSize                               = 715653120                                 {product} {ergonomic}
   size_t MinHeapDeltaBytes                        = 524288                                    {product} {ergonomic}
   size_t MinHeapSize                              = 104857600                                 {product} {command line}
   size_t NewSize                                  = 34603008                                  {product} {ergonomic}
    uintx NonNMethodCodeHeapSize                   = 5832780                                {pd product} {ergonomic}
    uintx NonProfiledCodeHeapSize                  = 122912730                              {pd product} {ergonomic}
   size_t OldSize                                  = 70254592                                  {product} {ergonomic}
    uintx ProfiledCodeHeapSize                     = 122912730                              {pd product} {ergonomic}
    uintx ReservedCodeCacheSize                    = 251658240                              {pd product} {ergonomic}
     bool SegmentedCodeCache                       = true                                      {product} {ergonomic}
   size_t SoftMaxHeapSize                          = 2147483648                             {manageable} {ergonomic}
     bool UseCompressedOops                        = true                           {product lp64_product} {ergonomic}
     bool UseLargePagesIndividualAllocation        = false                                  {pd product} {ergonomic}
     bool UseParallelGC                            = true                                      {product} {command line}

Logging:
Log output configuration:
 #0: stdout all=off uptime,level,tags foldmultilines=false
 #1: stderr all=off uptime,level,tags foldmultilines=false

Environment Variables:
JAVA_HOME=C:\Program Files\Java\jdk-23
PATH=C:\Program Files\Common Files\Oracle\Java\javapath;c:\Users\brayo\AppData\Local\Programs\cursor\resources\app\bin;C:\WINDOWS\system32;C:\WINDOWS;C:\WINDOWS\System32\Wbem;C:\WINDOWS\System32\WindowsPowerShell\v1.0\;C:\WINDOWS\System32\OpenSSH\;C:\Users\brayo\AppData\Local\Microsoft\WindowsApps;c:\Users\brayo\AppData\Local\Programs\cursor\resources\app\bin;C:\Program Files\MySQL\MySQL Server 8.0\bin;C:\Program Files\Java\jdk-23\bin;C:\Program Files\Java\jdk-23\bin;C:\Program Files\Git\cmd;C:\Users\brayo\AppData\Local\Android\Sdk\cmdline-tools\latest\bin;C:\Users\brayo\Documents\cmdline-tools\bin;C:\Users\brayo\Documents\flutter\bin;C:\Gradle\gradle-8.13\bin;C:\Program Files\nodejs;C:\Program Files\MongoDB\Server\8.0\bin;;C:\ProgramData\chocolatey\bin;C:\Users\brayo\AppData\Local\Programs\Python\Python310\Scripts\;C:\Users\brayo\AppData\Local\Programs\Python\Python310\;C:\Program Files\Common Files\Oracle\Java\javapath;C:\WINDOWS\system32;C:\WINDOWS;C:\WINDOWS\System32\Wbem;C:\WINDOWS\System32\WindowsPowerShell\v1.0\;C:\WINDOWS\System32\OpenSSH\;C:\Users\brayo\AppData\Local\Microsoft\WindowsApps;C:\Program Files\MySQL\MySQL Server 8.0\bin;C:\Program Files\Java\jdk-23\bin;C:\Program Files\Java\jdk-23\bin;C:\Program Files\Git\cmd;C:\Users\brayo\AppData\Local\Android\Sdk\cmdline-tools\latest\bin;C:\Users\brayo\Documents\cmdline-tools\bin;C:\Users\brayo\Documents\flutter\bin;C:\Gradle\gradle-8.13\bin;C:\Program Files\Common Files\Oracle\Java\javapath;C:\WINDOWS\system32;C:\WINDOWS;C:\WINDOWS\System32\Wbem;C:\WINDOWS\System32\WindowsPowerShell\v1.0\;C:\WINDOWS\System32\OpenSSH\;C:\Users\brayo\AppData\Local\Microsoft\WindowsApps;C:\Program Files\MySQL\MySQL Server 8.0\bin;C:\Program Files\Java\jdk-23\bin;C:\Program Files\Git\cmd;C:\Users\brayo\AppData\Local\Android\Sdk\cmdline-tools\latest\bin;C:\Users\brayo\Documents\cmdline-tools\bin;C:\Users\brayo\Documents\flutter\bin;C:\Users\brayo\Downloads\Flutter-Counter-Clone-master\.venv\Scripts\;C:\platform-tools;C:\Users\brayo\AppData\Local\Programs\Python\Python313\Scripts\;C:\Users\brayo\AppData\Local\Programs\Python\Python313\;C:\Users\brayo\AppData\Local\Programs\Python\Launcher\;C:\Users\brayo\AppData\Local\Programs\Microsoft VS Code\bin;C:\Program Files\JetBrains\DataGrip 2024.3.4\bin;C:\Program Files\nodejs;C:\Users\brayo\AppData\Local\Programs\mongosh\;C:\Users\brayo\Pictures\cursor\resources\app\bin
USERNAME=brayo
OS=Windows_NT
PROCESSOR_IDENTIFIER=Intel64 Family 6 Model 78 Stepping 3, GenuineIntel
TMP=C:\Users\brayo\AppData\Local\Temp
TEMP=C:\Users\brayo\AppData\Local\Temp




Periodic native trim disabled

---------------  S Y S T E M  ---------------

OS:
 Windows 10 , 64 bit Build 19041 (10.0.19041.5438)
OS uptime: 0 days 1:37 hours
Hyper-V role detected

CPU: total 4 (initial active 4) (2 cores per cpu, 2 threads per core) family 6 model 78 stepping 3 microcode 0xcc, cx8, cmov, fxsr, ht, mmx, 3dnowpref, sse, sse2, sse3, ssse3, sse4.1, sse4.2, popcnt, lzcnt, tsc, tscinvbit, avx, avx2, aes, erms, clmul, bmi1, bmi2, rtm, adx, fma, vzeroupper, clflush, clflushopt, hv, rdtscp, f16c
Processor Information for the first 4 processors :
  Max Mhz: 2496, Current Mhz: 2396, Mhz Limit: 2396

Memory: 4k page, system-wide physical 12168M (5372M free)
TotalPageFile size 20872M (AvailPageFile size 11839M)
current process WorkingSet (physical memory assigned to process): 264M, peak: 271M
current process commit charge ("private bytes"): 353M, peak: 362M

vm_info: OpenJDK 64-Bit Server VM (21.0.6+7-LTS) for windows-amd64 JRE (21.0.6+7-LTS), built on 2025-01-21T00:00:00Z by "admin" with MS VC++ 17.7 (VS2022)

END.
